<?xml version="1.0" encoding="UTF-8" ?>
<testsuite failures="0" time="2.853" errors="1" skipped="0" tests="1" name="nla.local.AppTest">
  <properties>
    <property name="idea.version" value="14.0.2"/>
    <property name="java.runtime.name" value="Java(TM) SE Runtime Environment"/>
    <property name="sun.boot.library.path" value="C:\Program Files\Java\jdk1.7.0_71\jre\bin"/>
    <property name="java.vm.version" value="24.71-b01"/>
    <property name="java.vm.vendor" value="Oracle Corporation"/>
    <property name="java.vendor.url" value="http://java.oracle.com/"/>
    <property name="path.separator" value=";"/>
    <property name="guice.disable.misplaced.annotation.check" value="true"/>
    <property name="java.vm.name" value="Java HotSpot(TM) 64-Bit Server VM"/>
    <property name="file.encoding.pkg" value="sun.io"/>
    <property name="idea.launcher.port" value="7534"/>
    <property name="user.script" value=""/>
    <property name="user.country" value="RU"/>
    <property name="sun.java.launcher" value="SUN_STANDARD"/>
    <property name="sun.os.patch.level" value="Service Pack 1"/>
    <property name="java.vm.specification.name" value="Java Virtual Machine Specification"/>
    <property name="user.dir" value="D:\users\beresnev\projects\NKA_NET3\nka_net3"/>
    <property name="java.runtime.version" value="1.7.0_71-b14"/>
    <property name="java.awt.graphicsenv" value="sun.awt.Win32GraphicsEnvironment"/>
    <property name="java.endorsed.dirs" value="C:\Program Files\Java\jdk1.7.0_71\jre\lib\endorsed"/>
    <property name="os.arch" value="amd64"/>
    <property name="java.io.tmpdir" value="C:\Users\beresnev\AppData\Local\Temp\"/>
    <property name="line.separator" value="
"/>
    <property name="java.vm.specification.vendor" value="Oracle Corporation"/>
    <property name="user.variant" value=""/>
    <property name="os.name" value="Windows 7"/>
    <property name="classworlds.conf" value="D:\users\beresnev\projects\apache-maven-3.2.3\bin\m2.conf"/>
    <property name="sun.jnu.encoding" value="Cp1251"/>
    <property name="java.library.path" value="C:\Program Files\Java\jdk1.7.0_71\bin;C:\Windows\Sun\Java\bin;C:\Windows\system32;C:\Windows;C:\Program Files\Java\jdk1.7.0_71\bin;d:\users\beresnev\projects\apache-maven-3.2.3\bin;C:\ProgramData\Oracle\Java\javapath;C:\oracle\product\10.2.0\client_1\bin;C:\Program Files (x86)\NVIDIA Corporation\PhysX\Common;C:\Program Files (x86)\Intel\iCLS Client\;C:\Program Files\Intel\iCLS Client\;C:\Windows\system32;C:\Windows;C:\Windows\System32\Wbem;C:\Windows\System32\WindowsPowerShell\v1.0\;C:\Program Files\Intel\Intel(R) Management Engine Components\DAL;C:\Program Files\Intel\Intel(R) Management Engine Components\IPT;C:\Program Files (x86)\Intel\Intel(R) Management Engine Components\DAL;C:\Program Files (x86)\Intel\Intel(R) Management Engine Components\IPT;C:\MinGW\msys\1.0\bin;C:\Program Files (x86)\Vagrant\bin;C:\Users\beresnev\AppData\Local\GitHub\PortableGit_c2ba306e536fdf878271f7fe636a147ff37326ad\bin;."/>
    <property name="java.specification.name" value="Java Platform API Specification"/>
    <property name="java.class.version" value="51.0"/>
    <property name="sun.management.compiler" value="HotSpot 64-Bit Tiered Compilers"/>
    <property name="os.version" value="6.1"/>
    <property name="user.home" value="C:\Users\admin"/>
    <property name="user.timezone" value="Europe/MINSK"/>
    <property name="java.awt.printerjob" value="sun.awt.windows.WPrinterJob"/>
    <property name="java.specification.version" value="1.7"/>
    <property name="idea.launcher.bin.path" value="C:\Program Files (x86)\JetBrains\IntelliJ IDEA 14.0.2\bin"/>
    <property name="file.encoding" value="UTF-8"/>
    <property name="user.name" value="beresnev"/>
    <property name="java.class.path" value="D:\users\beresnev\projects\apache-maven-3.2.3\boot\plexus-classworlds-2.5.1.jar;C:\Program Files (x86)\JetBrains\IntelliJ IDEA 14.0.2\lib\idea_rt.jar"/>
    <property name="java.vm.specification.version" value="1.7"/>
    <property name="sun.arch.data.model" value="64"/>
    <property name="java.home" value="C:\Program Files\Java\jdk1.7.0_71\jre"/>
    <property name="sun.java.command" value="com.intellij.rt.execution.application.AppMain org.codehaus.classworlds.Launcher -Didea.version=14.0.2 package"/>
    <property name="java.specification.vendor" value="Oracle Corporation"/>
    <property name="user.language" value="ru"/>
    <property name="awt.toolkit" value="sun.awt.windows.WToolkit"/>
    <property name="java.vm.info" value="mixed mode"/>
    <property name="java.version" value="1.7.0_71"/>
    <property name="java.ext.dirs" value="C:\Program Files\Java\jdk1.7.0_71\jre\lib\ext;C:\Windows\Sun\Java\lib\ext"/>
    <property name="sun.boot.class.path" value="C:\Program Files\Java\jdk1.7.0_71\jre\lib\resources.jar;C:\Program Files\Java\jdk1.7.0_71\jre\lib\rt.jar;C:\Program Files\Java\jdk1.7.0_71\jre\lib\sunrsasign.jar;C:\Program Files\Java\jdk1.7.0_71\jre\lib\jsse.jar;C:\Program Files\Java\jdk1.7.0_71\jre\lib\jce.jar;C:\Program Files\Java\jdk1.7.0_71\jre\lib\charsets.jar;C:\Program Files\Java\jdk1.7.0_71\jre\lib\jfr.jar;C:\Program Files\Java\jdk1.7.0_71\jre\classes"/>
    <property name="java.vendor" value="Oracle Corporation"/>
    <property name="maven.home" value="D:\users\beresnev\projects\apache-maven-3.2.3"/>
    <property name="file.separator" value="\"/>
    <property name="java.vendor.url.bug" value="http://bugreport.sun.com/bugreport/"/>
    <property name="sun.cpu.endian" value="little"/>
    <property name="sun.io.unicode.encoding" value="UnicodeLittle"/>
    <property name="sun.desktop" value="windows"/>
    <property name="sun.cpu.isalist" value="amd64"/>
  </properties>
  <testcase time="2.853" classname="nla.local.AppTest" name="testApp">
    <error message="Named query not known: SUBJECT_LT" type="org.hibernate.MappingException">org.hibernate.MappingException: Named query not known: SUBJECT_LT
	at org.hibernate.impl.AbstractSessionImpl.getNamedQuery(AbstractSessionImpl.java:93)
	at org.hibernate.impl.SessionImpl.getNamedQuery(SessionImpl.java:1407)
	at nla.local.dao.BaseDao.getNamedQuery(BaseDao.java:81)
	at nla.local.services.BaseService.getNamedQuery(BaseService.java:74)
	at nla.local.services.BaseService$$FastClassBySpringCGLIB$$25979e02.invoke(&lt;generated&gt;)
	at org.springframework.cglib.proxy.MethodProxy.invoke(MethodProxy.java:204)
	at org.springframework.aop.framework.CglibAopProxy$CglibMethodInvocation.invokeJoinpoint(CglibAopProxy.java:708)
	at org.springframework.aop.framework.ReflectiveMethodInvocation.proceed(ReflectiveMethodInvocation.java:157)
	at org.springframework.transaction.interceptor.TransactionInterceptor$1.proceedWithInvocation(TransactionInterceptor.java:98)
	at org.springframework.transaction.interceptor.TransactionAspectSupport.invokeWithinTransaction(TransactionAspectSupport.java:262)
	at org.springframework.transaction.interceptor.TransactionInterceptor.invoke(TransactionInterceptor.java:95)
	at org.springframework.aop.framework.ReflectiveMethodInvocation.proceed(ReflectiveMethodInvocation.java:179)
	at org.springframework.aop.framework.CglibAopProxy$DynamicAdvisedInterceptor.intercept(CglibAopProxy.java:644)
	at nla.local.services.BaseService$$EnhancerBySpringCGLIB$$d722c193.getNamedQuery(&lt;generated&gt;)
	at nla.local.AppTest.testApp(AppTest.java:53)
</error>
    <system-err>org.springframework.core.env.MutablePropertySources 2015-01-23 09:56:20,143 DEBUG - Adding [systemProperties] PropertySource with lowest search precedence
org.springframework.core.env.MutablePropertySources 2015-01-23 09:56:20,147 DEBUG - Adding [systemEnvironment] PropertySource with lowest search precedence
org.springframework.core.env.AbstractEnvironment 2015-01-23 09:56:20,148 DEBUG - Initialized StandardEnvironment with PropertySources [systemProperties,systemEnvironment]
org.springframework.context.support.AbstractApplicationContext 2015-01-23 09:56:20,151 INFO  - Refreshing org.springframework.context.support.ClassPathXmlApplicationContext@752dc320: startup date [Fri Jan 23 09:56:20 GMT+03:00 2015]; root of context hierarchy
org.springframework.core.env.MutablePropertySources 2015-01-23 09:56:20,183 DEBUG - Adding [systemProperties] PropertySource with lowest search precedence
org.springframework.core.env.MutablePropertySources 2015-01-23 09:56:20,184 DEBUG - Adding [systemEnvironment] PropertySource with lowest search precedence
org.springframework.core.env.AbstractEnvironment 2015-01-23 09:56:20,184 DEBUG - Initialized StandardEnvironment with PropertySources [systemProperties,systemEnvironment]
org.springframework.beans.factory.xml.XmlBeanDefinitionReader 2015-01-23 09:56:20,193 INFO  - Loading XML bean definitions from class path resource [beans-services.xml]
org.springframework.beans.factory.xml.DefaultDocumentLoader 2015-01-23 09:56:20,208 DEBUG - Using JAXP provider [com.sun.org.apache.xerces.internal.jaxp.DocumentBuilderFactoryImpl]
org.springframework.beans.factory.xml.PluggableSchemaResolver 2015-01-23 09:56:20,230 TRACE - Trying to resolve XML entity with public id [null] and system id [http://www.springframework.org/schema/beans/spring-beans-4.0.xsd]
org.springframework.beans.factory.xml.PluggableSchemaResolver 2015-01-23 09:56:20,230 DEBUG - Loading schema mappings from [META-INF/spring.schemas]
org.springframework.beans.factory.xml.PluggableSchemaResolver 2015-01-23 09:56:20,235 DEBUG - Loaded schema mappings: {http://www.springframework.org/schema/jee/spring-jee-3.2.xsd=org/springframework/ejb/config/spring-jee-3.2.xsd, http://www.springframework.org/schema/util/spring-util.xsd=org/springframework/beans/factory/xml/spring-util-4.0.xsd, http://www.springframework.org/schema/task/spring-task.xsd=org/springframework/scheduling/config/spring-task-4.0.xsd, http://www.springframework.org/schema/beans/spring-beans-3.1.xsd=org/springframework/beans/factory/xml/spring-beans-3.1.xsd, http://www.springframework.org/schema/cache/spring-cache.xsd=org/springframework/cache/config/spring-cache-4.0.xsd, http://www.springframework.org/schema/aop/spring-aop-3.0.xsd=org/springframework/aop/config/spring-aop-3.0.xsd, http://www.springframework.org/schema/aop/spring-aop-2.0.xsd=org/springframework/aop/config/spring-aop-2.0.xsd, http://www.springframework.org/schema/task/spring-task-3.1.xsd=org/springframework/scheduling/config/spring-task-3.1.xsd, http://www.springframework.org/schema/aop/spring-aop-4.0.xsd=org/springframework/aop/config/spring-aop-4.0.xsd, http://www.springframework.org/schema/tool/spring-tool-2.5.xsd=org/springframework/beans/factory/xml/spring-tool-2.5.xsd, http://www.springframework.org/schema/beans/spring-beans.xsd=org/springframework/beans/factory/xml/spring-beans-4.0.xsd, http://www.springframework.org/schema/jee/spring-jee-2.5.xsd=org/springframework/ejb/config/spring-jee-2.5.xsd, http://www.springframework.org/schema/jdbc/spring-jdbc-3.1.xsd=org/springframework/jdbc/config/spring-jdbc-3.1.xsd, http://www.springframework.org/schema/tool/spring-tool-3.1.xsd=org/springframework/beans/factory/xml/spring-tool-3.1.xsd, http://www.springframework.org/schema/aop/spring-aop.xsd=org/springframework/aop/config/spring-aop-4.0.xsd, http://www.springframework.org/schema/jee/spring-jee-3.1.xsd=org/springframework/ejb/config/spring-jee-3.1.xsd, http://www.springframework.org/schema/tx/spring-tx-3.2.xsd=org/springframework/transaction/config/spring-tx-3.2.xsd, http://www.springframework.org/schema/context/spring-context-3.2.xsd=org/springframework/context/config/spring-context-3.2.xsd, http://www.springframework.org/schema/beans/spring-beans-2.0.xsd=org/springframework/beans/factory/xml/spring-beans-2.0.xsd, http://www.springframework.org/schema/util/spring-util-3.2.xsd=org/springframework/beans/factory/xml/spring-util-3.2.xsd, http://www.springframework.org/schema/lang/spring-lang-3.2.xsd=org/springframework/scripting/config/spring-lang-3.2.xsd, http://www.springframework.org/schema/beans/spring-beans-4.0.xsd=org/springframework/beans/factory/xml/spring-beans-4.0.xsd, http://www.springframework.org/schema/beans/spring-beans-3.0.xsd=org/springframework/beans/factory/xml/spring-beans-3.0.xsd, http://www.springframework.org/schema/cache/spring-cache-3.2.xsd=org/springframework/cache/config/spring-cache-3.2.xsd, http://www.springframework.org/schema/task/spring-task-3.0.xsd=org/springframework/scheduling/config/spring-task-3.0.xsd, http://www.springframework.org/schema/task/spring-task-4.0.xsd=org/springframework/scheduling/config/spring-task-4.0.xsd, http://www.springframework.org/schema/tx/spring-tx-2.5.xsd=org/springframework/transaction/config/spring-tx-2.5.xsd, http://www.springframework.org/schema/context/spring-context-2.5.xsd=org/springframework/context/config/spring-context-2.5.xsd, http://www.springframework.org/schema/jdbc/spring-jdbc-4.0.xsd=org/springframework/jdbc/config/spring-jdbc-4.0.xsd, http://www.springframework.org/schema/jdbc/spring-jdbc-3.0.xsd=org/springframework/jdbc/config/spring-jdbc-3.0.xsd, http://www.springframework.org/schema/tool/spring-tool-3.0.xsd=org/springframework/beans/factory/xml/spring-tool-3.0.xsd, http://www.springframework.org/schema/tx/spring-tx.xsd=org/springframework/transaction/config/spring-tx-4.0.xsd, http://www.springframework.org/schema/lang/spring-lang.xsd=org/springframework/scripting/config/spring-lang-4.0.xsd, http://www.springframework.org/schema/tool/spring-tool-2.0.xsd=org/springframework/beans/factory/xml/spring-tool-2.0.xsd, http://www.springframework.org/schema/util/spring-util-2.5.xsd=org/springframework/beans/factory/xml/spring-util-2.5.xsd, http://www.springframework.org/schema/lang/spring-lang-2.5.xsd=org/springframework/scripting/config/spring-lang-2.5.xsd, http://www.springframework.org/schema/tool/spring-tool-4.0.xsd=org/springframework/beans/factory/xml/spring-tool-4.0.xsd, http://www.springframework.org/schema/aop/spring-aop-3.2.xsd=org/springframework/aop/config/spring-aop-3.2.xsd, http://www.springframework.org/schema/jee/spring-jee-3.0.xsd=org/springframework/ejb/config/spring-jee-3.0.xsd, http://www.springframework.org/schema/tx/spring-tx-3.1.xsd=org/springframework/transaction/config/spring-tx-3.1.xsd, http://www.springframework.org/schema/jee/spring-jee-2.0.xsd=org/springframework/ejb/config/spring-jee-2.0.xsd, http://www.springframework.org/schema/context/spring-context-3.1.xsd=org/springframework/context/config/spring-context-3.1.xsd, http://www.springframework.org/schema/jee/spring-jee-4.0.xsd=org/springframework/ejb/config/spring-jee-4.0.xsd, http://www.springframework.org/schema/util/spring-util-3.1.xsd=org/springframework/beans/factory/xml/spring-util-3.1.xsd, http://www.springframework.org/schema/lang/spring-lang-3.1.xsd=org/springframework/scripting/config/spring-lang-3.1.xsd, http://www.springframework.org/schema/cache/spring-cache-3.1.xsd=org/springframework/cache/config/spring-cache-3.1.xsd, http://www.springframework.org/schema/context/spring-context.xsd=org/springframework/context/config/spring-context-4.0.xsd, http://www.springframework.org/schema/jee/spring-jee.xsd=org/springframework/ejb/config/spring-jee-4.0.xsd, http://www.springframework.org/schema/aop/spring-aop-2.5.xsd=org/springframework/aop/config/spring-aop-2.5.xsd, http://www.springframework.org/schema/jdbc/spring-jdbc.xsd=org/springframework/jdbc/config/spring-jdbc-4.0.xsd, http://www.springframework.org/schema/beans/spring-beans-3.2.xsd=org/springframework/beans/factory/xml/spring-beans-3.2.xsd, http://www.springframework.org/schema/tx/spring-tx-2.0.xsd=org/springframework/transaction/config/spring-tx-2.0.xsd, http://www.springframework.org/schema/aop/spring-aop-3.1.xsd=org/springframework/aop/config/spring-aop-3.1.xsd, http://www.springframework.org/schema/tx/spring-tx-4.0.xsd=org/springframework/transaction/config/spring-tx-4.0.xsd, http://www.springframework.org/schema/task/spring-task-3.2.xsd=org/springframework/scheduling/config/spring-task-3.2.xsd, http://www.springframework.org/schema/context/spring-context-4.0.xsd=org/springframework/context/config/spring-context-4.0.xsd, http://www.springframework.org/schema/tx/spring-tx-3.0.xsd=org/springframework/transaction/config/spring-tx-3.0.xsd, http://www.springframework.org/schema/context/spring-context-3.0.xsd=org/springframework/context/config/spring-context-3.0.xsd, http://www.springframework.org/schema/tool/spring-tool.xsd=org/springframework/beans/factory/xml/spring-tool-4.0.xsd, http://www.springframework.org/schema/util/spring-util-3.0.xsd=org/springframework/beans/factory/xml/spring-util-3.0.xsd, http://www.springframework.org/schema/lang/spring-lang-3.0.xsd=org/springframework/scripting/config/spring-lang-3.0.xsd, http://www.springframework.org/schema/util/spring-util-2.0.xsd=org/springframework/beans/factory/xml/spring-util-2.0.xsd, http://www.springframework.org/schema/cache/spring-cache-4.0.xsd=org/springframework/cache/config/spring-cache-4.0.xsd, http://www.springframework.org/schema/lang/spring-lang-2.0.xsd=org/springframework/scripting/config/spring-lang-2.0.xsd, http://www.springframework.org/schema/util/spring-util-4.0.xsd=org/springframework/beans/factory/xml/spring-util-4.0.xsd, http://www.springframework.org/schema/lang/spring-lang-4.0.xsd=org/springframework/scripting/config/spring-lang-4.0.xsd, http://www.springframework.org/schema/jdbc/spring-jdbc-3.2.xsd=org/springframework/jdbc/config/spring-jdbc-3.2.xsd, http://www.springframework.org/schema/tool/spring-tool-3.2.xsd=org/springframework/beans/factory/xml/spring-tool-3.2.xsd, http://www.springframework.org/schema/beans/spring-beans-2.5.xsd=org/springframework/beans/factory/xml/spring-beans-2.5.xsd}
org.springframework.beans.factory.xml.PluggableSchemaResolver 2015-01-23 09:56:20,236 DEBUG - Found XML schema [http://www.springframework.org/schema/beans/spring-beans-4.0.xsd] in classpath: org/springframework/beans/factory/xml/spring-beans-4.0.xsd
org.springframework.beans.factory.xml.PluggableSchemaResolver 2015-01-23 09:56:20,272 TRACE - Trying to resolve XML entity with public id [null] and system id [http://www.springframework.org/schema/context/spring-context-4.0.xsd]
org.springframework.beans.factory.xml.PluggableSchemaResolver 2015-01-23 09:56:20,272 DEBUG - Found XML schema [http://www.springframework.org/schema/context/spring-context-4.0.xsd] in classpath: org/springframework/context/config/spring-context-4.0.xsd
org.springframework.beans.factory.xml.PluggableSchemaResolver 2015-01-23 09:56:20,278 TRACE - Trying to resolve XML entity with public id [null] and system id [http://www.springframework.org/schema/tool/spring-tool-4.0.xsd]
org.springframework.beans.factory.xml.PluggableSchemaResolver 2015-01-23 09:56:20,280 DEBUG - Found XML schema [http://www.springframework.org/schema/tool/spring-tool-4.0.xsd] in classpath: org/springframework/beans/factory/xml/spring-tool-4.0.xsd
org.springframework.beans.factory.xml.PluggableSchemaResolver 2015-01-23 09:56:20,285 TRACE - Trying to resolve XML entity with public id [null] and system id [http://www.springframework.org/schema/tx/spring-tx-4.0.xsd]
org.springframework.beans.factory.xml.PluggableSchemaResolver 2015-01-23 09:56:20,286 DEBUG - Found XML schema [http://www.springframework.org/schema/tx/spring-tx-4.0.xsd] in classpath: org/springframework/transaction/config/spring-tx-4.0.xsd
org.springframework.beans.factory.xml.DefaultBeanDefinitionDocumentReader 2015-01-23 09:56:20,294 DEBUG - Loading bean definitions
org.springframework.beans.factory.xml.XmlBeanDefinitionReader 2015-01-23 09:56:20,304 INFO  - Loading XML bean definitions from URL [jar:file:/D:/users/beresnev/projects/NKA_NET3/nka_net3/dao/target/dao-1.0.jar!/beans-dao.xml]
org.springframework.beans.factory.xml.DefaultDocumentLoader 2015-01-23 09:56:20,305 DEBUG - Using JAXP provider [com.sun.org.apache.xerces.internal.jaxp.DocumentBuilderFactoryImpl]
org.springframework.beans.factory.xml.PluggableSchemaResolver 2015-01-23 09:56:20,306 TRACE - Trying to resolve XML entity with public id [null] and system id [http://www.springframework.org/schema/beans/spring-beans-4.0.xsd]
org.springframework.beans.factory.xml.PluggableSchemaResolver 2015-01-23 09:56:20,307 DEBUG - Found XML schema [http://www.springframework.org/schema/beans/spring-beans-4.0.xsd] in classpath: org/springframework/beans/factory/xml/spring-beans-4.0.xsd
org.springframework.beans.factory.xml.PluggableSchemaResolver 2015-01-23 09:56:20,322 TRACE - Trying to resolve XML entity with public id [null] and system id [http://www.springframework.org/schema/context/spring-context-4.0.xsd]
org.springframework.beans.factory.xml.PluggableSchemaResolver 2015-01-23 09:56:20,323 DEBUG - Found XML schema [http://www.springframework.org/schema/context/spring-context-4.0.xsd] in classpath: org/springframework/context/config/spring-context-4.0.xsd
org.springframework.beans.factory.xml.PluggableSchemaResolver 2015-01-23 09:56:20,327 TRACE - Trying to resolve XML entity with public id [null] and system id [http://www.springframework.org/schema/tool/spring-tool-4.0.xsd]
org.springframework.beans.factory.xml.PluggableSchemaResolver 2015-01-23 09:56:20,328 DEBUG - Found XML schema [http://www.springframework.org/schema/tool/spring-tool-4.0.xsd] in classpath: org/springframework/beans/factory/xml/spring-tool-4.0.xsd
org.springframework.beans.factory.xml.DefaultBeanDefinitionDocumentReader 2015-01-23 09:56:20,334 DEBUG - Loading bean definitions
org.springframework.beans.factory.xml.DefaultNamespaceHandlerResolver 2015-01-23 09:56:20,336 DEBUG - Loaded NamespaceHandler mappings: {http://www.springframework.org/schema/p=org.springframework.beans.factory.xml.SimplePropertyNamespaceHandler, http://www.springframework.org/schema/util=org.springframework.beans.factory.xml.UtilNamespaceHandler, http://www.springframework.org/schema/jee=org.springframework.ejb.config.JeeNamespaceHandler, http://www.springframework.org/schema/aop=org.springframework.aop.config.AopNamespaceHandler, http://www.springframework.org/schema/jdbc=org.springframework.jdbc.config.JdbcNamespaceHandler, http://www.springframework.org/schema/cache=org.springframework.cache.config.CacheNamespaceHandler, http://www.springframework.org/schema/c=org.springframework.beans.factory.xml.SimpleConstructorNamespaceHandler, http://www.springframework.org/schema/tx=org.springframework.transaction.config.TxNamespaceHandler, http://www.springframework.org/schema/task=org.springframework.scheduling.config.TaskNamespaceHandler, http://www.springframework.org/schema/lang=org.springframework.scripting.config.LangNamespaceHandler, http://www.springframework.org/schema/context=org.springframework.context.config.ContextNamespaceHandler}
org.springframework.core.env.MutablePropertySources 2015-01-23 09:56:20,362 DEBUG - Adding [systemProperties] PropertySource with lowest search precedence
org.springframework.core.env.MutablePropertySources 2015-01-23 09:56:20,363 DEBUG - Adding [systemEnvironment] PropertySource with lowest search precedence
org.springframework.core.env.AbstractEnvironment 2015-01-23 09:56:20,363 DEBUG - Initialized StandardEnvironment with PropertySources [systemProperties,systemEnvironment]
org.springframework.core.io.support.PathMatchingResourcePatternResolver 2015-01-23 09:56:20,372 DEBUG - Looking for matching resources in directory tree [D:\users\beresnev\projects\NKA_NET3\nka_net3\services\target\test-classes\nla\local]
org.springframework.core.io.support.PathMatchingResourcePatternResolver 2015-01-23 09:56:20,372 DEBUG - Searching directory [D:\users\beresnev\projects\NKA_NET3\nka_net3\services\target\test-classes\nla\local] for files matching pattern [D:/users/beresnev/projects/NKA_NET3/nka_net3/services/target/test-classes/nla/local/**/*.class]
org.springframework.core.io.support.PathMatchingResourcePatternResolver 2015-01-23 09:56:20,375 DEBUG - Looking for matching resources in directory tree [D:\users\beresnev\projects\NKA_NET3\nka_net3\services\target\classes\nla\local]
org.springframework.core.io.support.PathMatchingResourcePatternResolver 2015-01-23 09:56:20,375 DEBUG - Searching directory [D:\users\beresnev\projects\NKA_NET3\nka_net3\services\target\classes\nla\local] for files matching pattern [D:/users/beresnev/projects/NKA_NET3/nka_net3/services/target/classes/nla/local/**/*.class]
org.springframework.core.io.support.PathMatchingResourcePatternResolver 2015-01-23 09:56:20,375 DEBUG - Searching directory [D:\users\beresnev\projects\NKA_NET3\nka_net3\services\target\classes\nla\local\services] for files matching pattern [D:/users/beresnev/projects/NKA_NET3/nka_net3/services/target/classes/nla/local/**/*.class]
org.springframework.core.io.support.PathMatchingResourcePatternResolver 2015-01-23 09:56:20,376 DEBUG - Looking for matching resources in jar file [file:/D:/users/beresnev/projects/NKA_NET3/nka_net3/dao/target/dao-1.0.jar]
org.springframework.core.io.support.PathMatchingResourcePatternResolver 2015-01-23 09:56:20,378 DEBUG - Resolved location pattern [classpath*:nla/local/**/*.class] to resources [file [D:\users\beresnev\projects\NKA_NET3\nka_net3\services\target\test-classes\nla\local\AppTest.class], file [D:\users\beresnev\projects\NKA_NET3\nka_net3\services\target\classes\nla\local\services\BaseService.class], file [D:\users\beresnev\projects\NKA_NET3\nka_net3\services\target\classes\nla\local\services\IService.class], URL [jar:file:/D:/users/beresnev/projects/NKA_NET3/nka_net3/dao/target/dao-1.0.jar!/nla/local/dao/BaseDao.class], URL [jar:file:/D:/users/beresnev/projects/NKA_NET3/nka_net3/dao/target/dao-1.0.jar!/nla/local/dao/IDao.class], URL [jar:file:/D:/users/beresnev/projects/NKA_NET3/nka_net3/dao/target/dao-1.0.jar!/nla/local/pojos/Address.class], URL [jar:file:/D:/users/beresnev/projects/NKA_NET3/nka_net3/dao/target/dao-1.0.jar!/nla/local/pojos/JPerson.class], URL [jar:file:/D:/users/beresnev/projects/NKA_NET3/nka_net3/dao/target/dao-1.0.jar!/nla/local/pojos/Order.class], URL [jar:file:/D:/users/beresnev/projects/NKA_NET3/nka_net3/dao/target/dao-1.0.jar!/nla/local/pojos/Person.class], URL [jar:file:/D:/users/beresnev/projects/NKA_NET3/nka_net3/dao/target/dao-1.0.jar!/nla/local/pojos/PPerson.class], URL [jar:file:/D:/users/beresnev/projects/NKA_NET3/nka_net3/dao/target/dao-1.0.jar!/nla/local/pojos/Status.class], URL [jar:file:/D:/users/beresnev/projects/NKA_NET3/nka_net3/dao/target/dao-1.0.jar!/nla/local/pojos/User.class], URL [jar:file:/D:/users/beresnev/projects/NKA_NET3/nka_net3/dao/target/dao-1.0.jar!/nla/local/util/CustomNamingStrategy.class]]
org.springframework.context.annotation.ClassPathScanningCandidateComponentProvider 2015-01-23 09:56:20,378 TRACE - Scanning file [D:\users\beresnev\projects\NKA_NET3\nka_net3\services\target\test-classes\nla\local\AppTest.class]
org.springframework.context.annotation.ClassPathScanningCandidateComponentProvider 2015-01-23 09:56:20,390 TRACE - Ignored because not matching any filter: file [D:\users\beresnev\projects\NKA_NET3\nka_net3\services\target\test-classes\nla\local\AppTest.class]
org.springframework.context.annotation.ClassPathScanningCandidateComponentProvider 2015-01-23 09:56:20,391 TRACE - Scanning file [D:\users\beresnev\projects\NKA_NET3\nka_net3\services\target\classes\nla\local\services\BaseService.class]
org.springframework.context.annotation.ClassPathScanningCandidateComponentProvider 2015-01-23 09:56:20,401 DEBUG - Identified candidate component class: file [D:\users\beresnev\projects\NKA_NET3\nka_net3\services\target\classes\nla\local\services\BaseService.class]
org.springframework.context.annotation.ClassPathScanningCandidateComponentProvider 2015-01-23 09:56:20,401 TRACE - Scanning file [D:\users\beresnev\projects\NKA_NET3\nka_net3\services\target\classes\nla\local\services\IService.class]
org.springframework.context.annotation.ClassPathScanningCandidateComponentProvider 2015-01-23 09:56:20,401 TRACE - Ignored because not matching any filter: file [D:\users\beresnev\projects\NKA_NET3\nka_net3\services\target\classes\nla\local\services\IService.class]
org.springframework.context.annotation.ClassPathScanningCandidateComponentProvider 2015-01-23 09:56:20,401 TRACE - Scanning URL [jar:file:/D:/users/beresnev/projects/NKA_NET3/nka_net3/dao/target/dao-1.0.jar!/nla/local/dao/BaseDao.class]
org.springframework.context.annotation.ClassPathScanningCandidateComponentProvider 2015-01-23 09:56:20,402 DEBUG - Identified candidate component class: URL [jar:file:/D:/users/beresnev/projects/NKA_NET3/nka_net3/dao/target/dao-1.0.jar!/nla/local/dao/BaseDao.class]
org.springframework.context.annotation.ClassPathScanningCandidateComponentProvider 2015-01-23 09:56:20,403 TRACE - Scanning URL [jar:file:/D:/users/beresnev/projects/NKA_NET3/nka_net3/dao/target/dao-1.0.jar!/nla/local/dao/IDao.class]
org.springframework.context.annotation.ClassPathScanningCandidateComponentProvider 2015-01-23 09:56:20,403 TRACE - Ignored because not matching any filter: URL [jar:file:/D:/users/beresnev/projects/NKA_NET3/nka_net3/dao/target/dao-1.0.jar!/nla/local/dao/IDao.class]
org.springframework.context.annotation.ClassPathScanningCandidateComponentProvider 2015-01-23 09:56:20,403 TRACE - Scanning URL [jar:file:/D:/users/beresnev/projects/NKA_NET3/nka_net3/dao/target/dao-1.0.jar!/nla/local/pojos/Address.class]
org.springframework.context.annotation.ClassPathScanningCandidateComponentProvider 2015-01-23 09:56:20,405 TRACE - Ignored because not matching any filter: URL [jar:file:/D:/users/beresnev/projects/NKA_NET3/nka_net3/dao/target/dao-1.0.jar!/nla/local/pojos/Address.class]
org.springframework.context.annotation.ClassPathScanningCandidateComponentProvider 2015-01-23 09:56:20,405 TRACE - Scanning URL [jar:file:/D:/users/beresnev/projects/NKA_NET3/nka_net3/dao/target/dao-1.0.jar!/nla/local/pojos/JPerson.class]
org.springframework.context.annotation.ClassPathScanningCandidateComponentProvider 2015-01-23 09:56:20,409 TRACE - Ignored because not matching any filter: URL [jar:file:/D:/users/beresnev/projects/NKA_NET3/nka_net3/dao/target/dao-1.0.jar!/nla/local/pojos/JPerson.class]
org.springframework.context.annotation.ClassPathScanningCandidateComponentProvider 2015-01-23 09:56:20,409 TRACE - Scanning URL [jar:file:/D:/users/beresnev/projects/NKA_NET3/nka_net3/dao/target/dao-1.0.jar!/nla/local/pojos/Order.class]
org.springframework.context.annotation.ClassPathScanningCandidateComponentProvider 2015-01-23 09:56:20,410 TRACE - Ignored because not matching any filter: URL [jar:file:/D:/users/beresnev/projects/NKA_NET3/nka_net3/dao/target/dao-1.0.jar!/nla/local/pojos/Order.class]
org.springframework.context.annotation.ClassPathScanningCandidateComponentProvider 2015-01-23 09:56:20,410 TRACE - Scanning URL [jar:file:/D:/users/beresnev/projects/NKA_NET3/nka_net3/dao/target/dao-1.0.jar!/nla/local/pojos/Person.class]
org.springframework.context.annotation.ClassPathScanningCandidateComponentProvider 2015-01-23 09:56:20,411 TRACE - Ignored because not matching any filter: URL [jar:file:/D:/users/beresnev/projects/NKA_NET3/nka_net3/dao/target/dao-1.0.jar!/nla/local/pojos/Person.class]
org.springframework.context.annotation.ClassPathScanningCandidateComponentProvider 2015-01-23 09:56:20,411 TRACE - Scanning URL [jar:file:/D:/users/beresnev/projects/NKA_NET3/nka_net3/dao/target/dao-1.0.jar!/nla/local/pojos/PPerson.class]
org.springframework.context.annotation.ClassPathScanningCandidateComponentProvider 2015-01-23 09:56:20,412 TRACE - Ignored because not matching any filter: URL [jar:file:/D:/users/beresnev/projects/NKA_NET3/nka_net3/dao/target/dao-1.0.jar!/nla/local/pojos/PPerson.class]
org.springframework.context.annotation.ClassPathScanningCandidateComponentProvider 2015-01-23 09:56:20,412 TRACE - Scanning URL [jar:file:/D:/users/beresnev/projects/NKA_NET3/nka_net3/dao/target/dao-1.0.jar!/nla/local/pojos/Status.class]
org.springframework.context.annotation.ClassPathScanningCandidateComponentProvider 2015-01-23 09:56:20,414 TRACE - Ignored because not matching any filter: URL [jar:file:/D:/users/beresnev/projects/NKA_NET3/nka_net3/dao/target/dao-1.0.jar!/nla/local/pojos/Status.class]
org.springframework.context.annotation.ClassPathScanningCandidateComponentProvider 2015-01-23 09:56:20,414 TRACE - Scanning URL [jar:file:/D:/users/beresnev/projects/NKA_NET3/nka_net3/dao/target/dao-1.0.jar!/nla/local/pojos/User.class]
org.springframework.context.annotation.ClassPathScanningCandidateComponentProvider 2015-01-23 09:56:20,432 TRACE - Ignored because not matching any filter: URL [jar:file:/D:/users/beresnev/projects/NKA_NET3/nka_net3/dao/target/dao-1.0.jar!/nla/local/pojos/User.class]
org.springframework.context.annotation.ClassPathScanningCandidateComponentProvider 2015-01-23 09:56:20,432 TRACE - Scanning URL [jar:file:/D:/users/beresnev/projects/NKA_NET3/nka_net3/dao/target/dao-1.0.jar!/nla/local/util/CustomNamingStrategy.class]
org.springframework.context.annotation.ClassPathScanningCandidateComponentProvider 2015-01-23 09:56:20,433 TRACE - Ignored because not matching any filter: URL [jar:file:/D:/users/beresnev/projects/NKA_NET3/nka_net3/dao/target/dao-1.0.jar!/nla/local/util/CustomNamingStrategy.class]
org.springframework.beans.factory.support.AbstractBeanDefinitionReader 2015-01-23 09:56:20,440 DEBUG - Loaded 13 bean definitions from location pattern [classpath*:beans-dao.xml]
org.springframework.beans.factory.xml.DefaultBeanDefinitionDocumentReader 2015-01-23 09:56:20,440 DEBUG - Imported 13 bean definitions from URL location [classpath*:beans-dao.xml]
org.springframework.core.env.MutablePropertySources 2015-01-23 09:56:20,442 DEBUG - Adding [systemProperties] PropertySource with lowest search precedence
org.springframework.core.env.MutablePropertySources 2015-01-23 09:56:20,442 DEBUG - Adding [systemEnvironment] PropertySource with lowest search precedence
org.springframework.core.env.AbstractEnvironment 2015-01-23 09:56:20,442 DEBUG - Initialized StandardEnvironment with PropertySources [systemProperties,systemEnvironment]
org.springframework.core.io.support.PathMatchingResourcePatternResolver 2015-01-23 09:56:20,443 DEBUG - Looking for matching resources in directory tree [D:\users\beresnev\projects\NKA_NET3\nka_net3\services\target\classes\nla\local\services]
org.springframework.core.io.support.PathMatchingResourcePatternResolver 2015-01-23 09:56:20,443 DEBUG - Searching directory [D:\users\beresnev\projects\NKA_NET3\nka_net3\services\target\classes\nla\local\services] for files matching pattern [D:/users/beresnev/projects/NKA_NET3/nka_net3/services/target/classes/nla/local/services/**/*.class]
org.springframework.core.io.support.PathMatchingResourcePatternResolver 2015-01-23 09:56:20,444 DEBUG - Resolved location pattern [classpath*:nla/local/services/**/*.class] to resources [file [D:\users\beresnev\projects\NKA_NET3\nka_net3\services\target\classes\nla\local\services\BaseService.class], file [D:\users\beresnev\projects\NKA_NET3\nka_net3\services\target\classes\nla\local\services\IService.class]]
org.springframework.context.annotation.ClassPathScanningCandidateComponentProvider 2015-01-23 09:56:20,444 TRACE - Scanning file [D:\users\beresnev\projects\NKA_NET3\nka_net3\services\target\classes\nla\local\services\BaseService.class]
org.springframework.context.annotation.ClassPathScanningCandidateComponentProvider 2015-01-23 09:56:20,445 DEBUG - Identified candidate component class: file [D:\users\beresnev\projects\NKA_NET3\nka_net3\services\target\classes\nla\local\services\BaseService.class]
org.springframework.context.annotation.ClassPathScanningCandidateComponentProvider 2015-01-23 09:56:20,445 TRACE - Scanning file [D:\users\beresnev\projects\NKA_NET3\nka_net3\services\target\classes\nla\local\services\IService.class]
org.springframework.context.annotation.ClassPathScanningCandidateComponentProvider 2015-01-23 09:56:20,446 TRACE - Ignored because not matching any filter: file [D:\users\beresnev\projects\NKA_NET3\nka_net3\services\target\classes\nla\local\services\IService.class]
org.springframework.beans.factory.support.AbstractBeanDefinitionReader 2015-01-23 09:56:20,455 DEBUG - Loaded 18 bean definitions from location pattern [beans-services.xml]
org.springframework.context.support.AbstractApplicationContext 2015-01-23 09:56:20,455 DEBUG - Bean factory for org.springframework.context.support.ClassPathXmlApplicationContext@752dc320: org.springframework.beans.factory.support.DefaultListableBeanFactory@75897d53: defining beans [org.springframework.context.annotation.internalConfigurationAnnotationProcessor,org.springframework.context.annotation.internalAutowiredAnnotationProcessor,org.springframework.context.annotation.internalRequiredAnnotationProcessor,org.springframework.context.annotation.internalCommonAnnotationProcessor,org.springframework.context.annotation.internalPersistenceAnnotationProcessor,baseService,baseDao,dataSource,person,jperson,pperson,address,sessionFactory,transactionManager,org.springframework.aop.config.internalAutoProxyCreator,org.springframework.transaction.annotation.AnnotationTransactionAttributeSource#0,org.springframework.transaction.interceptor.TransactionInterceptor#0,org.springframework.transaction.config.internalTransactionAdvisor]; root of factory hierarchy
org.springframework.beans.factory.support.DefaultSingletonBeanRegistry 2015-01-23 09:56:20,472 DEBUG - Creating shared instance of singleton bean &apos;org.springframework.context.annotation.internalConfigurationAnnotationProcessor&apos;
org.springframework.beans.factory.support.AbstractAutowireCapableBeanFactory 2015-01-23 09:56:20,473 DEBUG - Creating instance of bean &apos;org.springframework.context.annotation.internalConfigurationAnnotationProcessor&apos;
org.springframework.beans.factory.support.AbstractAutowireCapableBeanFactory 2015-01-23 09:56:20,483 DEBUG - Eagerly caching bean &apos;org.springframework.context.annotation.internalConfigurationAnnotationProcessor&apos; to allow for resolving potential circular references
org.springframework.beans.factory.support.AbstractAutowireCapableBeanFactory 2015-01-23 09:56:20,484 DEBUG - Finished creating instance of bean &apos;org.springframework.context.annotation.internalConfigurationAnnotationProcessor&apos;
org.springframework.beans.factory.support.DefaultSingletonBeanRegistry 2015-01-23 09:56:20,522 DEBUG - Creating shared instance of singleton bean &apos;org.springframework.context.annotation.internalAutowiredAnnotationProcessor&apos;
org.springframework.beans.factory.support.AbstractAutowireCapableBeanFactory 2015-01-23 09:56:20,522 DEBUG - Creating instance of bean &apos;org.springframework.context.annotation.internalAutowiredAnnotationProcessor&apos;
org.springframework.beans.factory.support.AbstractAutowireCapableBeanFactory 2015-01-23 09:56:20,523 DEBUG - Eagerly caching bean &apos;org.springframework.context.annotation.internalAutowiredAnnotationProcessor&apos; to allow for resolving potential circular references
org.springframework.beans.factory.support.AbstractAutowireCapableBeanFactory 2015-01-23 09:56:20,523 DEBUG - Finished creating instance of bean &apos;org.springframework.context.annotation.internalAutowiredAnnotationProcessor&apos;
org.springframework.beans.factory.support.DefaultSingletonBeanRegistry 2015-01-23 09:56:20,523 DEBUG - Creating shared instance of singleton bean &apos;org.springframework.context.annotation.internalRequiredAnnotationProcessor&apos;
org.springframework.beans.factory.support.AbstractAutowireCapableBeanFactory 2015-01-23 09:56:20,523 DEBUG - Creating instance of bean &apos;org.springframework.context.annotation.internalRequiredAnnotationProcessor&apos;
org.springframework.beans.factory.support.AbstractAutowireCapableBeanFactory 2015-01-23 09:56:20,524 DEBUG - Eagerly caching bean &apos;org.springframework.context.annotation.internalRequiredAnnotationProcessor&apos; to allow for resolving potential circular references
org.springframework.beans.factory.support.AbstractAutowireCapableBeanFactory 2015-01-23 09:56:20,524 DEBUG - Finished creating instance of bean &apos;org.springframework.context.annotation.internalRequiredAnnotationProcessor&apos;
org.springframework.beans.factory.support.DefaultSingletonBeanRegistry 2015-01-23 09:56:20,524 DEBUG - Creating shared instance of singleton bean &apos;org.springframework.context.annotation.internalCommonAnnotationProcessor&apos;
org.springframework.beans.factory.support.AbstractAutowireCapableBeanFactory 2015-01-23 09:56:20,524 DEBUG - Creating instance of bean &apos;org.springframework.context.annotation.internalCommonAnnotationProcessor&apos;
org.springframework.beans.factory.support.AbstractAutowireCapableBeanFactory 2015-01-23 09:56:20,528 DEBUG - Eagerly caching bean &apos;org.springframework.context.annotation.internalCommonAnnotationProcessor&apos; to allow for resolving potential circular references
org.springframework.beans.factory.support.AbstractAutowireCapableBeanFactory 2015-01-23 09:56:20,528 DEBUG - Finished creating instance of bean &apos;org.springframework.context.annotation.internalCommonAnnotationProcessor&apos;
org.springframework.beans.factory.support.DefaultSingletonBeanRegistry 2015-01-23 09:56:20,529 DEBUG - Creating shared instance of singleton bean &apos;org.springframework.context.annotation.internalPersistenceAnnotationProcessor&apos;
org.springframework.beans.factory.support.AbstractAutowireCapableBeanFactory 2015-01-23 09:56:20,529 DEBUG - Creating instance of bean &apos;org.springframework.context.annotation.internalPersistenceAnnotationProcessor&apos;
org.springframework.beans.factory.support.AbstractAutowireCapableBeanFactory 2015-01-23 09:56:20,530 DEBUG - Eagerly caching bean &apos;org.springframework.context.annotation.internalPersistenceAnnotationProcessor&apos; to allow for resolving potential circular references
org.springframework.beans.factory.support.AbstractAutowireCapableBeanFactory 2015-01-23 09:56:20,530 DEBUG - Finished creating instance of bean &apos;org.springframework.context.annotation.internalPersistenceAnnotationProcessor&apos;
org.springframework.beans.factory.support.DefaultSingletonBeanRegistry 2015-01-23 09:56:20,531 DEBUG - Creating shared instance of singleton bean &apos;org.springframework.context.annotation.ConfigurationClassPostProcessor.importAwareProcessor&apos;
org.springframework.beans.factory.support.AbstractAutowireCapableBeanFactory 2015-01-23 09:56:20,531 DEBUG - Creating instance of bean &apos;org.springframework.context.annotation.ConfigurationClassPostProcessor.importAwareProcessor&apos;
org.springframework.beans.factory.support.AbstractAutowireCapableBeanFactory 2015-01-23 09:56:20,531 DEBUG - Eagerly caching bean &apos;org.springframework.context.annotation.ConfigurationClassPostProcessor.importAwareProcessor&apos; to allow for resolving potential circular references
org.springframework.beans.factory.support.AbstractAutowireCapableBeanFactory 2015-01-23 09:56:20,531 DEBUG - Finished creating instance of bean &apos;org.springframework.context.annotation.ConfigurationClassPostProcessor.importAwareProcessor&apos;
org.springframework.beans.factory.support.DefaultSingletonBeanRegistry 2015-01-23 09:56:20,531 DEBUG - Creating shared instance of singleton bean &apos;org.springframework.context.annotation.ConfigurationClassPostProcessor.enhancedConfigurationProcessor&apos;
org.springframework.beans.factory.support.AbstractAutowireCapableBeanFactory 2015-01-23 09:56:20,531 DEBUG - Creating instance of bean &apos;org.springframework.context.annotation.ConfigurationClassPostProcessor.enhancedConfigurationProcessor&apos;
org.springframework.beans.factory.support.AbstractAutowireCapableBeanFactory 2015-01-23 09:56:20,532 DEBUG - Eagerly caching bean &apos;org.springframework.context.annotation.ConfigurationClassPostProcessor.enhancedConfigurationProcessor&apos; to allow for resolving potential circular references
org.springframework.beans.factory.support.AbstractAutowireCapableBeanFactory 2015-01-23 09:56:20,532 DEBUG - Finished creating instance of bean &apos;org.springframework.context.annotation.ConfigurationClassPostProcessor.enhancedConfigurationProcessor&apos;
org.springframework.beans.factory.support.DefaultSingletonBeanRegistry 2015-01-23 09:56:20,532 DEBUG - Creating shared instance of singleton bean &apos;org.springframework.aop.config.internalAutoProxyCreator&apos;
org.springframework.beans.factory.support.AbstractAutowireCapableBeanFactory 2015-01-23 09:56:20,532 DEBUG - Creating instance of bean &apos;org.springframework.aop.config.internalAutoProxyCreator&apos;
org.springframework.beans.factory.support.AbstractAutowireCapableBeanFactory 2015-01-23 09:56:20,540 DEBUG - Eagerly caching bean &apos;org.springframework.aop.config.internalAutoProxyCreator&apos; to allow for resolving potential circular references
org.springframework.core.io.support.SpringFactoriesLoader 2015-01-23 09:56:20,542 TRACE - Loaded [org.springframework.beans.BeanInfoFactory] names: [org.springframework.beans.ExtendedBeanInfoFactory]
org.springframework.beans.CachedIntrospectionResults 2015-01-23 09:56:20,543 TRACE - Getting BeanInfo for class [org.springframework.aop.framework.autoproxy.InfrastructureAdvisorAutoProxyCreator]
org.springframework.beans.CachedIntrospectionResults 2015-01-23 09:56:20,548 TRACE - Caching PropertyDescriptors for class [org.springframework.aop.framework.autoproxy.InfrastructureAdvisorAutoProxyCreator]
org.springframework.beans.CachedIntrospectionResults 2015-01-23 09:56:20,548 TRACE - Found bean property &apos;advisorAdapterRegistry&apos; of type [org.springframework.aop.framework.adapter.AdvisorAdapterRegistry]
org.springframework.beans.CachedIntrospectionResults 2015-01-23 09:56:20,548 TRACE - Found bean property &apos;applyCommonInterceptorsFirst&apos; of type [boolean]
org.springframework.beans.CachedIntrospectionResults 2015-01-23 09:56:20,549 TRACE - Found bean property &apos;beanClassLoader&apos; of type [java.lang.ClassLoader]
org.springframework.beans.CachedIntrospectionResults 2015-01-23 09:56:20,549 TRACE - Found bean property &apos;beanFactory&apos; of type [org.springframework.beans.factory.BeanFactory]
org.springframework.beans.CachedIntrospectionResults 2015-01-23 09:56:20,549 TRACE - Found bean property &apos;class&apos; of type [java.lang.Class]
org.springframework.beans.CachedIntrospectionResults 2015-01-23 09:56:20,549 TRACE - Found bean property &apos;customTargetSourceCreators&apos; of type [[Lorg.springframework.aop.framework.autoproxy.TargetSourceCreator;]
org.springframework.beans.CachedIntrospectionResults 2015-01-23 09:56:20,549 TRACE - Found bean property &apos;exposeProxy&apos; of type [boolean]
org.springframework.beans.CachedIntrospectionResults 2015-01-23 09:56:20,549 TRACE - Found bean property &apos;frozen&apos; of type [boolean]
org.springframework.beans.CachedIntrospectionResults 2015-01-23 09:56:20,550 TRACE - Found bean property &apos;interceptorNames&apos; of type [[Ljava.lang.String;]
org.springframework.beans.CachedIntrospectionResults 2015-01-23 09:56:20,550 TRACE - Found bean property &apos;opaque&apos; of type [boolean]
org.springframework.beans.CachedIntrospectionResults 2015-01-23 09:56:20,550 TRACE - Found bean property &apos;optimize&apos; of type [boolean]
org.springframework.beans.CachedIntrospectionResults 2015-01-23 09:56:20,550 TRACE - Found bean property &apos;order&apos; of type [int]
org.springframework.beans.CachedIntrospectionResults 2015-01-23 09:56:20,550 TRACE - Found bean property &apos;proxyClassLoader&apos; of type [java.lang.ClassLoader]
org.springframework.beans.CachedIntrospectionResults 2015-01-23 09:56:20,550 TRACE - Found bean property &apos;proxyTargetClass&apos; of type [boolean]
org.springframework.beans.factory.support.AbstractAutowireCapableBeanFactory 2015-01-23 09:56:20,558 DEBUG - Finished creating instance of bean &apos;org.springframework.aop.config.internalAutoProxyCreator&apos;
org.springframework.context.support.AbstractApplicationContext 2015-01-23 09:56:20,560 DEBUG - Unable to locate MessageSource with name &apos;messageSource&apos;: using default [org.springframework.context.support.DelegatingMessageSource@75a6bd5]
org.springframework.context.support.AbstractApplicationContext 2015-01-23 09:56:20,561 DEBUG - Unable to locate ApplicationEventMulticaster with name &apos;applicationEventMulticaster&apos;: using default [org.springframework.context.event.SimpleApplicationEventMulticaster@2554ab83]
org.springframework.beans.factory.support.DefaultListableBeanFactory 2015-01-23 09:56:20,564 DEBUG - Pre-instantiating singletons in org.springframework.beans.factory.support.DefaultListableBeanFactory@75897d53: defining beans [org.springframework.context.annotation.internalConfigurationAnnotationProcessor,org.springframework.context.annotation.internalAutowiredAnnotationProcessor,org.springframework.context.annotation.internalRequiredAnnotationProcessor,org.springframework.context.annotation.internalCommonAnnotationProcessor,org.springframework.context.annotation.internalPersistenceAnnotationProcessor,baseService,baseDao,dataSource,person,jperson,pperson,address,sessionFactory,transactionManager,org.springframework.aop.config.internalAutoProxyCreator,org.springframework.transaction.annotation.AnnotationTransactionAttributeSource#0,org.springframework.transaction.interceptor.TransactionInterceptor#0,org.springframework.transaction.config.internalTransactionAdvisor,org.springframework.context.annotation.ConfigurationClassPostProcessor.importAwareProcessor,org.springframework.context.annotation.ConfigurationClassPostProcessor.enhancedConfigurationProcessor]; root of factory hierarchy
org.springframework.beans.factory.support.AbstractBeanFactory 2015-01-23 09:56:20,564 DEBUG - Returning cached instance of singleton bean &apos;org.springframework.context.annotation.internalConfigurationAnnotationProcessor&apos;
org.springframework.beans.factory.support.AbstractBeanFactory 2015-01-23 09:56:20,564 DEBUG - Returning cached instance of singleton bean &apos;org.springframework.context.annotation.internalAutowiredAnnotationProcessor&apos;
org.springframework.beans.factory.support.AbstractBeanFactory 2015-01-23 09:56:20,564 DEBUG - Returning cached instance of singleton bean &apos;org.springframework.context.annotation.internalRequiredAnnotationProcessor&apos;
org.springframework.beans.factory.support.AbstractBeanFactory 2015-01-23 09:56:20,565 DEBUG - Returning cached instance of singleton bean &apos;org.springframework.context.annotation.internalCommonAnnotationProcessor&apos;
org.springframework.beans.factory.support.AbstractBeanFactory 2015-01-23 09:56:20,565 DEBUG - Returning cached instance of singleton bean &apos;org.springframework.context.annotation.internalPersistenceAnnotationProcessor&apos;
org.springframework.beans.factory.support.DefaultSingletonBeanRegistry 2015-01-23 09:56:20,565 DEBUG - Creating shared instance of singleton bean &apos;baseService&apos;
org.springframework.beans.factory.support.AbstractAutowireCapableBeanFactory 2015-01-23 09:56:20,565 DEBUG - Creating instance of bean &apos;baseService&apos;
org.springframework.beans.factory.support.DefaultSingletonBeanRegistry 2015-01-23 09:56:20,579 DEBUG - Creating shared instance of singleton bean &apos;baseDao&apos;
org.springframework.beans.factory.support.AbstractAutowireCapableBeanFactory 2015-01-23 09:56:20,579 DEBUG - Creating instance of bean &apos;baseDao&apos;
org.springframework.beans.factory.support.DefaultSingletonBeanRegistry 2015-01-23 09:56:20,581 DEBUG - Creating shared instance of singleton bean &apos;sessionFactory&apos;
org.springframework.beans.factory.support.AbstractAutowireCapableBeanFactory 2015-01-23 09:56:20,581 DEBUG - Creating instance of bean &apos;sessionFactory&apos;
org.springframework.beans.factory.support.AbstractAutowireCapableBeanFactory 2015-01-23 09:56:20,587 DEBUG - Eagerly caching bean &apos;sessionFactory&apos; to allow for resolving potential circular references
org.springframework.beans.CachedIntrospectionResults 2015-01-23 09:56:20,588 TRACE - Getting BeanInfo for class [org.springframework.orm.hibernate3.annotation.AnnotationSessionFactoryBean]
org.springframework.beans.CachedIntrospectionResults 2015-01-23 09:56:20,592 TRACE - Caching PropertyDescriptors for class [org.springframework.orm.hibernate3.annotation.AnnotationSessionFactoryBean]
org.springframework.beans.CachedIntrospectionResults 2015-01-23 09:56:20,592 TRACE - Found bean property &apos;annotatedClasses&apos; of type [[Ljava.lang.Class;]
org.springframework.beans.CachedIntrospectionResults 2015-01-23 09:56:20,593 TRACE - Found bean property &apos;annotatedPackages&apos; of type [[Ljava.lang.String;]
org.springframework.beans.CachedIntrospectionResults 2015-01-23 09:56:20,593 TRACE - Found bean property &apos;beanClassLoader&apos; of type [java.lang.ClassLoader]
org.springframework.beans.CachedIntrospectionResults 2015-01-23 09:56:20,593 TRACE - Found bean property &apos;cacheRegionFactory&apos; of type [org.hibernate.cache.RegionFactory]
org.springframework.beans.CachedIntrospectionResults 2015-01-23 09:56:20,593 TRACE - Found bean property &apos;cacheableMappingLocations&apos; of type [[Lorg.springframework.core.io.Resource;]
org.springframework.beans.CachedIntrospectionResults 2015-01-23 09:56:20,594 TRACE - Found bean property &apos;class&apos; of type [java.lang.Class]
org.springframework.beans.CachedIntrospectionResults 2015-01-23 09:56:20,594 TRACE - Found bean property &apos;collectionCacheStrategies&apos; of type [java.util.Properties]
org.springframework.beans.CachedIntrospectionResults 2015-01-23 09:56:20,594 TRACE - Found bean property &apos;configLocation&apos; of type [org.springframework.core.io.Resource]
org.springframework.beans.CachedIntrospectionResults 2015-01-23 09:56:20,594 TRACE - Found bean property &apos;configLocations&apos; of type [[Lorg.springframework.core.io.Resource;]
org.springframework.beans.CachedIntrospectionResults 2015-01-23 09:56:20,594 TRACE - Found bean property &apos;configuration&apos; of type [org.hibernate.cfg.Configuration]
org.springframework.beans.CachedIntrospectionResults 2015-01-23 09:56:20,595 TRACE - Found bean property &apos;configurationClass&apos; of type [java.lang.Class]
org.springframework.beans.CachedIntrospectionResults 2015-01-23 09:56:20,595 TRACE - Found bean property &apos;dataSource&apos; of type [javax.sql.DataSource]
org.springframework.beans.CachedIntrospectionResults 2015-01-23 09:56:20,595 TRACE - Found bean property &apos;entityCacheStrategies&apos; of type [java.util.Properties]
org.springframework.beans.CachedIntrospectionResults 2015-01-23 09:56:20,595 TRACE - Found bean property &apos;entityInterceptor&apos; of type [org.hibernate.Interceptor]
org.springframework.beans.CachedIntrospectionResults 2015-01-23 09:56:20,596 TRACE - Found bean property &apos;entityTypeFilters&apos; of type [[Lorg.springframework.core.type.filter.TypeFilter;]
org.springframework.beans.CachedIntrospectionResults 2015-01-23 09:56:20,596 TRACE - Found bean property &apos;eventListeners&apos; of type [java.util.Map]
org.springframework.beans.CachedIntrospectionResults 2015-01-23 09:56:20,596 TRACE - Found bean property &apos;exposeTransactionAwareSessionFactory&apos; of type [boolean]
org.springframework.beans.CachedIntrospectionResults 2015-01-23 09:56:20,596 TRACE - Found bean property &apos;filterDefinitions&apos; of type [[Lorg.hibernate.engine.FilterDefinition;]
org.springframework.beans.CachedIntrospectionResults 2015-01-23 09:56:20,597 TRACE - Found bean property &apos;hibernateProperties&apos; of type [java.util.Properties]
org.springframework.beans.CachedIntrospectionResults 2015-01-23 09:56:20,597 TRACE - Found bean property &apos;jdbcExceptionTranslator&apos; of type [org.springframework.jdbc.support.SQLExceptionTranslator]
org.springframework.beans.CachedIntrospectionResults 2015-01-23 09:56:20,597 TRACE - Found bean property &apos;jtaTransactionManager&apos; of type [javax.transaction.TransactionManager]
org.springframework.beans.CachedIntrospectionResults 2015-01-23 09:56:20,597 TRACE - Found bean property &apos;lobHandler&apos; of type [org.springframework.jdbc.support.lob.LobHandler]
org.springframework.beans.CachedIntrospectionResults 2015-01-23 09:56:20,597 TRACE - Found bean property &apos;mappingDirectoryLocations&apos; of type [[Lorg.springframework.core.io.Resource;]
org.springframework.beans.CachedIntrospectionResults 2015-01-23 09:56:20,597 TRACE - Found bean property &apos;mappingJarLocations&apos; of type [[Lorg.springframework.core.io.Resource;]
org.springframework.beans.CachedIntrospectionResults 2015-01-23 09:56:20,598 TRACE - Found bean property &apos;mappingLocations&apos; of type [[Lorg.springframework.core.io.Resource;]
org.springframework.beans.CachedIntrospectionResults 2015-01-23 09:56:20,598 TRACE - Found bean property &apos;mappingResources&apos; of type [[Ljava.lang.String;]
org.springframework.beans.CachedIntrospectionResults 2015-01-23 09:56:20,598 TRACE - Found bean property &apos;namingStrategy&apos; of type [org.hibernate.cfg.NamingStrategy]
org.springframework.beans.CachedIntrospectionResults 2015-01-23 09:56:20,598 TRACE - Found bean property &apos;object&apos; of type [org.hibernate.SessionFactory]
org.springframework.beans.CachedIntrospectionResults 2015-01-23 09:56:20,598 TRACE - Found bean property &apos;objectType&apos; of type [java.lang.Class]
org.springframework.beans.CachedIntrospectionResults 2015-01-23 09:56:20,599 TRACE - Found bean property &apos;packagesToScan&apos; of type [[Ljava.lang.String;]
org.springframework.beans.CachedIntrospectionResults 2015-01-23 09:56:20,599 TRACE - Found bean property &apos;resourceLoader&apos; of type [org.springframework.core.io.ResourceLoader]
org.springframework.beans.CachedIntrospectionResults 2015-01-23 09:56:20,599 TRACE - Found bean property &apos;schemaUpdate&apos; of type [boolean]
org.springframework.beans.CachedIntrospectionResults 2015-01-23 09:56:20,599 TRACE - Found bean property &apos;singleton&apos; of type [boolean]
org.springframework.beans.CachedIntrospectionResults 2015-01-23 09:56:20,599 TRACE - Found bean property &apos;typeDefinitions&apos; of type [[Lorg.springframework.orm.hibernate3.TypeDefinitionBean;]
org.springframework.beans.CachedIntrospectionResults 2015-01-23 09:56:20,600 TRACE - Found bean property &apos;useTransactionAwareDataSource&apos; of type [boolean]
org.springframework.beans.factory.support.DefaultSingletonBeanRegistry 2015-01-23 09:56:20,610 DEBUG - Creating shared instance of singleton bean &apos;dataSource&apos;
org.springframework.beans.factory.support.AbstractAutowireCapableBeanFactory 2015-01-23 09:56:20,610 DEBUG - Creating instance of bean &apos;dataSource&apos;
org.springframework.beans.factory.support.AbstractAutowireCapableBeanFactory 2015-01-23 09:56:20,674 DEBUG - Eagerly caching bean &apos;dataSource&apos; to allow for resolving potential circular references
org.springframework.beans.CachedIntrospectionResults 2015-01-23 09:56:20,674 TRACE - Getting BeanInfo for class [org.apache.commons.dbcp.BasicDataSource]
org.springframework.beans.CachedIntrospectionResults 2015-01-23 09:56:20,676 TRACE - Caching PropertyDescriptors for class [org.apache.commons.dbcp.BasicDataSource]
org.springframework.beans.CachedIntrospectionResults 2015-01-23 09:56:20,677 TRACE - Found bean property &apos;accessToUnderlyingConnectionAllowed&apos; of type [boolean]
org.springframework.beans.CachedIntrospectionResults 2015-01-23 09:56:20,677 TRACE - Found bean property &apos;class&apos; of type [java.lang.Class]
org.springframework.beans.CachedIntrospectionResults 2015-01-23 09:56:20,677 TRACE - Found bean property &apos;closed&apos; of type [boolean]
org.springframework.beans.CachedIntrospectionResults 2015-01-23 09:56:20,677 TRACE - Found bean property &apos;connection&apos; of type [java.sql.Connection]
org.springframework.beans.CachedIntrospectionResults 2015-01-23 09:56:20,677 TRACE - Found bean property &apos;connectionInitSqls&apos; of type [java.util.Collection]
org.springframework.beans.CachedIntrospectionResults 2015-01-23 09:56:20,677 TRACE - Found bean property &apos;connectionProperties&apos; of type [java.lang.String]
org.springframework.beans.CachedIntrospectionResults 2015-01-23 09:56:20,678 TRACE - Found bean property &apos;defaultAutoCommit&apos; of type [boolean]
org.springframework.beans.CachedIntrospectionResults 2015-01-23 09:56:20,678 TRACE - Found bean property &apos;defaultCatalog&apos; of type [java.lang.String]
org.springframework.beans.CachedIntrospectionResults 2015-01-23 09:56:20,678 TRACE - Found bean property &apos;defaultReadOnly&apos; of type [boolean]
org.springframework.beans.CachedIntrospectionResults 2015-01-23 09:56:20,678 TRACE - Found bean property &apos;defaultTransactionIsolation&apos; of type [int]
org.springframework.beans.CachedIntrospectionResults 2015-01-23 09:56:20,678 TRACE - Found bean property &apos;driverClassLoader&apos; of type [java.lang.ClassLoader]
org.springframework.beans.CachedIntrospectionResults 2015-01-23 09:56:20,679 TRACE - Found bean property &apos;driverClassName&apos; of type [java.lang.String]
org.springframework.beans.CachedIntrospectionResults 2015-01-23 09:56:20,679 TRACE - Found bean property &apos;initialSize&apos; of type [int]
org.springframework.beans.CachedIntrospectionResults 2015-01-23 09:56:20,679 TRACE - Found bean property &apos;logAbandoned&apos; of type [boolean]
org.springframework.beans.CachedIntrospectionResults 2015-01-23 09:56:20,679 TRACE - Found bean property &apos;logWriter&apos; of type [java.io.PrintWriter]
org.springframework.beans.CachedIntrospectionResults 2015-01-23 09:56:20,679 TRACE - Found bean property &apos;loginTimeout&apos; of type [int]
org.springframework.beans.CachedIntrospectionResults 2015-01-23 09:56:20,679 TRACE - Found bean property &apos;maxActive&apos; of type [int]
org.springframework.beans.CachedIntrospectionResults 2015-01-23 09:56:20,680 TRACE - Found bean property &apos;maxIdle&apos; of type [int]
org.springframework.beans.CachedIntrospectionResults 2015-01-23 09:56:20,680 TRACE - Found bean property &apos;maxOpenPreparedStatements&apos; of type [int]
org.springframework.beans.CachedIntrospectionResults 2015-01-23 09:56:20,680 TRACE - Found bean property &apos;maxWait&apos; of type [long]
org.springframework.beans.CachedIntrospectionResults 2015-01-23 09:56:20,680 TRACE - Found bean property &apos;minEvictableIdleTimeMillis&apos; of type [long]
org.springframework.beans.CachedIntrospectionResults 2015-01-23 09:56:20,680 TRACE - Found bean property &apos;minIdle&apos; of type [int]
org.springframework.beans.CachedIntrospectionResults 2015-01-23 09:56:20,680 TRACE - Found bean property &apos;numActive&apos; of type [int]
org.springframework.beans.CachedIntrospectionResults 2015-01-23 09:56:20,680 TRACE - Found bean property &apos;numIdle&apos; of type [int]
org.springframework.beans.CachedIntrospectionResults 2015-01-23 09:56:20,681 TRACE - Found bean property &apos;numTestsPerEvictionRun&apos; of type [int]
org.springframework.beans.CachedIntrospectionResults 2015-01-23 09:56:20,681 TRACE - Found bean property &apos;password&apos; of type [java.lang.String]
org.springframework.beans.CachedIntrospectionResults 2015-01-23 09:56:20,681 TRACE - Found bean property &apos;poolPreparedStatements&apos; of type [boolean]
org.springframework.beans.CachedIntrospectionResults 2015-01-23 09:56:20,681 TRACE - Found bean property &apos;removeAbandoned&apos; of type [boolean]
org.springframework.beans.CachedIntrospectionResults 2015-01-23 09:56:20,681 TRACE - Found bean property &apos;removeAbandonedTimeout&apos; of type [int]
org.springframework.beans.CachedIntrospectionResults 2015-01-23 09:56:20,681 TRACE - Found bean property &apos;testOnBorrow&apos; of type [boolean]
org.springframework.beans.CachedIntrospectionResults 2015-01-23 09:56:20,682 TRACE - Found bean property &apos;testOnReturn&apos; of type [boolean]
org.springframework.beans.CachedIntrospectionResults 2015-01-23 09:56:20,682 TRACE - Found bean property &apos;testWhileIdle&apos; of type [boolean]
org.springframework.beans.CachedIntrospectionResults 2015-01-23 09:56:20,682 TRACE - Found bean property &apos;timeBetweenEvictionRunsMillis&apos; of type [long]
org.springframework.beans.CachedIntrospectionResults 2015-01-23 09:56:20,682 TRACE - Found bean property &apos;url&apos; of type [java.lang.String]
org.springframework.beans.CachedIntrospectionResults 2015-01-23 09:56:20,682 TRACE - Found bean property &apos;username&apos; of type [java.lang.String]
org.springframework.beans.CachedIntrospectionResults 2015-01-23 09:56:20,683 TRACE - Found bean property &apos;validationQuery&apos; of type [java.lang.String]
org.springframework.beans.CachedIntrospectionResults 2015-01-23 09:56:20,683 TRACE - Found bean property &apos;validationQueryTimeout&apos; of type [int]
org.springframework.beans.TypeConverterDelegate 2015-01-23 09:56:20,690 TRACE - Converting String to [int] using property editor [org.springframework.beans.propertyeditors.CustomNumberEditor@318a41cf]
org.springframework.beans.TypeConverterDelegate 2015-01-23 09:56:20,692 TRACE - Converting String to [int] using property editor [org.springframework.beans.propertyeditors.CustomNumberEditor@318a41cf]
org.springframework.beans.factory.support.DefaultSingletonBeanRegistry 2015-01-23 09:56:20,693 DEBUG - Creating shared instance of singleton bean &apos;org.springframework.transaction.config.internalTransactionAdvisor&apos;
org.springframework.beans.factory.support.AbstractAutowireCapableBeanFactory 2015-01-23 09:56:20,693 DEBUG - Creating instance of bean &apos;org.springframework.transaction.config.internalTransactionAdvisor&apos;
org.springframework.aop.framework.autoproxy.AbstractAutoProxyCreator 2015-01-23 09:56:20,694 TRACE - Did not attempt to auto-proxy infrastructure class [org.springframework.transaction.interceptor.BeanFactoryTransactionAttributeSourceAdvisor]
org.springframework.beans.factory.support.AbstractAutowireCapableBeanFactory 2015-01-23 09:56:20,695 DEBUG - Eagerly caching bean &apos;org.springframework.transaction.config.internalTransactionAdvisor&apos; to allow for resolving potential circular references
org.springframework.beans.CachedIntrospectionResults 2015-01-23 09:56:20,695 TRACE - Getting BeanInfo for class [org.springframework.transaction.interceptor.BeanFactoryTransactionAttributeSourceAdvisor]
org.springframework.beans.CachedIntrospectionResults 2015-01-23 09:56:20,698 TRACE - Caching PropertyDescriptors for class [org.springframework.transaction.interceptor.BeanFactoryTransactionAttributeSourceAdvisor]
org.springframework.beans.CachedIntrospectionResults 2015-01-23 09:56:20,698 TRACE - Found bean property &apos;advice&apos; of type [org.aopalliance.aop.Advice]
org.springframework.beans.CachedIntrospectionResults 2015-01-23 09:56:20,698 TRACE - Found bean property &apos;adviceBeanName&apos; of type [java.lang.String]
org.springframework.beans.CachedIntrospectionResults 2015-01-23 09:56:20,698 TRACE - Found bean property &apos;beanFactory&apos; of type [org.springframework.beans.factory.BeanFactory]
org.springframework.beans.CachedIntrospectionResults 2015-01-23 09:56:20,698 TRACE - Found bean property &apos;class&apos; of type [java.lang.Class]
org.springframework.beans.CachedIntrospectionResults 2015-01-23 09:56:20,698 TRACE - Found bean property &apos;classFilter&apos; of type [org.springframework.aop.ClassFilter]
org.springframework.beans.CachedIntrospectionResults 2015-01-23 09:56:20,699 TRACE - Found bean property &apos;order&apos; of type [int]
org.springframework.beans.CachedIntrospectionResults 2015-01-23 09:56:20,699 TRACE - Found bean property &apos;perInstance&apos; of type [boolean]
org.springframework.beans.CachedIntrospectionResults 2015-01-23 09:56:20,699 TRACE - Found bean property &apos;pointcut&apos; of type [org.springframework.aop.Pointcut]
org.springframework.beans.CachedIntrospectionResults 2015-01-23 09:56:20,699 TRACE - Found bean property &apos;transactionAttributeSource&apos; of type [org.springframework.transaction.interceptor.TransactionAttributeSource]
org.springframework.beans.factory.support.DefaultSingletonBeanRegistry 2015-01-23 09:56:20,700 DEBUG - Creating shared instance of singleton bean &apos;org.springframework.transaction.annotation.AnnotationTransactionAttributeSource#0&apos;
org.springframework.beans.factory.support.AbstractAutowireCapableBeanFactory 2015-01-23 09:56:20,700 DEBUG - Creating instance of bean &apos;org.springframework.transaction.annotation.AnnotationTransactionAttributeSource#0&apos;
org.springframework.beans.factory.support.AbstractAutowireCapableBeanFactory 2015-01-23 09:56:20,703 DEBUG - Eagerly caching bean &apos;org.springframework.transaction.annotation.AnnotationTransactionAttributeSource#0&apos; to allow for resolving potential circular references
org.springframework.beans.CachedIntrospectionResults 2015-01-23 09:56:20,703 TRACE - Getting BeanInfo for class [org.springframework.transaction.annotation.AnnotationTransactionAttributeSource]
org.springframework.beans.CachedIntrospectionResults 2015-01-23 09:56:20,705 TRACE - Caching PropertyDescriptors for class [org.springframework.transaction.annotation.AnnotationTransactionAttributeSource]
org.springframework.beans.CachedIntrospectionResults 2015-01-23 09:56:20,705 TRACE - Found bean property &apos;class&apos; of type [java.lang.Class]
org.springframework.aop.framework.autoproxy.BeanFactoryAdvisorRetrievalHelper 2015-01-23 09:56:20,706 DEBUG - Skipping currently created advisor &apos;org.springframework.transaction.config.internalTransactionAdvisor&apos;
org.springframework.beans.factory.support.AbstractAutowireCapableBeanFactory 2015-01-23 09:56:20,707 DEBUG - Finished creating instance of bean &apos;org.springframework.transaction.annotation.AnnotationTransactionAttributeSource#0&apos;
org.springframework.beans.factory.support.AbstractAutowireCapableBeanFactory 2015-01-23 09:56:20,708 DEBUG - Finished creating instance of bean &apos;org.springframework.transaction.config.internalTransactionAdvisor&apos;
org.springframework.beans.factory.support.AbstractAutowireCapableBeanFactory 2015-01-23 09:56:20,711 DEBUG - Finished creating instance of bean &apos;dataSource&apos;
org.springframework.beans.TypeConverterDelegate 2015-01-23 09:56:20,712 TRACE - Converting String to [class java.lang.Class] using property editor [org.springframework.beans.propertyeditors.ClassEditor@7999f3da]
org.springframework.beans.TypeConverterDelegate 2015-01-23 09:56:20,712 TRACE - Converting String to [class java.lang.Class] using property editor [org.springframework.beans.propertyeditors.ClassEditor@7999f3da]
org.springframework.beans.TypeConverterDelegate 2015-01-23 09:56:20,712 TRACE - Converting String to [class java.lang.Class] using property editor [org.springframework.beans.propertyeditors.ClassEditor@7999f3da]
org.springframework.beans.TypeConverterDelegate 2015-01-23 09:56:20,712 TRACE - Converting String to [class java.lang.Class] using property editor [org.springframework.beans.propertyeditors.ClassEditor@7999f3da]
org.springframework.beans.factory.support.AbstractAutowireCapableBeanFactory 2015-01-23 09:56:20,714 DEBUG - Invoking afterPropertiesSet() on bean with name &apos;sessionFactory&apos;
org.hibernate.type.BasicTypeRegistry 2015-01-23 09:56:20,748 DEBUG - Adding type registration boolean -&gt; org.hibernate.type.BooleanType@300ae308
org.hibernate.type.BasicTypeRegistry 2015-01-23 09:56:20,748 DEBUG - Adding type registration boolean -&gt; org.hibernate.type.BooleanType@300ae308
org.hibernate.type.BasicTypeRegistry 2015-01-23 09:56:20,748 DEBUG - Adding type registration java.lang.Boolean -&gt; org.hibernate.type.BooleanType@300ae308
org.hibernate.type.BasicTypeRegistry 2015-01-23 09:56:20,749 DEBUG - Adding type registration numeric_boolean -&gt; org.hibernate.type.NumericBooleanType@ff5dc6a
org.hibernate.type.BasicTypeRegistry 2015-01-23 09:56:20,750 DEBUG - Adding type registration true_false -&gt; org.hibernate.type.TrueFalseType@74c20130
org.hibernate.type.BasicTypeRegistry 2015-01-23 09:56:20,750 DEBUG - Adding type registration yes_no -&gt; org.hibernate.type.YesNoType@4d447e6b
org.hibernate.type.BasicTypeRegistry 2015-01-23 09:56:20,751 DEBUG - Adding type registration byte -&gt; org.hibernate.type.ByteType@46a0920e
org.hibernate.type.BasicTypeRegistry 2015-01-23 09:56:20,752 DEBUG - Adding type registration byte -&gt; org.hibernate.type.ByteType@46a0920e
org.hibernate.type.BasicTypeRegistry 2015-01-23 09:56:20,752 DEBUG - Adding type registration java.lang.Byte -&gt; org.hibernate.type.ByteType@46a0920e
org.hibernate.type.BasicTypeRegistry 2015-01-23 09:56:20,753 DEBUG - Adding type registration character -&gt; org.hibernate.type.CharacterType@3b55b707
org.hibernate.type.BasicTypeRegistry 2015-01-23 09:56:20,753 DEBUG - Adding type registration char -&gt; org.hibernate.type.CharacterType@3b55b707
org.hibernate.type.BasicTypeRegistry 2015-01-23 09:56:20,753 DEBUG - Adding type registration java.lang.Character -&gt; org.hibernate.type.CharacterType@3b55b707
org.hibernate.type.BasicTypeRegistry 2015-01-23 09:56:20,755 DEBUG - Adding type registration short -&gt; org.hibernate.type.ShortType@74056619
org.hibernate.type.BasicTypeRegistry 2015-01-23 09:56:20,755 DEBUG - Adding type registration short -&gt; org.hibernate.type.ShortType@74056619
org.hibernate.type.BasicTypeRegistry 2015-01-23 09:56:20,755 DEBUG - Adding type registration java.lang.Short -&gt; org.hibernate.type.ShortType@74056619
org.hibernate.type.BasicTypeRegistry 2015-01-23 09:56:20,756 DEBUG - Adding type registration integer -&gt; org.hibernate.type.IntegerType@950a505
org.hibernate.type.BasicTypeRegistry 2015-01-23 09:56:20,756 DEBUG - Adding type registration int -&gt; org.hibernate.type.IntegerType@950a505
org.hibernate.type.BasicTypeRegistry 2015-01-23 09:56:20,756 DEBUG - Adding type registration java.lang.Integer -&gt; org.hibernate.type.IntegerType@950a505
org.hibernate.type.BasicTypeRegistry 2015-01-23 09:56:20,758 DEBUG - Adding type registration long -&gt; org.hibernate.type.LongType@46346072
org.hibernate.type.BasicTypeRegistry 2015-01-23 09:56:20,758 DEBUG - Adding type registration long -&gt; org.hibernate.type.LongType@46346072
org.hibernate.type.BasicTypeRegistry 2015-01-23 09:56:20,758 DEBUG - Adding type registration java.lang.Long -&gt; org.hibernate.type.LongType@46346072
org.hibernate.type.BasicTypeRegistry 2015-01-23 09:56:20,760 DEBUG - Adding type registration float -&gt; org.hibernate.type.FloatType@334e9cde
org.hibernate.type.BasicTypeRegistry 2015-01-23 09:56:20,760 DEBUG - Adding type registration float -&gt; org.hibernate.type.FloatType@334e9cde
org.hibernate.type.BasicTypeRegistry 2015-01-23 09:56:20,760 DEBUG - Adding type registration java.lang.Float -&gt; org.hibernate.type.FloatType@334e9cde
org.hibernate.type.BasicTypeRegistry 2015-01-23 09:56:20,761 DEBUG - Adding type registration double -&gt; org.hibernate.type.DoubleType@39955b5e
org.hibernate.type.BasicTypeRegistry 2015-01-23 09:56:20,761 DEBUG - Adding type registration double -&gt; org.hibernate.type.DoubleType@39955b5e
org.hibernate.type.BasicTypeRegistry 2015-01-23 09:56:20,761 DEBUG - Adding type registration java.lang.Double -&gt; org.hibernate.type.DoubleType@39955b5e
org.hibernate.type.BasicTypeRegistry 2015-01-23 09:56:20,762 DEBUG - Adding type registration big_decimal -&gt; org.hibernate.type.BigDecimalType@2ed208f1
org.hibernate.type.BasicTypeRegistry 2015-01-23 09:56:20,763 DEBUG - Adding type registration java.math.BigDecimal -&gt; org.hibernate.type.BigDecimalType@2ed208f1
org.hibernate.type.BasicTypeRegistry 2015-01-23 09:56:20,763 DEBUG - Adding type registration big_integer -&gt; org.hibernate.type.BigIntegerType@3dd00e4f
org.hibernate.type.BasicTypeRegistry 2015-01-23 09:56:20,764 DEBUG - Adding type registration java.math.BigInteger -&gt; org.hibernate.type.BigIntegerType@3dd00e4f
org.hibernate.type.BasicTypeRegistry 2015-01-23 09:56:20,764 DEBUG - Adding type registration string -&gt; org.hibernate.type.StringType@17e9cdb6
org.hibernate.type.BasicTypeRegistry 2015-01-23 09:56:20,765 DEBUG - Adding type registration java.lang.String -&gt; org.hibernate.type.StringType@17e9cdb6
org.hibernate.type.BasicTypeRegistry 2015-01-23 09:56:20,765 DEBUG - Adding type registration url -&gt; org.hibernate.type.UrlType@7318ff8a
org.hibernate.type.BasicTypeRegistry 2015-01-23 09:56:20,766 DEBUG - Adding type registration java.net.URL -&gt; org.hibernate.type.UrlType@7318ff8a
org.hibernate.type.BasicTypeRegistry 2015-01-23 09:56:20,767 DEBUG - Adding type registration date -&gt; org.hibernate.type.DateType@581b236
org.hibernate.type.BasicTypeRegistry 2015-01-23 09:56:20,767 DEBUG - Adding type registration java.sql.Date -&gt; org.hibernate.type.DateType@581b236
org.hibernate.type.BasicTypeRegistry 2015-01-23 09:56:20,769 DEBUG - Adding type registration time -&gt; org.hibernate.type.TimeType@54b219e4
org.hibernate.type.BasicTypeRegistry 2015-01-23 09:56:20,769 DEBUG - Adding type registration java.sql.Time -&gt; org.hibernate.type.TimeType@54b219e4
org.hibernate.type.BasicTypeRegistry 2015-01-23 09:56:20,770 DEBUG - Adding type registration timestamp -&gt; org.hibernate.type.TimestampType@3f88655e
org.hibernate.type.BasicTypeRegistry 2015-01-23 09:56:20,770 DEBUG - Adding type registration java.sql.Timestamp -&gt; org.hibernate.type.TimestampType@3f88655e
org.hibernate.type.BasicTypeRegistry 2015-01-23 09:56:20,771 DEBUG - Adding type registration java.util.Date -&gt; org.hibernate.type.TimestampType@3f88655e
org.hibernate.type.BasicTypeRegistry 2015-01-23 09:56:20,771 DEBUG - Adding type registration dbtimestamp -&gt; org.hibernate.type.DbTimestampType@103fa2aa
org.hibernate.type.BasicTypeRegistry 2015-01-23 09:56:20,772 DEBUG - Adding type registration calendar -&gt; org.hibernate.type.CalendarType@339ec220
org.hibernate.type.BasicTypeRegistry 2015-01-23 09:56:20,773 DEBUG - Adding type registration java.util.Calendar -&gt; org.hibernate.type.CalendarType@339ec220
org.hibernate.type.BasicTypeRegistry 2015-01-23 09:56:20,773 DEBUG - Adding type registration java.util.GregorianCalendar -&gt; org.hibernate.type.CalendarType@339ec220
org.hibernate.type.BasicTypeRegistry 2015-01-23 09:56:20,773 DEBUG - Adding type registration calendar_date -&gt; org.hibernate.type.CalendarDateType@1724c9d
org.hibernate.type.BasicTypeRegistry 2015-01-23 09:56:20,774 DEBUG - Adding type registration locale -&gt; org.hibernate.type.LocaleType@540adf14
org.hibernate.type.BasicTypeRegistry 2015-01-23 09:56:20,774 DEBUG - Adding type registration java.util.Locale -&gt; org.hibernate.type.LocaleType@540adf14
org.hibernate.type.BasicTypeRegistry 2015-01-23 09:56:20,775 DEBUG - Adding type registration currency -&gt; org.hibernate.type.CurrencyType@7f2d301f
org.hibernate.type.BasicTypeRegistry 2015-01-23 09:56:20,775 DEBUG - Adding type registration java.util.Currency -&gt; org.hibernate.type.CurrencyType@7f2d301f
org.hibernate.type.BasicTypeRegistry 2015-01-23 09:56:20,776 DEBUG - Adding type registration timezone -&gt; org.hibernate.type.TimeZoneType@2599930b
org.hibernate.type.BasicTypeRegistry 2015-01-23 09:56:20,776 DEBUG - Adding type registration java.util.TimeZone -&gt; org.hibernate.type.TimeZoneType@2599930b
org.hibernate.type.BasicTypeRegistry 2015-01-23 09:56:20,777 DEBUG - Adding type registration class -&gt; org.hibernate.type.ClassType@20e8d037
org.hibernate.type.BasicTypeRegistry 2015-01-23 09:56:20,777 DEBUG - Adding type registration java.lang.Class -&gt; org.hibernate.type.ClassType@20e8d037
org.hibernate.type.BasicTypeRegistry 2015-01-23 09:56:20,778 DEBUG - Adding type registration uuid-binary -&gt; org.hibernate.type.UUIDBinaryType@44343ad1
org.hibernate.type.BasicTypeRegistry 2015-01-23 09:56:20,779 DEBUG - Adding type registration java.util.UUID -&gt; org.hibernate.type.UUIDBinaryType@44343ad1
org.hibernate.type.BasicTypeRegistry 2015-01-23 09:56:20,779 DEBUG - Adding type registration uuid-char -&gt; org.hibernate.type.UUIDCharType@13fbf741
org.hibernate.type.BasicTypeRegistry 2015-01-23 09:56:20,780 DEBUG - Adding type registration pg-uuid -&gt; org.hibernate.type.PostgresUUIDType@7265fa44
org.hibernate.type.BasicTypeRegistry 2015-01-23 09:56:20,781 DEBUG - Adding type registration binary -&gt; org.hibernate.type.BinaryType@9b82279
org.hibernate.type.BasicTypeRegistry 2015-01-23 09:56:20,781 DEBUG - Adding type registration byte[] -&gt; org.hibernate.type.BinaryType@9b82279
org.hibernate.type.BasicTypeRegistry 2015-01-23 09:56:20,781 DEBUG - Adding type registration [B -&gt; org.hibernate.type.BinaryType@9b82279
org.hibernate.type.BasicTypeRegistry 2015-01-23 09:56:20,782 DEBUG - Adding type registration wrapper-binary -&gt; org.hibernate.type.WrapperBinaryType@67156949
org.hibernate.type.BasicTypeRegistry 2015-01-23 09:56:20,782 DEBUG - Adding type registration Byte[] -&gt; org.hibernate.type.WrapperBinaryType@67156949
org.hibernate.type.BasicTypeRegistry 2015-01-23 09:56:20,782 DEBUG - Adding type registration [Ljava.lang.Byte; -&gt; org.hibernate.type.WrapperBinaryType@67156949
org.hibernate.type.BasicTypeRegistry 2015-01-23 09:56:20,783 DEBUG - Adding type registration image -&gt; org.hibernate.type.ImageType@18084038
org.hibernate.type.BasicTypeRegistry 2015-01-23 09:56:20,784 DEBUG - Adding type registration characters -&gt; org.hibernate.type.CharArrayType@59eb5159
org.hibernate.type.BasicTypeRegistry 2015-01-23 09:56:20,784 DEBUG - Adding type registration char[] -&gt; org.hibernate.type.CharArrayType@59eb5159
org.hibernate.type.BasicTypeRegistry 2015-01-23 09:56:20,784 DEBUG - Adding type registration [C -&gt; org.hibernate.type.CharArrayType@59eb5159
org.hibernate.type.BasicTypeRegistry 2015-01-23 09:56:20,785 DEBUG - Adding type registration wrapper-characters -&gt; org.hibernate.type.CharacterArrayType@515487d5
org.hibernate.type.BasicTypeRegistry 2015-01-23 09:56:20,786 DEBUG - Adding type registration [Ljava.lang.Character; -&gt; org.hibernate.type.CharacterArrayType@515487d5
org.hibernate.type.BasicTypeRegistry 2015-01-23 09:56:20,786 DEBUG - Adding type registration Character[] -&gt; org.hibernate.type.CharacterArrayType@515487d5
org.hibernate.type.BasicTypeRegistry 2015-01-23 09:56:20,786 DEBUG - Adding type registration text -&gt; org.hibernate.type.TextType@1c04fc63
org.hibernate.type.BasicTypeRegistry 2015-01-23 09:56:20,791 DEBUG - Adding type registration blob -&gt; org.hibernate.type.BlobType@674f8035
org.hibernate.type.BasicTypeRegistry 2015-01-23 09:56:20,791 DEBUG - Adding type registration java.sql.Blob -&gt; org.hibernate.type.BlobType@674f8035
org.hibernate.type.BasicTypeRegistry 2015-01-23 09:56:20,792 DEBUG - Adding type registration materialized_blob -&gt; org.hibernate.type.MaterializedBlobType@fee5806
org.hibernate.type.BasicTypeRegistry 2015-01-23 09:56:20,792 DEBUG - Adding type registration wrapper_materialized_blob -&gt; org.hibernate.type.WrappedMaterializedBlobType@a0e8b13
org.hibernate.type.BasicTypeRegistry 2015-01-23 09:56:20,795 DEBUG - Adding type registration clob -&gt; org.hibernate.type.ClobType@5fd8c238
org.hibernate.type.BasicTypeRegistry 2015-01-23 09:56:20,795 DEBUG - Adding type registration java.sql.Clob -&gt; org.hibernate.type.ClobType@5fd8c238
org.hibernate.type.BasicTypeRegistry 2015-01-23 09:56:20,796 DEBUG - Adding type registration materialized_clob -&gt; org.hibernate.type.MaterializedClobType@50dcf55
org.hibernate.type.BasicTypeRegistry 2015-01-23 09:56:20,796 DEBUG - Adding type registration wrapper_characters_clob -&gt; org.hibernate.type.CharacterArrayClobType@87505bd
org.hibernate.type.BasicTypeRegistry 2015-01-23 09:56:20,797 DEBUG - Adding type registration characters_clob -&gt; org.hibernate.type.PrimitiveCharacterArrayClobType@271e1866
org.hibernate.type.BasicTypeRegistry 2015-01-23 09:56:20,798 DEBUG - Adding type registration serializable -&gt; org.hibernate.type.SerializableType@5d1c5b77
org.hibernate.type.BasicTypeRegistry 2015-01-23 09:56:20,800 DEBUG - Adding type registration object -&gt; org.hibernate.type.ObjectType@29a19259
org.hibernate.type.BasicTypeRegistry 2015-01-23 09:56:20,800 DEBUG - Adding type registration java.lang.Object -&gt; org.hibernate.type.ObjectType@29a19259
org.hibernate.type.BasicTypeRegistry 2015-01-23 09:56:20,801 DEBUG - Adding type registration imm_date -&gt; org.hibernate.type.AdaptedImmutableType@7bea4ab9
org.hibernate.type.BasicTypeRegistry 2015-01-23 09:56:20,801 DEBUG - Adding type registration imm_time -&gt; org.hibernate.type.AdaptedImmutableType@52cff73d
org.hibernate.type.BasicTypeRegistry 2015-01-23 09:56:20,801 DEBUG - Adding type registration imm_timestamp -&gt; org.hibernate.type.AdaptedImmutableType@5370f044
org.hibernate.type.BasicTypeRegistry 2015-01-23 09:56:20,801 DEBUG - Adding type registration imm_dbtimestamp -&gt; org.hibernate.type.AdaptedImmutableType@1bae2b28
org.hibernate.type.BasicTypeRegistry 2015-01-23 09:56:20,801 DEBUG - Adding type registration imm_calendar -&gt; org.hibernate.type.AdaptedImmutableType@47935d4a
org.hibernate.type.BasicTypeRegistry 2015-01-23 09:56:20,802 DEBUG - Adding type registration imm_calendar_date -&gt; org.hibernate.type.AdaptedImmutableType@1bd1c9fc
org.hibernate.type.BasicTypeRegistry 2015-01-23 09:56:20,802 DEBUG - Adding type registration imm_binary -&gt; org.hibernate.type.AdaptedImmutableType@6a23cda8
org.hibernate.type.BasicTypeRegistry 2015-01-23 09:56:20,802 DEBUG - Adding type registration imm_serializable -&gt; org.hibernate.type.AdaptedImmutableType@54930708
org.hibernate.annotations.common.Version 2015-01-23 09:56:20,816 INFO  - Hibernate Commons Annotations 3.2.0.Final
org.hibernate.cfg.Environment 2015-01-23 09:56:20,819 INFO  - Hibernate 3.6.4.Final
org.hibernate.cfg.Environment 2015-01-23 09:56:20,820 INFO  - hibernate.properties not found
org.hibernate.cfg.Environment 2015-01-23 09:56:20,822 INFO  - Bytecode provider name : javassist
org.hibernate.cfg.Environment 2015-01-23 09:56:20,824 INFO  - using JDK 1.4 java.sql.Timestamp handling
org.hibernate.id.factory.DefaultIdentifierGeneratorFactory 2015-01-23 09:56:20,855 DEBUG - Registering IdentifierGenerator strategy [uuid2] -&gt; [class org.hibernate.id.UUIDGenerator]
org.hibernate.id.factory.DefaultIdentifierGeneratorFactory 2015-01-23 09:56:20,857 DEBUG - Registering IdentifierGenerator strategy [guid] -&gt; [class org.hibernate.id.GUIDGenerator]
org.hibernate.id.factory.DefaultIdentifierGeneratorFactory 2015-01-23 09:56:20,858 DEBUG - Registering IdentifierGenerator strategy [uuid] -&gt; [class org.hibernate.id.UUIDHexGenerator]
org.hibernate.id.factory.DefaultIdentifierGeneratorFactory 2015-01-23 09:56:20,858 DEBUG - Registering IdentifierGenerator strategy [uuid.hex] -&gt; [class org.hibernate.id.UUIDHexGenerator]
org.hibernate.id.factory.DefaultIdentifierGeneratorFactory 2015-01-23 09:56:20,859 DEBUG - Registering IdentifierGenerator strategy [hilo] -&gt; [class org.hibernate.id.TableHiLoGenerator]
org.hibernate.id.factory.DefaultIdentifierGeneratorFactory 2015-01-23 09:56:20,859 DEBUG - Registering IdentifierGenerator strategy [assigned] -&gt; [class org.hibernate.id.Assigned]
org.hibernate.id.factory.DefaultIdentifierGeneratorFactory 2015-01-23 09:56:20,860 DEBUG - Registering IdentifierGenerator strategy [identity] -&gt; [class org.hibernate.id.IdentityGenerator]
org.hibernate.id.factory.DefaultIdentifierGeneratorFactory 2015-01-23 09:56:20,861 DEBUG - Registering IdentifierGenerator strategy [select] -&gt; [class org.hibernate.id.SelectGenerator]
org.hibernate.id.factory.DefaultIdentifierGeneratorFactory 2015-01-23 09:56:20,861 DEBUG - Registering IdentifierGenerator strategy [sequence] -&gt; [class org.hibernate.id.SequenceGenerator]
org.hibernate.id.factory.DefaultIdentifierGeneratorFactory 2015-01-23 09:56:20,862 DEBUG - Registering IdentifierGenerator strategy [seqhilo] -&gt; [class org.hibernate.id.SequenceHiLoGenerator]
org.hibernate.id.factory.DefaultIdentifierGeneratorFactory 2015-01-23 09:56:20,862 DEBUG - Registering IdentifierGenerator strategy [increment] -&gt; [class org.hibernate.id.IncrementGenerator]
org.hibernate.id.factory.DefaultIdentifierGeneratorFactory 2015-01-23 09:56:20,863 DEBUG - Registering IdentifierGenerator strategy [foreign] -&gt; [class org.hibernate.id.ForeignGenerator]
org.hibernate.id.factory.DefaultIdentifierGeneratorFactory 2015-01-23 09:56:20,863 DEBUG - Registering IdentifierGenerator strategy [sequence-identity] -&gt; [class org.hibernate.id.SequenceIdentityGenerator]
org.hibernate.id.factory.DefaultIdentifierGeneratorFactory 2015-01-23 09:56:20,863 DEBUG - Registering IdentifierGenerator strategy [enhanced-sequence] -&gt; [class org.hibernate.id.enhanced.SequenceStyleGenerator]
org.hibernate.id.factory.DefaultIdentifierGeneratorFactory 2015-01-23 09:56:20,864 DEBUG - Registering IdentifierGenerator strategy [enhanced-table] -&gt; [class org.hibernate.id.enhanced.TableGenerator]
org.hibernate.cfg.Configuration 2015-01-23 09:56:20,871 TRACE - Starting secondPassCompile() processing
org.hibernate.cfg.Configuration$MetadataSourceQueue 2015-01-23 09:56:20,901 DEBUG - Processing hbm.xml files
org.hibernate.cfg.Configuration$MetadataSourceQueue 2015-01-23 09:56:20,901 DEBUG - Process annotated classes
org.hibernate.cfg.AnnotationBinder 2015-01-23 09:56:20,904 INFO  - Binding entity from annotated class: nla.local.pojos.Person
org.hibernate.cfg.AnnotationBinder 2015-01-23 09:56:20,918 DEBUG - no value specified for &apos;javax.persistence.sharedCache.mode&apos;; using UNSPECIFIED
org.hibernate.cfg.annotations.EntityBinder 2015-01-23 09:56:20,922 DEBUG - Import with entity name Person
org.hibernate.cfg.annotations.EntityBinder 2015-01-23 09:56:20,924 INFO  - Bind entity nla.local.pojos.Person on table H_SUBJECT
org.hibernate.cfg.AnnotationBinder 2015-01-23 09:56:20,943 TRACE - Processing annotations of nla.local.pojos.Person.subjectId
org.hibernate.cfg.Ejb3Column 2015-01-23 09:56:20,947 DEBUG - Binding column: Ejb3Column{table=org.hibernate.mapping.Table(H_SUBJECT), mappingColumn=SUBJECT_ID, insertable=true, updatable=true, unique=true}
org.hibernate.cfg.annotations.PropertyBinder 2015-01-23 09:56:20,951 DEBUG - binding property subjectId with lazy=false
org.hibernate.cfg.annotations.SimpleValueBinder 2015-01-23 09:56:20,952 DEBUG - building SimpleValue for subjectId
org.hibernate.cfg.annotations.PropertyBinder 2015-01-23 09:56:20,954 DEBUG - Building property subjectId
org.hibernate.cfg.annotations.PropertyBinder 2015-01-23 09:56:20,956 TRACE - Cascading subjectId with null
org.hibernate.cfg.AnnotationBinder 2015-01-23 09:56:20,956 TRACE - Add sequence generator with name: person_seq
org.hibernate.cfg.AnnotationBinder 2015-01-23 09:56:20,957 TRACE - Bind @Id on subjectId
org.hibernate.cfg.AnnotationBinder 2015-01-23 09:56:20,957 TRACE - Processing annotations of nla.local.pojos.Person.isOwner
org.hibernate.cfg.Ejb3Column 2015-01-23 09:56:20,957 DEBUG - Binding column: Ejb3Column{table=org.hibernate.mapping.Table(H_SUBJECT), mappingColumn=IS_OWNER, insertable=true, updatable=true, unique=false}
org.hibernate.cfg.annotations.PropertyBinder 2015-01-23 09:56:20,958 DEBUG - binding property isOwner with lazy=false
org.hibernate.cfg.annotations.SimpleValueBinder 2015-01-23 09:56:20,958 DEBUG - building SimpleValue for isOwner
org.hibernate.cfg.annotations.PropertyBinder 2015-01-23 09:56:20,958 DEBUG - Building property isOwner
org.hibernate.cfg.annotations.PropertyBinder 2015-01-23 09:56:20,958 TRACE - Cascading isOwner with null
org.hibernate.cfg.AnnotationBinder 2015-01-23 09:56:20,958 TRACE - Processing annotations of nla.local.pojos.Person.reestrdataID
org.hibernate.cfg.Ejb3Column 2015-01-23 09:56:20,959 DEBUG - Binding column: Ejb3Column{table=org.hibernate.mapping.Table(H_SUBJECT), mappingColumn=REESTRDATAID, insertable=true, updatable=true, unique=false}
org.hibernate.cfg.annotations.PropertyBinder 2015-01-23 09:56:20,959 DEBUG - binding property reestrdataID with lazy=false
org.hibernate.cfg.annotations.SimpleValueBinder 2015-01-23 09:56:20,959 DEBUG - building SimpleValue for reestrdataID
org.hibernate.cfg.annotations.PropertyBinder 2015-01-23 09:56:20,959 DEBUG - Building property reestrdataID
org.hibernate.cfg.annotations.PropertyBinder 2015-01-23 09:56:20,959 TRACE - Cascading reestrdataID with null
org.hibernate.cfg.AnnotationBinder 2015-01-23 09:56:20,960 TRACE - Processing annotations of nla.local.pojos.Person.subjectType
org.hibernate.cfg.Ejb3Column 2015-01-23 09:56:20,960 DEBUG - Binding column: Ejb3Column{table=org.hibernate.mapping.Table(H_SUBJECT), mappingColumn=SUBJECT_TYPE, insertable=true, updatable=true, unique=false}
org.hibernate.cfg.annotations.PropertyBinder 2015-01-23 09:56:20,960 DEBUG - binding property subjectType with lazy=false
org.hibernate.cfg.annotations.SimpleValueBinder 2015-01-23 09:56:20,960 DEBUG - building SimpleValue for subjectType
org.hibernate.cfg.annotations.PropertyBinder 2015-01-23 09:56:20,960 DEBUG - Building property subjectType
org.hibernate.cfg.annotations.PropertyBinder 2015-01-23 09:56:20,961 TRACE - Cascading subjectType with null
org.hibernate.cfg.AnnotationBinder 2015-01-23 09:56:20,962 INFO  - Binding entity from annotated class: nla.local.pojos.PPerson
org.hibernate.cfg.Ejb3Column 2015-01-23 09:56:20,963 DEBUG - Binding column: Ejb3JoinColumn{logicalColumnName=&apos;SUBJECT_ID&apos;, referencedColumn=&apos;null&apos;, mappedBy=&apos;null&apos;}
org.hibernate.cfg.AnnotationBinder 2015-01-23 09:56:20,963 TRACE - Subclass joined column(s) created
org.hibernate.cfg.AnnotationBinder 2015-01-23 09:56:20,964 DEBUG - no value specified for &apos;javax.persistence.sharedCache.mode&apos;; using UNSPECIFIED
org.hibernate.cfg.annotations.EntityBinder 2015-01-23 09:56:20,964 DEBUG - Import with entity name PPerson
org.hibernate.cfg.annotations.EntityBinder 2015-01-23 09:56:20,964 INFO  - Bind entity nla.local.pojos.PPerson on table H_SUBJECTSDATA
org.hibernate.cfg.AnnotationBinder 2015-01-23 09:56:20,974 TRACE - Processing annotations of nla.local.pojos.PPerson.address
org.hibernate.cfg.Ejb3Column 2015-01-23 09:56:20,974 DEBUG - Binding column: Ejb3JoinColumn{logicalColumnName=&apos;ADDRESS_ID&apos;, referencedColumn=&apos;&apos;, mappedBy=&apos;&apos;}
org.hibernate.cfg.Ejb3Column 2015-01-23 09:56:20,975 DEBUG - Binding column: Ejb3Column{table=org.hibernate.mapping.Table(H_SUBJECTSDATA), mappingColumn=address, insertable=true, updatable=true, unique=false}
org.hibernate.cfg.annotations.PropertyBinder 2015-01-23 09:56:20,977 DEBUG - Building property address
org.hibernate.cfg.annotations.PropertyBinder 2015-01-23 09:56:20,977 TRACE - Cascading address with none
org.hibernate.cfg.AnnotationBinder 2015-01-23 09:56:20,977 TRACE - Processing annotations of nla.local.pojos.PPerson.bothRegDate
org.hibernate.cfg.Ejb3Column 2015-01-23 09:56:20,978 DEBUG - Binding column: Ejb3Column{table=org.hibernate.mapping.Table(H_SUBJECTSDATA), mappingColumn=BOTH_REG_DATE, insertable=true, updatable=true, unique=false}
org.hibernate.cfg.annotations.PropertyBinder 2015-01-23 09:56:20,978 DEBUG - binding property bothRegDate with lazy=false
org.hibernate.cfg.annotations.SimpleValueBinder 2015-01-23 09:56:20,978 DEBUG - building SimpleValue for bothRegDate
org.hibernate.cfg.annotations.PropertyBinder 2015-01-23 09:56:20,978 DEBUG - Building property bothRegDate
org.hibernate.cfg.annotations.PropertyBinder 2015-01-23 09:56:20,978 TRACE - Cascading bothRegDate with null
org.hibernate.cfg.AnnotationBinder 2015-01-23 09:56:20,979 TRACE - Processing annotations of nla.local.pojos.PPerson.datestart
org.hibernate.cfg.Ejb3Column 2015-01-23 09:56:20,979 DEBUG - Binding column: Ejb3Column{table=org.hibernate.mapping.Table(H_SUBJECTSDATA), mappingColumn=DATESTART, insertable=true, updatable=true, unique=false}
org.hibernate.cfg.annotations.PropertyBinder 2015-01-23 09:56:20,979 DEBUG - binding property datestart with lazy=false
org.hibernate.cfg.annotations.SimpleValueBinder 2015-01-23 09:56:20,979 DEBUG - building SimpleValue for datestart
org.hibernate.cfg.annotations.PropertyBinder 2015-01-23 09:56:20,979 DEBUG - Building property datestart
org.hibernate.cfg.annotations.PropertyBinder 2015-01-23 09:56:20,979 TRACE - Cascading datestart with null
org.hibernate.cfg.AnnotationBinder 2015-01-23 09:56:20,980 TRACE - Processing annotations of nla.local.pojos.PPerson.fathername
org.hibernate.cfg.Ejb3Column 2015-01-23 09:56:20,980 DEBUG - Binding column: Ejb3Column{table=org.hibernate.mapping.Table(H_SUBJECTSDATA), mappingColumn=FATHERNAME, insertable=true, updatable=true, unique=false}
org.hibernate.cfg.annotations.PropertyBinder 2015-01-23 09:56:20,980 DEBUG - binding property fathername with lazy=false
org.hibernate.cfg.annotations.SimpleValueBinder 2015-01-23 09:56:20,980 DEBUG - building SimpleValue for fathername
org.hibernate.cfg.annotations.PropertyBinder 2015-01-23 09:56:20,980 DEBUG - Building property fathername
org.hibernate.cfg.annotations.PropertyBinder 2015-01-23 09:56:20,981 TRACE - Cascading fathername with null
org.hibernate.cfg.AnnotationBinder 2015-01-23 09:56:20,981 TRACE - Processing annotations of nla.local.pojos.PPerson.firstname
org.hibernate.cfg.Ejb3Column 2015-01-23 09:56:20,981 DEBUG - Binding column: Ejb3Column{table=org.hibernate.mapping.Table(H_SUBJECTSDATA), mappingColumn=FIRSTNAME, insertable=true, updatable=true, unique=false}
org.hibernate.cfg.annotations.PropertyBinder 2015-01-23 09:56:20,981 DEBUG - binding property firstname with lazy=false
org.hibernate.cfg.annotations.SimpleValueBinder 2015-01-23 09:56:20,981 DEBUG - building SimpleValue for firstname
org.hibernate.cfg.annotations.PropertyBinder 2015-01-23 09:56:20,981 DEBUG - Building property firstname
org.hibernate.cfg.annotations.PropertyBinder 2015-01-23 09:56:20,982 TRACE - Cascading firstname with null
org.hibernate.cfg.AnnotationBinder 2015-01-23 09:56:20,982 TRACE - Processing annotations of nla.local.pojos.PPerson.personalNumber
org.hibernate.cfg.Ejb3Column 2015-01-23 09:56:20,982 DEBUG - Binding column: Ejb3Column{table=org.hibernate.mapping.Table(H_SUBJECTSDATA), mappingColumn=PERSONAL_NUMBER, insertable=true, updatable=true, unique=false}
org.hibernate.cfg.annotations.PropertyBinder 2015-01-23 09:56:20,982 DEBUG - binding property personalNumber with lazy=false
org.hibernate.cfg.annotations.SimpleValueBinder 2015-01-23 09:56:20,982 DEBUG - building SimpleValue for personalNumber
org.hibernate.cfg.annotations.PropertyBinder 2015-01-23 09:56:20,983 DEBUG - Building property personalNumber
org.hibernate.cfg.annotations.PropertyBinder 2015-01-23 09:56:20,983 TRACE - Cascading personalNumber with null
org.hibernate.cfg.AnnotationBinder 2015-01-23 09:56:20,983 TRACE - Processing annotations of nla.local.pojos.PPerson.surname
org.hibernate.cfg.Ejb3Column 2015-01-23 09:56:20,983 DEBUG - Binding column: Ejb3Column{table=org.hibernate.mapping.Table(H_SUBJECTSDATA), mappingColumn=SURNAME, insertable=true, updatable=true, unique=false}
org.hibernate.cfg.annotations.PropertyBinder 2015-01-23 09:56:20,983 DEBUG - binding property surname with lazy=false
org.hibernate.cfg.annotations.SimpleValueBinder 2015-01-23 09:56:20,983 DEBUG - building SimpleValue for surname
org.hibernate.cfg.annotations.PropertyBinder 2015-01-23 09:56:20,984 DEBUG - Building property surname
org.hibernate.cfg.annotations.PropertyBinder 2015-01-23 09:56:20,984 TRACE - Cascading surname with null
org.hibernate.cfg.AnnotationBinder 2015-01-23 09:56:20,984 INFO  - Binding entity from annotated class: nla.local.pojos.JPerson
org.hibernate.cfg.annotations.QueryBinder 2015-01-23 09:56:20,986 INFO  - Binding named native query: callStockStoreProcedure =&gt; CALL SUBJECT_LT()
org.hibernate.cfg.Ejb3Column 2015-01-23 09:56:20,986 DEBUG - Binding column: Ejb3JoinColumn{logicalColumnName=&apos;SUBJECT_ID&apos;, referencedColumn=&apos;null&apos;, mappedBy=&apos;null&apos;}
org.hibernate.cfg.AnnotationBinder 2015-01-23 09:56:20,986 TRACE - Subclass joined column(s) created
org.hibernate.cfg.AnnotationBinder 2015-01-23 09:56:20,986 DEBUG - no value specified for &apos;javax.persistence.sharedCache.mode&apos;; using UNSPECIFIED
org.hibernate.cfg.annotations.EntityBinder 2015-01-23 09:56:20,987 DEBUG - Import with entity name JPerson
org.hibernate.cfg.annotations.EntityBinder 2015-01-23 09:56:20,987 INFO  - Bind entity nla.local.pojos.JPerson on table H_SUBJECTSDATA
org.hibernate.cfg.AnnotationBinder 2015-01-23 09:56:20,988 TRACE - Processing annotations of nla.local.pojos.JPerson.actual
org.hibernate.cfg.Ejb3Column 2015-01-23 09:56:20,989 DEBUG - Binding column: Ejb3Column{table=org.hibernate.mapping.Table(H_SUBJECTSDATA), mappingColumn=ACTUAL, insertable=true, updatable=true, unique=false}
org.hibernate.cfg.annotations.PropertyBinder 2015-01-23 09:56:20,989 DEBUG - binding property actual with lazy=false
org.hibernate.cfg.annotations.SimpleValueBinder 2015-01-23 09:56:20,989 DEBUG - building SimpleValue for actual
org.hibernate.cfg.annotations.PropertyBinder 2015-01-23 09:56:20,989 DEBUG - Building property actual
org.hibernate.cfg.annotations.PropertyBinder 2015-01-23 09:56:20,989 TRACE - Cascading actual with null
org.hibernate.cfg.AnnotationBinder 2015-01-23 09:56:20,990 TRACE - Processing annotations of nla.local.pojos.JPerson.address
org.hibernate.cfg.Ejb3Column 2015-01-23 09:56:20,990 DEBUG - Binding column: Ejb3JoinColumn{logicalColumnName=&apos;ADDRESS_ID&apos;, referencedColumn=&apos;&apos;, mappedBy=&apos;&apos;}
org.hibernate.cfg.Ejb3Column 2015-01-23 09:56:20,990 DEBUG - Binding column: Ejb3Column{table=org.hibernate.mapping.Table(H_SUBJECTSDATA), mappingColumn=address, insertable=true, updatable=true, unique=false}
org.hibernate.cfg.annotations.PropertyBinder 2015-01-23 09:56:20,990 DEBUG - Building property address
org.hibernate.cfg.annotations.PropertyBinder 2015-01-23 09:56:20,990 TRACE - Cascading address with none
org.hibernate.cfg.AnnotationBinder 2015-01-23 09:56:20,990 TRACE - Processing annotations of nla.local.pojos.JPerson.bothRegDate
org.hibernate.cfg.Ejb3Column 2015-01-23 09:56:20,991 DEBUG - Binding column: Ejb3Column{table=org.hibernate.mapping.Table(H_SUBJECTSDATA), mappingColumn=BOTH_REG_DATE, insertable=true, updatable=true, unique=false}
org.hibernate.cfg.annotations.PropertyBinder 2015-01-23 09:56:20,991 DEBUG - binding property bothRegDate with lazy=false
org.hibernate.cfg.annotations.SimpleValueBinder 2015-01-23 09:56:20,991 DEBUG - building SimpleValue for bothRegDate
org.hibernate.cfg.annotations.PropertyBinder 2015-01-23 09:56:20,991 DEBUG - Building property bothRegDate
org.hibernate.cfg.annotations.PropertyBinder 2015-01-23 09:56:20,991 TRACE - Cascading bothRegDate with null
org.hibernate.cfg.AnnotationBinder 2015-01-23 09:56:20,992 TRACE - Processing annotations of nla.local.pojos.JPerson.fullname
org.hibernate.cfg.Ejb3Column 2015-01-23 09:56:20,992 DEBUG - Binding column: Ejb3Column{table=org.hibernate.mapping.Table(H_SUBJECTSDATA), mappingColumn=FULLNAME, insertable=true, updatable=true, unique=false}
org.hibernate.cfg.annotations.PropertyBinder 2015-01-23 09:56:20,992 DEBUG - binding property fullname with lazy=false
org.hibernate.cfg.annotations.SimpleValueBinder 2015-01-23 09:56:20,992 DEBUG - building SimpleValue for fullname
org.hibernate.cfg.annotations.PropertyBinder 2015-01-23 09:56:20,992 DEBUG - Building property fullname
org.hibernate.cfg.annotations.PropertyBinder 2015-01-23 09:56:20,993 TRACE - Cascading fullname with null
org.hibernate.cfg.AnnotationBinder 2015-01-23 09:56:20,993 TRACE - Processing annotations of nla.local.pojos.JPerson.orgRightForm
org.hibernate.cfg.Ejb3Column 2015-01-23 09:56:20,993 DEBUG - Binding column: Ejb3Column{table=org.hibernate.mapping.Table(H_SUBJECTSDATA), mappingColumn=ORG_RIGHT_FORM, insertable=true, updatable=true, unique=false}
org.hibernate.cfg.annotations.PropertyBinder 2015-01-23 09:56:20,993 DEBUG - binding property orgRightForm with lazy=false
org.hibernate.cfg.annotations.SimpleValueBinder 2015-01-23 09:56:20,993 DEBUG - building SimpleValue for orgRightForm
org.hibernate.cfg.annotations.PropertyBinder 2015-01-23 09:56:20,994 DEBUG - Building property orgRightForm
org.hibernate.cfg.annotations.PropertyBinder 2015-01-23 09:56:20,994 TRACE - Cascading orgRightForm with null
org.hibernate.cfg.AnnotationBinder 2015-01-23 09:56:20,994 TRACE - Processing annotations of nla.local.pojos.JPerson.regNumber
org.hibernate.cfg.Ejb3Column 2015-01-23 09:56:20,994 DEBUG - Binding column: Ejb3Column{table=org.hibernate.mapping.Table(H_SUBJECTSDATA), mappingColumn=REG_NUMBER, insertable=true, updatable=true, unique=false}
org.hibernate.cfg.annotations.PropertyBinder 2015-01-23 09:56:20,994 DEBUG - binding property regNumber with lazy=false
org.hibernate.cfg.annotations.SimpleValueBinder 2015-01-23 09:56:20,994 DEBUG - building SimpleValue for regNumber
org.hibernate.cfg.annotations.PropertyBinder 2015-01-23 09:56:20,995 DEBUG - Building property regNumber
org.hibernate.cfg.annotations.PropertyBinder 2015-01-23 09:56:20,995 TRACE - Cascading regNumber with null
org.hibernate.cfg.AnnotationBinder 2015-01-23 09:56:20,995 TRACE - Processing annotations of nla.local.pojos.JPerson.remark
org.hibernate.cfg.Ejb3Column 2015-01-23 09:56:20,995 DEBUG - Binding column: Ejb3Column{table=org.hibernate.mapping.Table(H_SUBJECTSDATA), mappingColumn=REMARK, insertable=true, updatable=true, unique=false}
org.hibernate.cfg.annotations.PropertyBinder 2015-01-23 09:56:20,995 DEBUG - binding property remark with lazy=false
org.hibernate.cfg.annotations.SimpleValueBinder 2015-01-23 09:56:20,995 DEBUG - building SimpleValue for remark
org.hibernate.cfg.annotations.PropertyBinder 2015-01-23 09:56:20,995 DEBUG - Building property remark
org.hibernate.cfg.annotations.PropertyBinder 2015-01-23 09:56:20,996 TRACE - Cascading remark with null
org.hibernate.cfg.AnnotationBinder 2015-01-23 09:56:20,996 TRACE - Processing annotations of nla.local.pojos.JPerson.shortname
org.hibernate.cfg.Ejb3Column 2015-01-23 09:56:20,996 DEBUG - Binding column: Ejb3Column{table=org.hibernate.mapping.Table(H_SUBJECTSDATA), mappingColumn=SHORTNAME, insertable=true, updatable=true, unique=false}
org.hibernate.cfg.annotations.PropertyBinder 2015-01-23 09:56:20,996 DEBUG - binding property shortname with lazy=false
org.hibernate.cfg.annotations.SimpleValueBinder 2015-01-23 09:56:20,996 DEBUG - building SimpleValue for shortname
org.hibernate.cfg.annotations.PropertyBinder 2015-01-23 09:56:20,996 DEBUG - Building property shortname
org.hibernate.cfg.annotations.PropertyBinder 2015-01-23 09:56:20,997 TRACE - Cascading shortname with null
org.hibernate.cfg.AnnotationBinder 2015-01-23 09:56:20,997 TRACE - Processing annotations of nla.local.pojos.JPerson.unp
org.hibernate.cfg.Ejb3Column 2015-01-23 09:56:20,997 DEBUG - Binding column: Ejb3Column{table=org.hibernate.mapping.Table(H_SUBJECTSDATA), mappingColumn=UNP, insertable=true, updatable=true, unique=false}
org.hibernate.cfg.annotations.PropertyBinder 2015-01-23 09:56:20,997 DEBUG - binding property unp with lazy=false
org.hibernate.cfg.annotations.SimpleValueBinder 2015-01-23 09:56:20,997 DEBUG - building SimpleValue for unp
org.hibernate.cfg.annotations.PropertyBinder 2015-01-23 09:56:20,998 DEBUG - Building property unp
org.hibernate.cfg.annotations.PropertyBinder 2015-01-23 09:56:20,998 TRACE - Cascading unp with null
org.hibernate.cfg.AnnotationBinder 2015-01-23 09:56:20,998 INFO  - Binding entity from annotated class: nla.local.pojos.Address
org.hibernate.cfg.Ejb3Column 2015-01-23 09:56:20,999 DEBUG - Binding column: Ejb3DiscriminatorColumn{logicalColumnName&apos;DTYPE&apos;, discriminatorTypeName=&apos;string&apos;}
org.hibernate.cfg.AnnotationBinder 2015-01-23 09:56:21,000 DEBUG - no value specified for &apos;javax.persistence.sharedCache.mode&apos;; using UNSPECIFIED
org.hibernate.cfg.annotations.EntityBinder 2015-01-23 09:56:21,000 DEBUG - Import with entity name Address
org.hibernate.cfg.annotations.EntityBinder 2015-01-23 09:56:21,000 INFO  - Bind entity nla.local.pojos.Address on table V_ADDRESSES
org.hibernate.cfg.AnnotationBinder 2015-01-23 09:56:21,002 TRACE - Processing annotations of nla.local.pojos.Address.address_id
org.hibernate.cfg.Ejb3Column 2015-01-23 09:56:21,002 DEBUG - Binding column: Ejb3Column{table=org.hibernate.mapping.Table(V_ADDRESSES), mappingColumn=ADR_NUM, insertable=true, updatable=true, unique=false}
org.hibernate.cfg.annotations.PropertyBinder 2015-01-23 09:56:21,002 DEBUG - binding property address_id with lazy=false
org.hibernate.cfg.annotations.SimpleValueBinder 2015-01-23 09:56:21,002 DEBUG - building SimpleValue for address_id
org.hibernate.cfg.annotations.PropertyBinder 2015-01-23 09:56:21,002 DEBUG - Building property address_id
org.hibernate.cfg.annotations.PropertyBinder 2015-01-23 09:56:21,003 TRACE - Cascading address_id with null
org.hibernate.cfg.AnnotationBinder 2015-01-23 09:56:21,003 TRACE - Bind @Id on address_id
org.hibernate.cfg.AnnotationBinder 2015-01-23 09:56:21,003 TRACE - Processing annotations of nla.local.pojos.Address.elementtypename
org.hibernate.cfg.Ejb3Column 2015-01-23 09:56:21,003 DEBUG - Binding column: Ejb3Column{table=org.hibernate.mapping.Table(V_ADDRESSES), mappingColumn=ELEMENTTYPENAME, insertable=true, updatable=true, unique=false}
org.hibernate.cfg.annotations.PropertyBinder 2015-01-23 09:56:21,004 DEBUG - binding property elementtypename with lazy=false
org.hibernate.cfg.annotations.SimpleValueBinder 2015-01-23 09:56:21,004 DEBUG - building SimpleValue for elementtypename
org.hibernate.cfg.annotations.PropertyBinder 2015-01-23 09:56:21,004 DEBUG - Building property elementtypename
org.hibernate.cfg.annotations.PropertyBinder 2015-01-23 09:56:21,004 TRACE - Cascading elementtypename with null
org.hibernate.cfg.AnnotationBinder 2015-01-23 09:56:21,004 TRACE - Processing annotations of nla.local.pojos.Address.immovabletypename
org.hibernate.cfg.Ejb3Column 2015-01-23 09:56:21,005 DEBUG - Binding column: Ejb3Column{table=org.hibernate.mapping.Table(V_ADDRESSES), mappingColumn=IMMOVABLETYPENAME, insertable=true, updatable=true, unique=false}
org.hibernate.cfg.annotations.PropertyBinder 2015-01-23 09:56:21,005 DEBUG - binding property immovabletypename with lazy=false
org.hibernate.cfg.annotations.SimpleValueBinder 2015-01-23 09:56:21,005 DEBUG - building SimpleValue for immovabletypename
org.hibernate.cfg.annotations.PropertyBinder 2015-01-23 09:56:21,005 DEBUG - Building property immovabletypename
org.hibernate.cfg.annotations.PropertyBinder 2015-01-23 09:56:21,005 TRACE - Cascading immovabletypename with null
org.hibernate.cfg.AnnotationBinder 2015-01-23 09:56:21,005 TRACE - Processing annotations of nla.local.pojos.Address.indHouse
org.hibernate.cfg.Ejb3Column 2015-01-23 09:56:21,006 DEBUG - Binding column: Ejb3Column{table=org.hibernate.mapping.Table(V_ADDRESSES), mappingColumn=IND_HOUSE, insertable=true, updatable=true, unique=false}
org.hibernate.cfg.annotations.PropertyBinder 2015-01-23 09:56:21,006 DEBUG - binding property indHouse with lazy=false
org.hibernate.cfg.annotations.SimpleValueBinder 2015-01-23 09:56:21,006 DEBUG - building SimpleValue for indHouse
org.hibernate.cfg.annotations.PropertyBinder 2015-01-23 09:56:21,006 DEBUG - Building property indHouse
org.hibernate.cfg.annotations.PropertyBinder 2015-01-23 09:56:21,006 TRACE - Cascading indHouse with null
org.hibernate.cfg.AnnotationBinder 2015-01-23 09:56:21,006 TRACE - Processing annotations of nla.local.pojos.Address.indRoom
org.hibernate.cfg.Ejb3Column 2015-01-23 09:56:21,007 DEBUG - Binding column: Ejb3Column{table=org.hibernate.mapping.Table(V_ADDRESSES), mappingColumn=IND_ROOM, insertable=true, updatable=true, unique=false}
org.hibernate.cfg.annotations.PropertyBinder 2015-01-23 09:56:21,007 DEBUG - binding property indRoom with lazy=false
org.hibernate.cfg.annotations.SimpleValueBinder 2015-01-23 09:56:21,007 DEBUG - building SimpleValue for indRoom
org.hibernate.cfg.annotations.PropertyBinder 2015-01-23 09:56:21,007 DEBUG - Building property indRoom
org.hibernate.cfg.annotations.PropertyBinder 2015-01-23 09:56:21,007 TRACE - Cascading indRoom with null
org.hibernate.cfg.AnnotationBinder 2015-01-23 09:56:21,007 TRACE - Processing annotations of nla.local.pojos.Address.np
org.hibernate.cfg.Ejb3Column 2015-01-23 09:56:21,008 DEBUG - Binding column: Ejb3Column{table=org.hibernate.mapping.Table(V_ADDRESSES), mappingColumn=NP, insertable=true, updatable=true, unique=false}
org.hibernate.cfg.annotations.PropertyBinder 2015-01-23 09:56:21,008 DEBUG - binding property np with lazy=false
org.hibernate.cfg.annotations.SimpleValueBinder 2015-01-23 09:56:21,008 DEBUG - building SimpleValue for np
org.hibernate.cfg.annotations.PropertyBinder 2015-01-23 09:56:21,008 DEBUG - Building property np
org.hibernate.cfg.annotations.PropertyBinder 2015-01-23 09:56:21,008 TRACE - Cascading np with null
org.hibernate.cfg.AnnotationBinder 2015-01-23 09:56:21,009 TRACE - Processing annotations of nla.local.pojos.Address.numCorp
org.hibernate.cfg.Ejb3Column 2015-01-23 09:56:21,009 DEBUG - Binding column: Ejb3Column{table=org.hibernate.mapping.Table(V_ADDRESSES), mappingColumn=NUM_CORP, insertable=true, updatable=true, unique=false}
org.hibernate.cfg.annotations.PropertyBinder 2015-01-23 09:56:21,009 DEBUG - binding property numCorp with lazy=false
org.hibernate.cfg.annotations.SimpleValueBinder 2015-01-23 09:56:21,009 DEBUG - building SimpleValue for numCorp
org.hibernate.cfg.annotations.PropertyBinder 2015-01-23 09:56:21,009 DEBUG - Building property numCorp
org.hibernate.cfg.annotations.PropertyBinder 2015-01-23 09:56:21,009 TRACE - Cascading numCorp with null
org.hibernate.cfg.AnnotationBinder 2015-01-23 09:56:21,010 TRACE - Processing annotations of nla.local.pojos.Address.numHouse
org.hibernate.cfg.Ejb3Column 2015-01-23 09:56:21,010 DEBUG - Binding column: Ejb3Column{table=org.hibernate.mapping.Table(V_ADDRESSES), mappingColumn=NUM_HOUSE, insertable=true, updatable=true, unique=false}
org.hibernate.cfg.annotations.PropertyBinder 2015-01-23 09:56:21,010 DEBUG - binding property numHouse with lazy=false
org.hibernate.cfg.annotations.SimpleValueBinder 2015-01-23 09:56:21,010 DEBUG - building SimpleValue for numHouse
org.hibernate.cfg.annotations.PropertyBinder 2015-01-23 09:56:21,010 DEBUG - Building property numHouse
org.hibernate.cfg.annotations.PropertyBinder 2015-01-23 09:56:21,011 TRACE - Cascading numHouse with null
org.hibernate.cfg.AnnotationBinder 2015-01-23 09:56:21,011 TRACE - Processing annotations of nla.local.pojos.Address.numRoom
org.hibernate.cfg.Ejb3Column 2015-01-23 09:56:21,011 DEBUG - Binding column: Ejb3Column{table=org.hibernate.mapping.Table(V_ADDRESSES), mappingColumn=NUM_ROOM, insertable=true, updatable=true, unique=false}
org.hibernate.cfg.annotations.PropertyBinder 2015-01-23 09:56:21,011 DEBUG - binding property numRoom with lazy=false
org.hibernate.cfg.annotations.SimpleValueBinder 2015-01-23 09:56:21,011 DEBUG - building SimpleValue for numRoom
org.hibernate.cfg.annotations.PropertyBinder 2015-01-23 09:56:21,012 DEBUG - Building property numRoom
org.hibernate.cfg.annotations.PropertyBinder 2015-01-23 09:56:21,012 TRACE - Cascading numRoom with null
org.hibernate.cfg.AnnotationBinder 2015-01-23 09:56:21,012 TRACE - Processing annotations of nla.local.pojos.Address.region
org.hibernate.cfg.Ejb3Column 2015-01-23 09:56:21,012 DEBUG - Binding column: Ejb3Column{table=org.hibernate.mapping.Table(V_ADDRESSES), mappingColumn=REGION, insertable=true, updatable=true, unique=false}
org.hibernate.cfg.annotations.PropertyBinder 2015-01-23 09:56:21,012 DEBUG - binding property region with lazy=false
org.hibernate.cfg.annotations.SimpleValueBinder 2015-01-23 09:56:21,013 DEBUG - building SimpleValue for region
org.hibernate.cfg.annotations.PropertyBinder 2015-01-23 09:56:21,013 DEBUG - Building property region
org.hibernate.cfg.annotations.PropertyBinder 2015-01-23 09:56:21,013 TRACE - Cascading region with null
org.hibernate.cfg.AnnotationBinder 2015-01-23 09:56:21,013 TRACE - Processing annotations of nla.local.pojos.Address.sovet
org.hibernate.cfg.Ejb3Column 2015-01-23 09:56:21,013 DEBUG - Binding column: Ejb3Column{table=org.hibernate.mapping.Table(V_ADDRESSES), mappingColumn=SOVET, insertable=true, updatable=true, unique=false}
org.hibernate.cfg.annotations.PropertyBinder 2015-01-23 09:56:21,013 DEBUG - binding property sovet with lazy=false
org.hibernate.cfg.annotations.SimpleValueBinder 2015-01-23 09:56:21,014 DEBUG - building SimpleValue for sovet
org.hibernate.cfg.annotations.PropertyBinder 2015-01-23 09:56:21,014 DEBUG - Building property sovet
org.hibernate.cfg.annotations.PropertyBinder 2015-01-23 09:56:21,014 TRACE - Cascading sovet with null
org.hibernate.cfg.AnnotationBinder 2015-01-23 09:56:21,014 TRACE - Processing annotations of nla.local.pojos.Address.subregion
org.hibernate.cfg.Ejb3Column 2015-01-23 09:56:21,014 DEBUG - Binding column: Ejb3Column{table=org.hibernate.mapping.Table(V_ADDRESSES), mappingColumn=SUBREGION, insertable=true, updatable=true, unique=false}
org.hibernate.cfg.annotations.PropertyBinder 2015-01-23 09:56:21,014 DEBUG - binding property subregion with lazy=false
org.hibernate.cfg.annotations.SimpleValueBinder 2015-01-23 09:56:21,015 DEBUG - building SimpleValue for subregion
org.hibernate.cfg.annotations.PropertyBinder 2015-01-23 09:56:21,015 DEBUG - Building property subregion
org.hibernate.cfg.annotations.PropertyBinder 2015-01-23 09:56:21,015 TRACE - Cascading subregion with null
org.hibernate.cfg.annotations.SimpleValueBinder 2015-01-23 09:56:21,015 DEBUG - Setting SimpleValue typeName for subjectId
org.hibernate.cfg.annotations.SimpleValueBinder 2015-01-23 09:56:21,016 DEBUG - Setting SimpleValue typeName for isOwner
org.hibernate.cfg.annotations.SimpleValueBinder 2015-01-23 09:56:21,016 DEBUG - Setting SimpleValue typeName for reestrdataID
org.hibernate.cfg.annotations.SimpleValueBinder 2015-01-23 09:56:21,016 DEBUG - Setting SimpleValue typeName for subjectType
org.hibernate.cfg.annotations.SimpleValueBinder 2015-01-23 09:56:21,016 DEBUG - Setting SimpleValue typeName for bothRegDate
org.hibernate.cfg.annotations.SimpleValueBinder 2015-01-23 09:56:21,016 DEBUG - Setting SimpleValue typeName for datestart
org.hibernate.cfg.annotations.SimpleValueBinder 2015-01-23 09:56:21,016 DEBUG - Setting SimpleValue typeName for fathername
org.hibernate.cfg.annotations.SimpleValueBinder 2015-01-23 09:56:21,017 DEBUG - Setting SimpleValue typeName for firstname
org.hibernate.cfg.annotations.SimpleValueBinder 2015-01-23 09:56:21,017 DEBUG - Setting SimpleValue typeName for personalNumber
org.hibernate.cfg.annotations.SimpleValueBinder 2015-01-23 09:56:21,017 DEBUG - Setting SimpleValue typeName for surname
org.hibernate.cfg.annotations.SimpleValueBinder 2015-01-23 09:56:21,017 DEBUG - Setting SimpleValue typeName for actual
org.hibernate.cfg.annotations.SimpleValueBinder 2015-01-23 09:56:21,017 DEBUG - Setting SimpleValue typeName for bothRegDate
org.hibernate.cfg.annotations.SimpleValueBinder 2015-01-23 09:56:21,017 DEBUG - Setting SimpleValue typeName for fullname
org.hibernate.cfg.annotations.SimpleValueBinder 2015-01-23 09:56:21,017 DEBUG - Setting SimpleValue typeName for orgRightForm
org.hibernate.cfg.annotations.SimpleValueBinder 2015-01-23 09:56:21,017 DEBUG - Setting SimpleValue typeName for regNumber
org.hibernate.cfg.annotations.SimpleValueBinder 2015-01-23 09:56:21,018 DEBUG - Setting SimpleValue typeName for remark
org.hibernate.cfg.annotations.SimpleValueBinder 2015-01-23 09:56:21,018 DEBUG - Setting SimpleValue typeName for shortname
org.hibernate.cfg.annotations.SimpleValueBinder 2015-01-23 09:56:21,018 DEBUG - Setting SimpleValue typeName for unp
org.hibernate.cfg.annotations.SimpleValueBinder 2015-01-23 09:56:21,018 DEBUG - Setting SimpleValue typeName for address_id
org.hibernate.cfg.annotations.SimpleValueBinder 2015-01-23 09:56:21,018 DEBUG - Setting SimpleValue typeName for elementtypename
org.hibernate.cfg.annotations.SimpleValueBinder 2015-01-23 09:56:21,018 DEBUG - Setting SimpleValue typeName for immovabletypename
org.hibernate.cfg.annotations.SimpleValueBinder 2015-01-23 09:56:21,018 DEBUG - Setting SimpleValue typeName for indHouse
org.hibernate.cfg.annotations.SimpleValueBinder 2015-01-23 09:56:21,019 DEBUG - Setting SimpleValue typeName for indRoom
org.hibernate.cfg.annotations.SimpleValueBinder 2015-01-23 09:56:21,019 DEBUG - Setting SimpleValue typeName for np
org.hibernate.cfg.annotations.SimpleValueBinder 2015-01-23 09:56:21,019 DEBUG - Setting SimpleValue typeName for numCorp
org.hibernate.cfg.annotations.SimpleValueBinder 2015-01-23 09:56:21,019 DEBUG - Setting SimpleValue typeName for numHouse
org.hibernate.cfg.annotations.SimpleValueBinder 2015-01-23 09:56:21,019 DEBUG - Setting SimpleValue typeName for numRoom
org.hibernate.cfg.annotations.SimpleValueBinder 2015-01-23 09:56:21,019 DEBUG - Setting SimpleValue typeName for region
org.hibernate.cfg.annotations.SimpleValueBinder 2015-01-23 09:56:21,020 DEBUG - Setting SimpleValue typeName for sovet
org.hibernate.cfg.annotations.SimpleValueBinder 2015-01-23 09:56:21,020 DEBUG - Setting SimpleValue typeName for subregion
org.hibernate.cfg.Configuration 2015-01-23 09:56:21,020 DEBUG - processing fk mappings (*ToOne and JoinedSubclass)
org.hibernate.cfg.Configuration 2015-01-23 09:56:21,025 DEBUG - processing extends queue
org.hibernate.cfg.Configuration 2015-01-23 09:56:21,025 DEBUG - processing extends queue
org.hibernate.cfg.Configuration 2015-01-23 09:56:21,025 DEBUG - processing collection mappings
org.hibernate.cfg.Configuration 2015-01-23 09:56:21,025 DEBUG - processing native query and ResultSetMapping mappings
org.hibernate.cfg.Configuration 2015-01-23 09:56:21,025 DEBUG - processing association property references
org.hibernate.cfg.Configuration 2015-01-23 09:56:21,025 DEBUG - processing foreign key constraints
org.hibernate.cfg.Configuration 2015-01-23 09:56:21,026 DEBUG - resolving reference to class: nla.local.pojos.Person
org.hibernate.cfg.Configuration 2015-01-23 09:56:21,026 DEBUG - resolving reference to class: nla.local.pojos.Address
org.hibernate.cfg.Configuration 2015-01-23 09:56:21,029 INFO  - Hibernate Validator not found: ignoring
org.springframework.orm.hibernate3.LocalSessionFactoryBean 2015-01-23 09:56:21,030 INFO  - Building new Hibernate SessionFactory
org.hibernate.cfg.Configuration 2015-01-23 09:56:21,031 DEBUG - Preparing to build session factory with filters : {}
org.hibernate.cfg.Configuration 2015-01-23 09:56:21,031 TRACE - Starting secondPassCompile() processing
org.hibernate.cfg.Configuration$MetadataSourceQueue 2015-01-23 09:56:21,031 DEBUG - Processing hbm.xml files
org.hibernate.cfg.Configuration$MetadataSourceQueue 2015-01-23 09:56:21,031 DEBUG - Process annotated classes
org.hibernate.cfg.Configuration 2015-01-23 09:56:21,032 DEBUG - processing fk mappings (*ToOne and JoinedSubclass)
org.hibernate.cfg.Configuration 2015-01-23 09:56:21,032 DEBUG - processing extends queue
org.hibernate.cfg.Configuration 2015-01-23 09:56:21,032 DEBUG - processing extends queue
org.hibernate.cfg.Configuration 2015-01-23 09:56:21,032 DEBUG - processing collection mappings
org.hibernate.cfg.Configuration 2015-01-23 09:56:21,032 DEBUG - processing native query and ResultSetMapping mappings
org.hibernate.cfg.Configuration 2015-01-23 09:56:21,032 DEBUG - processing association property references
org.hibernate.cfg.Configuration 2015-01-23 09:56:21,033 DEBUG - processing foreign key constraints
org.hibernate.cfg.Configuration 2015-01-23 09:56:21,033 DEBUG - resolving reference to class: nla.local.pojos.Person
org.hibernate.cfg.Configuration 2015-01-23 09:56:21,033 DEBUG - resolving reference to class: nla.local.pojos.Address
org.hibernate.cfg.Configuration 2015-01-23 09:56:21,034 DEBUG - Legacy Validator not present in classpath, ignoring event listener registration
org.hibernate.cfg.search.HibernateSearchEventListenerRegister 2015-01-23 09:56:21,036 DEBUG - Search not present in classpath, ignoring event listener registration.
org.hibernate.cfg.search.HibernateSearchEventListenerRegister 2015-01-23 09:56:21,036 INFO  - Unable to find org.hibernate.search.event.FullTextIndexEventListener on the classpath. Hibernate Search is not enabled.
org.hibernate.connection.ConnectionProviderFactory 2015-01-23 09:56:21,040 INFO  - Initializing connection provider: org.springframework.orm.hibernate3.LocalDataSourceConnectionProvider
org.hibernate.dialect.Dialect 2015-01-23 09:56:21,590 INFO  - Using dialect: org.hibernate.dialect.Oracle10gDialect
org.hibernate.cfg.SettingsFactory 2015-01-23 09:56:21,612 INFO  - Database -&gt;
       name : Oracle
    version : Oracle Database 10g Enterprise Edition Release 10.2.0.1.0 - Production
With the Partitioning, OLAP and Data Mining options
      major : 10
      minor : 2
org.hibernate.cfg.SettingsFactory 2015-01-23 09:56:21,612 INFO  - Driver -&gt;
       name : Oracle JDBC driver
    version : 11.2.0.4.0
      major : 11
      minor : 2
org.hibernate.transaction.TransactionFactoryFactory 2015-01-23 09:56:21,618 INFO  - Transaction strategy: org.springframework.orm.hibernate3.SpringTransactionFactory
org.hibernate.transaction.TransactionManagerLookupFactory 2015-01-23 09:56:21,619 INFO  - No TransactionManagerLookup configured (in JTA environment, use of read-write or transactional second-level cache is not recommended)
org.hibernate.cfg.SettingsFactory 2015-01-23 09:56:21,620 INFO  - Automatic flush during beforeCompletion(): disabled
org.hibernate.cfg.SettingsFactory 2015-01-23 09:56:21,620 INFO  - Automatic session close at end of transaction: disabled
org.hibernate.cfg.SettingsFactory 2015-01-23 09:56:21,621 INFO  - JDBC batch size: 15
org.hibernate.cfg.SettingsFactory 2015-01-23 09:56:21,621 INFO  - JDBC batch updates for versioned data: disabled
org.hibernate.cfg.SettingsFactory 2015-01-23 09:56:21,622 INFO  - Scrollable result sets: enabled
org.hibernate.cfg.SettingsFactory 2015-01-23 09:56:21,623 DEBUG - Wrap result sets: disabled
org.hibernate.cfg.SettingsFactory 2015-01-23 09:56:21,623 INFO  - JDBC3 getGeneratedKeys(): disabled
org.hibernate.cfg.SettingsFactory 2015-01-23 09:56:21,623 INFO  - Connection release mode: auto
org.hibernate.cfg.SettingsFactory 2015-01-23 09:56:21,625 INFO  - Default batch fetch size: 1
org.hibernate.cfg.SettingsFactory 2015-01-23 09:56:21,625 INFO  - Generate SQL with comments: disabled
org.hibernate.cfg.SettingsFactory 2015-01-23 09:56:21,625 INFO  - Order SQL updates by primary key: disabled
org.hibernate.cfg.SettingsFactory 2015-01-23 09:56:21,626 INFO  - Order SQL inserts for batching: disabled
org.hibernate.cfg.SettingsFactory 2015-01-23 09:56:21,626 INFO  - Query translator: org.hibernate.hql.ast.ASTQueryTranslatorFactory
org.hibernate.hql.ast.ASTQueryTranslatorFactory 2015-01-23 09:56:21,629 INFO  - Using ASTQueryTranslatorFactory
org.hibernate.cfg.SettingsFactory 2015-01-23 09:56:21,629 INFO  - Query language substitutions: {}
org.hibernate.cfg.SettingsFactory 2015-01-23 09:56:21,630 INFO  - JPA-QL strict compliance: disabled
org.hibernate.cfg.SettingsFactory 2015-01-23 09:56:21,630 INFO  - Second-level cache: enabled
org.hibernate.cfg.SettingsFactory 2015-01-23 09:56:21,631 INFO  - Query cache: disabled
org.hibernate.cfg.SettingsFactory 2015-01-23 09:56:21,631 INFO  - Cache region factory : org.hibernate.cache.impl.NoCachingRegionFactory
org.hibernate.cfg.SettingsFactory 2015-01-23 09:56:21,633 INFO  - Optimize cache for minimal puts: disabled
org.hibernate.cfg.SettingsFactory 2015-01-23 09:56:21,633 INFO  - Structured second-level cache entries: disabled
org.hibernate.exception.SQLExceptionConverterFactory 2015-01-23 09:56:21,634 TRACE - Using dialect defined converter
org.hibernate.cfg.SettingsFactory 2015-01-23 09:56:21,639 INFO  - Echoing all SQL to stdout
org.hibernate.cfg.SettingsFactory 2015-01-23 09:56:21,641 INFO  - Statistics: disabled
org.hibernate.cfg.SettingsFactory 2015-01-23 09:56:21,641 INFO  - Deleted entity synthetic identifier rollback: disabled
org.hibernate.cfg.SettingsFactory 2015-01-23 09:56:21,641 INFO  - Default entity-mode: pojo
org.hibernate.cfg.SettingsFactory 2015-01-23 09:56:21,642 INFO  - Named query checking : enabled
org.hibernate.cfg.SettingsFactory 2015-01-23 09:56:21,642 INFO  - Check Nullability in Core (should be disabled when Bean Validation is on): enabled
org.hibernate.impl.SessionFactoryImpl 2015-01-23 09:56:21,655 INFO  - building session factory
org.hibernate.impl.SessionFactoryImpl 2015-01-23 09:56:21,659 DEBUG - Statistics initialized [enabled=false]}
org.hibernate.type.TypeFactory$TypeScopeImpl 2015-01-23 09:56:21,660 TRACE - Scoping types to session factory org.hibernate.impl.SessionFactoryImpl@7c0eb30c
org.hibernate.type.BasicTypeRegistry 2015-01-23 09:56:21,660 DEBUG - Adding type registration boolean -&gt; org.hibernate.type.BooleanType@300ae308
org.hibernate.type.BasicTypeRegistry 2015-01-23 09:56:21,660 DEBUG - Adding type registration boolean -&gt; org.hibernate.type.BooleanType@300ae308
org.hibernate.type.BasicTypeRegistry 2015-01-23 09:56:21,660 DEBUG - Adding type registration java.lang.Boolean -&gt; org.hibernate.type.BooleanType@300ae308
org.hibernate.type.BasicTypeRegistry 2015-01-23 09:56:21,661 DEBUG - Adding type registration numeric_boolean -&gt; org.hibernate.type.NumericBooleanType@ff5dc6a
org.hibernate.type.BasicTypeRegistry 2015-01-23 09:56:21,661 DEBUG - Adding type registration true_false -&gt; org.hibernate.type.TrueFalseType@74c20130
org.hibernate.type.BasicTypeRegistry 2015-01-23 09:56:21,661 DEBUG - Adding type registration yes_no -&gt; org.hibernate.type.YesNoType@4d447e6b
org.hibernate.type.BasicTypeRegistry 2015-01-23 09:56:21,661 DEBUG - Adding type registration byte -&gt; org.hibernate.type.ByteType@46a0920e
org.hibernate.type.BasicTypeRegistry 2015-01-23 09:56:21,661 DEBUG - Adding type registration byte -&gt; org.hibernate.type.ByteType@46a0920e
org.hibernate.type.BasicTypeRegistry 2015-01-23 09:56:21,662 DEBUG - Adding type registration java.lang.Byte -&gt; org.hibernate.type.ByteType@46a0920e
org.hibernate.type.BasicTypeRegistry 2015-01-23 09:56:21,662 DEBUG - Adding type registration character -&gt; org.hibernate.type.CharacterType@3b55b707
org.hibernate.type.BasicTypeRegistry 2015-01-23 09:56:21,662 DEBUG - Adding type registration char -&gt; org.hibernate.type.CharacterType@3b55b707
org.hibernate.type.BasicTypeRegistry 2015-01-23 09:56:21,662 DEBUG - Adding type registration java.lang.Character -&gt; org.hibernate.type.CharacterType@3b55b707
org.hibernate.type.BasicTypeRegistry 2015-01-23 09:56:21,662 DEBUG - Adding type registration short -&gt; org.hibernate.type.ShortType@74056619
org.hibernate.type.BasicTypeRegistry 2015-01-23 09:56:21,663 DEBUG - Adding type registration short -&gt; org.hibernate.type.ShortType@74056619
org.hibernate.type.BasicTypeRegistry 2015-01-23 09:56:21,663 DEBUG - Adding type registration java.lang.Short -&gt; org.hibernate.type.ShortType@74056619
org.hibernate.type.BasicTypeRegistry 2015-01-23 09:56:21,663 DEBUG - Adding type registration integer -&gt; org.hibernate.type.IntegerType@950a505
org.hibernate.type.BasicTypeRegistry 2015-01-23 09:56:21,663 DEBUG - Adding type registration int -&gt; org.hibernate.type.IntegerType@950a505
org.hibernate.type.BasicTypeRegistry 2015-01-23 09:56:21,663 DEBUG - Adding type registration java.lang.Integer -&gt; org.hibernate.type.IntegerType@950a505
org.hibernate.type.BasicTypeRegistry 2015-01-23 09:56:21,663 DEBUG - Adding type registration long -&gt; org.hibernate.type.LongType@46346072
org.hibernate.type.BasicTypeRegistry 2015-01-23 09:56:21,664 DEBUG - Adding type registration long -&gt; org.hibernate.type.LongType@46346072
org.hibernate.type.BasicTypeRegistry 2015-01-23 09:56:21,664 DEBUG - Adding type registration java.lang.Long -&gt; org.hibernate.type.LongType@46346072
org.hibernate.type.BasicTypeRegistry 2015-01-23 09:56:21,664 DEBUG - Adding type registration float -&gt; org.hibernate.type.FloatType@334e9cde
org.hibernate.type.BasicTypeRegistry 2015-01-23 09:56:21,664 DEBUG - Adding type registration float -&gt; org.hibernate.type.FloatType@334e9cde
org.hibernate.type.BasicTypeRegistry 2015-01-23 09:56:21,664 DEBUG - Adding type registration java.lang.Float -&gt; org.hibernate.type.FloatType@334e9cde
org.hibernate.type.BasicTypeRegistry 2015-01-23 09:56:21,665 DEBUG - Adding type registration double -&gt; org.hibernate.type.DoubleType@39955b5e
org.hibernate.type.BasicTypeRegistry 2015-01-23 09:56:21,665 DEBUG - Adding type registration double -&gt; org.hibernate.type.DoubleType@39955b5e
org.hibernate.type.BasicTypeRegistry 2015-01-23 09:56:21,665 DEBUG - Adding type registration java.lang.Double -&gt; org.hibernate.type.DoubleType@39955b5e
org.hibernate.type.BasicTypeRegistry 2015-01-23 09:56:21,665 DEBUG - Adding type registration big_decimal -&gt; org.hibernate.type.BigDecimalType@2ed208f1
org.hibernate.type.BasicTypeRegistry 2015-01-23 09:56:21,665 DEBUG - Adding type registration java.math.BigDecimal -&gt; org.hibernate.type.BigDecimalType@2ed208f1
org.hibernate.type.BasicTypeRegistry 2015-01-23 09:56:21,666 DEBUG - Adding type registration big_integer -&gt; org.hibernate.type.BigIntegerType@3dd00e4f
org.hibernate.type.BasicTypeRegistry 2015-01-23 09:56:21,666 DEBUG - Adding type registration java.math.BigInteger -&gt; org.hibernate.type.BigIntegerType@3dd00e4f
org.hibernate.type.BasicTypeRegistry 2015-01-23 09:56:21,666 DEBUG - Adding type registration string -&gt; org.hibernate.type.StringType@17e9cdb6
org.hibernate.type.BasicTypeRegistry 2015-01-23 09:56:21,666 DEBUG - Adding type registration java.lang.String -&gt; org.hibernate.type.StringType@17e9cdb6
org.hibernate.type.BasicTypeRegistry 2015-01-23 09:56:21,666 DEBUG - Adding type registration url -&gt; org.hibernate.type.UrlType@7318ff8a
org.hibernate.type.BasicTypeRegistry 2015-01-23 09:56:21,667 DEBUG - Adding type registration java.net.URL -&gt; org.hibernate.type.UrlType@7318ff8a
org.hibernate.type.BasicTypeRegistry 2015-01-23 09:56:21,667 DEBUG - Adding type registration date -&gt; org.hibernate.type.DateType@581b236
org.hibernate.type.BasicTypeRegistry 2015-01-23 09:56:21,667 DEBUG - Adding type registration java.sql.Date -&gt; org.hibernate.type.DateType@581b236
org.hibernate.type.BasicTypeRegistry 2015-01-23 09:56:21,667 DEBUG - Adding type registration time -&gt; org.hibernate.type.TimeType@54b219e4
org.hibernate.type.BasicTypeRegistry 2015-01-23 09:56:21,667 DEBUG - Adding type registration java.sql.Time -&gt; org.hibernate.type.TimeType@54b219e4
org.hibernate.type.BasicTypeRegistry 2015-01-23 09:56:21,668 DEBUG - Adding type registration timestamp -&gt; org.hibernate.type.TimestampType@3f88655e
org.hibernate.type.BasicTypeRegistry 2015-01-23 09:56:21,668 DEBUG - Adding type registration java.sql.Timestamp -&gt; org.hibernate.type.TimestampType@3f88655e
org.hibernate.type.BasicTypeRegistry 2015-01-23 09:56:21,668 DEBUG - Adding type registration java.util.Date -&gt; org.hibernate.type.TimestampType@3f88655e
org.hibernate.type.BasicTypeRegistry 2015-01-23 09:56:21,668 DEBUG - Adding type registration dbtimestamp -&gt; org.hibernate.type.DbTimestampType@103fa2aa
org.hibernate.type.BasicTypeRegistry 2015-01-23 09:56:21,668 DEBUG - Adding type registration calendar -&gt; org.hibernate.type.CalendarType@339ec220
org.hibernate.type.BasicTypeRegistry 2015-01-23 09:56:21,669 DEBUG - Adding type registration java.util.Calendar -&gt; org.hibernate.type.CalendarType@339ec220
org.hibernate.type.BasicTypeRegistry 2015-01-23 09:56:21,669 DEBUG - Adding type registration java.util.GregorianCalendar -&gt; org.hibernate.type.CalendarType@339ec220
org.hibernate.type.BasicTypeRegistry 2015-01-23 09:56:21,669 DEBUG - Adding type registration calendar_date -&gt; org.hibernate.type.CalendarDateType@1724c9d
org.hibernate.type.BasicTypeRegistry 2015-01-23 09:56:21,669 DEBUG - Adding type registration locale -&gt; org.hibernate.type.LocaleType@540adf14
org.hibernate.type.BasicTypeRegistry 2015-01-23 09:56:21,669 DEBUG - Adding type registration java.util.Locale -&gt; org.hibernate.type.LocaleType@540adf14
org.hibernate.type.BasicTypeRegistry 2015-01-23 09:56:21,669 DEBUG - Adding type registration currency -&gt; org.hibernate.type.CurrencyType@7f2d301f
org.hibernate.type.BasicTypeRegistry 2015-01-23 09:56:21,670 DEBUG - Adding type registration java.util.Currency -&gt; org.hibernate.type.CurrencyType@7f2d301f
org.hibernate.type.BasicTypeRegistry 2015-01-23 09:56:21,670 DEBUG - Adding type registration timezone -&gt; org.hibernate.type.TimeZoneType@2599930b
org.hibernate.type.BasicTypeRegistry 2015-01-23 09:56:21,670 DEBUG - Adding type registration java.util.TimeZone -&gt; org.hibernate.type.TimeZoneType@2599930b
org.hibernate.type.BasicTypeRegistry 2015-01-23 09:56:21,670 DEBUG - Adding type registration class -&gt; org.hibernate.type.ClassType@20e8d037
org.hibernate.type.BasicTypeRegistry 2015-01-23 09:56:21,670 DEBUG - Adding type registration java.lang.Class -&gt; org.hibernate.type.ClassType@20e8d037
org.hibernate.type.BasicTypeRegistry 2015-01-23 09:56:21,671 DEBUG - Adding type registration uuid-binary -&gt; org.hibernate.type.UUIDBinaryType@44343ad1
org.hibernate.type.BasicTypeRegistry 2015-01-23 09:56:21,671 DEBUG - Adding type registration java.util.UUID -&gt; org.hibernate.type.UUIDBinaryType@44343ad1
org.hibernate.type.BasicTypeRegistry 2015-01-23 09:56:21,671 DEBUG - Adding type registration uuid-char -&gt; org.hibernate.type.UUIDCharType@13fbf741
org.hibernate.type.BasicTypeRegistry 2015-01-23 09:56:21,671 DEBUG - Adding type registration pg-uuid -&gt; org.hibernate.type.PostgresUUIDType@7265fa44
org.hibernate.type.BasicTypeRegistry 2015-01-23 09:56:21,672 DEBUG - Adding type registration binary -&gt; org.hibernate.type.BinaryType@9b82279
org.hibernate.type.BasicTypeRegistry 2015-01-23 09:56:21,672 DEBUG - Adding type registration byte[] -&gt; org.hibernate.type.BinaryType@9b82279
org.hibernate.type.BasicTypeRegistry 2015-01-23 09:56:21,672 DEBUG - Adding type registration [B -&gt; org.hibernate.type.BinaryType@9b82279
org.hibernate.type.BasicTypeRegistry 2015-01-23 09:56:21,672 DEBUG - Adding type registration wrapper-binary -&gt; org.hibernate.type.WrapperBinaryType@67156949
org.hibernate.type.BasicTypeRegistry 2015-01-23 09:56:21,672 DEBUG - Adding type registration Byte[] -&gt; org.hibernate.type.WrapperBinaryType@67156949
org.hibernate.type.BasicTypeRegistry 2015-01-23 09:56:21,672 DEBUG - Adding type registration [Ljava.lang.Byte; -&gt; org.hibernate.type.WrapperBinaryType@67156949
org.hibernate.type.BasicTypeRegistry 2015-01-23 09:56:21,673 DEBUG - Adding type registration image -&gt; org.hibernate.type.ImageType@18084038
org.hibernate.type.BasicTypeRegistry 2015-01-23 09:56:21,673 DEBUG - Adding type registration characters -&gt; org.hibernate.type.CharArrayType@59eb5159
org.hibernate.type.BasicTypeRegistry 2015-01-23 09:56:21,673 DEBUG - Adding type registration char[] -&gt; org.hibernate.type.CharArrayType@59eb5159
org.hibernate.type.BasicTypeRegistry 2015-01-23 09:56:21,673 DEBUG - Adding type registration [C -&gt; org.hibernate.type.CharArrayType@59eb5159
org.hibernate.type.BasicTypeRegistry 2015-01-23 09:56:21,673 DEBUG - Adding type registration wrapper-characters -&gt; org.hibernate.type.CharacterArrayType@515487d5
org.hibernate.type.BasicTypeRegistry 2015-01-23 09:56:21,674 DEBUG - Adding type registration [Ljava.lang.Character; -&gt; org.hibernate.type.CharacterArrayType@515487d5
org.hibernate.type.BasicTypeRegistry 2015-01-23 09:56:21,674 DEBUG - Adding type registration Character[] -&gt; org.hibernate.type.CharacterArrayType@515487d5
org.hibernate.type.BasicTypeRegistry 2015-01-23 09:56:21,674 DEBUG - Adding type registration text -&gt; org.hibernate.type.TextType@1c04fc63
org.hibernate.type.BasicTypeRegistry 2015-01-23 09:56:21,674 DEBUG - Adding type registration blob -&gt; org.hibernate.type.BlobType@674f8035
org.hibernate.type.BasicTypeRegistry 2015-01-23 09:56:21,674 DEBUG - Adding type registration java.sql.Blob -&gt; org.hibernate.type.BlobType@674f8035
org.hibernate.type.BasicTypeRegistry 2015-01-23 09:56:21,674 DEBUG - Adding type registration materialized_blob -&gt; org.hibernate.type.MaterializedBlobType@fee5806
org.hibernate.type.BasicTypeRegistry 2015-01-23 09:56:21,675 DEBUG - Adding type registration wrapper_materialized_blob -&gt; org.hibernate.type.WrappedMaterializedBlobType@a0e8b13
org.hibernate.type.BasicTypeRegistry 2015-01-23 09:56:21,675 DEBUG - Adding type registration clob -&gt; org.hibernate.type.ClobType@5fd8c238
org.hibernate.type.BasicTypeRegistry 2015-01-23 09:56:21,675 DEBUG - Adding type registration java.sql.Clob -&gt; org.hibernate.type.ClobType@5fd8c238
org.hibernate.type.BasicTypeRegistry 2015-01-23 09:56:21,675 DEBUG - Adding type registration materialized_clob -&gt; org.hibernate.type.MaterializedClobType@50dcf55
org.hibernate.type.BasicTypeRegistry 2015-01-23 09:56:21,675 DEBUG - Adding type registration wrapper_characters_clob -&gt; org.hibernate.type.CharacterArrayClobType@87505bd
org.hibernate.type.BasicTypeRegistry 2015-01-23 09:56:21,675 DEBUG - Adding type registration characters_clob -&gt; org.hibernate.type.PrimitiveCharacterArrayClobType@271e1866
org.hibernate.type.BasicTypeRegistry 2015-01-23 09:56:21,675 DEBUG - Adding type registration serializable -&gt; org.hibernate.type.SerializableType@5d1c5b77
org.hibernate.type.BasicTypeRegistry 2015-01-23 09:56:21,676 DEBUG - Adding type registration object -&gt; org.hibernate.type.ObjectType@29a19259
org.hibernate.type.BasicTypeRegistry 2015-01-23 09:56:21,676 DEBUG - Adding type registration java.lang.Object -&gt; org.hibernate.type.ObjectType@29a19259
org.hibernate.type.BasicTypeRegistry 2015-01-23 09:56:21,676 DEBUG - Adding type registration imm_date -&gt; org.hibernate.type.AdaptedImmutableType@290d1875
org.hibernate.type.BasicTypeRegistry 2015-01-23 09:56:21,676 DEBUG - Adding type registration imm_time -&gt; org.hibernate.type.AdaptedImmutableType@1ac0be61
org.hibernate.type.BasicTypeRegistry 2015-01-23 09:56:21,676 DEBUG - Adding type registration imm_timestamp -&gt; org.hibernate.type.AdaptedImmutableType@6412dfff
org.hibernate.type.BasicTypeRegistry 2015-01-23 09:56:21,676 DEBUG - Adding type registration imm_dbtimestamp -&gt; org.hibernate.type.AdaptedImmutableType@133011ad
org.hibernate.type.BasicTypeRegistry 2015-01-23 09:56:21,677 DEBUG - Adding type registration imm_calendar -&gt; org.hibernate.type.AdaptedImmutableType@38d87eb2
org.hibernate.type.BasicTypeRegistry 2015-01-23 09:56:21,677 DEBUG - Adding type registration imm_calendar_date -&gt; org.hibernate.type.AdaptedImmutableType@d65f546
org.hibernate.type.BasicTypeRegistry 2015-01-23 09:56:21,677 DEBUG - Adding type registration imm_binary -&gt; org.hibernate.type.AdaptedImmutableType@20c9cd89
org.hibernate.type.BasicTypeRegistry 2015-01-23 09:56:21,677 DEBUG - Adding type registration imm_serializable -&gt; org.hibernate.type.AdaptedImmutableType@20d4ee30
org.hibernate.type.BasicTypeRegistry 2015-01-23 09:56:21,677 DEBUG - Adding type registration wrapper_characters_clob -&gt; org.hibernate.type.CharacterArrayClobType@4b131fe3
org.hibernate.type.BasicTypeRegistry 2015-01-23 09:56:21,677 INFO  - Type registration [wrapper_characters_clob] overrides previous : org.hibernate.type.CharacterArrayClobType@87505bd
org.hibernate.type.BasicTypeRegistry 2015-01-23 09:56:21,678 DEBUG - Adding type registration wrapper_materialized_blob -&gt; org.hibernate.type.WrappedMaterializedBlobType@3eae4bb6
org.hibernate.type.BasicTypeRegistry 2015-01-23 09:56:21,678 INFO  - Type registration [wrapper_materialized_blob] overrides previous : org.hibernate.type.WrappedMaterializedBlobType@a0e8b13
org.hibernate.type.BasicTypeRegistry 2015-01-23 09:56:21,678 DEBUG - Adding type registration materialized_clob -&gt; org.hibernate.type.MaterializedClobType@319f3410
org.hibernate.type.BasicTypeRegistry 2015-01-23 09:56:21,678 INFO  - Type registration [materialized_clob] overrides previous : org.hibernate.type.MaterializedClobType@50dcf55
org.hibernate.type.BasicTypeRegistry 2015-01-23 09:56:21,678 DEBUG - Adding type registration materialized_blob -&gt; org.hibernate.type.MaterializedBlobType@3b0cb2cb
org.hibernate.type.BasicTypeRegistry 2015-01-23 09:56:21,678 INFO  - Type registration [materialized_blob] overrides previous : org.hibernate.type.MaterializedBlobType@fee5806
org.hibernate.type.BasicTypeRegistry 2015-01-23 09:56:21,678 DEBUG - Adding type registration blob -&gt; org.hibernate.type.BlobType@1012b0ab
org.hibernate.type.BasicTypeRegistry 2015-01-23 09:56:21,679 INFO  - Type registration [blob] overrides previous : org.hibernate.type.BlobType@674f8035
org.hibernate.type.BasicTypeRegistry 2015-01-23 09:56:21,679 DEBUG - Adding type registration java.sql.Blob -&gt; org.hibernate.type.BlobType@1012b0ab
org.hibernate.type.BasicTypeRegistry 2015-01-23 09:56:21,679 INFO  - Type registration [java.sql.Blob] overrides previous : org.hibernate.type.BlobType@674f8035
org.hibernate.type.BasicTypeRegistry 2015-01-23 09:56:21,679 DEBUG - Adding type registration clob -&gt; org.hibernate.type.ClobType@24ecb9e0
org.hibernate.type.BasicTypeRegistry 2015-01-23 09:56:21,679 INFO  - Type registration [clob] overrides previous : org.hibernate.type.ClobType@5fd8c238
org.hibernate.type.BasicTypeRegistry 2015-01-23 09:56:21,679 DEBUG - Adding type registration java.sql.Clob -&gt; org.hibernate.type.ClobType@24ecb9e0
org.hibernate.type.BasicTypeRegistry 2015-01-23 09:56:21,680 INFO  - Type registration [java.sql.Clob] overrides previous : org.hibernate.type.ClobType@5fd8c238
org.hibernate.type.BasicTypeRegistry 2015-01-23 09:56:21,680 DEBUG - Adding type registration characters_clob -&gt; org.hibernate.type.PrimitiveCharacterArrayClobType@54929696
org.hibernate.type.BasicTypeRegistry 2015-01-23 09:56:21,680 INFO  - Type registration [characters_clob] overrides previous : org.hibernate.type.PrimitiveCharacterArrayClobType@271e1866
org.hibernate.impl.SessionFactoryImpl 2015-01-23 09:56:21,681 DEBUG - Session factory constructed with filter configurations : {}
org.hibernate.impl.SessionFactoryImpl 2015-01-23 09:56:21,681 DEBUG - instantiating session factory with properties: {idea.version=14.0.2, java.runtime.name=Java(TM) SE Runtime Environment, sun.boot.library.path=C:\Program Files\Java\jdk1.7.0_71\jre\bin, java.vm.version=24.71-b01, java.vm.vendor=Oracle Corporation, java.vendor.url=http://java.oracle.com/, path.separator=;, java.vm.name=Java HotSpot(TM) 64-Bit Server VM, file.encoding.pkg=sun.io, user.script=, user.country=RU, sun.java.launcher=SUN_STANDARD, sun.os.patch.level=Service Pack 1, java.vm.specification.name=Java Virtual Machine Specification, user.dir=D:\users\beresnev\projects\NKA_NET3\nka_net3\services, java.runtime.version=1.7.0_71-b14, java.awt.graphicsenv=sun.awt.Win32GraphicsEnvironment, basedir=D:\users\beresnev\projects\NKA_NET3\nka_net3\services, hibernate.current_session_context_class=org.springframework.orm.hibernate3.SpringSessionContext, java.endorsed.dirs=C:\Program Files\Java\jdk1.7.0_71\jre\lib\endorsed, os.arch=amd64, surefire.real.class.path=D:\users\beresnev\projects\NKA_NET3\nka_net3\services\target\surefire\surefirebooter1413480498533976173.jar, java.io.tmpdir=C:\Users\beresnev\AppData\Local\Temp\, line.separator=
, java.vm.specification.vendor=Oracle Corporation, user.variant=, default_schema=NKA_NET3, os.name=Windows 7, sun.jnu.encoding=Cp1251, java.library.path=C:\Program Files\Java\jdk1.7.0_71\jre\bin;C:\Windows\Sun\Java\bin;C:\Windows\system32;C:\Windows;C:\Program Files\Java\jdk1.7.0_71\bin;d:\users\beresnev\projects\apache-maven-3.2.3\bin;C:\ProgramData\Oracle\Java\javapath;C:\oracle\product\10.2.0\client_1\bin;C:\Program Files (x86)\NVIDIA Corporation\PhysX\Common;C:\Program Files (x86)\Intel\iCLS Client\;C:\Program Files\Intel\iCLS Client\;C:\Windows\system32;C:\Windows;C:\Windows\System32\Wbem;C:\Windows\System32\WindowsPowerShell\v1.0\;C:\Program Files\Intel\Intel(R) Management Engine Components\DAL;C:\Program Files\Intel\Intel(R) Management Engine Components\IPT;C:\Program Files (x86)\Intel\Intel(R) Management Engine Components\DAL;C:\Program Files (x86)\Intel\Intel(R) Management Engine Components\IPT;C:\MinGW\msys\1.0\bin;C:\Program Files (x86)\Vagrant\bin;C:\Users\beresnev\AppData\Local\GitHub\PortableGit_c2ba306e536fdf878271f7fe636a147ff37326ad\bin;., surefire.test.class.path=D:\users\beresnev\projects\NKA_NET3\nka_net3\services\target\test-classes;D:\users\beresnev\projects\NKA_NET3\nka_net3\services\target\classes;D:\users\beresnev\projects\NKA_NET3\nka_net3\dao\target\dao-1.0.jar;c:\Users\beresnev\.m2\repository\org\hibernate\hibernate-entitymanager\4.3.6.Final\hibernate-entitymanager-4.3.6.Final.jar;c:\Users\beresnev\.m2\repository\org\jboss\logging\jboss-logging\3.1.3.GA\jboss-logging-3.1.3.GA.jar;c:\Users\beresnev\.m2\repository\org\jboss\logging\jboss-logging-annotations\1.2.0.Beta1\jboss-logging-annotations-1.2.0.Beta1.jar;c:\Users\beresnev\.m2\repository\dom4j\dom4j\1.6.1\dom4j-1.6.1.jar;c:\Users\beresnev\.m2\repository\xml-apis\xml-apis\1.0.b2\xml-apis-1.0.b2.jar;c:\Users\beresnev\.m2\repository\org\hibernate\javax\persistence\hibernate-jpa-2.1-api\1.0.0.Final\hibernate-jpa-2.1-api-1.0.0.Final.jar;c:\Users\beresnev\.m2\repository\org\jboss\spec\javax\transaction\jboss-transaction-api_1.2_spec\1.0.0.Final\jboss-transaction-api_1.2_spec-1.0.0.Final.jar;c:\Users\beresnev\.m2\repository\org\javassist\javassist\3.18.1-GA\javassist-3.18.1-GA.jar;c:\Users\beresnev\.m2\repository\org\hibernate\hibernate-core\3.6.4.Final\hibernate-core-3.6.4.Final.jar;c:\Users\beresnev\.m2\repository\antlr\antlr\2.7.6\antlr-2.7.6.jar;c:\Users\beresnev\.m2\repository\commons-collections\commons-collections\3.1\commons-collections-3.1.jar;c:\Users\beresnev\.m2\repository\org\hibernate\hibernate-commons-annotations\3.2.0.Final\hibernate-commons-annotations-3.2.0.Final.jar;c:\Users\beresnev\.m2\repository\org\hibernate\javax\persistence\hibernate-jpa-2.0-api\1.0.0.Final\hibernate-jpa-2.0-api-1.0.0.Final.jar;c:\Users\beresnev\.m2\repository\javax\transaction\jta\1.1\jta-1.1.jar;c:\Users\beresnev\.m2\repository\org\hibernate\common\hibernate-commons-annotations\4.0.4.Final\hibernate-commons-annotations-4.0.4.Final.jar;c:\Users\beresnev\.m2\repository\commons-dbcp\commons-dbcp\1.4\commons-dbcp-1.4.jar;c:\Users\beresnev\.m2\repository\commons-pool\commons-pool\1.5.4\commons-pool-1.5.4.jar;c:\Users\beresnev\.m2\repository\org\springframework\spring-orm\4.0.5.RELEASE\spring-orm-4.0.5.RELEASE.jar;c:\Users\beresnev\.m2\repository\org\springframework\spring-jdbc\4.0.5.RELEASE\spring-jdbc-4.0.5.RELEASE.jar;c:\Users\beresnev\.m2\repository\com\oracle\ojdbc6\11.2.0.3\ojdbc6-11.2.0.3.jar;c:\Users\beresnev\.m2\repository\log4j\log4j\1.2.17\log4j-1.2.17.jar;c:\Users\beresnev\.m2\repository\org\slf4j\slf4j-api\1.7.10\slf4j-api-1.7.10.jar;c:\Users\beresnev\.m2\repository\org\slf4j\slf4j-log4j12\1.7.10\slf4j-log4j12-1.7.10.jar;c:\Users\beresnev\.m2\repository\junit\junit\3.8.1\junit-3.8.1.jar;c:\Users\beresnev\.m2\repository\org\springframework\spring-core\4.0.5.RELEASE\spring-core-4.0.5.RELEASE.jar;c:\Users\beresnev\.m2\repository\commons-logging\commons-logging\1.1.3\commons-logging-1.1.3.jar;c:\Users\beresnev\.m2\repository\org\springframework\spring-beans\4.0.5.RELEASE\spring-beans-4.0.5.RELEASE.jar;c:\Users\beresnev\.m2\repository\org\springframework\spring-context\4.0.5.RELEASE\spring-context-4.0.5.RELEASE.jar;c:\Users\beresnev\.m2\repository\org\springframework\spring-aop\4.0.5.RELEASE\spring-aop-4.0.5.RELEASE.jar;c:\Users\beresnev\.m2\repository\aopalliance\aopalliance\1.0\aopalliance-1.0.jar;c:\Users\beresnev\.m2\repository\org\springframework\spring-expression\4.0.5.RELEASE\spring-expression-4.0.5.RELEASE.jar;c:\Users\beresnev\.m2\repository\org\springframework\spring-tx\4.0.5.RELEASE\spring-tx-4.0.5.RELEASE.jar;, debug=true, java.specification.name=Java Platform API Specification, java.class.version=51.0, sun.management.compiler=HotSpot 64-Bit Tiered Compilers, hibernate.transaction.factory_class=org.springframework.orm.hibernate3.SpringTransactionFactory, os.version=6.1, user.home=C:\Users\admin, user.timezone=Europe/MINSK, java.awt.printerjob=sun.awt.windows.WPrinterJob, java.specification.version=1.7, file.encoding=Cp1251, user.name=beresnev, java.class.path=D:\users\beresnev\projects\NKA_NET3\nka_net3\services\target\test-classes;D:\users\beresnev\projects\NKA_NET3\nka_net3\services\target\classes;D:\users\beresnev\projects\NKA_NET3\nka_net3\dao\target\dao-1.0.jar;c:\Users\beresnev\.m2\repository\org\hibernate\hibernate-entitymanager\4.3.6.Final\hibernate-entitymanager-4.3.6.Final.jar;c:\Users\beresnev\.m2\repository\org\jboss\logging\jboss-logging\3.1.3.GA\jboss-logging-3.1.3.GA.jar;c:\Users\beresnev\.m2\repository\org\jboss\logging\jboss-logging-annotations\1.2.0.Beta1\jboss-logging-annotations-1.2.0.Beta1.jar;c:\Users\beresnev\.m2\repository\dom4j\dom4j\1.6.1\dom4j-1.6.1.jar;c:\Users\beresnev\.m2\repository\xml-apis\xml-apis\1.0.b2\xml-apis-1.0.b2.jar;c:\Users\beresnev\.m2\repository\org\hibernate\javax\persistence\hibernate-jpa-2.1-api\1.0.0.Final\hibernate-jpa-2.1-api-1.0.0.Final.jar;c:\Users\beresnev\.m2\repository\org\jboss\spec\javax\transaction\jboss-transaction-api_1.2_spec\1.0.0.Final\jboss-transaction-api_1.2_spec-1.0.0.Final.jar;c:\Users\beresnev\.m2\repository\org\javassist\javassist\3.18.1-GA\javassist-3.18.1-GA.jar;c:\Users\beresnev\.m2\repository\org\hibernate\hibernate-core\3.6.4.Final\hibernate-core-3.6.4.Final.jar;c:\Users\beresnev\.m2\repository\antlr\antlr\2.7.6\antlr-2.7.6.jar;c:\Users\beresnev\.m2\repository\commons-collections\commons-collections\3.1\commons-collections-3.1.jar;c:\Users\beresnev\.m2\repository\org\hibernate\hibernate-commons-annotations\3.2.0.Final\hibernate-commons-annotations-3.2.0.Final.jar;c:\Users\beresnev\.m2\repository\org\hibernate\javax\persistence\hibernate-jpa-2.0-api\1.0.0.Final\hibernate-jpa-2.0-api-1.0.0.Final.jar;c:\Users\beresnev\.m2\repository\javax\transaction\jta\1.1\jta-1.1.jar;c:\Users\beresnev\.m2\repository\org\hibernate\common\hibernate-commons-annotations\4.0.4.Final\hibernate-commons-annotations-4.0.4.Final.jar;c:\Users\beresnev\.m2\repository\commons-dbcp\commons-dbcp\1.4\commons-dbcp-1.4.jar;c:\Users\beresnev\.m2\repository\commons-pool\commons-pool\1.5.4\commons-pool-1.5.4.jar;c:\Users\beresnev\.m2\repository\org\springframework\spring-orm\4.0.5.RELEASE\spring-orm-4.0.5.RELEASE.jar;c:\Users\beresnev\.m2\repository\org\springframework\spring-jdbc\4.0.5.RELEASE\spring-jdbc-4.0.5.RELEASE.jar;c:\Users\beresnev\.m2\repository\com\oracle\ojdbc6\11.2.0.3\ojdbc6-11.2.0.3.jar;c:\Users\beresnev\.m2\repository\log4j\log4j\1.2.17\log4j-1.2.17.jar;c:\Users\beresnev\.m2\repository\org\slf4j\slf4j-api\1.7.10\slf4j-api-1.7.10.jar;c:\Users\beresnev\.m2\repository\org\slf4j\slf4j-log4j12\1.7.10\slf4j-log4j12-1.7.10.jar;c:\Users\beresnev\.m2\repository\junit\junit\3.8.1\junit-3.8.1.jar;c:\Users\beresnev\.m2\repository\org\springframework\spring-core\4.0.5.RELEASE\spring-core-4.0.5.RELEASE.jar;c:\Users\beresnev\.m2\repository\commons-logging\commons-logging\1.1.3\commons-logging-1.1.3.jar;c:\Users\beresnev\.m2\repository\org\springframework\spring-beans\4.0.5.RELEASE\spring-beans-4.0.5.RELEASE.jar;c:\Users\beresnev\.m2\repository\org\springframework\spring-context\4.0.5.RELEASE\spring-context-4.0.5.RELEASE.jar;c:\Users\beresnev\.m2\repository\org\springframework\spring-aop\4.0.5.RELEASE\spring-aop-4.0.5.RELEASE.jar;c:\Users\beresnev\.m2\repository\aopalliance\aopalliance\1.0\aopalliance-1.0.jar;c:\Users\beresnev\.m2\repository\org\springframework\spring-expression\4.0.5.RELEASE\spring-expression-4.0.5.RELEASE.jar;c:\Users\beresnev\.m2\repository\org\springframework\spring-tx\4.0.5.RELEASE\spring-tx-4.0.5.RELEASE.jar;, hibernate.bytecode.use_reflection_optimizer=false, hibernate.show_sql=true, java.vm.specification.version=1.7, sun.arch.data.model=64, java.home=C:\Program Files\Java\jdk1.7.0_71\jre, sun.java.command=D:\users\beresnev\projects\NKA_NET3\nka_net3\services\target\surefire\surefirebooter1413480498533976173.jar D:\users\beresnev\projects\NKA_NET3\nka_net3\services\target\surefire\surefire8042463635993156586tmp D:\users\beresnev\projects\NKA_NET3\nka_net3\services\target\surefire\surefire_01739862803345232114tmp, hibernate.dialect=org.hibernate.dialect.Oracle10gDialect, java.specification.vendor=Oracle Corporation, user.language=ru, awt.toolkit=sun.awt.windows.WToolkit, java.vm.info=mixed mode, java.version=1.7.0_71, java.ext.dirs=C:\Program Files\Java\jdk1.7.0_71\jre\lib\ext;C:\Windows\Sun\Java\lib\ext, sun.boot.class.path=C:\Program Files\Java\jdk1.7.0_71\jre\lib\resources.jar;C:\Program Files\Java\jdk1.7.0_71\jre\lib\rt.jar;C:\Program Files\Java\jdk1.7.0_71\jre\lib\sunrsasign.jar;C:\Program Files\Java\jdk1.7.0_71\jre\lib\jsse.jar;C:\Program Files\Java\jdk1.7.0_71\jre\lib\jce.jar;C:\Program Files\Java\jdk1.7.0_71\jre\lib\charsets.jar;C:\Program Files\Java\jdk1.7.0_71\jre\lib\jfr.jar;C:\Program Files\Java\jdk1.7.0_71\jre\classes, java.vendor=Oracle Corporation, localRepository=c:\Users\beresnev\.m2\repository, file.separator=\, java.vendor.url.bug=http://bugreport.sun.com/bugreport/, hibernate.hbm2ddl.auto=validate, hibernate.connection.provider_class=org.springframework.orm.hibernate3.LocalDataSourceConnectionProvider, sun.cpu.endian=little, sun.io.unicode.encoding=UnicodeLittle, sun.desktop=windows, sun.cpu.isalist=amd64}
org.hibernate.id.factory.DefaultIdentifierGeneratorFactory 2015-01-23 09:56:21,689 DEBUG - Setting dialect [org.hibernate.dialect.Oracle10gDialect]
org.hibernate.id.factory.DefaultIdentifierGeneratorFactory 2015-01-23 09:56:21,689 DEBUG - Setting dialect [org.hibernate.dialect.Oracle10gDialect]
org.hibernate.id.enhanced.OptimizerFactory$LegacyHiLoAlgorithmOptimizer 2015-01-23 09:56:21,691 TRACE - creating hilo optimizer (legacy) with [incrementSize=49; returnClass=java.lang.Integer]
org.hibernate.persister.entity.AbstractPropertyMapping 2015-01-23 09:56:21,777 TRACE - Skipping duplicate registration of path [elementtypename], existing type = [org.hibernate.type.StringType@17e9cdb6], incoming type = [org.hibernate.type.StringType@17e9cdb6]
org.hibernate.persister.entity.AbstractPropertyMapping 2015-01-23 09:56:21,777 TRACE - Skipping duplicate registration of path [immovabletypename], existing type = [org.hibernate.type.StringType@17e9cdb6], incoming type = [org.hibernate.type.StringType@17e9cdb6]
org.hibernate.persister.entity.AbstractPropertyMapping 2015-01-23 09:56:21,777 TRACE - Skipping duplicate registration of path [indHouse], existing type = [org.hibernate.type.StringType@17e9cdb6], incoming type = [org.hibernate.type.StringType@17e9cdb6]
org.hibernate.persister.entity.AbstractPropertyMapping 2015-01-23 09:56:21,777 TRACE - Skipping duplicate registration of path [indRoom], existing type = [org.hibernate.type.StringType@17e9cdb6], incoming type = [org.hibernate.type.StringType@17e9cdb6]
org.hibernate.persister.entity.AbstractPropertyMapping 2015-01-23 09:56:21,777 TRACE - Skipping duplicate registration of path [np], existing type = [org.hibernate.type.StringType@17e9cdb6], incoming type = [org.hibernate.type.StringType@17e9cdb6]
org.hibernate.persister.entity.AbstractPropertyMapping 2015-01-23 09:56:21,778 TRACE - Skipping duplicate registration of path [numCorp], existing type = [org.hibernate.type.IntegerType@950a505], incoming type = [org.hibernate.type.IntegerType@950a505]
org.hibernate.persister.entity.AbstractPropertyMapping 2015-01-23 09:56:21,778 TRACE - Skipping duplicate registration of path [numHouse], existing type = [org.hibernate.type.IntegerType@950a505], incoming type = [org.hibernate.type.IntegerType@950a505]
org.hibernate.persister.entity.AbstractPropertyMapping 2015-01-23 09:56:21,778 TRACE - Skipping duplicate registration of path [numRoom], existing type = [org.hibernate.type.IntegerType@950a505], incoming type = [org.hibernate.type.IntegerType@950a505]
org.hibernate.persister.entity.AbstractPropertyMapping 2015-01-23 09:56:21,778 TRACE - Skipping duplicate registration of path [region], existing type = [org.hibernate.type.StringType@17e9cdb6], incoming type = [org.hibernate.type.StringType@17e9cdb6]
org.hibernate.persister.entity.AbstractPropertyMapping 2015-01-23 09:56:21,778 TRACE - Skipping duplicate registration of path [sovet], existing type = [org.hibernate.type.StringType@17e9cdb6], incoming type = [org.hibernate.type.StringType@17e9cdb6]
org.hibernate.persister.entity.AbstractPropertyMapping 2015-01-23 09:56:21,778 TRACE - Skipping duplicate registration of path [subregion], existing type = [org.hibernate.type.StringType@17e9cdb6], incoming type = [org.hibernate.type.StringType@17e9cdb6]
org.hibernate.persister.entity.AbstractEntityPersister 2015-01-23 09:56:21,781 DEBUG - Static SQL for entity: nla.local.pojos.Address
org.hibernate.persister.entity.AbstractEntityPersister 2015-01-23 09:56:21,781 DEBUG -  Version select: select ADR_NUM from V_ADDRESSES where ADR_NUM =?
org.hibernate.persister.entity.AbstractEntityPersister 2015-01-23 09:56:21,782 DEBUG -  Snapshot select: select address_.ADR_NUM, address_.ELEMENTTYPENAME as ELEMENTT2_2_, address_.IMMOVABLETYPENAME as IMMOVABL3_2_, address_.IND_HOUSE as IND4_2_, address_.IND_ROOM as IND5_2_, address_.NP as NP2_, address_.NUM_CORP as NUM7_2_, address_.NUM_HOUSE as NUM8_2_, address_.NUM_ROOM as NUM9_2_, address_.REGION as REGION2_, address_.SOVET as SOVET2_, address_.SUBREGION as SUBREGION2_ from V_ADDRESSES address_ where address_.ADR_NUM=?
org.hibernate.persister.entity.AbstractEntityPersister 2015-01-23 09:56:21,782 DEBUG -  Insert 0: insert into V_ADDRESSES (ELEMENTTYPENAME, IMMOVABLETYPENAME, IND_HOUSE, IND_ROOM, NP, NUM_CORP, NUM_HOUSE, NUM_ROOM, REGION, SOVET, SUBREGION, ADR_NUM) values (?, ?, ?, ?, ?, ?, ?, ?, ?, ?, ?, ?)
org.hibernate.persister.entity.AbstractEntityPersister 2015-01-23 09:56:21,782 DEBUG -  Update 0: update V_ADDRESSES set ELEMENTTYPENAME=?, IMMOVABLETYPENAME=?, IND_HOUSE=?, IND_ROOM=?, NP=?, NUM_CORP=?, NUM_HOUSE=?, NUM_ROOM=?, REGION=?, SOVET=?, SUBREGION=? where ADR_NUM=?
org.hibernate.persister.entity.AbstractEntityPersister 2015-01-23 09:56:21,782 DEBUG -  Delete 0: delete from V_ADDRESSES where ADR_NUM=?
org.hibernate.persister.entity.AbstractPropertyMapping 2015-01-23 09:56:21,786 TRACE - Skipping duplicate registration of path [address.id], existing type = [org.hibernate.type.IntegerType@950a505], incoming type = [org.hibernate.type.IntegerType@950a505]
org.hibernate.persister.entity.AbstractPropertyMapping 2015-01-23 09:56:21,786 TRACE - Skipping duplicate registration of path [address.address_id], existing type = [org.hibernate.type.IntegerType@950a505], incoming type = [org.hibernate.type.IntegerType@950a505]
org.hibernate.persister.entity.AbstractPropertyMapping 2015-01-23 09:56:21,786 TRACE - Skipping duplicate registration of path [address], existing type = [org.hibernate.type.ManyToOneType(nla.local.pojos.Address)], incoming type = [org.hibernate.type.ManyToOneType(nla.local.pojos.Address)]
org.hibernate.persister.entity.AbstractPropertyMapping 2015-01-23 09:56:21,787 TRACE - Skipping duplicate registration of path [address.id], existing type = [org.hibernate.type.IntegerType@950a505], incoming type = [org.hibernate.type.IntegerType@950a505]
org.hibernate.persister.entity.AbstractPropertyMapping 2015-01-23 09:56:21,787 TRACE - Skipping duplicate registration of path [address.id], existing type = [org.hibernate.type.IntegerType@950a505], incoming type = [org.hibernate.type.IntegerType@950a505]
org.hibernate.persister.entity.AbstractPropertyMapping 2015-01-23 09:56:21,787 TRACE - Skipping duplicate registration of path [address.address_id], existing type = [org.hibernate.type.IntegerType@950a505], incoming type = [org.hibernate.type.IntegerType@950a505]
org.hibernate.persister.entity.AbstractPropertyMapping 2015-01-23 09:56:21,787 TRACE - Skipping duplicate registration of path [address.address_id], existing type = [org.hibernate.type.IntegerType@950a505], incoming type = [org.hibernate.type.IntegerType@950a505]
org.hibernate.persister.entity.AbstractPropertyMapping 2015-01-23 09:56:21,787 TRACE - Skipping duplicate registration of path [bothRegDate], existing type = [org.hibernate.type.TimestampType@3f88655e], incoming type = [org.hibernate.type.TimestampType@3f88655e]
org.hibernate.persister.entity.AbstractPropertyMapping 2015-01-23 09:56:21,788 TRACE - Skipping duplicate registration of path [isOwner], existing type = [org.hibernate.type.IntegerType@950a505], incoming type = [org.hibernate.type.IntegerType@950a505]
org.hibernate.persister.entity.AbstractPropertyMapping 2015-01-23 09:56:21,788 TRACE - Skipping duplicate registration of path [reestrdataID], existing type = [org.hibernate.type.IntegerType@950a505], incoming type = [org.hibernate.type.IntegerType@950a505]
org.hibernate.persister.entity.AbstractPropertyMapping 2015-01-23 09:56:21,788 TRACE - Skipping duplicate registration of path [subjectType], existing type = [org.hibernate.type.IntegerType@950a505], incoming type = [org.hibernate.type.IntegerType@950a505]
org.hibernate.persister.entity.AbstractPropertyMapping 2015-01-23 09:56:21,788 TRACE - Skipping duplicate registration of path [address], existing type = [org.hibernate.type.ManyToOneType(nla.local.pojos.Address)], incoming type = [org.hibernate.type.ManyToOneType(nla.local.pojos.Address)]
org.hibernate.persister.entity.AbstractPropertyMapping 2015-01-23 09:56:21,788 TRACE - Skipping duplicate registration of path [address.id], existing type = [org.hibernate.type.IntegerType@950a505], incoming type = [org.hibernate.type.IntegerType@950a505]
org.hibernate.persister.entity.AbstractPropertyMapping 2015-01-23 09:56:21,789 TRACE - Skipping duplicate registration of path [address.id], existing type = [org.hibernate.type.IntegerType@950a505], incoming type = [org.hibernate.type.IntegerType@950a505]
org.hibernate.persister.entity.AbstractPropertyMapping 2015-01-23 09:56:21,789 TRACE - Skipping duplicate registration of path [address.address_id], existing type = [org.hibernate.type.IntegerType@950a505], incoming type = [org.hibernate.type.IntegerType@950a505]
org.hibernate.persister.entity.AbstractPropertyMapping 2015-01-23 09:56:21,789 TRACE - Skipping duplicate registration of path [address.address_id], existing type = [org.hibernate.type.IntegerType@950a505], incoming type = [org.hibernate.type.IntegerType@950a505]
org.hibernate.persister.entity.AbstractPropertyMapping 2015-01-23 09:56:21,789 TRACE - Skipping duplicate registration of path [bothRegDate], existing type = [org.hibernate.type.TimestampType@3f88655e], incoming type = [org.hibernate.type.TimestampType@3f88655e]
org.hibernate.persister.entity.AbstractPropertyMapping 2015-01-23 09:56:21,789 TRACE - Skipping duplicate registration of path [datestart], existing type = [org.hibernate.type.TimestampType@3f88655e], incoming type = [org.hibernate.type.TimestampType@3f88655e]
org.hibernate.persister.entity.AbstractPropertyMapping 2015-01-23 09:56:21,789 TRACE - Skipping duplicate registration of path [fathername], existing type = [org.hibernate.type.StringType@17e9cdb6], incoming type = [org.hibernate.type.StringType@17e9cdb6]
org.hibernate.persister.entity.AbstractPropertyMapping 2015-01-23 09:56:21,790 TRACE - Skipping duplicate registration of path [firstname], existing type = [org.hibernate.type.StringType@17e9cdb6], incoming type = [org.hibernate.type.StringType@17e9cdb6]
org.hibernate.persister.entity.AbstractPropertyMapping 2015-01-23 09:56:21,790 TRACE - Skipping duplicate registration of path [personalNumber], existing type = [org.hibernate.type.StringType@17e9cdb6], incoming type = [org.hibernate.type.StringType@17e9cdb6]
org.hibernate.persister.entity.AbstractPropertyMapping 2015-01-23 09:56:21,790 TRACE - Skipping duplicate registration of path [surname], existing type = [org.hibernate.type.StringType@17e9cdb6], incoming type = [org.hibernate.type.StringType@17e9cdb6]
org.hibernate.persister.entity.AbstractPropertyMapping 2015-01-23 09:56:21,790 TRACE - Skipping duplicate registration of path [actual], existing type = [org.hibernate.type.IntegerType@950a505], incoming type = [org.hibernate.type.IntegerType@950a505]
org.hibernate.persister.entity.AbstractPropertyMapping 2015-01-23 09:56:21,790 TRACE - Skipping duplicate registration of path [address], existing type = [org.hibernate.type.ManyToOneType(nla.local.pojos.Address)], incoming type = [org.hibernate.type.ManyToOneType(nla.local.pojos.Address)]
org.hibernate.persister.entity.AbstractPropertyMapping 2015-01-23 09:56:21,790 TRACE - Skipping duplicate registration of path [address.id], existing type = [org.hibernate.type.IntegerType@950a505], incoming type = [org.hibernate.type.IntegerType@950a505]
org.hibernate.persister.entity.AbstractPropertyMapping 2015-01-23 09:56:21,791 TRACE - Skipping duplicate registration of path [address.id], existing type = [org.hibernate.type.IntegerType@950a505], incoming type = [org.hibernate.type.IntegerType@950a505]
org.hibernate.persister.entity.AbstractPropertyMapping 2015-01-23 09:56:21,791 TRACE - Skipping duplicate registration of path [address.address_id], existing type = [org.hibernate.type.IntegerType@950a505], incoming type = [org.hibernate.type.IntegerType@950a505]
org.hibernate.persister.entity.AbstractPropertyMapping 2015-01-23 09:56:21,791 TRACE - Skipping duplicate registration of path [address.address_id], existing type = [org.hibernate.type.IntegerType@950a505], incoming type = [org.hibernate.type.IntegerType@950a505]
org.hibernate.persister.entity.AbstractPropertyMapping 2015-01-23 09:56:21,791 TRACE - Skipping duplicate registration of path [bothRegDate], existing type = [org.hibernate.type.TimestampType@3f88655e], incoming type = [org.hibernate.type.TimestampType@3f88655e]
org.hibernate.persister.entity.AbstractPropertyMapping 2015-01-23 09:56:21,791 TRACE - Skipping duplicate registration of path [fullname], existing type = [org.hibernate.type.StringType@17e9cdb6], incoming type = [org.hibernate.type.StringType@17e9cdb6]
org.hibernate.persister.entity.AbstractPropertyMapping 2015-01-23 09:56:21,791 TRACE - Skipping duplicate registration of path [orgRightForm], existing type = [org.hibernate.type.IntegerType@950a505], incoming type = [org.hibernate.type.IntegerType@950a505]
org.hibernate.persister.entity.AbstractPropertyMapping 2015-01-23 09:56:21,791 TRACE - Skipping duplicate registration of path [regNumber], existing type = [org.hibernate.type.StringType@17e9cdb6], incoming type = [org.hibernate.type.StringType@17e9cdb6]
org.hibernate.persister.entity.AbstractPropertyMapping 2015-01-23 09:56:21,792 TRACE - Skipping duplicate registration of path [remark], existing type = [org.hibernate.type.StringType@17e9cdb6], incoming type = [org.hibernate.type.StringType@17e9cdb6]
org.hibernate.persister.entity.AbstractPropertyMapping 2015-01-23 09:56:21,792 TRACE - Skipping duplicate registration of path [shortname], existing type = [org.hibernate.type.StringType@17e9cdb6], incoming type = [org.hibernate.type.StringType@17e9cdb6]
org.hibernate.persister.entity.AbstractPropertyMapping 2015-01-23 09:56:21,792 TRACE - Skipping duplicate registration of path [unp], existing type = [org.hibernate.type.StringType@17e9cdb6], incoming type = [org.hibernate.type.StringType@17e9cdb6]
org.hibernate.persister.entity.AbstractEntityPersister 2015-01-23 09:56:21,792 DEBUG - Static SQL for entity: nla.local.pojos.Person
org.hibernate.persister.entity.AbstractEntityPersister 2015-01-23 09:56:21,793 DEBUG -  Version select: select SUBJECT_ID from H_SUBJECT where SUBJECT_ID =?
org.hibernate.persister.entity.AbstractEntityPersister 2015-01-23 09:56:21,793 DEBUG -  Snapshot select: select person_.SUBJECT_ID, person_.IS_OWNER as IS2_0_, person_.REESTRDATAID as REESTRDA3_0_, person_.SUBJECT_TYPE as SUBJECT4_0_ from H_SUBJECT person_ where person_.SUBJECT_ID=?
org.hibernate.persister.entity.AbstractEntityPersister 2015-01-23 09:56:21,793 DEBUG -  Insert 0: insert into H_SUBJECT (IS_OWNER, REESTRDATAID, SUBJECT_TYPE, SUBJECT_ID) values (?, ?, ?, ?)
org.hibernate.persister.entity.AbstractEntityPersister 2015-01-23 09:56:21,793 DEBUG -  Update 0: update H_SUBJECT set IS_OWNER=?, REESTRDATAID=?, SUBJECT_TYPE=? where SUBJECT_ID=?
org.hibernate.persister.entity.AbstractEntityPersister 2015-01-23 09:56:21,793 DEBUG -  Delete 0: delete from H_SUBJECT where SUBJECT_ID=?
org.hibernate.persister.entity.AbstractPropertyMapping 2015-01-23 09:56:21,796 TRACE - Skipping duplicate registration of path [address.id], existing type = [org.hibernate.type.IntegerType@950a505], incoming type = [org.hibernate.type.IntegerType@950a505]
org.hibernate.persister.entity.AbstractPropertyMapping 2015-01-23 09:56:21,796 TRACE - Skipping duplicate registration of path [address.address_id], existing type = [org.hibernate.type.IntegerType@950a505], incoming type = [org.hibernate.type.IntegerType@950a505]
org.hibernate.persister.entity.AbstractPropertyMapping 2015-01-23 09:56:21,796 TRACE - Skipping duplicate registration of path [isOwner], existing type = [org.hibernate.type.IntegerType@950a505], incoming type = [org.hibernate.type.IntegerType@950a505]
org.hibernate.persister.entity.AbstractPropertyMapping 2015-01-23 09:56:21,796 TRACE - Skipping duplicate registration of path [reestrdataID], existing type = [org.hibernate.type.IntegerType@950a505], incoming type = [org.hibernate.type.IntegerType@950a505]
org.hibernate.persister.entity.AbstractPropertyMapping 2015-01-23 09:56:21,797 TRACE - Skipping duplicate registration of path [subjectType], existing type = [org.hibernate.type.IntegerType@950a505], incoming type = [org.hibernate.type.IntegerType@950a505]
org.hibernate.persister.entity.AbstractPropertyMapping 2015-01-23 09:56:21,797 TRACE - Skipping duplicate registration of path [actual], existing type = [org.hibernate.type.IntegerType@950a505], incoming type = [org.hibernate.type.IntegerType@950a505]
org.hibernate.persister.entity.AbstractPropertyMapping 2015-01-23 09:56:21,797 TRACE - Skipping duplicate registration of path [address], existing type = [org.hibernate.type.ManyToOneType(nla.local.pojos.Address)], incoming type = [org.hibernate.type.ManyToOneType(nla.local.pojos.Address)]
org.hibernate.persister.entity.AbstractPropertyMapping 2015-01-23 09:56:21,797 TRACE - Skipping duplicate registration of path [address.id], existing type = [org.hibernate.type.IntegerType@950a505], incoming type = [org.hibernate.type.IntegerType@950a505]
org.hibernate.persister.entity.AbstractPropertyMapping 2015-01-23 09:56:21,797 TRACE - Skipping duplicate registration of path [address.id], existing type = [org.hibernate.type.IntegerType@950a505], incoming type = [org.hibernate.type.IntegerType@950a505]
org.hibernate.persister.entity.AbstractPropertyMapping 2015-01-23 09:56:21,797 TRACE - Skipping duplicate registration of path [address.address_id], existing type = [org.hibernate.type.IntegerType@950a505], incoming type = [org.hibernate.type.IntegerType@950a505]
org.hibernate.persister.entity.AbstractPropertyMapping 2015-01-23 09:56:21,798 TRACE - Skipping duplicate registration of path [address.address_id], existing type = [org.hibernate.type.IntegerType@950a505], incoming type = [org.hibernate.type.IntegerType@950a505]
org.hibernate.persister.entity.AbstractPropertyMapping 2015-01-23 09:56:21,798 TRACE - Skipping duplicate registration of path [bothRegDate], existing type = [org.hibernate.type.TimestampType@3f88655e], incoming type = [org.hibernate.type.TimestampType@3f88655e]
org.hibernate.persister.entity.AbstractPropertyMapping 2015-01-23 09:56:21,798 TRACE - Skipping duplicate registration of path [fullname], existing type = [org.hibernate.type.StringType@17e9cdb6], incoming type = [org.hibernate.type.StringType@17e9cdb6]
org.hibernate.persister.entity.AbstractPropertyMapping 2015-01-23 09:56:21,798 TRACE - Skipping duplicate registration of path [orgRightForm], existing type = [org.hibernate.type.IntegerType@950a505], incoming type = [org.hibernate.type.IntegerType@950a505]
org.hibernate.persister.entity.AbstractPropertyMapping 2015-01-23 09:56:21,798 TRACE - Skipping duplicate registration of path [regNumber], existing type = [org.hibernate.type.StringType@17e9cdb6], incoming type = [org.hibernate.type.StringType@17e9cdb6]
org.hibernate.persister.entity.AbstractPropertyMapping 2015-01-23 09:56:21,798 TRACE - Skipping duplicate registration of path [remark], existing type = [org.hibernate.type.StringType@17e9cdb6], incoming type = [org.hibernate.type.StringType@17e9cdb6]
org.hibernate.persister.entity.AbstractPropertyMapping 2015-01-23 09:56:21,799 TRACE - Skipping duplicate registration of path [shortname], existing type = [org.hibernate.type.StringType@17e9cdb6], incoming type = [org.hibernate.type.StringType@17e9cdb6]
org.hibernate.persister.entity.AbstractPropertyMapping 2015-01-23 09:56:21,799 TRACE - Skipping duplicate registration of path [unp], existing type = [org.hibernate.type.StringType@17e9cdb6], incoming type = [org.hibernate.type.StringType@17e9cdb6]
org.hibernate.persister.entity.AbstractEntityPersister 2015-01-23 09:56:21,799 DEBUG - Static SQL for entity: nla.local.pojos.JPerson
org.hibernate.persister.entity.AbstractEntityPersister 2015-01-23 09:56:21,799 DEBUG -  Version select: select SUBJECT_ID from H_SUBJECT where SUBJECT_ID =?
org.hibernate.persister.entity.AbstractEntityPersister 2015-01-23 09:56:21,799 DEBUG -  Snapshot select: select jperson_.SUBJECT_ID, jperson_1_.IS_OWNER as IS2_0_, jperson_1_.REESTRDATAID as REESTRDA3_0_, jperson_1_.SUBJECT_TYPE as SUBJECT4_0_, jperson_.ACTUAL as ACTUAL1_, jperson_.ADDRESS_ID as ADDRESS15_1_, jperson_.BOTH_REG_DATE as BOTH1_1_, jperson_.FULLNAME as FULLNAME1_, jperson_.ORG_RIGHT_FORM as ORG9_1_, jperson_.REG_NUMBER as REG10_1_, jperson_.REMARK as REMARK1_, jperson_.SHORTNAME as SHORTNAME1_, jperson_.UNP as UNP1_ from H_SUBJECTSDATA jperson_ inner join H_SUBJECT jperson_1_ on jperson_.SUBJECT_ID=jperson_1_.SUBJECT_ID where jperson_.SUBJECT_ID=?
org.hibernate.persister.entity.AbstractEntityPersister 2015-01-23 09:56:21,800 DEBUG -  Insert 0: insert into H_SUBJECT (IS_OWNER, REESTRDATAID, SUBJECT_TYPE, SUBJECT_ID) values (?, ?, ?, ?)
org.hibernate.persister.entity.AbstractEntityPersister 2015-01-23 09:56:21,800 DEBUG -  Update 0: update H_SUBJECT set IS_OWNER=?, REESTRDATAID=?, SUBJECT_TYPE=? where SUBJECT_ID=?
org.hibernate.persister.entity.AbstractEntityPersister 2015-01-23 09:56:21,800 DEBUG -  Delete 0: delete from H_SUBJECT where SUBJECT_ID=?
org.hibernate.persister.entity.AbstractEntityPersister 2015-01-23 09:56:21,800 DEBUG -  Insert 1: insert into H_SUBJECTSDATA (ACTUAL, ADDRESS_ID, BOTH_REG_DATE, FULLNAME, ORG_RIGHT_FORM, REG_NUMBER, REMARK, SHORTNAME, UNP, SUBJECT_ID) values (?, ?, ?, ?, ?, ?, ?, ?, ?, ?)
org.hibernate.persister.entity.AbstractEntityPersister 2015-01-23 09:56:21,800 DEBUG -  Update 1: update H_SUBJECTSDATA set ACTUAL=?, ADDRESS_ID=?, BOTH_REG_DATE=?, FULLNAME=?, ORG_RIGHT_FORM=?, REG_NUMBER=?, REMARK=?, SHORTNAME=?, UNP=? where SUBJECT_ID=?
org.hibernate.persister.entity.AbstractEntityPersister 2015-01-23 09:56:21,800 DEBUG -  Delete 1: delete from H_SUBJECTSDATA where SUBJECT_ID=?
org.hibernate.persister.entity.AbstractPropertyMapping 2015-01-23 09:56:21,803 TRACE - Skipping duplicate registration of path [address.id], existing type = [org.hibernate.type.IntegerType@950a505], incoming type = [org.hibernate.type.IntegerType@950a505]
org.hibernate.persister.entity.AbstractPropertyMapping 2015-01-23 09:56:21,804 TRACE - Skipping duplicate registration of path [address.address_id], existing type = [org.hibernate.type.IntegerType@950a505], incoming type = [org.hibernate.type.IntegerType@950a505]
org.hibernate.persister.entity.AbstractPropertyMapping 2015-01-23 09:56:21,804 TRACE - Skipping duplicate registration of path [isOwner], existing type = [org.hibernate.type.IntegerType@950a505], incoming type = [org.hibernate.type.IntegerType@950a505]
org.hibernate.persister.entity.AbstractPropertyMapping 2015-01-23 09:56:21,804 TRACE - Skipping duplicate registration of path [reestrdataID], existing type = [org.hibernate.type.IntegerType@950a505], incoming type = [org.hibernate.type.IntegerType@950a505]
org.hibernate.persister.entity.AbstractPropertyMapping 2015-01-23 09:56:21,805 TRACE - Skipping duplicate registration of path [subjectType], existing type = [org.hibernate.type.IntegerType@950a505], incoming type = [org.hibernate.type.IntegerType@950a505]
org.hibernate.persister.entity.AbstractPropertyMapping 2015-01-23 09:56:21,805 TRACE - Skipping duplicate registration of path [address], existing type = [org.hibernate.type.ManyToOneType(nla.local.pojos.Address)], incoming type = [org.hibernate.type.ManyToOneType(nla.local.pojos.Address)]
org.hibernate.persister.entity.AbstractPropertyMapping 2015-01-23 09:56:21,805 TRACE - Skipping duplicate registration of path [address.id], existing type = [org.hibernate.type.IntegerType@950a505], incoming type = [org.hibernate.type.IntegerType@950a505]
org.hibernate.persister.entity.AbstractPropertyMapping 2015-01-23 09:56:21,805 TRACE - Skipping duplicate registration of path [address.id], existing type = [org.hibernate.type.IntegerType@950a505], incoming type = [org.hibernate.type.IntegerType@950a505]
org.hibernate.persister.entity.AbstractPropertyMapping 2015-01-23 09:56:21,805 TRACE - Skipping duplicate registration of path [address.address_id], existing type = [org.hibernate.type.IntegerType@950a505], incoming type = [org.hibernate.type.IntegerType@950a505]
org.hibernate.persister.entity.AbstractPropertyMapping 2015-01-23 09:56:21,805 TRACE - Skipping duplicate registration of path [address.address_id], existing type = [org.hibernate.type.IntegerType@950a505], incoming type = [org.hibernate.type.IntegerType@950a505]
org.hibernate.persister.entity.AbstractPropertyMapping 2015-01-23 09:56:21,806 TRACE - Skipping duplicate registration of path [bothRegDate], existing type = [org.hibernate.type.TimestampType@3f88655e], incoming type = [org.hibernate.type.TimestampType@3f88655e]
org.hibernate.persister.entity.AbstractPropertyMapping 2015-01-23 09:56:21,806 TRACE - Skipping duplicate registration of path [datestart], existing type = [org.hibernate.type.TimestampType@3f88655e], incoming type = [org.hibernate.type.TimestampType@3f88655e]
org.hibernate.persister.entity.AbstractPropertyMapping 2015-01-23 09:56:21,806 TRACE - Skipping duplicate registration of path [fathername], existing type = [org.hibernate.type.StringType@17e9cdb6], incoming type = [org.hibernate.type.StringType@17e9cdb6]
org.hibernate.persister.entity.AbstractPropertyMapping 2015-01-23 09:56:21,806 TRACE - Skipping duplicate registration of path [firstname], existing type = [org.hibernate.type.StringType@17e9cdb6], incoming type = [org.hibernate.type.StringType@17e9cdb6]
org.hibernate.persister.entity.AbstractPropertyMapping 2015-01-23 09:56:21,806 TRACE - Skipping duplicate registration of path [personalNumber], existing type = [org.hibernate.type.StringType@17e9cdb6], incoming type = [org.hibernate.type.StringType@17e9cdb6]
org.hibernate.persister.entity.AbstractPropertyMapping 2015-01-23 09:56:21,806 TRACE - Skipping duplicate registration of path [surname], existing type = [org.hibernate.type.StringType@17e9cdb6], incoming type = [org.hibernate.type.StringType@17e9cdb6]
org.hibernate.persister.entity.AbstractEntityPersister 2015-01-23 09:56:21,807 DEBUG - Static SQL for entity: nla.local.pojos.PPerson
org.hibernate.persister.entity.AbstractEntityPersister 2015-01-23 09:56:21,807 DEBUG -  Version select: select SUBJECT_ID from H_SUBJECT where SUBJECT_ID =?
org.hibernate.persister.entity.AbstractEntityPersister 2015-01-23 09:56:21,807 DEBUG -  Snapshot select: select pperson_.SUBJECT_ID, pperson_1_.IS_OWNER as IS2_0_, pperson_1_.REESTRDATAID as REESTRDA3_0_, pperson_1_.SUBJECT_TYPE as SUBJECT4_0_, pperson_.ADDRESS_ID as ADDRESS15_1_, pperson_.BOTH_REG_DATE as BOTH1_1_, pperson_.DATESTART as DATESTART1_, pperson_.FATHERNAME as FATHERNAME1_, pperson_.FIRSTNAME as FIRSTNAME1_, pperson_.PERSONAL_NUMBER as PERSONAL5_1_, pperson_.SURNAME as SURNAME1_ from H_SUBJECTSDATA pperson_ inner join H_SUBJECT pperson_1_ on pperson_.SUBJECT_ID=pperson_1_.SUBJECT_ID where pperson_.SUBJECT_ID=?
org.hibernate.persister.entity.AbstractEntityPersister 2015-01-23 09:56:21,807 DEBUG -  Insert 0: insert into H_SUBJECT (IS_OWNER, REESTRDATAID, SUBJECT_TYPE, SUBJECT_ID) values (?, ?, ?, ?)
org.hibernate.persister.entity.AbstractEntityPersister 2015-01-23 09:56:21,808 DEBUG -  Update 0: update H_SUBJECT set IS_OWNER=?, REESTRDATAID=?, SUBJECT_TYPE=? where SUBJECT_ID=?
org.hibernate.persister.entity.AbstractEntityPersister 2015-01-23 09:56:21,808 DEBUG -  Delete 0: delete from H_SUBJECT where SUBJECT_ID=?
org.hibernate.persister.entity.AbstractEntityPersister 2015-01-23 09:56:21,808 DEBUG -  Insert 1: insert into H_SUBJECTSDATA (ADDRESS_ID, BOTH_REG_DATE, DATESTART, FATHERNAME, FIRSTNAME, PERSONAL_NUMBER, SURNAME, SUBJECT_ID) values (?, ?, ?, ?, ?, ?, ?, ?)
org.hibernate.persister.entity.AbstractEntityPersister 2015-01-23 09:56:21,808 DEBUG -  Update 1: update H_SUBJECTSDATA set ADDRESS_ID=?, BOTH_REG_DATE=?, DATESTART=?, FATHERNAME=?, FIRSTNAME=?, PERSONAL_NUMBER=?, SURNAME=? where SUBJECT_ID=?
org.hibernate.persister.entity.AbstractEntityPersister 2015-01-23 09:56:21,808 DEBUG -  Delete 1: delete from H_SUBJECTSDATA where SUBJECT_ID=?
org.hibernate.loader.entity.EntityLoader 2015-01-23 09:56:21,821 DEBUG - Static select for entity nla.local.pojos.Address [NONE]: select address0_.ADR_NUM as ADR1_2_0_, address0_.ELEMENTTYPENAME as ELEMENTT2_2_0_, address0_.IMMOVABLETYPENAME as IMMOVABL3_2_0_, address0_.IND_HOUSE as IND4_2_0_, address0_.IND_ROOM as IND5_2_0_, address0_.NP as NP2_0_, address0_.NUM_CORP as NUM7_2_0_, address0_.NUM_HOUSE as NUM8_2_0_, address0_.NUM_ROOM as NUM9_2_0_, address0_.REGION as REGION2_0_, address0_.SOVET as SOVET2_0_, address0_.SUBREGION as SUBREGION2_0_ from V_ADDRESSES address0_ where address0_.ADR_NUM=?
org.hibernate.loader.entity.EntityLoader 2015-01-23 09:56:21,821 DEBUG - Static select for entity nla.local.pojos.Address [READ]: select address0_.ADR_NUM as ADR1_2_0_, address0_.ELEMENTTYPENAME as ELEMENTT2_2_0_, address0_.IMMOVABLETYPENAME as IMMOVABL3_2_0_, address0_.IND_HOUSE as IND4_2_0_, address0_.IND_ROOM as IND5_2_0_, address0_.NP as NP2_0_, address0_.NUM_CORP as NUM7_2_0_, address0_.NUM_HOUSE as NUM8_2_0_, address0_.NUM_ROOM as NUM9_2_0_, address0_.REGION as REGION2_0_, address0_.SOVET as SOVET2_0_, address0_.SUBREGION as SUBREGION2_0_ from V_ADDRESSES address0_ where address0_.ADR_NUM=?
org.hibernate.loader.entity.EntityLoader 2015-01-23 09:56:21,822 DEBUG - Static select for entity nla.local.pojos.Address [UPGRADE]: select address0_.ADR_NUM as ADR1_2_0_, address0_.ELEMENTTYPENAME as ELEMENTT2_2_0_, address0_.IMMOVABLETYPENAME as IMMOVABL3_2_0_, address0_.IND_HOUSE as IND4_2_0_, address0_.IND_ROOM as IND5_2_0_, address0_.NP as NP2_0_, address0_.NUM_CORP as NUM7_2_0_, address0_.NUM_HOUSE as NUM8_2_0_, address0_.NUM_ROOM as NUM9_2_0_, address0_.REGION as REGION2_0_, address0_.SOVET as SOVET2_0_, address0_.SUBREGION as SUBREGION2_0_ from V_ADDRESSES address0_ where address0_.ADR_NUM=? for update
org.hibernate.loader.entity.EntityLoader 2015-01-23 09:56:21,822 DEBUG - Static select for entity nla.local.pojos.Address [UPGRADE_NOWAIT]: select address0_.ADR_NUM as ADR1_2_0_, address0_.ELEMENTTYPENAME as ELEMENTT2_2_0_, address0_.IMMOVABLETYPENAME as IMMOVABL3_2_0_, address0_.IND_HOUSE as IND4_2_0_, address0_.IND_ROOM as IND5_2_0_, address0_.NP as NP2_0_, address0_.NUM_CORP as NUM7_2_0_, address0_.NUM_HOUSE as NUM8_2_0_, address0_.NUM_ROOM as NUM9_2_0_, address0_.REGION as REGION2_0_, address0_.SOVET as SOVET2_0_, address0_.SUBREGION as SUBREGION2_0_ from V_ADDRESSES address0_ where address0_.ADR_NUM=? for update nowait
org.hibernate.loader.entity.EntityLoader 2015-01-23 09:56:21,822 DEBUG - Static select for entity nla.local.pojos.Address [FORCE]: select address0_.ADR_NUM as ADR1_2_0_, address0_.ELEMENTTYPENAME as ELEMENTT2_2_0_, address0_.IMMOVABLETYPENAME as IMMOVABL3_2_0_, address0_.IND_HOUSE as IND4_2_0_, address0_.IND_ROOM as IND5_2_0_, address0_.NP as NP2_0_, address0_.NUM_CORP as NUM7_2_0_, address0_.NUM_HOUSE as NUM8_2_0_, address0_.NUM_ROOM as NUM9_2_0_, address0_.REGION as REGION2_0_, address0_.SOVET as SOVET2_0_, address0_.SUBREGION as SUBREGION2_0_ from V_ADDRESSES address0_ where address0_.ADR_NUM=? for update nowait
org.hibernate.loader.entity.EntityLoader 2015-01-23 09:56:21,823 DEBUG - Static select for entity nla.local.pojos.Address [PESSIMISTIC_READ]: select address0_.ADR_NUM as ADR1_2_0_, address0_.ELEMENTTYPENAME as ELEMENTT2_2_0_, address0_.IMMOVABLETYPENAME as IMMOVABL3_2_0_, address0_.IND_HOUSE as IND4_2_0_, address0_.IND_ROOM as IND5_2_0_, address0_.NP as NP2_0_, address0_.NUM_CORP as NUM7_2_0_, address0_.NUM_HOUSE as NUM8_2_0_, address0_.NUM_ROOM as NUM9_2_0_, address0_.REGION as REGION2_0_, address0_.SOVET as SOVET2_0_, address0_.SUBREGION as SUBREGION2_0_ from V_ADDRESSES address0_ where address0_.ADR_NUM=? for update
org.hibernate.loader.entity.EntityLoader 2015-01-23 09:56:21,823 DEBUG - Static select for entity nla.local.pojos.Address [PESSIMISTIC_WRITE]: select address0_.ADR_NUM as ADR1_2_0_, address0_.ELEMENTTYPENAME as ELEMENTT2_2_0_, address0_.IMMOVABLETYPENAME as IMMOVABL3_2_0_, address0_.IND_HOUSE as IND4_2_0_, address0_.IND_ROOM as IND5_2_0_, address0_.NP as NP2_0_, address0_.NUM_CORP as NUM7_2_0_, address0_.NUM_HOUSE as NUM8_2_0_, address0_.NUM_ROOM as NUM9_2_0_, address0_.REGION as REGION2_0_, address0_.SOVET as SOVET2_0_, address0_.SUBREGION as SUBREGION2_0_ from V_ADDRESSES address0_ where address0_.ADR_NUM=? for update
org.hibernate.loader.entity.EntityLoader 2015-01-23 09:56:21,823 DEBUG - Static select for entity nla.local.pojos.Address [PESSIMISTIC_FORCE_INCREMENT]: select address0_.ADR_NUM as ADR1_2_0_, address0_.ELEMENTTYPENAME as ELEMENTT2_2_0_, address0_.IMMOVABLETYPENAME as IMMOVABL3_2_0_, address0_.IND_HOUSE as IND4_2_0_, address0_.IND_ROOM as IND5_2_0_, address0_.NP as NP2_0_, address0_.NUM_CORP as NUM7_2_0_, address0_.NUM_HOUSE as NUM8_2_0_, address0_.NUM_ROOM as NUM9_2_0_, address0_.REGION as REGION2_0_, address0_.SOVET as SOVET2_0_, address0_.SUBREGION as SUBREGION2_0_ from V_ADDRESSES address0_ where address0_.ADR_NUM=? for update nowait
org.hibernate.loader.entity.EntityLoader 2015-01-23 09:56:21,824 DEBUG - Static select for entity nla.local.pojos.Address [OPTIMISTIC]: select address0_.ADR_NUM as ADR1_2_0_, address0_.ELEMENTTYPENAME as ELEMENTT2_2_0_, address0_.IMMOVABLETYPENAME as IMMOVABL3_2_0_, address0_.IND_HOUSE as IND4_2_0_, address0_.IND_ROOM as IND5_2_0_, address0_.NP as NP2_0_, address0_.NUM_CORP as NUM7_2_0_, address0_.NUM_HOUSE as NUM8_2_0_, address0_.NUM_ROOM as NUM9_2_0_, address0_.REGION as REGION2_0_, address0_.SOVET as SOVET2_0_, address0_.SUBREGION as SUBREGION2_0_ from V_ADDRESSES address0_ where address0_.ADR_NUM=?
org.hibernate.loader.entity.EntityLoader 2015-01-23 09:56:21,824 DEBUG - Static select for entity nla.local.pojos.Address [OPTIMISTIC_FORCE_INCREMENT]: select address0_.ADR_NUM as ADR1_2_0_, address0_.ELEMENTTYPENAME as ELEMENTT2_2_0_, address0_.IMMOVABLETYPENAME as IMMOVABL3_2_0_, address0_.IND_HOUSE as IND4_2_0_, address0_.IND_ROOM as IND5_2_0_, address0_.NP as NP2_0_, address0_.NUM_CORP as NUM7_2_0_, address0_.NUM_HOUSE as NUM8_2_0_, address0_.NUM_ROOM as NUM9_2_0_, address0_.REGION as REGION2_0_, address0_.SOVET as SOVET2_0_, address0_.SUBREGION as SUBREGION2_0_ from V_ADDRESSES address0_ where address0_.ADR_NUM=?
org.hibernate.loader.entity.CascadeEntityLoader 2015-01-23 09:56:21,829 DEBUG - Static select for action ACTION_MERGE on entity nla.local.pojos.Address: select address0_.ADR_NUM as ADR1_2_0_, address0_.ELEMENTTYPENAME as ELEMENTT2_2_0_, address0_.IMMOVABLETYPENAME as IMMOVABL3_2_0_, address0_.IND_HOUSE as IND4_2_0_, address0_.IND_ROOM as IND5_2_0_, address0_.NP as NP2_0_, address0_.NUM_CORP as NUM7_2_0_, address0_.NUM_HOUSE as NUM8_2_0_, address0_.NUM_ROOM as NUM9_2_0_, address0_.REGION as REGION2_0_, address0_.SOVET as SOVET2_0_, address0_.SUBREGION as SUBREGION2_0_ from V_ADDRESSES address0_ where address0_.ADR_NUM=?
org.hibernate.loader.entity.CascadeEntityLoader 2015-01-23 09:56:21,829 DEBUG - Static select for action ACTION_REFRESH on entity nla.local.pojos.Address: select address0_.ADR_NUM as ADR1_2_0_, address0_.ELEMENTTYPENAME as ELEMENTT2_2_0_, address0_.IMMOVABLETYPENAME as IMMOVABL3_2_0_, address0_.IND_HOUSE as IND4_2_0_, address0_.IND_ROOM as IND5_2_0_, address0_.NP as NP2_0_, address0_.NUM_CORP as NUM7_2_0_, address0_.NUM_HOUSE as NUM8_2_0_, address0_.NUM_ROOM as NUM9_2_0_, address0_.REGION as REGION2_0_, address0_.SOVET as SOVET2_0_, address0_.SUBREGION as SUBREGION2_0_ from V_ADDRESSES address0_ where address0_.ADR_NUM=?
org.hibernate.loader.entity.EntityLoader 2015-01-23 09:56:21,831 DEBUG - Static select for entity nla.local.pojos.Person [NONE]: select person0_.SUBJECT_ID as SUBJECT1_0_0_, person0_.IS_OWNER as IS2_0_0_, person0_.REESTRDATAID as REESTRDA3_0_0_, person0_.SUBJECT_TYPE as SUBJECT4_0_0_, person0_1_.ADDRESS_ID as ADDRESS15_1_0_, person0_1_.BOTH_REG_DATE as BOTH1_1_0_, person0_1_.DATESTART as DATESTART1_0_, person0_1_.FATHERNAME as FATHERNAME1_0_, person0_1_.FIRSTNAME as FIRSTNAME1_0_, person0_1_.PERSONAL_NUMBER as PERSONAL5_1_0_, person0_1_.SURNAME as SURNAME1_0_, person0_1_.ACTUAL as ACTUAL1_0_, person0_1_.FULLNAME as FULLNAME1_0_, person0_1_.ORG_RIGHT_FORM as ORG9_1_0_, person0_1_.REG_NUMBER as REG10_1_0_, person0_1_.REMARK as REMARK1_0_, person0_1_.SHORTNAME as SHORTNAME1_0_, person0_1_.UNP as UNP1_0_, case when person0_1_.SUBJECT_ID is not null then 2 when person0_.SUBJECT_ID is not null then 0 end as clazz_0_ from H_SUBJECT person0_ left outer join H_SUBJECTSDATA person0_1_ on person0_.SUBJECT_ID=person0_1_.SUBJECT_ID left outer join H_SUBJECTSDATA person0_2_ on person0_.SUBJECT_ID=person0_2_.SUBJECT_ID where person0_.SUBJECT_ID=?
org.hibernate.loader.entity.EntityLoader 2015-01-23 09:56:21,831 DEBUG - Static select for entity nla.local.pojos.Person [READ]: select person0_.SUBJECT_ID as SUBJECT1_0_0_, person0_.IS_OWNER as IS2_0_0_, person0_.REESTRDATAID as REESTRDA3_0_0_, person0_.SUBJECT_TYPE as SUBJECT4_0_0_, person0_1_.ADDRESS_ID as ADDRESS15_1_0_, person0_1_.BOTH_REG_DATE as BOTH1_1_0_, person0_1_.DATESTART as DATESTART1_0_, person0_1_.FATHERNAME as FATHERNAME1_0_, person0_1_.FIRSTNAME as FIRSTNAME1_0_, person0_1_.PERSONAL_NUMBER as PERSONAL5_1_0_, person0_1_.SURNAME as SURNAME1_0_, person0_1_.ACTUAL as ACTUAL1_0_, person0_1_.FULLNAME as FULLNAME1_0_, person0_1_.ORG_RIGHT_FORM as ORG9_1_0_, person0_1_.REG_NUMBER as REG10_1_0_, person0_1_.REMARK as REMARK1_0_, person0_1_.SHORTNAME as SHORTNAME1_0_, person0_1_.UNP as UNP1_0_, case when person0_1_.SUBJECT_ID is not null then 2 when person0_.SUBJECT_ID is not null then 0 end as clazz_0_ from H_SUBJECT person0_ left outer join H_SUBJECTSDATA person0_1_ on person0_.SUBJECT_ID=person0_1_.SUBJECT_ID left outer join H_SUBJECTSDATA person0_2_ on person0_.SUBJECT_ID=person0_2_.SUBJECT_ID where person0_.SUBJECT_ID=?
org.hibernate.loader.entity.EntityLoader 2015-01-23 09:56:21,832 DEBUG - Static select for entity nla.local.pojos.Person [UPGRADE]: select person0_.SUBJECT_ID as SUBJECT1_0_0_, person0_.IS_OWNER as IS2_0_0_, person0_.REESTRDATAID as REESTRDA3_0_0_, person0_.SUBJECT_TYPE as SUBJECT4_0_0_, person0_1_.ADDRESS_ID as ADDRESS15_1_0_, person0_1_.BOTH_REG_DATE as BOTH1_1_0_, person0_1_.DATESTART as DATESTART1_0_, person0_1_.FATHERNAME as FATHERNAME1_0_, person0_1_.FIRSTNAME as FIRSTNAME1_0_, person0_1_.PERSONAL_NUMBER as PERSONAL5_1_0_, person0_1_.SURNAME as SURNAME1_0_, person0_1_.ACTUAL as ACTUAL1_0_, person0_1_.FULLNAME as FULLNAME1_0_, person0_1_.ORG_RIGHT_FORM as ORG9_1_0_, person0_1_.REG_NUMBER as REG10_1_0_, person0_1_.REMARK as REMARK1_0_, person0_1_.SHORTNAME as SHORTNAME1_0_, person0_1_.UNP as UNP1_0_, case when person0_1_.SUBJECT_ID is not null then 2 when person0_.SUBJECT_ID is not null then 0 end as clazz_0_ from H_SUBJECT person0_ left outer join H_SUBJECTSDATA person0_1_ on person0_.SUBJECT_ID=person0_1_.SUBJECT_ID left outer join H_SUBJECTSDATA person0_2_ on person0_.SUBJECT_ID=person0_2_.SUBJECT_ID where person0_.SUBJECT_ID=? for update
org.hibernate.loader.entity.EntityLoader 2015-01-23 09:56:21,832 DEBUG - Static select for entity nla.local.pojos.Person [UPGRADE_NOWAIT]: select person0_.SUBJECT_ID as SUBJECT1_0_0_, person0_.IS_OWNER as IS2_0_0_, person0_.REESTRDATAID as REESTRDA3_0_0_, person0_.SUBJECT_TYPE as SUBJECT4_0_0_, person0_1_.ADDRESS_ID as ADDRESS15_1_0_, person0_1_.BOTH_REG_DATE as BOTH1_1_0_, person0_1_.DATESTART as DATESTART1_0_, person0_1_.FATHERNAME as FATHERNAME1_0_, person0_1_.FIRSTNAME as FIRSTNAME1_0_, person0_1_.PERSONAL_NUMBER as PERSONAL5_1_0_, person0_1_.SURNAME as SURNAME1_0_, person0_1_.ACTUAL as ACTUAL1_0_, person0_1_.FULLNAME as FULLNAME1_0_, person0_1_.ORG_RIGHT_FORM as ORG9_1_0_, person0_1_.REG_NUMBER as REG10_1_0_, person0_1_.REMARK as REMARK1_0_, person0_1_.SHORTNAME as SHORTNAME1_0_, person0_1_.UNP as UNP1_0_, case when person0_1_.SUBJECT_ID is not null then 2 when person0_.SUBJECT_ID is not null then 0 end as clazz_0_ from H_SUBJECT person0_ left outer join H_SUBJECTSDATA person0_1_ on person0_.SUBJECT_ID=person0_1_.SUBJECT_ID left outer join H_SUBJECTSDATA person0_2_ on person0_.SUBJECT_ID=person0_2_.SUBJECT_ID where person0_.SUBJECT_ID=? for update nowait
org.hibernate.loader.entity.EntityLoader 2015-01-23 09:56:21,832 DEBUG - Static select for entity nla.local.pojos.Person [FORCE]: select person0_.SUBJECT_ID as SUBJECT1_0_0_, person0_.IS_OWNER as IS2_0_0_, person0_.REESTRDATAID as REESTRDA3_0_0_, person0_.SUBJECT_TYPE as SUBJECT4_0_0_, person0_1_.ADDRESS_ID as ADDRESS15_1_0_, person0_1_.BOTH_REG_DATE as BOTH1_1_0_, person0_1_.DATESTART as DATESTART1_0_, person0_1_.FATHERNAME as FATHERNAME1_0_, person0_1_.FIRSTNAME as FIRSTNAME1_0_, person0_1_.PERSONAL_NUMBER as PERSONAL5_1_0_, person0_1_.SURNAME as SURNAME1_0_, person0_1_.ACTUAL as ACTUAL1_0_, person0_1_.FULLNAME as FULLNAME1_0_, person0_1_.ORG_RIGHT_FORM as ORG9_1_0_, person0_1_.REG_NUMBER as REG10_1_0_, person0_1_.REMARK as REMARK1_0_, person0_1_.SHORTNAME as SHORTNAME1_0_, person0_1_.UNP as UNP1_0_, case when person0_1_.SUBJECT_ID is not null then 2 when person0_.SUBJECT_ID is not null then 0 end as clazz_0_ from H_SUBJECT person0_ left outer join H_SUBJECTSDATA person0_1_ on person0_.SUBJECT_ID=person0_1_.SUBJECT_ID left outer join H_SUBJECTSDATA person0_2_ on person0_.SUBJECT_ID=person0_2_.SUBJECT_ID where person0_.SUBJECT_ID=? for update nowait
org.hibernate.loader.entity.EntityLoader 2015-01-23 09:56:21,833 DEBUG - Static select for entity nla.local.pojos.Person [PESSIMISTIC_READ]: select person0_.SUBJECT_ID as SUBJECT1_0_0_, person0_.IS_OWNER as IS2_0_0_, person0_.REESTRDATAID as REESTRDA3_0_0_, person0_.SUBJECT_TYPE as SUBJECT4_0_0_, person0_1_.ADDRESS_ID as ADDRESS15_1_0_, person0_1_.BOTH_REG_DATE as BOTH1_1_0_, person0_1_.DATESTART as DATESTART1_0_, person0_1_.FATHERNAME as FATHERNAME1_0_, person0_1_.FIRSTNAME as FIRSTNAME1_0_, person0_1_.PERSONAL_NUMBER as PERSONAL5_1_0_, person0_1_.SURNAME as SURNAME1_0_, person0_1_.ACTUAL as ACTUAL1_0_, person0_1_.FULLNAME as FULLNAME1_0_, person0_1_.ORG_RIGHT_FORM as ORG9_1_0_, person0_1_.REG_NUMBER as REG10_1_0_, person0_1_.REMARK as REMARK1_0_, person0_1_.SHORTNAME as SHORTNAME1_0_, person0_1_.UNP as UNP1_0_, case when person0_1_.SUBJECT_ID is not null then 2 when person0_.SUBJECT_ID is not null then 0 end as clazz_0_ from H_SUBJECT person0_ left outer join H_SUBJECTSDATA person0_1_ on person0_.SUBJECT_ID=person0_1_.SUBJECT_ID left outer join H_SUBJECTSDATA person0_2_ on person0_.SUBJECT_ID=person0_2_.SUBJECT_ID where person0_.SUBJECT_ID=? for update
org.hibernate.loader.entity.EntityLoader 2015-01-23 09:56:21,833 DEBUG - Static select for entity nla.local.pojos.Person [PESSIMISTIC_WRITE]: select person0_.SUBJECT_ID as SUBJECT1_0_0_, person0_.IS_OWNER as IS2_0_0_, person0_.REESTRDATAID as REESTRDA3_0_0_, person0_.SUBJECT_TYPE as SUBJECT4_0_0_, person0_1_.ADDRESS_ID as ADDRESS15_1_0_, person0_1_.BOTH_REG_DATE as BOTH1_1_0_, person0_1_.DATESTART as DATESTART1_0_, person0_1_.FATHERNAME as FATHERNAME1_0_, person0_1_.FIRSTNAME as FIRSTNAME1_0_, person0_1_.PERSONAL_NUMBER as PERSONAL5_1_0_, person0_1_.SURNAME as SURNAME1_0_, person0_1_.ACTUAL as ACTUAL1_0_, person0_1_.FULLNAME as FULLNAME1_0_, person0_1_.ORG_RIGHT_FORM as ORG9_1_0_, person0_1_.REG_NUMBER as REG10_1_0_, person0_1_.REMARK as REMARK1_0_, person0_1_.SHORTNAME as SHORTNAME1_0_, person0_1_.UNP as UNP1_0_, case when person0_1_.SUBJECT_ID is not null then 2 when person0_.SUBJECT_ID is not null then 0 end as clazz_0_ from H_SUBJECT person0_ left outer join H_SUBJECTSDATA person0_1_ on person0_.SUBJECT_ID=person0_1_.SUBJECT_ID left outer join H_SUBJECTSDATA person0_2_ on person0_.SUBJECT_ID=person0_2_.SUBJECT_ID where person0_.SUBJECT_ID=? for update
org.hibernate.loader.entity.EntityLoader 2015-01-23 09:56:21,833 DEBUG - Static select for entity nla.local.pojos.Person [PESSIMISTIC_FORCE_INCREMENT]: select person0_.SUBJECT_ID as SUBJECT1_0_0_, person0_.IS_OWNER as IS2_0_0_, person0_.REESTRDATAID as REESTRDA3_0_0_, person0_.SUBJECT_TYPE as SUBJECT4_0_0_, person0_1_.ADDRESS_ID as ADDRESS15_1_0_, person0_1_.BOTH_REG_DATE as BOTH1_1_0_, person0_1_.DATESTART as DATESTART1_0_, person0_1_.FATHERNAME as FATHERNAME1_0_, person0_1_.FIRSTNAME as FIRSTNAME1_0_, person0_1_.PERSONAL_NUMBER as PERSONAL5_1_0_, person0_1_.SURNAME as SURNAME1_0_, person0_1_.ACTUAL as ACTUAL1_0_, person0_1_.FULLNAME as FULLNAME1_0_, person0_1_.ORG_RIGHT_FORM as ORG9_1_0_, person0_1_.REG_NUMBER as REG10_1_0_, person0_1_.REMARK as REMARK1_0_, person0_1_.SHORTNAME as SHORTNAME1_0_, person0_1_.UNP as UNP1_0_, case when person0_1_.SUBJECT_ID is not null then 2 when person0_.SUBJECT_ID is not null then 0 end as clazz_0_ from H_SUBJECT person0_ left outer join H_SUBJECTSDATA person0_1_ on person0_.SUBJECT_ID=person0_1_.SUBJECT_ID left outer join H_SUBJECTSDATA person0_2_ on person0_.SUBJECT_ID=person0_2_.SUBJECT_ID where person0_.SUBJECT_ID=? for update nowait
org.hibernate.loader.entity.EntityLoader 2015-01-23 09:56:21,834 DEBUG - Static select for entity nla.local.pojos.Person [OPTIMISTIC]: select person0_.SUBJECT_ID as SUBJECT1_0_0_, person0_.IS_OWNER as IS2_0_0_, person0_.REESTRDATAID as REESTRDA3_0_0_, person0_.SUBJECT_TYPE as SUBJECT4_0_0_, person0_1_.ADDRESS_ID as ADDRESS15_1_0_, person0_1_.BOTH_REG_DATE as BOTH1_1_0_, person0_1_.DATESTART as DATESTART1_0_, person0_1_.FATHERNAME as FATHERNAME1_0_, person0_1_.FIRSTNAME as FIRSTNAME1_0_, person0_1_.PERSONAL_NUMBER as PERSONAL5_1_0_, person0_1_.SURNAME as SURNAME1_0_, person0_1_.ACTUAL as ACTUAL1_0_, person0_1_.FULLNAME as FULLNAME1_0_, person0_1_.ORG_RIGHT_FORM as ORG9_1_0_, person0_1_.REG_NUMBER as REG10_1_0_, person0_1_.REMARK as REMARK1_0_, person0_1_.SHORTNAME as SHORTNAME1_0_, person0_1_.UNP as UNP1_0_, case when person0_1_.SUBJECT_ID is not null then 2 when person0_.SUBJECT_ID is not null then 0 end as clazz_0_ from H_SUBJECT person0_ left outer join H_SUBJECTSDATA person0_1_ on person0_.SUBJECT_ID=person0_1_.SUBJECT_ID left outer join H_SUBJECTSDATA person0_2_ on person0_.SUBJECT_ID=person0_2_.SUBJECT_ID where person0_.SUBJECT_ID=?
org.hibernate.loader.entity.EntityLoader 2015-01-23 09:56:21,834 DEBUG - Static select for entity nla.local.pojos.Person [OPTIMISTIC_FORCE_INCREMENT]: select person0_.SUBJECT_ID as SUBJECT1_0_0_, person0_.IS_OWNER as IS2_0_0_, person0_.REESTRDATAID as REESTRDA3_0_0_, person0_.SUBJECT_TYPE as SUBJECT4_0_0_, person0_1_.ADDRESS_ID as ADDRESS15_1_0_, person0_1_.BOTH_REG_DATE as BOTH1_1_0_, person0_1_.DATESTART as DATESTART1_0_, person0_1_.FATHERNAME as FATHERNAME1_0_, person0_1_.FIRSTNAME as FIRSTNAME1_0_, person0_1_.PERSONAL_NUMBER as PERSONAL5_1_0_, person0_1_.SURNAME as SURNAME1_0_, person0_1_.ACTUAL as ACTUAL1_0_, person0_1_.FULLNAME as FULLNAME1_0_, person0_1_.ORG_RIGHT_FORM as ORG9_1_0_, person0_1_.REG_NUMBER as REG10_1_0_, person0_1_.REMARK as REMARK1_0_, person0_1_.SHORTNAME as SHORTNAME1_0_, person0_1_.UNP as UNP1_0_, case when person0_1_.SUBJECT_ID is not null then 2 when person0_.SUBJECT_ID is not null then 0 end as clazz_0_ from H_SUBJECT person0_ left outer join H_SUBJECTSDATA person0_1_ on person0_.SUBJECT_ID=person0_1_.SUBJECT_ID left outer join H_SUBJECTSDATA person0_2_ on person0_.SUBJECT_ID=person0_2_.SUBJECT_ID where person0_.SUBJECT_ID=?
org.hibernate.loader.entity.CascadeEntityLoader 2015-01-23 09:56:21,835 DEBUG - Static select for action ACTION_MERGE on entity nla.local.pojos.Person: select person0_.SUBJECT_ID as SUBJECT1_0_0_, person0_.IS_OWNER as IS2_0_0_, person0_.REESTRDATAID as REESTRDA3_0_0_, person0_.SUBJECT_TYPE as SUBJECT4_0_0_, person0_1_.ADDRESS_ID as ADDRESS15_1_0_, person0_1_.BOTH_REG_DATE as BOTH1_1_0_, person0_1_.DATESTART as DATESTART1_0_, person0_1_.FATHERNAME as FATHERNAME1_0_, person0_1_.FIRSTNAME as FIRSTNAME1_0_, person0_1_.PERSONAL_NUMBER as PERSONAL5_1_0_, person0_1_.SURNAME as SURNAME1_0_, person0_1_.ACTUAL as ACTUAL1_0_, person0_1_.FULLNAME as FULLNAME1_0_, person0_1_.ORG_RIGHT_FORM as ORG9_1_0_, person0_1_.REG_NUMBER as REG10_1_0_, person0_1_.REMARK as REMARK1_0_, person0_1_.SHORTNAME as SHORTNAME1_0_, person0_1_.UNP as UNP1_0_, case when person0_1_.SUBJECT_ID is not null then 2 when person0_.SUBJECT_ID is not null then 0 end as clazz_0_ from H_SUBJECT person0_ left outer join H_SUBJECTSDATA person0_1_ on person0_.SUBJECT_ID=person0_1_.SUBJECT_ID left outer join H_SUBJECTSDATA person0_2_ on person0_.SUBJECT_ID=person0_2_.SUBJECT_ID where person0_.SUBJECT_ID=?
org.hibernate.loader.entity.CascadeEntityLoader 2015-01-23 09:56:21,835 DEBUG - Static select for action ACTION_REFRESH on entity nla.local.pojos.Person: select person0_.SUBJECT_ID as SUBJECT1_0_0_, person0_.IS_OWNER as IS2_0_0_, person0_.REESTRDATAID as REESTRDA3_0_0_, person0_.SUBJECT_TYPE as SUBJECT4_0_0_, person0_1_.ADDRESS_ID as ADDRESS15_1_0_, person0_1_.BOTH_REG_DATE as BOTH1_1_0_, person0_1_.DATESTART as DATESTART1_0_, person0_1_.FATHERNAME as FATHERNAME1_0_, person0_1_.FIRSTNAME as FIRSTNAME1_0_, person0_1_.PERSONAL_NUMBER as PERSONAL5_1_0_, person0_1_.SURNAME as SURNAME1_0_, person0_1_.ACTUAL as ACTUAL1_0_, person0_1_.FULLNAME as FULLNAME1_0_, person0_1_.ORG_RIGHT_FORM as ORG9_1_0_, person0_1_.REG_NUMBER as REG10_1_0_, person0_1_.REMARK as REMARK1_0_, person0_1_.SHORTNAME as SHORTNAME1_0_, person0_1_.UNP as UNP1_0_, case when person0_1_.SUBJECT_ID is not null then 2 when person0_.SUBJECT_ID is not null then 0 end as clazz_0_ from H_SUBJECT person0_ left outer join H_SUBJECTSDATA person0_1_ on person0_.SUBJECT_ID=person0_1_.SUBJECT_ID left outer join H_SUBJECTSDATA person0_2_ on person0_.SUBJECT_ID=person0_2_.SUBJECT_ID where person0_.SUBJECT_ID=?
org.hibernate.loader.entity.EntityLoader 2015-01-23 09:56:21,835 DEBUG - Static select for entity nla.local.pojos.PPerson [NONE]: select pperson0_.SUBJECT_ID as SUBJECT1_0_0_, pperson0_1_.IS_OWNER as IS2_0_0_, pperson0_1_.REESTRDATAID as REESTRDA3_0_0_, pperson0_1_.SUBJECT_TYPE as SUBJECT4_0_0_, pperson0_.ADDRESS_ID as ADDRESS15_1_0_, pperson0_.BOTH_REG_DATE as BOTH1_1_0_, pperson0_.DATESTART as DATESTART1_0_, pperson0_.FATHERNAME as FATHERNAME1_0_, pperson0_.FIRSTNAME as FIRSTNAME1_0_, pperson0_.PERSONAL_NUMBER as PERSONAL5_1_0_, pperson0_.SURNAME as SURNAME1_0_ from H_SUBJECTSDATA pperson0_ inner join H_SUBJECT pperson0_1_ on pperson0_.SUBJECT_ID=pperson0_1_.SUBJECT_ID where pperson0_.SUBJECT_ID=?
org.hibernate.loader.entity.EntityLoader 2015-01-23 09:56:21,836 DEBUG - Static select for entity nla.local.pojos.PPerson [READ]: select pperson0_.SUBJECT_ID as SUBJECT1_0_0_, pperson0_1_.IS_OWNER as IS2_0_0_, pperson0_1_.REESTRDATAID as REESTRDA3_0_0_, pperson0_1_.SUBJECT_TYPE as SUBJECT4_0_0_, pperson0_.ADDRESS_ID as ADDRESS15_1_0_, pperson0_.BOTH_REG_DATE as BOTH1_1_0_, pperson0_.DATESTART as DATESTART1_0_, pperson0_.FATHERNAME as FATHERNAME1_0_, pperson0_.FIRSTNAME as FIRSTNAME1_0_, pperson0_.PERSONAL_NUMBER as PERSONAL5_1_0_, pperson0_.SURNAME as SURNAME1_0_ from H_SUBJECTSDATA pperson0_ inner join H_SUBJECT pperson0_1_ on pperson0_.SUBJECT_ID=pperson0_1_.SUBJECT_ID where pperson0_.SUBJECT_ID=?
org.hibernate.loader.entity.EntityLoader 2015-01-23 09:56:21,836 DEBUG - Static select for entity nla.local.pojos.PPerson [UPGRADE]: select pperson0_.SUBJECT_ID as SUBJECT1_0_0_, pperson0_1_.IS_OWNER as IS2_0_0_, pperson0_1_.REESTRDATAID as REESTRDA3_0_0_, pperson0_1_.SUBJECT_TYPE as SUBJECT4_0_0_, pperson0_.ADDRESS_ID as ADDRESS15_1_0_, pperson0_.BOTH_REG_DATE as BOTH1_1_0_, pperson0_.DATESTART as DATESTART1_0_, pperson0_.FATHERNAME as FATHERNAME1_0_, pperson0_.FIRSTNAME as FIRSTNAME1_0_, pperson0_.PERSONAL_NUMBER as PERSONAL5_1_0_, pperson0_.SURNAME as SURNAME1_0_ from H_SUBJECTSDATA pperson0_ inner join H_SUBJECT pperson0_1_ on pperson0_.SUBJECT_ID=pperson0_1_.SUBJECT_ID where pperson0_.SUBJECT_ID=? for update
org.hibernate.loader.entity.EntityLoader 2015-01-23 09:56:21,836 DEBUG - Static select for entity nla.local.pojos.PPerson [UPGRADE_NOWAIT]: select pperson0_.SUBJECT_ID as SUBJECT1_0_0_, pperson0_1_.IS_OWNER as IS2_0_0_, pperson0_1_.REESTRDATAID as REESTRDA3_0_0_, pperson0_1_.SUBJECT_TYPE as SUBJECT4_0_0_, pperson0_.ADDRESS_ID as ADDRESS15_1_0_, pperson0_.BOTH_REG_DATE as BOTH1_1_0_, pperson0_.DATESTART as DATESTART1_0_, pperson0_.FATHERNAME as FATHERNAME1_0_, pperson0_.FIRSTNAME as FIRSTNAME1_0_, pperson0_.PERSONAL_NUMBER as PERSONAL5_1_0_, pperson0_.SURNAME as SURNAME1_0_ from H_SUBJECTSDATA pperson0_ inner join H_SUBJECT pperson0_1_ on pperson0_.SUBJECT_ID=pperson0_1_.SUBJECT_ID where pperson0_.SUBJECT_ID=? for update nowait
org.hibernate.loader.entity.EntityLoader 2015-01-23 09:56:21,837 DEBUG - Static select for entity nla.local.pojos.PPerson [FORCE]: select pperson0_.SUBJECT_ID as SUBJECT1_0_0_, pperson0_1_.IS_OWNER as IS2_0_0_, pperson0_1_.REESTRDATAID as REESTRDA3_0_0_, pperson0_1_.SUBJECT_TYPE as SUBJECT4_0_0_, pperson0_.ADDRESS_ID as ADDRESS15_1_0_, pperson0_.BOTH_REG_DATE as BOTH1_1_0_, pperson0_.DATESTART as DATESTART1_0_, pperson0_.FATHERNAME as FATHERNAME1_0_, pperson0_.FIRSTNAME as FIRSTNAME1_0_, pperson0_.PERSONAL_NUMBER as PERSONAL5_1_0_, pperson0_.SURNAME as SURNAME1_0_ from H_SUBJECTSDATA pperson0_ inner join H_SUBJECT pperson0_1_ on pperson0_.SUBJECT_ID=pperson0_1_.SUBJECT_ID where pperson0_.SUBJECT_ID=? for update nowait
org.hibernate.loader.entity.EntityLoader 2015-01-23 09:56:21,837 DEBUG - Static select for entity nla.local.pojos.PPerson [PESSIMISTIC_READ]: select pperson0_.SUBJECT_ID as SUBJECT1_0_0_, pperson0_1_.IS_OWNER as IS2_0_0_, pperson0_1_.REESTRDATAID as REESTRDA3_0_0_, pperson0_1_.SUBJECT_TYPE as SUBJECT4_0_0_, pperson0_.ADDRESS_ID as ADDRESS15_1_0_, pperson0_.BOTH_REG_DATE as BOTH1_1_0_, pperson0_.DATESTART as DATESTART1_0_, pperson0_.FATHERNAME as FATHERNAME1_0_, pperson0_.FIRSTNAME as FIRSTNAME1_0_, pperson0_.PERSONAL_NUMBER as PERSONAL5_1_0_, pperson0_.SURNAME as SURNAME1_0_ from H_SUBJECTSDATA pperson0_ inner join H_SUBJECT pperson0_1_ on pperson0_.SUBJECT_ID=pperson0_1_.SUBJECT_ID where pperson0_.SUBJECT_ID=? for update
org.hibernate.loader.entity.EntityLoader 2015-01-23 09:56:21,837 DEBUG - Static select for entity nla.local.pojos.PPerson [PESSIMISTIC_WRITE]: select pperson0_.SUBJECT_ID as SUBJECT1_0_0_, pperson0_1_.IS_OWNER as IS2_0_0_, pperson0_1_.REESTRDATAID as REESTRDA3_0_0_, pperson0_1_.SUBJECT_TYPE as SUBJECT4_0_0_, pperson0_.ADDRESS_ID as ADDRESS15_1_0_, pperson0_.BOTH_REG_DATE as BOTH1_1_0_, pperson0_.DATESTART as DATESTART1_0_, pperson0_.FATHERNAME as FATHERNAME1_0_, pperson0_.FIRSTNAME as FIRSTNAME1_0_, pperson0_.PERSONAL_NUMBER as PERSONAL5_1_0_, pperson0_.SURNAME as SURNAME1_0_ from H_SUBJECTSDATA pperson0_ inner join H_SUBJECT pperson0_1_ on pperson0_.SUBJECT_ID=pperson0_1_.SUBJECT_ID where pperson0_.SUBJECT_ID=? for update
org.hibernate.loader.entity.EntityLoader 2015-01-23 09:56:21,838 DEBUG - Static select for entity nla.local.pojos.PPerson [PESSIMISTIC_FORCE_INCREMENT]: select pperson0_.SUBJECT_ID as SUBJECT1_0_0_, pperson0_1_.IS_OWNER as IS2_0_0_, pperson0_1_.REESTRDATAID as REESTRDA3_0_0_, pperson0_1_.SUBJECT_TYPE as SUBJECT4_0_0_, pperson0_.ADDRESS_ID as ADDRESS15_1_0_, pperson0_.BOTH_REG_DATE as BOTH1_1_0_, pperson0_.DATESTART as DATESTART1_0_, pperson0_.FATHERNAME as FATHERNAME1_0_, pperson0_.FIRSTNAME as FIRSTNAME1_0_, pperson0_.PERSONAL_NUMBER as PERSONAL5_1_0_, pperson0_.SURNAME as SURNAME1_0_ from H_SUBJECTSDATA pperson0_ inner join H_SUBJECT pperson0_1_ on pperson0_.SUBJECT_ID=pperson0_1_.SUBJECT_ID where pperson0_.SUBJECT_ID=? for update nowait
org.hibernate.loader.entity.EntityLoader 2015-01-23 09:56:21,838 DEBUG - Static select for entity nla.local.pojos.PPerson [OPTIMISTIC]: select pperson0_.SUBJECT_ID as SUBJECT1_0_0_, pperson0_1_.IS_OWNER as IS2_0_0_, pperson0_1_.REESTRDATAID as REESTRDA3_0_0_, pperson0_1_.SUBJECT_TYPE as SUBJECT4_0_0_, pperson0_.ADDRESS_ID as ADDRESS15_1_0_, pperson0_.BOTH_REG_DATE as BOTH1_1_0_, pperson0_.DATESTART as DATESTART1_0_, pperson0_.FATHERNAME as FATHERNAME1_0_, pperson0_.FIRSTNAME as FIRSTNAME1_0_, pperson0_.PERSONAL_NUMBER as PERSONAL5_1_0_, pperson0_.SURNAME as SURNAME1_0_ from H_SUBJECTSDATA pperson0_ inner join H_SUBJECT pperson0_1_ on pperson0_.SUBJECT_ID=pperson0_1_.SUBJECT_ID where pperson0_.SUBJECT_ID=?
org.hibernate.loader.entity.EntityLoader 2015-01-23 09:56:21,838 DEBUG - Static select for entity nla.local.pojos.PPerson [OPTIMISTIC_FORCE_INCREMENT]: select pperson0_.SUBJECT_ID as SUBJECT1_0_0_, pperson0_1_.IS_OWNER as IS2_0_0_, pperson0_1_.REESTRDATAID as REESTRDA3_0_0_, pperson0_1_.SUBJECT_TYPE as SUBJECT4_0_0_, pperson0_.ADDRESS_ID as ADDRESS15_1_0_, pperson0_.BOTH_REG_DATE as BOTH1_1_0_, pperson0_.DATESTART as DATESTART1_0_, pperson0_.FATHERNAME as FATHERNAME1_0_, pperson0_.FIRSTNAME as FIRSTNAME1_0_, pperson0_.PERSONAL_NUMBER as PERSONAL5_1_0_, pperson0_.SURNAME as SURNAME1_0_ from H_SUBJECTSDATA pperson0_ inner join H_SUBJECT pperson0_1_ on pperson0_.SUBJECT_ID=pperson0_1_.SUBJECT_ID where pperson0_.SUBJECT_ID=?
org.hibernate.loader.entity.CascadeEntityLoader 2015-01-23 09:56:21,839 DEBUG - Static select for action ACTION_MERGE on entity nla.local.pojos.PPerson: select pperson0_.SUBJECT_ID as SUBJECT1_0_0_, pperson0_1_.IS_OWNER as IS2_0_0_, pperson0_1_.REESTRDATAID as REESTRDA3_0_0_, pperson0_1_.SUBJECT_TYPE as SUBJECT4_0_0_, pperson0_.ADDRESS_ID as ADDRESS15_1_0_, pperson0_.BOTH_REG_DATE as BOTH1_1_0_, pperson0_.DATESTART as DATESTART1_0_, pperson0_.FATHERNAME as FATHERNAME1_0_, pperson0_.FIRSTNAME as FIRSTNAME1_0_, pperson0_.PERSONAL_NUMBER as PERSONAL5_1_0_, pperson0_.SURNAME as SURNAME1_0_ from H_SUBJECTSDATA pperson0_ inner join H_SUBJECT pperson0_1_ on pperson0_.SUBJECT_ID=pperson0_1_.SUBJECT_ID where pperson0_.SUBJECT_ID=?
org.hibernate.loader.entity.CascadeEntityLoader 2015-01-23 09:56:21,839 DEBUG - Static select for action ACTION_REFRESH on entity nla.local.pojos.PPerson: select pperson0_.SUBJECT_ID as SUBJECT1_0_0_, pperson0_1_.IS_OWNER as IS2_0_0_, pperson0_1_.REESTRDATAID as REESTRDA3_0_0_, pperson0_1_.SUBJECT_TYPE as SUBJECT4_0_0_, pperson0_.ADDRESS_ID as ADDRESS15_1_0_, pperson0_.BOTH_REG_DATE as BOTH1_1_0_, pperson0_.DATESTART as DATESTART1_0_, pperson0_.FATHERNAME as FATHERNAME1_0_, pperson0_.FIRSTNAME as FIRSTNAME1_0_, pperson0_.PERSONAL_NUMBER as PERSONAL5_1_0_, pperson0_.SURNAME as SURNAME1_0_ from H_SUBJECTSDATA pperson0_ inner join H_SUBJECT pperson0_1_ on pperson0_.SUBJECT_ID=pperson0_1_.SUBJECT_ID where pperson0_.SUBJECT_ID=?
org.hibernate.loader.entity.EntityLoader 2015-01-23 09:56:21,839 DEBUG - Static select for entity nla.local.pojos.JPerson [NONE]: select jperson0_.SUBJECT_ID as SUBJECT1_0_0_, jperson0_1_.IS_OWNER as IS2_0_0_, jperson0_1_.REESTRDATAID as REESTRDA3_0_0_, jperson0_1_.SUBJECT_TYPE as SUBJECT4_0_0_, jperson0_.ACTUAL as ACTUAL1_0_, jperson0_.ADDRESS_ID as ADDRESS15_1_0_, jperson0_.BOTH_REG_DATE as BOTH1_1_0_, jperson0_.FULLNAME as FULLNAME1_0_, jperson0_.ORG_RIGHT_FORM as ORG9_1_0_, jperson0_.REG_NUMBER as REG10_1_0_, jperson0_.REMARK as REMARK1_0_, jperson0_.SHORTNAME as SHORTNAME1_0_, jperson0_.UNP as UNP1_0_ from H_SUBJECTSDATA jperson0_ inner join H_SUBJECT jperson0_1_ on jperson0_.SUBJECT_ID=jperson0_1_.SUBJECT_ID where jperson0_.SUBJECT_ID=?
org.hibernate.loader.entity.EntityLoader 2015-01-23 09:56:21,840 DEBUG - Static select for entity nla.local.pojos.JPerson [READ]: select jperson0_.SUBJECT_ID as SUBJECT1_0_0_, jperson0_1_.IS_OWNER as IS2_0_0_, jperson0_1_.REESTRDATAID as REESTRDA3_0_0_, jperson0_1_.SUBJECT_TYPE as SUBJECT4_0_0_, jperson0_.ACTUAL as ACTUAL1_0_, jperson0_.ADDRESS_ID as ADDRESS15_1_0_, jperson0_.BOTH_REG_DATE as BOTH1_1_0_, jperson0_.FULLNAME as FULLNAME1_0_, jperson0_.ORG_RIGHT_FORM as ORG9_1_0_, jperson0_.REG_NUMBER as REG10_1_0_, jperson0_.REMARK as REMARK1_0_, jperson0_.SHORTNAME as SHORTNAME1_0_, jperson0_.UNP as UNP1_0_ from H_SUBJECTSDATA jperson0_ inner join H_SUBJECT jperson0_1_ on jperson0_.SUBJECT_ID=jperson0_1_.SUBJECT_ID where jperson0_.SUBJECT_ID=?
org.hibernate.loader.entity.EntityLoader 2015-01-23 09:56:21,840 DEBUG - Static select for entity nla.local.pojos.JPerson [UPGRADE]: select jperson0_.SUBJECT_ID as SUBJECT1_0_0_, jperson0_1_.IS_OWNER as IS2_0_0_, jperson0_1_.REESTRDATAID as REESTRDA3_0_0_, jperson0_1_.SUBJECT_TYPE as SUBJECT4_0_0_, jperson0_.ACTUAL as ACTUAL1_0_, jperson0_.ADDRESS_ID as ADDRESS15_1_0_, jperson0_.BOTH_REG_DATE as BOTH1_1_0_, jperson0_.FULLNAME as FULLNAME1_0_, jperson0_.ORG_RIGHT_FORM as ORG9_1_0_, jperson0_.REG_NUMBER as REG10_1_0_, jperson0_.REMARK as REMARK1_0_, jperson0_.SHORTNAME as SHORTNAME1_0_, jperson0_.UNP as UNP1_0_ from H_SUBJECTSDATA jperson0_ inner join H_SUBJECT jperson0_1_ on jperson0_.SUBJECT_ID=jperson0_1_.SUBJECT_ID where jperson0_.SUBJECT_ID=? for update
org.hibernate.loader.entity.EntityLoader 2015-01-23 09:56:21,840 DEBUG - Static select for entity nla.local.pojos.JPerson [UPGRADE_NOWAIT]: select jperson0_.SUBJECT_ID as SUBJECT1_0_0_, jperson0_1_.IS_OWNER as IS2_0_0_, jperson0_1_.REESTRDATAID as REESTRDA3_0_0_, jperson0_1_.SUBJECT_TYPE as SUBJECT4_0_0_, jperson0_.ACTUAL as ACTUAL1_0_, jperson0_.ADDRESS_ID as ADDRESS15_1_0_, jperson0_.BOTH_REG_DATE as BOTH1_1_0_, jperson0_.FULLNAME as FULLNAME1_0_, jperson0_.ORG_RIGHT_FORM as ORG9_1_0_, jperson0_.REG_NUMBER as REG10_1_0_, jperson0_.REMARK as REMARK1_0_, jperson0_.SHORTNAME as SHORTNAME1_0_, jperson0_.UNP as UNP1_0_ from H_SUBJECTSDATA jperson0_ inner join H_SUBJECT jperson0_1_ on jperson0_.SUBJECT_ID=jperson0_1_.SUBJECT_ID where jperson0_.SUBJECT_ID=? for update nowait
org.hibernate.loader.entity.EntityLoader 2015-01-23 09:56:21,841 DEBUG - Static select for entity nla.local.pojos.JPerson [FORCE]: select jperson0_.SUBJECT_ID as SUBJECT1_0_0_, jperson0_1_.IS_OWNER as IS2_0_0_, jperson0_1_.REESTRDATAID as REESTRDA3_0_0_, jperson0_1_.SUBJECT_TYPE as SUBJECT4_0_0_, jperson0_.ACTUAL as ACTUAL1_0_, jperson0_.ADDRESS_ID as ADDRESS15_1_0_, jperson0_.BOTH_REG_DATE as BOTH1_1_0_, jperson0_.FULLNAME as FULLNAME1_0_, jperson0_.ORG_RIGHT_FORM as ORG9_1_0_, jperson0_.REG_NUMBER as REG10_1_0_, jperson0_.REMARK as REMARK1_0_, jperson0_.SHORTNAME as SHORTNAME1_0_, jperson0_.UNP as UNP1_0_ from H_SUBJECTSDATA jperson0_ inner join H_SUBJECT jperson0_1_ on jperson0_.SUBJECT_ID=jperson0_1_.SUBJECT_ID where jperson0_.SUBJECT_ID=? for update nowait
org.hibernate.loader.entity.EntityLoader 2015-01-23 09:56:21,841 DEBUG - Static select for entity nla.local.pojos.JPerson [PESSIMISTIC_READ]: select jperson0_.SUBJECT_ID as SUBJECT1_0_0_, jperson0_1_.IS_OWNER as IS2_0_0_, jperson0_1_.REESTRDATAID as REESTRDA3_0_0_, jperson0_1_.SUBJECT_TYPE as SUBJECT4_0_0_, jperson0_.ACTUAL as ACTUAL1_0_, jperson0_.ADDRESS_ID as ADDRESS15_1_0_, jperson0_.BOTH_REG_DATE as BOTH1_1_0_, jperson0_.FULLNAME as FULLNAME1_0_, jperson0_.ORG_RIGHT_FORM as ORG9_1_0_, jperson0_.REG_NUMBER as REG10_1_0_, jperson0_.REMARK as REMARK1_0_, jperson0_.SHORTNAME as SHORTNAME1_0_, jperson0_.UNP as UNP1_0_ from H_SUBJECTSDATA jperson0_ inner join H_SUBJECT jperson0_1_ on jperson0_.SUBJECT_ID=jperson0_1_.SUBJECT_ID where jperson0_.SUBJECT_ID=? for update
org.hibernate.loader.entity.EntityLoader 2015-01-23 09:56:21,841 DEBUG - Static select for entity nla.local.pojos.JPerson [PESSIMISTIC_WRITE]: select jperson0_.SUBJECT_ID as SUBJECT1_0_0_, jperson0_1_.IS_OWNER as IS2_0_0_, jperson0_1_.REESTRDATAID as REESTRDA3_0_0_, jperson0_1_.SUBJECT_TYPE as SUBJECT4_0_0_, jperson0_.ACTUAL as ACTUAL1_0_, jperson0_.ADDRESS_ID as ADDRESS15_1_0_, jperson0_.BOTH_REG_DATE as BOTH1_1_0_, jperson0_.FULLNAME as FULLNAME1_0_, jperson0_.ORG_RIGHT_FORM as ORG9_1_0_, jperson0_.REG_NUMBER as REG10_1_0_, jperson0_.REMARK as REMARK1_0_, jperson0_.SHORTNAME as SHORTNAME1_0_, jperson0_.UNP as UNP1_0_ from H_SUBJECTSDATA jperson0_ inner join H_SUBJECT jperson0_1_ on jperson0_.SUBJECT_ID=jperson0_1_.SUBJECT_ID where jperson0_.SUBJECT_ID=? for update
org.hibernate.loader.entity.EntityLoader 2015-01-23 09:56:21,842 DEBUG - Static select for entity nla.local.pojos.JPerson [PESSIMISTIC_FORCE_INCREMENT]: select jperson0_.SUBJECT_ID as SUBJECT1_0_0_, jperson0_1_.IS_OWNER as IS2_0_0_, jperson0_1_.REESTRDATAID as REESTRDA3_0_0_, jperson0_1_.SUBJECT_TYPE as SUBJECT4_0_0_, jperson0_.ACTUAL as ACTUAL1_0_, jperson0_.ADDRESS_ID as ADDRESS15_1_0_, jperson0_.BOTH_REG_DATE as BOTH1_1_0_, jperson0_.FULLNAME as FULLNAME1_0_, jperson0_.ORG_RIGHT_FORM as ORG9_1_0_, jperson0_.REG_NUMBER as REG10_1_0_, jperson0_.REMARK as REMARK1_0_, jperson0_.SHORTNAME as SHORTNAME1_0_, jperson0_.UNP as UNP1_0_ from H_SUBJECTSDATA jperson0_ inner join H_SUBJECT jperson0_1_ on jperson0_.SUBJECT_ID=jperson0_1_.SUBJECT_ID where jperson0_.SUBJECT_ID=? for update nowait
org.hibernate.loader.entity.EntityLoader 2015-01-23 09:56:21,842 DEBUG - Static select for entity nla.local.pojos.JPerson [OPTIMISTIC]: select jperson0_.SUBJECT_ID as SUBJECT1_0_0_, jperson0_1_.IS_OWNER as IS2_0_0_, jperson0_1_.REESTRDATAID as REESTRDA3_0_0_, jperson0_1_.SUBJECT_TYPE as SUBJECT4_0_0_, jperson0_.ACTUAL as ACTUAL1_0_, jperson0_.ADDRESS_ID as ADDRESS15_1_0_, jperson0_.BOTH_REG_DATE as BOTH1_1_0_, jperson0_.FULLNAME as FULLNAME1_0_, jperson0_.ORG_RIGHT_FORM as ORG9_1_0_, jperson0_.REG_NUMBER as REG10_1_0_, jperson0_.REMARK as REMARK1_0_, jperson0_.SHORTNAME as SHORTNAME1_0_, jperson0_.UNP as UNP1_0_ from H_SUBJECTSDATA jperson0_ inner join H_SUBJECT jperson0_1_ on jperson0_.SUBJECT_ID=jperson0_1_.SUBJECT_ID where jperson0_.SUBJECT_ID=?
org.hibernate.loader.entity.EntityLoader 2015-01-23 09:56:21,842 DEBUG - Static select for entity nla.local.pojos.JPerson [OPTIMISTIC_FORCE_INCREMENT]: select jperson0_.SUBJECT_ID as SUBJECT1_0_0_, jperson0_1_.IS_OWNER as IS2_0_0_, jperson0_1_.REESTRDATAID as REESTRDA3_0_0_, jperson0_1_.SUBJECT_TYPE as SUBJECT4_0_0_, jperson0_.ACTUAL as ACTUAL1_0_, jperson0_.ADDRESS_ID as ADDRESS15_1_0_, jperson0_.BOTH_REG_DATE as BOTH1_1_0_, jperson0_.FULLNAME as FULLNAME1_0_, jperson0_.ORG_RIGHT_FORM as ORG9_1_0_, jperson0_.REG_NUMBER as REG10_1_0_, jperson0_.REMARK as REMARK1_0_, jperson0_.SHORTNAME as SHORTNAME1_0_, jperson0_.UNP as UNP1_0_ from H_SUBJECTSDATA jperson0_ inner join H_SUBJECT jperson0_1_ on jperson0_.SUBJECT_ID=jperson0_1_.SUBJECT_ID where jperson0_.SUBJECT_ID=?
org.hibernate.loader.entity.CascadeEntityLoader 2015-01-23 09:56:21,843 DEBUG - Static select for action ACTION_MERGE on entity nla.local.pojos.JPerson: select jperson0_.SUBJECT_ID as SUBJECT1_0_0_, jperson0_1_.IS_OWNER as IS2_0_0_, jperson0_1_.REESTRDATAID as REESTRDA3_0_0_, jperson0_1_.SUBJECT_TYPE as SUBJECT4_0_0_, jperson0_.ACTUAL as ACTUAL1_0_, jperson0_.ADDRESS_ID as ADDRESS15_1_0_, jperson0_.BOTH_REG_DATE as BOTH1_1_0_, jperson0_.FULLNAME as FULLNAME1_0_, jperson0_.ORG_RIGHT_FORM as ORG9_1_0_, jperson0_.REG_NUMBER as REG10_1_0_, jperson0_.REMARK as REMARK1_0_, jperson0_.SHORTNAME as SHORTNAME1_0_, jperson0_.UNP as UNP1_0_ from H_SUBJECTSDATA jperson0_ inner join H_SUBJECT jperson0_1_ on jperson0_.SUBJECT_ID=jperson0_1_.SUBJECT_ID where jperson0_.SUBJECT_ID=?
org.hibernate.loader.entity.CascadeEntityLoader 2015-01-23 09:56:21,843 DEBUG - Static select for action ACTION_REFRESH on entity nla.local.pojos.JPerson: select jperson0_.SUBJECT_ID as SUBJECT1_0_0_, jperson0_1_.IS_OWNER as IS2_0_0_, jperson0_1_.REESTRDATAID as REESTRDA3_0_0_, jperson0_1_.SUBJECT_TYPE as SUBJECT4_0_0_, jperson0_.ACTUAL as ACTUAL1_0_, jperson0_.ADDRESS_ID as ADDRESS15_1_0_, jperson0_.BOTH_REG_DATE as BOTH1_1_0_, jperson0_.FULLNAME as FULLNAME1_0_, jperson0_.ORG_RIGHT_FORM as ORG9_1_0_, jperson0_.REG_NUMBER as REG10_1_0_, jperson0_.REMARK as REMARK1_0_, jperson0_.SHORTNAME as SHORTNAME1_0_, jperson0_.UNP as UNP1_0_ from H_SUBJECTSDATA jperson0_ inner join H_SUBJECT jperson0_1_ on jperson0_.SUBJECT_ID=jperson0_1_.SUBJECT_ID where jperson0_.SUBJECT_ID=?
org.hibernate.impl.SessionFactoryObjectFactory 2015-01-23 09:56:21,844 DEBUG - initializing class SessionFactoryObjectFactory
org.hibernate.impl.SessionFactoryObjectFactory 2015-01-23 09:56:21,845 DEBUG - registered: ed0a9d29-158b-4ecf-8c1b-0c16f742c2c7 (unnamed)
org.hibernate.impl.SessionFactoryObjectFactory 2015-01-23 09:56:21,845 INFO  - Not binding factory to JNDI, no JNDI name configured
org.hibernate.impl.SessionFactoryImpl 2015-01-23 09:56:21,845 DEBUG - instantiated session factory
org.hibernate.tool.hbm2ddl.SchemaValidator 2015-01-23 09:56:21,847 INFO  - Running schema validator
org.hibernate.tool.hbm2ddl.SchemaValidator 2015-01-23 09:56:21,847 INFO  - fetching database metadata
org.hibernate.cfg.Configuration 2015-01-23 09:56:22,417 TRACE - Starting secondPassCompile() processing
org.hibernate.cfg.Configuration$MetadataSourceQueue 2015-01-23 09:56:22,417 DEBUG - Processing hbm.xml files
org.hibernate.cfg.Configuration$MetadataSourceQueue 2015-01-23 09:56:22,417 DEBUG - Process annotated classes
org.hibernate.cfg.Configuration 2015-01-23 09:56:22,417 DEBUG - processing fk mappings (*ToOne and JoinedSubclass)
org.hibernate.cfg.Configuration 2015-01-23 09:56:22,418 DEBUG - processing extends queue
org.hibernate.cfg.Configuration 2015-01-23 09:56:22,418 DEBUG - processing extends queue
org.hibernate.cfg.Configuration 2015-01-23 09:56:22,418 DEBUG - processing collection mappings
org.hibernate.cfg.Configuration 2015-01-23 09:56:22,418 DEBUG - processing native query and ResultSetMapping mappings
org.hibernate.cfg.Configuration 2015-01-23 09:56:22,418 DEBUG - processing association property references
org.hibernate.cfg.Configuration 2015-01-23 09:56:22,419 DEBUG - processing foreign key constraints
org.hibernate.cfg.Configuration 2015-01-23 09:56:22,419 DEBUG - resolving reference to class: nla.local.pojos.Person
org.hibernate.cfg.Configuration 2015-01-23 09:56:22,419 DEBUG - resolving reference to class: nla.local.pojos.Address
org.hibernate.tool.hbm2ddl.TableMetadata 2015-01-23 09:56:22,569 INFO  - table found: NKA_NET3_DEV.H_SUBJECT
org.hibernate.tool.hbm2ddl.TableMetadata 2015-01-23 09:56:22,570 INFO  - columns: [is_owner, subject_id, reestrdataid, subject_type]
org.hibernate.tool.hbm2ddl.TableMetadata 2015-01-23 09:56:22,601 INFO  - table found: NKA_NET3_DEV.H_SUBJECTSDATA
org.hibernate.tool.hbm2ddl.TableMetadata 2015-01-23 09:56:22,602 INFO  - columns: [both_reg_date, datestart, sitizens, remark, subject_id, surname, firstname, unp, subject_data_id, personal_number, prev_address, address_id, subject_status, fathername, actual, shortname, org_right_form, fullname, reg_number]
org.hibernate.tool.hbm2ddl.TableMetadata 2015-01-23 09:56:22,641 INFO  - table found: NKA_NET3_DEV.V_ADDRESSES
org.hibernate.tool.hbm2ddl.TableMetadata 2015-01-23 09:56:22,641 INFO  - columns: [num_house, region, subregion, ind_house, np, adr_num, sovet, num_room, immovabletypename, ind_room, elementname, elementtypename, num_corp]
org.hibernate.id.factory.DefaultIdentifierGeneratorFactory 2015-01-23 09:56:22,642 DEBUG - Setting dialect [org.hibernate.dialect.Oracle10gDialect]
org.hibernate.id.factory.DefaultIdentifierGeneratorFactory 2015-01-23 09:56:22,643 DEBUG - Setting dialect [org.hibernate.dialect.Oracle10gDialect]
org.hibernate.id.enhanced.OptimizerFactory$LegacyHiLoAlgorithmOptimizer 2015-01-23 09:56:22,643 TRACE - creating hilo optimizer (legacy) with [incrementSize=49; returnClass=java.lang.Integer]
org.hibernate.impl.SessionFactoryImpl 2015-01-23 09:56:22,645 DEBUG - Checking 0 named HQL queries
org.hibernate.impl.SessionFactoryImpl 2015-01-23 09:56:22,646 DEBUG - Checking 1 named SQL queries
org.hibernate.impl.SessionFactoryImpl 2015-01-23 09:56:22,646 DEBUG - Checking named SQL query: callStockStoreProcedure
org.hibernate.engine.query.QueryPlanCache 2015-01-23 09:56:22,647 TRACE - unable to locate native-sql query plan in cache; generating (CALL SUBJECT_LT())
org.hibernate.loader.custom.sql.SQLCustomQuery 2015-01-23 09:56:22,649 TRACE - starting processing of sql query [CALL SUBJECT_LT()]
org.hibernate.loader.custom.sql.SQLQueryReturnProcessor 2015-01-23 09:56:22,655 TRACE - mapping alias [alias1] to entity-suffix [0_]
org.springframework.beans.factory.support.AbstractBeanFactory 2015-01-23 09:56:22,660 DEBUG - Returning cached instance of singleton bean &apos;org.springframework.transaction.config.internalTransactionAdvisor&apos;
org.springframework.beans.factory.support.AbstractAutowireCapableBeanFactory 2015-01-23 09:56:22,664 DEBUG - Finished creating instance of bean &apos;sessionFactory&apos;
org.springframework.beans.factory.support.AbstractBeanFactory 2015-01-23 09:56:22,664 DEBUG - Returning cached instance of singleton bean &apos;org.springframework.transaction.config.internalTransactionAdvisor&apos;
org.springframework.beans.factory.support.ConstructorResolver 2015-01-23 09:56:22,670 DEBUG - Autowiring by type from bean name &apos;baseDao&apos; via constructor to bean named &apos;sessionFactory&apos;
org.springframework.beans.factory.support.AbstractAutowireCapableBeanFactory 2015-01-23 09:56:22,671 DEBUG - Eagerly caching bean &apos;baseDao&apos; to allow for resolving potential circular references
org.springframework.beans.CachedIntrospectionResults 2015-01-23 09:56:22,671 TRACE - Getting BeanInfo for class [nla.local.dao.BaseDao]
org.springframework.beans.CachedIntrospectionResults 2015-01-23 09:56:22,672 TRACE - Caching PropertyDescriptors for class [nla.local.dao.BaseDao]
org.springframework.beans.CachedIntrospectionResults 2015-01-23 09:56:22,673 TRACE - Found bean property &apos;class&apos; of type [java.lang.Class]
org.springframework.beans.CachedIntrospectionResults 2015-01-23 09:56:22,673 TRACE - Found bean property &apos;session&apos; of type [org.hibernate.Session]
org.springframework.beans.factory.support.AbstractBeanFactory 2015-01-23 09:56:22,673 DEBUG - Returning cached instance of singleton bean &apos;org.springframework.transaction.config.internalTransactionAdvisor&apos;
org.springframework.beans.factory.support.AbstractAutowireCapableBeanFactory 2015-01-23 09:56:22,675 DEBUG - Finished creating instance of bean &apos;baseDao&apos;
org.springframework.beans.factory.support.ConstructorResolver 2015-01-23 09:56:22,675 DEBUG - Autowiring by type from bean name &apos;baseService&apos; via constructor to bean named &apos;baseDao&apos;
org.springframework.beans.factory.support.AbstractAutowireCapableBeanFactory 2015-01-23 09:56:22,678 DEBUG - Eagerly caching bean &apos;baseService&apos; to allow for resolving potential circular references
org.springframework.beans.CachedIntrospectionResults 2015-01-23 09:56:22,678 TRACE - Getting BeanInfo for class [nla.local.services.BaseService]
org.springframework.beans.CachedIntrospectionResults 2015-01-23 09:56:22,679 TRACE - Caching PropertyDescriptors for class [nla.local.services.BaseService]
org.springframework.beans.CachedIntrospectionResults 2015-01-23 09:56:22,679 TRACE - Found bean property &apos;class&apos; of type [java.lang.Class]
org.springframework.beans.factory.support.AbstractBeanFactory 2015-01-23 09:56:22,679 DEBUG - Returning cached instance of singleton bean &apos;org.springframework.transaction.config.internalTransactionAdvisor&apos;
org.springframework.transaction.interceptor.AbstractFallbackTransactionAttributeSource 2015-01-23 09:56:22,681 DEBUG - Adding transactional method &apos;BaseService.add&apos; with attribute: PROPAGATION_REQUIRED,ISOLATION_DEFAULT; &apos;&apos;
org.springframework.aop.framework.autoproxy.AbstractAutoProxyCreator 2015-01-23 09:56:22,684 DEBUG - Creating implicit proxy for bean &apos;baseService&apos; with 0 common interceptors and 1 specific interceptors
org.springframework.aop.framework.CglibAopProxy 2015-01-23 09:56:22,690 DEBUG - Creating CGLIB proxy: target source is SingletonTargetSource for target object [nla.local.services.BaseService@2ccf544a]
org.springframework.beans.factory.support.DefaultSingletonBeanRegistry 2015-01-23 09:56:22,727 DEBUG - Creating shared instance of singleton bean &apos;org.springframework.transaction.interceptor.TransactionInterceptor#0&apos;
org.springframework.beans.factory.support.AbstractAutowireCapableBeanFactory 2015-01-23 09:56:22,727 DEBUG - Creating instance of bean &apos;org.springframework.transaction.interceptor.TransactionInterceptor#0&apos;
org.springframework.aop.framework.autoproxy.AbstractAutoProxyCreator 2015-01-23 09:56:22,728 TRACE - Did not attempt to auto-proxy infrastructure class [org.springframework.transaction.interceptor.TransactionInterceptor]
org.springframework.beans.factory.support.AbstractAutowireCapableBeanFactory 2015-01-23 09:56:22,731 DEBUG - Eagerly caching bean &apos;org.springframework.transaction.interceptor.TransactionInterceptor#0&apos; to allow for resolving potential circular references
org.springframework.beans.CachedIntrospectionResults 2015-01-23 09:56:22,731 TRACE - Getting BeanInfo for class [org.springframework.transaction.interceptor.TransactionInterceptor]
org.springframework.beans.CachedIntrospectionResults 2015-01-23 09:56:22,732 TRACE - Caching PropertyDescriptors for class [org.springframework.transaction.interceptor.TransactionInterceptor]
org.springframework.beans.CachedIntrospectionResults 2015-01-23 09:56:22,733 TRACE - Found bean property &apos;beanFactory&apos; of type [org.springframework.beans.factory.BeanFactory]
org.springframework.beans.CachedIntrospectionResults 2015-01-23 09:56:22,733 TRACE - Found bean property &apos;class&apos; of type [java.lang.Class]
org.springframework.beans.CachedIntrospectionResults 2015-01-23 09:56:22,733 TRACE - Found bean property &apos;transactionAttributeSource&apos; of type [org.springframework.transaction.interceptor.TransactionAttributeSource]
org.springframework.beans.CachedIntrospectionResults 2015-01-23 09:56:22,733 TRACE - Found bean property &apos;transactionAttributeSources&apos; of type [[Lorg.springframework.transaction.interceptor.TransactionAttributeSource;]
org.springframework.beans.CachedIntrospectionResults 2015-01-23 09:56:22,733 TRACE - Found bean property &apos;transactionAttributes&apos; of type [java.util.Properties]
org.springframework.beans.CachedIntrospectionResults 2015-01-23 09:56:22,734 TRACE - Found bean property &apos;transactionManager&apos; of type [org.springframework.transaction.PlatformTransactionManager]
org.springframework.beans.CachedIntrospectionResults 2015-01-23 09:56:22,734 TRACE - Found bean property &apos;transactionManagerBeanName&apos; of type [java.lang.String]
org.springframework.beans.factory.support.AbstractBeanFactory 2015-01-23 09:56:22,735 DEBUG - Returning cached instance of singleton bean &apos;org.springframework.transaction.annotation.AnnotationTransactionAttributeSource#0&apos;
org.springframework.beans.factory.support.AbstractAutowireCapableBeanFactory 2015-01-23 09:56:22,736 DEBUG - Invoking afterPropertiesSet() on bean with name &apos;org.springframework.transaction.interceptor.TransactionInterceptor#0&apos;
org.springframework.beans.factory.support.AbstractAutowireCapableBeanFactory 2015-01-23 09:56:22,736 DEBUG - Finished creating instance of bean &apos;org.springframework.transaction.interceptor.TransactionInterceptor#0&apos;
org.springframework.aop.framework.CglibAopProxy$ProxyCallbackFilter 2015-01-23 09:56:22,738 DEBUG - Unable to apply any optimisations to advised method: public void nla.local.services.BaseService.add(java.lang.Object)
org.springframework.transaction.interceptor.AbstractFallbackTransactionAttributeSource 2015-01-23 09:56:22,739 DEBUG - Adding transactional method &apos;BaseService.get&apos; with attribute: PROPAGATION_SUPPORTS,ISOLATION_DEFAULT,readOnly; &apos;&apos;
org.springframework.aop.framework.CglibAopProxy$ProxyCallbackFilter 2015-01-23 09:56:22,739 DEBUG - Unable to apply any optimisations to advised method: public java.lang.Object nla.local.services.BaseService.get(java.lang.Class,java.io.Serializable)
org.springframework.transaction.interceptor.AbstractFallbackTransactionAttributeSource 2015-01-23 09:56:22,740 DEBUG - Adding transactional method &apos;BaseService.delete&apos; with attribute: PROPAGATION_REQUIRED,ISOLATION_DEFAULT; &apos;&apos;
org.springframework.aop.framework.CglibAopProxy$ProxyCallbackFilter 2015-01-23 09:56:22,740 DEBUG - Unable to apply any optimisations to advised method: public void nla.local.services.BaseService.delete(java.lang.Object)
org.springframework.transaction.interceptor.AbstractFallbackTransactionAttributeSource 2015-01-23 09:56:22,741 DEBUG - Adding transactional method &apos;BaseService.update&apos; with attribute: PROPAGATION_REQUIRED,ISOLATION_DEFAULT; &apos;&apos;
org.springframework.aop.framework.CglibAopProxy$ProxyCallbackFilter 2015-01-23 09:56:22,741 DEBUG - Unable to apply any optimisations to advised method: public void nla.local.services.BaseService.update(java.lang.Object)
org.springframework.transaction.interceptor.AbstractFallbackTransactionAttributeSource 2015-01-23 09:56:22,741 DEBUG - Adding transactional method &apos;BaseService.getNamedQuery&apos; with attribute: PROPAGATION_SUPPORTS,ISOLATION_DEFAULT,readOnly; &apos;&apos;
org.springframework.aop.framework.CglibAopProxy$ProxyCallbackFilter 2015-01-23 09:56:22,742 DEBUG - Unable to apply any optimisations to advised method: public java.util.List nla.local.services.BaseService.getNamedQuery(java.lang.String)
org.springframework.transaction.interceptor.AbstractFallbackTransactionAttributeSource 2015-01-23 09:56:22,742 DEBUG - Adding transactional method &apos;BaseService.getCriterion&apos; with attribute: PROPAGATION_SUPPORTS,ISOLATION_DEFAULT,readOnly; &apos;&apos;
org.springframework.aop.framework.CglibAopProxy$ProxyCallbackFilter 2015-01-23 09:56:22,743 DEBUG - Unable to apply any optimisations to advised method: public java.util.List nla.local.services.BaseService.getCriterion(org.hibernate.criterion.DetachedCriteria)
org.springframework.transaction.interceptor.AbstractFallbackTransactionAttributeSource 2015-01-23 09:56:22,743 DEBUG - Adding transactional method &apos;BaseService.refresh&apos; with attribute: PROPAGATION_REQUIRED,ISOLATION_DEFAULT; &apos;&apos;
org.springframework.aop.framework.CglibAopProxy$ProxyCallbackFilter 2015-01-23 09:56:22,743 DEBUG - Unable to apply any optimisations to advised method: public void nla.local.services.BaseService.refresh(java.lang.Object)
org.springframework.aop.framework.CglibAopProxy$ProxyCallbackFilter 2015-01-23 09:56:22,743 DEBUG - Found finalize() method - using NO_OVERRIDE
org.springframework.aop.framework.CglibAopProxy$ProxyCallbackFilter 2015-01-23 09:56:22,744 DEBUG - Found &apos;equals&apos; method: public boolean java.lang.Object.equals(java.lang.Object)
org.springframework.aop.framework.CglibAopProxy$ProxyCallbackFilter 2015-01-23 09:56:22,744 DEBUG - Unable to apply any optimisations to advised method: public java.lang.String java.lang.Object.toString()
org.springframework.aop.framework.CglibAopProxy$ProxyCallbackFilter 2015-01-23 09:56:22,744 DEBUG - Found &apos;hashCode&apos; method: public native int java.lang.Object.hashCode()
org.springframework.aop.framework.CglibAopProxy$ProxyCallbackFilter 2015-01-23 09:56:22,744 DEBUG - Unable to apply any optimisations to advised method: protected native java.lang.Object java.lang.Object.clone() throws java.lang.CloneNotSupportedException
org.springframework.aop.framework.CglibAopProxy$ProxyCallbackFilter 2015-01-23 09:56:22,744 DEBUG - Method is declared on Advised interface: public abstract int org.springframework.aop.framework.Advised.indexOf(org.springframework.aop.Advisor)
org.springframework.aop.framework.CglibAopProxy$ProxyCallbackFilter 2015-01-23 09:56:22,744 DEBUG - Method is declared on Advised interface: public abstract int org.springframework.aop.framework.Advised.indexOf(org.aopalliance.aop.Advice)
org.springframework.aop.framework.CglibAopProxy$ProxyCallbackFilter 2015-01-23 09:56:22,745 DEBUG - Method is declared on Advised interface: public abstract boolean org.springframework.aop.framework.Advised.isFrozen()
org.springframework.aop.framework.CglibAopProxy$ProxyCallbackFilter 2015-01-23 09:56:22,745 DEBUG - Method is declared on Advised interface: public abstract void org.springframework.aop.framework.Advised.setTargetSource(org.springframework.aop.TargetSource)
org.springframework.aop.framework.CglibAopProxy$ProxyCallbackFilter 2015-01-23 09:56:22,745 DEBUG - Method is declared on Advised interface: public abstract boolean org.springframework.aop.framework.Advised.isProxyTargetClass()
org.springframework.aop.framework.CglibAopProxy$ProxyCallbackFilter 2015-01-23 09:56:22,745 DEBUG - Method is declared on Advised interface: public abstract org.springframework.aop.TargetSource org.springframework.aop.framework.Advised.getTargetSource()
org.springframework.aop.framework.CglibAopProxy$ProxyCallbackFilter 2015-01-23 09:56:22,745 DEBUG - Method is declared on Advised interface: public abstract void org.springframework.aop.framework.Advised.addAdvisor(org.springframework.aop.Advisor) throws org.springframework.aop.framework.AopConfigException
org.springframework.aop.framework.CglibAopProxy$ProxyCallbackFilter 2015-01-23 09:56:22,745 DEBUG - Method is declared on Advised interface: public abstract void org.springframework.aop.framework.Advised.addAdvisor(int,org.springframework.aop.Advisor) throws org.springframework.aop.framework.AopConfigException
org.springframework.aop.framework.CglibAopProxy$ProxyCallbackFilter 2015-01-23 09:56:22,745 DEBUG - Method is declared on Advised interface: public abstract boolean org.springframework.aop.framework.Advised.isExposeProxy()
org.springframework.aop.framework.CglibAopProxy$ProxyCallbackFilter 2015-01-23 09:56:22,745 DEBUG - Method is declared on Advised interface: public abstract void org.springframework.aop.framework.Advised.setPreFiltered(boolean)
org.springframework.aop.framework.CglibAopProxy$ProxyCallbackFilter 2015-01-23 09:56:22,745 DEBUG - Method is declared on Advised interface: public abstract void org.springframework.aop.framework.Advised.setExposeProxy(boolean)
org.springframework.aop.framework.CglibAopProxy$ProxyCallbackFilter 2015-01-23 09:56:22,746 DEBUG - Method is declared on Advised interface: public abstract void org.springframework.aop.framework.Advised.addAdvice(org.aopalliance.aop.Advice) throws org.springframework.aop.framework.AopConfigException
org.springframework.aop.framework.CglibAopProxy$ProxyCallbackFilter 2015-01-23 09:56:22,746 DEBUG - Method is declared on Advised interface: public abstract void org.springframework.aop.framework.Advised.addAdvice(int,org.aopalliance.aop.Advice) throws org.springframework.aop.framework.AopConfigException
org.springframework.aop.framework.CglibAopProxy$ProxyCallbackFilter 2015-01-23 09:56:22,746 DEBUG - Method is declared on Advised interface: public abstract boolean org.springframework.aop.framework.Advised.isPreFiltered()
org.springframework.aop.framework.CglibAopProxy$ProxyCallbackFilter 2015-01-23 09:56:22,746 DEBUG - Method is declared on Advised interface: public abstract org.springframework.aop.Advisor[] org.springframework.aop.framework.Advised.getAdvisors()
org.springframework.aop.framework.CglibAopProxy$ProxyCallbackFilter 2015-01-23 09:56:22,746 DEBUG - Method is declared on Advised interface: public abstract boolean org.springframework.aop.framework.Advised.removeAdvisor(org.springframework.aop.Advisor)
org.springframework.aop.framework.CglibAopProxy$ProxyCallbackFilter 2015-01-23 09:56:22,746 DEBUG - Method is declared on Advised interface: public abstract void org.springframework.aop.framework.Advised.removeAdvisor(int) throws org.springframework.aop.framework.AopConfigException
org.springframework.aop.framework.CglibAopProxy$ProxyCallbackFilter 2015-01-23 09:56:22,747 DEBUG - Method is declared on Advised interface: public abstract boolean org.springframework.aop.framework.Advised.removeAdvice(org.aopalliance.aop.Advice)
org.springframework.aop.framework.CglibAopProxy$ProxyCallbackFilter 2015-01-23 09:56:22,747 DEBUG - Method is declared on Advised interface: public abstract java.lang.Class[] org.springframework.aop.framework.Advised.getProxiedInterfaces()
org.springframework.aop.framework.CglibAopProxy$ProxyCallbackFilter 2015-01-23 09:56:22,747 DEBUG - Method is declared on Advised interface: public abstract boolean org.springframework.aop.framework.Advised.isInterfaceProxied(java.lang.Class)
org.springframework.aop.framework.CglibAopProxy$ProxyCallbackFilter 2015-01-23 09:56:22,747 DEBUG - Method is declared on Advised interface: public abstract boolean org.springframework.aop.framework.Advised.replaceAdvisor(org.springframework.aop.Advisor,org.springframework.aop.Advisor) throws org.springframework.aop.framework.AopConfigException
org.springframework.aop.framework.CglibAopProxy$ProxyCallbackFilter 2015-01-23 09:56:22,747 DEBUG - Method is declared on Advised interface: public abstract java.lang.String org.springframework.aop.framework.Advised.toProxyConfigString()
org.springframework.aop.framework.CglibAopProxy$ProxyCallbackFilter 2015-01-23 09:56:22,747 DEBUG - Method is declared on Advised interface: public abstract java.lang.Class org.springframework.aop.TargetClassAware.getTargetClass()
org.springframework.beans.factory.support.AbstractAutowireCapableBeanFactory 2015-01-23 09:56:22,761 DEBUG - Finished creating instance of bean &apos;baseService&apos;
org.springframework.beans.factory.support.AbstractBeanFactory 2015-01-23 09:56:22,761 DEBUG - Returning cached instance of singleton bean &apos;baseDao&apos;
org.springframework.beans.factory.support.AbstractBeanFactory 2015-01-23 09:56:22,761 DEBUG - Returning cached instance of singleton bean &apos;dataSource&apos;
org.springframework.beans.factory.support.DefaultSingletonBeanRegistry 2015-01-23 09:56:22,761 DEBUG - Creating shared instance of singleton bean &apos;person&apos;
org.springframework.beans.factory.support.AbstractAutowireCapableBeanFactory 2015-01-23 09:56:22,761 DEBUG - Creating instance of bean &apos;person&apos;
org.springframework.beans.factory.support.AbstractAutowireCapableBeanFactory 2015-01-23 09:56:22,763 DEBUG - Eagerly caching bean &apos;person&apos; to allow for resolving potential circular references
org.springframework.beans.CachedIntrospectionResults 2015-01-23 09:56:22,763 TRACE - Getting BeanInfo for class [nla.local.pojos.Person]
org.springframework.beans.CachedIntrospectionResults 2015-01-23 09:56:22,764 TRACE - Caching PropertyDescriptors for class [nla.local.pojos.Person]
org.springframework.beans.CachedIntrospectionResults 2015-01-23 09:56:22,764 TRACE - Found bean property &apos;class&apos; of type [java.lang.Class]
org.springframework.beans.factory.support.AbstractBeanFactory 2015-01-23 09:56:22,764 DEBUG - Returning cached instance of singleton bean &apos;org.springframework.transaction.config.internalTransactionAdvisor&apos;
org.springframework.beans.factory.support.AbstractAutowireCapableBeanFactory 2015-01-23 09:56:22,765 DEBUG - Finished creating instance of bean &apos;person&apos;
org.springframework.beans.factory.support.DefaultSingletonBeanRegistry 2015-01-23 09:56:22,765 DEBUG - Creating shared instance of singleton bean &apos;jperson&apos;
org.springframework.beans.factory.support.AbstractAutowireCapableBeanFactory 2015-01-23 09:56:22,765 DEBUG - Creating instance of bean &apos;jperson&apos;
org.springframework.beans.factory.support.AbstractAutowireCapableBeanFactory 2015-01-23 09:56:22,767 DEBUG - Eagerly caching bean &apos;jperson&apos; to allow for resolving potential circular references
org.springframework.beans.CachedIntrospectionResults 2015-01-23 09:56:22,768 TRACE - Getting BeanInfo for class [nla.local.pojos.JPerson]
org.springframework.beans.CachedIntrospectionResults 2015-01-23 09:56:22,768 TRACE - Caching PropertyDescriptors for class [nla.local.pojos.JPerson]
org.springframework.beans.CachedIntrospectionResults 2015-01-23 09:56:22,768 TRACE - Found bean property &apos;class&apos; of type [java.lang.Class]
org.springframework.beans.CachedIntrospectionResults 2015-01-23 09:56:22,769 TRACE - Found bean property &apos;subjectType&apos; of type [java.lang.Integer]
org.springframework.beans.factory.support.AbstractBeanFactory 2015-01-23 09:56:22,769 DEBUG - Returning cached instance of singleton bean &apos;org.springframework.transaction.config.internalTransactionAdvisor&apos;
org.springframework.beans.factory.support.AbstractAutowireCapableBeanFactory 2015-01-23 09:56:22,770 DEBUG - Finished creating instance of bean &apos;jperson&apos;
org.springframework.beans.factory.support.DefaultSingletonBeanRegistry 2015-01-23 09:56:22,770 DEBUG - Creating shared instance of singleton bean &apos;pperson&apos;
org.springframework.beans.factory.support.AbstractAutowireCapableBeanFactory 2015-01-23 09:56:22,770 DEBUG - Creating instance of bean &apos;pperson&apos;
org.springframework.beans.factory.support.AbstractAutowireCapableBeanFactory 2015-01-23 09:56:22,772 DEBUG - Eagerly caching bean &apos;pperson&apos; to allow for resolving potential circular references
org.springframework.beans.CachedIntrospectionResults 2015-01-23 09:56:22,772 TRACE - Getting BeanInfo for class [nla.local.pojos.PPerson]
org.springframework.beans.CachedIntrospectionResults 2015-01-23 09:56:22,773 TRACE - Caching PropertyDescriptors for class [nla.local.pojos.PPerson]
org.springframework.beans.CachedIntrospectionResults 2015-01-23 09:56:22,773 TRACE - Found bean property &apos;class&apos; of type [java.lang.Class]
org.springframework.beans.factory.support.AbstractBeanFactory 2015-01-23 09:56:22,774 DEBUG - Returning cached instance of singleton bean &apos;org.springframework.transaction.config.internalTransactionAdvisor&apos;
org.springframework.beans.factory.support.AbstractAutowireCapableBeanFactory 2015-01-23 09:56:22,774 DEBUG - Finished creating instance of bean &apos;pperson&apos;
org.springframework.beans.factory.support.DefaultSingletonBeanRegistry 2015-01-23 09:56:22,774 DEBUG - Creating shared instance of singleton bean &apos;address&apos;
org.springframework.beans.factory.support.AbstractAutowireCapableBeanFactory 2015-01-23 09:56:22,774 DEBUG - Creating instance of bean &apos;address&apos;
org.springframework.beans.factory.support.AbstractAutowireCapableBeanFactory 2015-01-23 09:56:22,776 DEBUG - Eagerly caching bean &apos;address&apos; to allow for resolving potential circular references
org.springframework.beans.CachedIntrospectionResults 2015-01-23 09:56:22,776 TRACE - Getting BeanInfo for class [nla.local.pojos.Address]
org.springframework.beans.CachedIntrospectionResults 2015-01-23 09:56:22,777 TRACE - Caching PropertyDescriptors for class [nla.local.pojos.Address]
org.springframework.beans.CachedIntrospectionResults 2015-01-23 09:56:22,777 TRACE - Found bean property &apos;class&apos; of type [java.lang.Class]
org.springframework.beans.factory.support.AbstractBeanFactory 2015-01-23 09:56:22,777 DEBUG - Returning cached instance of singleton bean &apos;org.springframework.transaction.config.internalTransactionAdvisor&apos;
org.springframework.beans.factory.support.AbstractAutowireCapableBeanFactory 2015-01-23 09:56:22,778 DEBUG - Finished creating instance of bean &apos;address&apos;
org.springframework.beans.factory.support.AbstractBeanFactory 2015-01-23 09:56:22,778 DEBUG - Returning cached instance of singleton bean &apos;sessionFactory&apos;
org.springframework.beans.factory.support.DefaultSingletonBeanRegistry 2015-01-23 09:56:22,778 DEBUG - Creating shared instance of singleton bean &apos;transactionManager&apos;
org.springframework.beans.factory.support.AbstractAutowireCapableBeanFactory 2015-01-23 09:56:22,778 DEBUG - Creating instance of bean &apos;transactionManager&apos;
org.springframework.beans.factory.support.AbstractAutowireCapableBeanFactory 2015-01-23 09:56:22,783 DEBUG - Eagerly caching bean &apos;transactionManager&apos; to allow for resolving potential circular references
org.springframework.beans.CachedIntrospectionResults 2015-01-23 09:56:22,784 TRACE - Getting BeanInfo for class [org.springframework.orm.hibernate3.HibernateTransactionManager]
org.springframework.beans.CachedIntrospectionResults 2015-01-23 09:56:22,786 TRACE - Caching PropertyDescriptors for class [org.springframework.orm.hibernate3.HibernateTransactionManager]
org.springframework.beans.CachedIntrospectionResults 2015-01-23 09:56:22,786 TRACE - Found bean property &apos;autodetectDataSource&apos; of type [boolean]
org.springframework.beans.CachedIntrospectionResults 2015-01-23 09:56:22,786 TRACE - Found bean property &apos;beanFactory&apos; of type [org.springframework.beans.factory.BeanFactory]
org.springframework.beans.CachedIntrospectionResults 2015-01-23 09:56:22,786 TRACE - Found bean property &apos;class&apos; of type [java.lang.Class]
org.springframework.beans.CachedIntrospectionResults 2015-01-23 09:56:22,786 TRACE - Found bean property &apos;dataSource&apos; of type [javax.sql.DataSource]
org.springframework.beans.CachedIntrospectionResults 2015-01-23 09:56:22,786 TRACE - Found bean property &apos;defaultTimeout&apos; of type [int]
org.springframework.beans.CachedIntrospectionResults 2015-01-23 09:56:22,786 TRACE - Found bean property &apos;earlyFlushBeforeCommit&apos; of type [boolean]
org.springframework.beans.CachedIntrospectionResults 2015-01-23 09:56:22,786 TRACE - Found bean property &apos;entityInterceptor&apos; of type [org.hibernate.Interceptor]
org.springframework.beans.CachedIntrospectionResults 2015-01-23 09:56:22,787 TRACE - Found bean property &apos;entityInterceptorBeanName&apos; of type [java.lang.String]
org.springframework.beans.CachedIntrospectionResults 2015-01-23 09:56:22,787 TRACE - Found bean property &apos;failEarlyOnGlobalRollbackOnly&apos; of type [boolean]
org.springframework.beans.CachedIntrospectionResults 2015-01-23 09:56:22,787 TRACE - Found bean property &apos;globalRollbackOnParticipationFailure&apos; of type [boolean]
org.springframework.beans.CachedIntrospectionResults 2015-01-23 09:56:22,787 TRACE - Found bean property &apos;hibernateManagedSession&apos; of type [boolean]
org.springframework.beans.CachedIntrospectionResults 2015-01-23 09:56:22,787 TRACE - Found bean property &apos;jdbcExceptionTranslator&apos; of type [org.springframework.jdbc.support.SQLExceptionTranslator]
org.springframework.beans.CachedIntrospectionResults 2015-01-23 09:56:22,787 TRACE - Found bean property &apos;nestedTransactionAllowed&apos; of type [boolean]
org.springframework.beans.CachedIntrospectionResults 2015-01-23 09:56:22,787 TRACE - Found bean property &apos;prepareConnection&apos; of type [boolean]
org.springframework.beans.CachedIntrospectionResults 2015-01-23 09:56:22,787 TRACE - Found bean property &apos;resourceFactory&apos; of type [java.lang.Object]
org.springframework.beans.CachedIntrospectionResults 2015-01-23 09:56:22,788 TRACE - Found bean property &apos;rollbackOnCommitFailure&apos; of type [boolean]
org.springframework.beans.CachedIntrospectionResults 2015-01-23 09:56:22,788 TRACE - Found bean property &apos;sessionFactory&apos; of type [org.hibernate.SessionFactory]
org.springframework.beans.CachedIntrospectionResults 2015-01-23 09:56:22,788 TRACE - Found bean property &apos;transactionSynchronization&apos; of type [int]
org.springframework.beans.CachedIntrospectionResults 2015-01-23 09:56:22,788 TRACE - Found bean property &apos;transactionSynchronizationName&apos; of type [java.lang.String]
org.springframework.beans.CachedIntrospectionResults 2015-01-23 09:56:22,788 TRACE - Found bean property &apos;validateExistingTransaction&apos; of type [boolean]
org.springframework.beans.factory.support.AbstractBeanFactory 2015-01-23 09:56:22,790 DEBUG - Returning cached instance of singleton bean &apos;sessionFactory&apos;
org.springframework.beans.factory.support.AbstractBeanFactory 2015-01-23 09:56:22,790 DEBUG - Returning cached instance of singleton bean &apos;dataSource&apos;
org.springframework.beans.factory.support.AbstractAutowireCapableBeanFactory 2015-01-23 09:56:22,790 DEBUG - Invoking afterPropertiesSet() on bean with name &apos;transactionManager&apos;
org.springframework.beans.factory.support.AbstractBeanFactory 2015-01-23 09:56:22,790 DEBUG - Returning cached instance of singleton bean &apos;org.springframework.transaction.config.internalTransactionAdvisor&apos;
org.springframework.beans.factory.support.AbstractAutowireCapableBeanFactory 2015-01-23 09:56:22,791 DEBUG - Finished creating instance of bean &apos;transactionManager&apos;
org.springframework.beans.factory.support.AbstractBeanFactory 2015-01-23 09:56:22,792 DEBUG - Returning cached instance of singleton bean &apos;org.springframework.aop.config.internalAutoProxyCreator&apos;
org.springframework.beans.factory.support.AbstractBeanFactory 2015-01-23 09:56:22,792 DEBUG - Returning cached instance of singleton bean &apos;org.springframework.transaction.annotation.AnnotationTransactionAttributeSource#0&apos;
org.springframework.beans.factory.support.AbstractBeanFactory 2015-01-23 09:56:22,792 DEBUG - Returning cached instance of singleton bean &apos;org.springframework.transaction.interceptor.TransactionInterceptor#0&apos;
org.springframework.beans.factory.support.AbstractBeanFactory 2015-01-23 09:56:22,792 DEBUG - Returning cached instance of singleton bean &apos;org.springframework.transaction.config.internalTransactionAdvisor&apos;
org.springframework.beans.factory.support.AbstractBeanFactory 2015-01-23 09:56:22,792 DEBUG - Returning cached instance of singleton bean &apos;org.springframework.context.annotation.ConfigurationClassPostProcessor.importAwareProcessor&apos;
org.springframework.beans.factory.support.AbstractBeanFactory 2015-01-23 09:56:22,792 DEBUG - Returning cached instance of singleton bean &apos;org.springframework.context.annotation.ConfigurationClassPostProcessor.enhancedConfigurationProcessor&apos;
org.springframework.context.support.AbstractApplicationContext 2015-01-23 09:56:22,793 DEBUG - Unable to locate LifecycleProcessor with name &apos;lifecycleProcessor&apos;: using default [org.springframework.context.support.DefaultLifecycleProcessor@3d086816]
org.springframework.beans.factory.support.AbstractBeanFactory 2015-01-23 09:56:22,793 DEBUG - Returning cached instance of singleton bean &apos;lifecycleProcessor&apos;
org.springframework.context.support.AbstractApplicationContext 2015-01-23 09:56:22,793 TRACE - Publishing event in org.springframework.context.support.ClassPathXmlApplicationContext@752dc320: org.springframework.context.event.ContextRefreshedEvent[source=org.springframework.context.support.ClassPathXmlApplicationContext@752dc320: startup date [Fri Jan 23 09:56:20 GMT+03:00 2015]; root of context hierarchy]
org.springframework.core.env.PropertySourcesPropertyResolver 2015-01-23 09:56:22,795 TRACE - getProperty(&quot;spring.liveBeansView.mbeanDomain&quot;, String)
org.springframework.core.env.PropertySourcesPropertyResolver 2015-01-23 09:56:22,795 DEBUG - Searching for key &apos;spring.liveBeansView.mbeanDomain&apos; in [systemProperties]
org.springframework.core.env.PropertySourcesPropertyResolver 2015-01-23 09:56:22,795 DEBUG - Searching for key &apos;spring.liveBeansView.mbeanDomain&apos; in [systemEnvironment]
org.springframework.core.env.EnumerablePropertySource 2015-01-23 09:56:22,795 TRACE - PropertySource [systemEnvironment] does not contain &apos;spring.liveBeansView.mbeanDomain&apos;
org.springframework.core.env.EnumerablePropertySource 2015-01-23 09:56:22,795 TRACE - PropertySource [systemEnvironment] does not contain &apos;spring_liveBeansView_mbeanDomain&apos;
org.springframework.core.env.EnumerablePropertySource 2015-01-23 09:56:22,795 TRACE - PropertySource [systemEnvironment] does not contain &apos;SPRING.LIVEBEANSVIEW.MBEANDOMAIN&apos;
org.springframework.core.env.EnumerablePropertySource 2015-01-23 09:56:22,796 TRACE - PropertySource [systemEnvironment] does not contain &apos;SPRING_LIVEBEANSVIEW_MBEANDOMAIN&apos;
org.springframework.core.env.PropertySourcesPropertyResolver 2015-01-23 09:56:22,796 DEBUG - Could not find key &apos;spring.liveBeansView.mbeanDomain&apos; in any property source. Returning [null]
org.springframework.beans.factory.support.AbstractBeanFactory 2015-01-23 09:56:22,796 DEBUG - Returning cached instance of singleton bean &apos;baseService&apos;
org.springframework.beans.factory.support.AbstractBeanFactory 2015-01-23 09:56:22,798 DEBUG - Returning cached instance of singleton bean &apos;transactionManager&apos;
org.springframework.transaction.support.TransactionSynchronizationManager 2015-01-23 09:56:22,801 TRACE - Initializing transaction synchronization
org.springframework.transaction.interceptor.TransactionAspectSupport 2015-01-23 09:56:22,802 TRACE - Getting transaction for [nla.local.services.BaseService.getNamedQuery]
org.springframework.orm.hibernate3.SessionFactoryUtils 2015-01-23 09:56:22,821 DEBUG - Opening Hibernate Session
org.hibernate.impl.SessionImpl 2015-01-23 09:56:22,841 DEBUG - opened session at timestamp: 14219961828
org.springframework.orm.hibernate3.SessionFactoryUtils 2015-01-23 09:56:22,842 DEBUG - Registering Spring transaction synchronization for new Hibernate Session
org.hibernate.impl.SessionImpl 2015-01-23 09:56:22,843 TRACE - setting flush mode to: MANUAL
org.springframework.transaction.support.TransactionSynchronizationManager 2015-01-23 09:56:22,844 TRACE - Bound value [org.springframework.orm.hibernate3.SessionHolder@37d08490] for key [org.hibernate.impl.SessionFactoryImpl@7c0eb30c] to thread [main]
org.springframework.transaction.support.TransactionSynchronizationManager 2015-01-23 09:56:22,844 TRACE - Retrieved value [org.springframework.orm.hibernate3.SessionHolder@37d08490] for key [org.hibernate.impl.SessionFactoryImpl@7c0eb30c] bound to thread [main]
org.springframework.transaction.interceptor.TransactionAspectSupport 2015-01-23 09:56:22,844 TRACE - Completing transaction for [nla.local.services.BaseService.getNamedQuery] after exception: org.hibernate.MappingException: Named query not known: SUBJECT_LT
org.springframework.transaction.interceptor.RuleBasedTransactionAttribute 2015-01-23 09:56:22,844 TRACE - Applying rules to determine whether transaction should rollback on org.hibernate.MappingException: Named query not known: SUBJECT_LT
org.springframework.transaction.interceptor.RuleBasedTransactionAttribute 2015-01-23 09:56:22,844 TRACE - Winning rollback rule is: null
org.springframework.transaction.interceptor.RuleBasedTransactionAttribute 2015-01-23 09:56:22,844 TRACE - No relevant rollback rule found: applying default rules
org.springframework.transaction.support.AbstractPlatformTransactionManager 2015-01-23 09:56:22,844 TRACE - Triggering beforeCompletion synchronization
org.springframework.transaction.support.TransactionSynchronizationManager 2015-01-23 09:56:22,845 TRACE - Removed value [org.springframework.orm.hibernate3.SessionHolder@37d08490] for key [org.hibernate.impl.SessionFactoryImpl@7c0eb30c] from thread [main]
org.springframework.transaction.support.AbstractPlatformTransactionManager 2015-01-23 09:56:22,845 DEBUG - Should roll back transaction but cannot - no transaction available
org.springframework.transaction.support.AbstractPlatformTransactionManager 2015-01-23 09:56:22,845 TRACE - Triggering afterCompletion synchronization
org.hibernate.impl.SessionImpl 2015-01-23 09:56:22,845 TRACE - after transaction completion
org.springframework.orm.hibernate3.SessionFactoryUtils 2015-01-23 09:56:22,845 DEBUG - Closing Hibernate Session
org.hibernate.impl.SessionImpl 2015-01-23 09:56:22,845 TRACE - closing session
org.hibernate.jdbc.ConnectionManager 2015-01-23 09:56:22,845 TRACE - connection already null in cleanup : no action
org.springframework.transaction.support.TransactionSynchronizationManager 2015-01-23 09:56:22,846 TRACE - Clearing transaction synchronization
</system-err>
  </testcase>
</testsuite>