<?xml version="1.0" encoding="UTF-8" ?>
<testsuite failures="0" time="2.716" errors="1" skipped="0" tests="1" name="nla.local.AppTest">
  <properties>
    <property name="idea.version" value="14.0.2"/>
    <property name="java.runtime.name" value="Java(TM) SE Runtime Environment"/>
    <property name="sun.boot.library.path" value="C:\Program Files\Java\jdk1.7.0_71\jre\bin"/>
    <property name="java.vm.version" value="24.71-b01"/>
    <property name="java.vm.vendor" value="Oracle Corporation"/>
    <property name="java.vendor.url" value="http://java.oracle.com/"/>
    <property name="path.separator" value=";"/>
    <property name="guice.disable.misplaced.annotation.check" value="true"/>
    <property name="java.vm.name" value="Java HotSpot(TM) 64-Bit Server VM"/>
    <property name="file.encoding.pkg" value="sun.io"/>
    <property name="idea.launcher.port" value="7532"/>
    <property name="user.script" value=""/>
    <property name="user.country" value="RU"/>
    <property name="sun.java.launcher" value="SUN_STANDARD"/>
    <property name="sun.os.patch.level" value="Service Pack 1"/>
    <property name="java.vm.specification.name" value="Java Virtual Machine Specification"/>
    <property name="user.dir" value="D:\users\beresnev\projects\NKA_NET3\nka_net3"/>
    <property name="java.runtime.version" value="1.7.0_71-b14"/>
    <property name="java.awt.graphicsenv" value="sun.awt.Win32GraphicsEnvironment"/>
    <property name="java.endorsed.dirs" value="C:\Program Files\Java\jdk1.7.0_71\jre\lib\endorsed"/>
    <property name="os.arch" value="amd64"/>
    <property name="java.io.tmpdir" value="C:\Users\beresnev\AppData\Local\Temp\"/>
    <property name="line.separator" value="
"/>
    <property name="java.vm.specification.vendor" value="Oracle Corporation"/>
    <property name="user.variant" value=""/>
    <property name="os.name" value="Windows 7"/>
    <property name="classworlds.conf" value="D:\users\beresnev\projects\apache-maven-3.2.3\bin\m2.conf"/>
    <property name="sun.jnu.encoding" value="Cp1251"/>
    <property name="java.library.path" value="C:\Program Files\Java\jdk1.7.0_71\bin;C:\Windows\Sun\Java\bin;C:\Windows\system32;C:\Windows;C:\Program Files\Java\jdk1.7.0_71\bin;d:\users\beresnev\projects\apache-maven-3.2.3\bin;C:\ProgramData\Oracle\Java\javapath;C:\oracle\product\10.2.0\client_1\bin;C:\Program Files (x86)\NVIDIA Corporation\PhysX\Common;C:\Program Files (x86)\Intel\iCLS Client\;C:\Program Files\Intel\iCLS Client\;C:\Windows\system32;C:\Windows;C:\Windows\System32\Wbem;C:\Windows\System32\WindowsPowerShell\v1.0\;C:\Program Files\Intel\Intel(R) Management Engine Components\DAL;C:\Program Files\Intel\Intel(R) Management Engine Components\IPT;C:\Program Files (x86)\Intel\Intel(R) Management Engine Components\DAL;C:\Program Files (x86)\Intel\Intel(R) Management Engine Components\IPT;C:\MinGW\msys\1.0\bin;C:\Program Files (x86)\Vagrant\bin;C:\Users\beresnev\AppData\Local\GitHub\PortableGit_c2ba306e536fdf878271f7fe636a147ff37326ad\bin;."/>
    <property name="java.specification.name" value="Java Platform API Specification"/>
    <property name="java.class.version" value="51.0"/>
    <property name="sun.management.compiler" value="HotSpot 64-Bit Tiered Compilers"/>
    <property name="os.version" value="6.1"/>
    <property name="user.home" value="C:\Users\admin"/>
    <property name="user.timezone" value="Europe/MINSK"/>
    <property name="java.awt.printerjob" value="sun.awt.windows.WPrinterJob"/>
    <property name="java.specification.version" value="1.7"/>
    <property name="idea.launcher.bin.path" value="C:\Program Files (x86)\JetBrains\IntelliJ IDEA 14.0.2\bin"/>
    <property name="file.encoding" value="UTF-8"/>
    <property name="user.name" value="beresnev"/>
    <property name="java.class.path" value="D:\users\beresnev\projects\apache-maven-3.2.3\boot\plexus-classworlds-2.5.1.jar;C:\Program Files (x86)\JetBrains\IntelliJ IDEA 14.0.2\lib\idea_rt.jar"/>
    <property name="java.vm.specification.version" value="1.7"/>
    <property name="sun.arch.data.model" value="64"/>
    <property name="java.home" value="C:\Program Files\Java\jdk1.7.0_71\jre"/>
    <property name="sun.java.command" value="com.intellij.rt.execution.application.AppMain org.codehaus.classworlds.Launcher -Didea.version=14.0.2 package"/>
    <property name="java.specification.vendor" value="Oracle Corporation"/>
    <property name="user.language" value="ru"/>
    <property name="awt.toolkit" value="sun.awt.windows.WToolkit"/>
    <property name="java.vm.info" value="mixed mode"/>
    <property name="java.version" value="1.7.0_71"/>
    <property name="java.ext.dirs" value="C:\Program Files\Java\jdk1.7.0_71\jre\lib\ext;C:\Windows\Sun\Java\lib\ext"/>
    <property name="sun.boot.class.path" value="C:\Program Files\Java\jdk1.7.0_71\jre\lib\resources.jar;C:\Program Files\Java\jdk1.7.0_71\jre\lib\rt.jar;C:\Program Files\Java\jdk1.7.0_71\jre\lib\sunrsasign.jar;C:\Program Files\Java\jdk1.7.0_71\jre\lib\jsse.jar;C:\Program Files\Java\jdk1.7.0_71\jre\lib\jce.jar;C:\Program Files\Java\jdk1.7.0_71\jre\lib\charsets.jar;C:\Program Files\Java\jdk1.7.0_71\jre\lib\jfr.jar;C:\Program Files\Java\jdk1.7.0_71\jre\classes"/>
    <property name="java.vendor" value="Oracle Corporation"/>
    <property name="maven.home" value="D:\users\beresnev\projects\apache-maven-3.2.3"/>
    <property name="file.separator" value="\"/>
    <property name="java.vendor.url.bug" value="http://bugreport.sun.com/bugreport/"/>
    <property name="sun.cpu.endian" value="little"/>
    <property name="sun.io.unicode.encoding" value="UnicodeLittle"/>
    <property name="sun.desktop" value="windows"/>
    <property name="sun.cpu.isalist" value="amd64"/>
  </properties>
  <testcase time="2.716" classname="nla.local.AppTest" name="testApp">
    <error message="Error creating bean with name &apos;subjectService&apos; defined in file [D:\users\beresnev\projects\NKA_NET3\nka_net3\services\target\classes\nla\local\services\SubjectService.class]: Instantiation of bean failed; nested exception is org.springframework.beans.BeanInstantiationException: Could not instantiate bean class [nla.local.services.SubjectService]: No default constructor found; nested exception is java.lang.NoSuchMethodException: nla.local.services.SubjectService.&lt;init&gt;()" type="org.springframework.beans.factory.BeanCreationException">org.springframework.beans.factory.BeanCreationException: Error creating bean with name &apos;subjectService&apos; defined in file [D:\users\beresnev\projects\NKA_NET3\nka_net3\services\target\classes\nla\local\services\SubjectService.class]: Instantiation of bean failed; nested exception is org.springframework.beans.BeanInstantiationException: Could not instantiate bean class [nla.local.services.SubjectService]: No default constructor found; nested exception is java.lang.NoSuchMethodException: nla.local.services.SubjectService.&lt;init&gt;()
	at org.springframework.beans.factory.support.AbstractAutowireCapableBeanFactory.instantiateBean(AbstractAutowireCapableBeanFactory.java:1076)
	at org.springframework.beans.factory.support.AbstractAutowireCapableBeanFactory.createBeanInstance(AbstractAutowireCapableBeanFactory.java:1021)
	at org.springframework.beans.factory.support.AbstractAutowireCapableBeanFactory.doCreateBean(AbstractAutowireCapableBeanFactory.java:504)
	at org.springframework.beans.factory.support.AbstractAutowireCapableBeanFactory.createBean(AbstractAutowireCapableBeanFactory.java:475)
	at org.springframework.beans.factory.support.AbstractBeanFactory$1.getObject(AbstractBeanFactory.java:304)
	at org.springframework.beans.factory.support.DefaultSingletonBeanRegistry.getSingleton(DefaultSingletonBeanRegistry.java:228)
	at org.springframework.beans.factory.support.AbstractBeanFactory.doGetBean(AbstractBeanFactory.java:300)
	at org.springframework.beans.factory.support.AbstractBeanFactory.getBean(AbstractBeanFactory.java:195)
	at org.springframework.beans.factory.support.DefaultListableBeanFactory.preInstantiateSingletons(DefaultListableBeanFactory.java:703)
	at org.springframework.context.support.AbstractApplicationContext.finishBeanFactoryInitialization(AbstractApplicationContext.java:760)
	at org.springframework.context.support.AbstractApplicationContext.refresh(AbstractApplicationContext.java:482)
	at org.springframework.context.support.ClassPathXmlApplicationContext.&lt;init&gt;(ClassPathXmlApplicationContext.java:139)
	at org.springframework.context.support.ClassPathXmlApplicationContext.&lt;init&gt;(ClassPathXmlApplicationContext.java:83)
	at nla.local.AppTest.testApp(AppTest.java:48)
Caused by: org.springframework.beans.BeanInstantiationException: Could not instantiate bean class [nla.local.services.SubjectService]: No default constructor found; nested exception is java.lang.NoSuchMethodException: nla.local.services.SubjectService.&lt;init&gt;()
	at org.springframework.beans.factory.support.SimpleInstantiationStrategy.instantiate(SimpleInstantiationStrategy.java:85)
	at org.springframework.beans.factory.support.AbstractAutowireCapableBeanFactory.instantiateBean(AbstractAutowireCapableBeanFactory.java:1069)
	... 41 more
Caused by: java.lang.NoSuchMethodException: nla.local.services.SubjectService.&lt;init&gt;()
	at java.lang.Class.getConstructor0(Class.java:2892)
	at java.lang.Class.getDeclaredConstructor(Class.java:2058)
	at org.springframework.beans.factory.support.SimpleInstantiationStrategy.instantiate(SimpleInstantiationStrategy.java:80)
	... 42 more
</error>
    <system-err>org.springframework.core.env.MutablePropertySources 2015-01-26 14:01:57,618 DEBUG - Adding [systemProperties] PropertySource with lowest search precedence
org.springframework.core.env.MutablePropertySources 2015-01-26 14:01:57,622 DEBUG - Adding [systemEnvironment] PropertySource with lowest search precedence
org.springframework.core.env.AbstractEnvironment 2015-01-26 14:01:57,622 DEBUG - Initialized StandardEnvironment with PropertySources [systemProperties,systemEnvironment]
org.springframework.context.support.AbstractApplicationContext 2015-01-26 14:01:57,625 INFO  - Refreshing org.springframework.context.support.ClassPathXmlApplicationContext@20ebd7c4: startup date [Mon Jan 26 14:01:57 GMT+03:00 2015]; root of context hierarchy
org.springframework.core.env.MutablePropertySources 2015-01-26 14:01:57,656 DEBUG - Adding [systemProperties] PropertySource with lowest search precedence
org.springframework.core.env.MutablePropertySources 2015-01-26 14:01:57,656 DEBUG - Adding [systemEnvironment] PropertySource with lowest search precedence
org.springframework.core.env.AbstractEnvironment 2015-01-26 14:01:57,656 DEBUG - Initialized StandardEnvironment with PropertySources [systemProperties,systemEnvironment]
org.springframework.beans.factory.xml.XmlBeanDefinitionReader 2015-01-26 14:01:57,665 INFO  - Loading XML bean definitions from class path resource [beans-services.xml]
org.springframework.beans.factory.xml.DefaultDocumentLoader 2015-01-26 14:01:57,678 DEBUG - Using JAXP provider [com.sun.org.apache.xerces.internal.jaxp.DocumentBuilderFactoryImpl]
org.springframework.beans.factory.xml.PluggableSchemaResolver 2015-01-26 14:01:57,699 TRACE - Trying to resolve XML entity with public id [null] and system id [http://www.springframework.org/schema/beans/spring-beans-4.0.xsd]
org.springframework.beans.factory.xml.PluggableSchemaResolver 2015-01-26 14:01:57,700 DEBUG - Loading schema mappings from [META-INF/spring.schemas]
org.springframework.beans.factory.xml.PluggableSchemaResolver 2015-01-26 14:01:57,704 DEBUG - Loaded schema mappings: {http://www.springframework.org/schema/jee/spring-jee-3.2.xsd=org/springframework/ejb/config/spring-jee-3.2.xsd, http://www.springframework.org/schema/util/spring-util.xsd=org/springframework/beans/factory/xml/spring-util-4.0.xsd, http://www.springframework.org/schema/task/spring-task.xsd=org/springframework/scheduling/config/spring-task-4.0.xsd, http://www.springframework.org/schema/beans/spring-beans-3.1.xsd=org/springframework/beans/factory/xml/spring-beans-3.1.xsd, http://www.springframework.org/schema/cache/spring-cache.xsd=org/springframework/cache/config/spring-cache-4.0.xsd, http://www.springframework.org/schema/aop/spring-aop-3.0.xsd=org/springframework/aop/config/spring-aop-3.0.xsd, http://www.springframework.org/schema/aop/spring-aop-2.0.xsd=org/springframework/aop/config/spring-aop-2.0.xsd, http://www.springframework.org/schema/task/spring-task-3.1.xsd=org/springframework/scheduling/config/spring-task-3.1.xsd, http://www.springframework.org/schema/aop/spring-aop-4.0.xsd=org/springframework/aop/config/spring-aop-4.0.xsd, http://www.springframework.org/schema/tool/spring-tool-2.5.xsd=org/springframework/beans/factory/xml/spring-tool-2.5.xsd, http://www.springframework.org/schema/beans/spring-beans.xsd=org/springframework/beans/factory/xml/spring-beans-4.0.xsd, http://www.springframework.org/schema/jee/spring-jee-2.5.xsd=org/springframework/ejb/config/spring-jee-2.5.xsd, http://www.springframework.org/schema/jdbc/spring-jdbc-3.1.xsd=org/springframework/jdbc/config/spring-jdbc-3.1.xsd, http://www.springframework.org/schema/tool/spring-tool-3.1.xsd=org/springframework/beans/factory/xml/spring-tool-3.1.xsd, http://www.springframework.org/schema/aop/spring-aop.xsd=org/springframework/aop/config/spring-aop-4.0.xsd, http://www.springframework.org/schema/jee/spring-jee-3.1.xsd=org/springframework/ejb/config/spring-jee-3.1.xsd, http://www.springframework.org/schema/tx/spring-tx-3.2.xsd=org/springframework/transaction/config/spring-tx-3.2.xsd, http://www.springframework.org/schema/context/spring-context-3.2.xsd=org/springframework/context/config/spring-context-3.2.xsd, http://www.springframework.org/schema/beans/spring-beans-2.0.xsd=org/springframework/beans/factory/xml/spring-beans-2.0.xsd, http://www.springframework.org/schema/util/spring-util-3.2.xsd=org/springframework/beans/factory/xml/spring-util-3.2.xsd, http://www.springframework.org/schema/lang/spring-lang-3.2.xsd=org/springframework/scripting/config/spring-lang-3.2.xsd, http://www.springframework.org/schema/beans/spring-beans-4.0.xsd=org/springframework/beans/factory/xml/spring-beans-4.0.xsd, http://www.springframework.org/schema/beans/spring-beans-3.0.xsd=org/springframework/beans/factory/xml/spring-beans-3.0.xsd, http://www.springframework.org/schema/cache/spring-cache-3.2.xsd=org/springframework/cache/config/spring-cache-3.2.xsd, http://www.springframework.org/schema/task/spring-task-3.0.xsd=org/springframework/scheduling/config/spring-task-3.0.xsd, http://www.springframework.org/schema/task/spring-task-4.0.xsd=org/springframework/scheduling/config/spring-task-4.0.xsd, http://www.springframework.org/schema/tx/spring-tx-2.5.xsd=org/springframework/transaction/config/spring-tx-2.5.xsd, http://www.springframework.org/schema/context/spring-context-2.5.xsd=org/springframework/context/config/spring-context-2.5.xsd, http://www.springframework.org/schema/jdbc/spring-jdbc-4.0.xsd=org/springframework/jdbc/config/spring-jdbc-4.0.xsd, http://www.springframework.org/schema/jdbc/spring-jdbc-3.0.xsd=org/springframework/jdbc/config/spring-jdbc-3.0.xsd, http://www.springframework.org/schema/tool/spring-tool-3.0.xsd=org/springframework/beans/factory/xml/spring-tool-3.0.xsd, http://www.springframework.org/schema/tx/spring-tx.xsd=org/springframework/transaction/config/spring-tx-4.0.xsd, http://www.springframework.org/schema/lang/spring-lang.xsd=org/springframework/scripting/config/spring-lang-4.0.xsd, http://www.springframework.org/schema/tool/spring-tool-2.0.xsd=org/springframework/beans/factory/xml/spring-tool-2.0.xsd, http://www.springframework.org/schema/util/spring-util-2.5.xsd=org/springframework/beans/factory/xml/spring-util-2.5.xsd, http://www.springframework.org/schema/lang/spring-lang-2.5.xsd=org/springframework/scripting/config/spring-lang-2.5.xsd, http://www.springframework.org/schema/tool/spring-tool-4.0.xsd=org/springframework/beans/factory/xml/spring-tool-4.0.xsd, http://www.springframework.org/schema/aop/spring-aop-3.2.xsd=org/springframework/aop/config/spring-aop-3.2.xsd, http://www.springframework.org/schema/jee/spring-jee-3.0.xsd=org/springframework/ejb/config/spring-jee-3.0.xsd, http://www.springframework.org/schema/tx/spring-tx-3.1.xsd=org/springframework/transaction/config/spring-tx-3.1.xsd, http://www.springframework.org/schema/jee/spring-jee-2.0.xsd=org/springframework/ejb/config/spring-jee-2.0.xsd, http://www.springframework.org/schema/context/spring-context-3.1.xsd=org/springframework/context/config/spring-context-3.1.xsd, http://www.springframework.org/schema/jee/spring-jee-4.0.xsd=org/springframework/ejb/config/spring-jee-4.0.xsd, http://www.springframework.org/schema/util/spring-util-3.1.xsd=org/springframework/beans/factory/xml/spring-util-3.1.xsd, http://www.springframework.org/schema/lang/spring-lang-3.1.xsd=org/springframework/scripting/config/spring-lang-3.1.xsd, http://www.springframework.org/schema/cache/spring-cache-3.1.xsd=org/springframework/cache/config/spring-cache-3.1.xsd, http://www.springframework.org/schema/context/spring-context.xsd=org/springframework/context/config/spring-context-4.0.xsd, http://www.springframework.org/schema/jee/spring-jee.xsd=org/springframework/ejb/config/spring-jee-4.0.xsd, http://www.springframework.org/schema/aop/spring-aop-2.5.xsd=org/springframework/aop/config/spring-aop-2.5.xsd, http://www.springframework.org/schema/jdbc/spring-jdbc.xsd=org/springframework/jdbc/config/spring-jdbc-4.0.xsd, http://www.springframework.org/schema/beans/spring-beans-3.2.xsd=org/springframework/beans/factory/xml/spring-beans-3.2.xsd, http://www.springframework.org/schema/tx/spring-tx-2.0.xsd=org/springframework/transaction/config/spring-tx-2.0.xsd, http://www.springframework.org/schema/aop/spring-aop-3.1.xsd=org/springframework/aop/config/spring-aop-3.1.xsd, http://www.springframework.org/schema/tx/spring-tx-4.0.xsd=org/springframework/transaction/config/spring-tx-4.0.xsd, http://www.springframework.org/schema/task/spring-task-3.2.xsd=org/springframework/scheduling/config/spring-task-3.2.xsd, http://www.springframework.org/schema/context/spring-context-4.0.xsd=org/springframework/context/config/spring-context-4.0.xsd, http://www.springframework.org/schema/tx/spring-tx-3.0.xsd=org/springframework/transaction/config/spring-tx-3.0.xsd, http://www.springframework.org/schema/context/spring-context-3.0.xsd=org/springframework/context/config/spring-context-3.0.xsd, http://www.springframework.org/schema/tool/spring-tool.xsd=org/springframework/beans/factory/xml/spring-tool-4.0.xsd, http://www.springframework.org/schema/util/spring-util-3.0.xsd=org/springframework/beans/factory/xml/spring-util-3.0.xsd, http://www.springframework.org/schema/lang/spring-lang-3.0.xsd=org/springframework/scripting/config/spring-lang-3.0.xsd, http://www.springframework.org/schema/util/spring-util-2.0.xsd=org/springframework/beans/factory/xml/spring-util-2.0.xsd, http://www.springframework.org/schema/cache/spring-cache-4.0.xsd=org/springframework/cache/config/spring-cache-4.0.xsd, http://www.springframework.org/schema/lang/spring-lang-2.0.xsd=org/springframework/scripting/config/spring-lang-2.0.xsd, http://www.springframework.org/schema/util/spring-util-4.0.xsd=org/springframework/beans/factory/xml/spring-util-4.0.xsd, http://www.springframework.org/schema/lang/spring-lang-4.0.xsd=org/springframework/scripting/config/spring-lang-4.0.xsd, http://www.springframework.org/schema/jdbc/spring-jdbc-3.2.xsd=org/springframework/jdbc/config/spring-jdbc-3.2.xsd, http://www.springframework.org/schema/tool/spring-tool-3.2.xsd=org/springframework/beans/factory/xml/spring-tool-3.2.xsd, http://www.springframework.org/schema/beans/spring-beans-2.5.xsd=org/springframework/beans/factory/xml/spring-beans-2.5.xsd}
org.springframework.beans.factory.xml.PluggableSchemaResolver 2015-01-26 14:01:57,706 DEBUG - Found XML schema [http://www.springframework.org/schema/beans/spring-beans-4.0.xsd] in classpath: org/springframework/beans/factory/xml/spring-beans-4.0.xsd
org.springframework.beans.factory.xml.PluggableSchemaResolver 2015-01-26 14:01:57,745 TRACE - Trying to resolve XML entity with public id [null] and system id [http://www.springframework.org/schema/context/spring-context-4.0.xsd]
org.springframework.beans.factory.xml.PluggableSchemaResolver 2015-01-26 14:01:57,746 DEBUG - Found XML schema [http://www.springframework.org/schema/context/spring-context-4.0.xsd] in classpath: org/springframework/context/config/spring-context-4.0.xsd
org.springframework.beans.factory.xml.PluggableSchemaResolver 2015-01-26 14:01:57,751 TRACE - Trying to resolve XML entity with public id [null] and system id [http://www.springframework.org/schema/tool/spring-tool-4.0.xsd]
org.springframework.beans.factory.xml.PluggableSchemaResolver 2015-01-26 14:01:57,753 DEBUG - Found XML schema [http://www.springframework.org/schema/tool/spring-tool-4.0.xsd] in classpath: org/springframework/beans/factory/xml/spring-tool-4.0.xsd
org.springframework.beans.factory.xml.PluggableSchemaResolver 2015-01-26 14:01:57,758 TRACE - Trying to resolve XML entity with public id [null] and system id [http://www.springframework.org/schema/tx/spring-tx-4.0.xsd]
org.springframework.beans.factory.xml.PluggableSchemaResolver 2015-01-26 14:01:57,759 DEBUG - Found XML schema [http://www.springframework.org/schema/tx/spring-tx-4.0.xsd] in classpath: org/springframework/transaction/config/spring-tx-4.0.xsd
org.springframework.beans.factory.xml.DefaultBeanDefinitionDocumentReader 2015-01-26 14:01:57,767 DEBUG - Loading bean definitions
org.springframework.beans.factory.xml.XmlBeanDefinitionReader 2015-01-26 14:01:57,775 INFO  - Loading XML bean definitions from URL [jar:file:/D:/users/beresnev/projects/NKA_NET3/nka_net3/dao/target/dao-1.0.jar!/beans-dao.xml]
org.springframework.beans.factory.xml.DefaultDocumentLoader 2015-01-26 14:01:57,777 DEBUG - Using JAXP provider [com.sun.org.apache.xerces.internal.jaxp.DocumentBuilderFactoryImpl]
org.springframework.beans.factory.xml.PluggableSchemaResolver 2015-01-26 14:01:57,778 TRACE - Trying to resolve XML entity with public id [null] and system id [http://www.springframework.org/schema/beans/spring-beans-4.0.xsd]
org.springframework.beans.factory.xml.PluggableSchemaResolver 2015-01-26 14:01:57,779 DEBUG - Found XML schema [http://www.springframework.org/schema/beans/spring-beans-4.0.xsd] in classpath: org/springframework/beans/factory/xml/spring-beans-4.0.xsd
org.springframework.beans.factory.xml.PluggableSchemaResolver 2015-01-26 14:01:57,794 TRACE - Trying to resolve XML entity with public id [null] and system id [http://www.springframework.org/schema/context/spring-context-4.0.xsd]
org.springframework.beans.factory.xml.PluggableSchemaResolver 2015-01-26 14:01:57,795 DEBUG - Found XML schema [http://www.springframework.org/schema/context/spring-context-4.0.xsd] in classpath: org/springframework/context/config/spring-context-4.0.xsd
org.springframework.beans.factory.xml.PluggableSchemaResolver 2015-01-26 14:01:57,798 TRACE - Trying to resolve XML entity with public id [null] and system id [http://www.springframework.org/schema/tool/spring-tool-4.0.xsd]
org.springframework.beans.factory.xml.PluggableSchemaResolver 2015-01-26 14:01:57,799 DEBUG - Found XML schema [http://www.springframework.org/schema/tool/spring-tool-4.0.xsd] in classpath: org/springframework/beans/factory/xml/spring-tool-4.0.xsd
org.springframework.beans.factory.xml.DefaultBeanDefinitionDocumentReader 2015-01-26 14:01:57,805 DEBUG - Loading bean definitions
org.springframework.beans.factory.xml.DefaultNamespaceHandlerResolver 2015-01-26 14:01:57,807 DEBUG - Loaded NamespaceHandler mappings: {http://www.springframework.org/schema/p=org.springframework.beans.factory.xml.SimplePropertyNamespaceHandler, http://www.springframework.org/schema/util=org.springframework.beans.factory.xml.UtilNamespaceHandler, http://www.springframework.org/schema/jee=org.springframework.ejb.config.JeeNamespaceHandler, http://www.springframework.org/schema/aop=org.springframework.aop.config.AopNamespaceHandler, http://www.springframework.org/schema/jdbc=org.springframework.jdbc.config.JdbcNamespaceHandler, http://www.springframework.org/schema/cache=org.springframework.cache.config.CacheNamespaceHandler, http://www.springframework.org/schema/c=org.springframework.beans.factory.xml.SimpleConstructorNamespaceHandler, http://www.springframework.org/schema/tx=org.springframework.transaction.config.TxNamespaceHandler, http://www.springframework.org/schema/task=org.springframework.scheduling.config.TaskNamespaceHandler, http://www.springframework.org/schema/lang=org.springframework.scripting.config.LangNamespaceHandler, http://www.springframework.org/schema/context=org.springframework.context.config.ContextNamespaceHandler}
org.springframework.core.env.MutablePropertySources 2015-01-26 14:01:57,832 DEBUG - Adding [systemProperties] PropertySource with lowest search precedence
org.springframework.core.env.MutablePropertySources 2015-01-26 14:01:57,832 DEBUG - Adding [systemEnvironment] PropertySource with lowest search precedence
org.springframework.core.env.AbstractEnvironment 2015-01-26 14:01:57,833 DEBUG - Initialized StandardEnvironment with PropertySources [systemProperties,systemEnvironment]
org.springframework.core.io.support.PathMatchingResourcePatternResolver 2015-01-26 14:01:57,841 DEBUG - Looking for matching resources in directory tree [D:\users\beresnev\projects\NKA_NET3\nka_net3\services\target\test-classes\nla\local]
org.springframework.core.io.support.PathMatchingResourcePatternResolver 2015-01-26 14:01:57,842 DEBUG - Searching directory [D:\users\beresnev\projects\NKA_NET3\nka_net3\services\target\test-classes\nla\local] for files matching pattern [D:/users/beresnev/projects/NKA_NET3/nka_net3/services/target/test-classes/nla/local/**/*.class]
org.springframework.core.io.support.PathMatchingResourcePatternResolver 2015-01-26 14:01:57,844 DEBUG - Looking for matching resources in directory tree [D:\users\beresnev\projects\NKA_NET3\nka_net3\services\target\classes\nla\local]
org.springframework.core.io.support.PathMatchingResourcePatternResolver 2015-01-26 14:01:57,844 DEBUG - Searching directory [D:\users\beresnev\projects\NKA_NET3\nka_net3\services\target\classes\nla\local] for files matching pattern [D:/users/beresnev/projects/NKA_NET3/nka_net3/services/target/classes/nla/local/**/*.class]
org.springframework.core.io.support.PathMatchingResourcePatternResolver 2015-01-26 14:01:57,845 DEBUG - Searching directory [D:\users\beresnev\projects\NKA_NET3\nka_net3\services\target\classes\nla\local\services] for files matching pattern [D:/users/beresnev/projects/NKA_NET3/nka_net3/services/target/classes/nla/local/**/*.class]
org.springframework.core.io.support.PathMatchingResourcePatternResolver 2015-01-26 14:01:57,846 DEBUG - Looking for matching resources in jar file [file:/D:/users/beresnev/projects/NKA_NET3/nka_net3/dao/target/dao-1.0.jar]
org.springframework.core.io.support.PathMatchingResourcePatternResolver 2015-01-26 14:01:57,847 DEBUG - Resolved location pattern [classpath*:nla/local/**/*.class] to resources [file [D:\users\beresnev\projects\NKA_NET3\nka_net3\services\target\test-classes\nla\local\AppTest.class], file [D:\users\beresnev\projects\NKA_NET3\nka_net3\services\target\classes\nla\local\services\BaseService.class], file [D:\users\beresnev\projects\NKA_NET3\nka_net3\services\target\classes\nla\local\services\IService.class], file [D:\users\beresnev\projects\NKA_NET3\nka_net3\services\target\classes\nla\local\services\SubjectService.class], URL [jar:file:/D:/users/beresnev/projects/NKA_NET3/nka_net3/dao/target/dao-1.0.jar!/nla/local/dao/BaseDao.class], URL [jar:file:/D:/users/beresnev/projects/NKA_NET3/nka_net3/dao/target/dao-1.0.jar!/nla/local/dao/Dao.class], URL [jar:file:/D:/users/beresnev/projects/NKA_NET3/nka_net3/dao/target/dao-1.0.jar!/nla/local/dao/exceptions/DaoErrorCode.class], URL [jar:file:/D:/users/beresnev/projects/NKA_NET3/nka_net3/dao/target/dao-1.0.jar!/nla/local/dao/exceptions/DaoException.class], URL [jar:file:/D:/users/beresnev/projects/NKA_NET3/nka_net3/dao/target/dao-1.0.jar!/nla/local/pojos/Address.class], URL [jar:file:/D:/users/beresnev/projects/NKA_NET3/nka_net3/dao/target/dao-1.0.jar!/nla/local/pojos/JPerson.class], URL [jar:file:/D:/users/beresnev/projects/NKA_NET3/nka_net3/dao/target/dao-1.0.jar!/nla/local/pojos/Order.class], URL [jar:file:/D:/users/beresnev/projects/NKA_NET3/nka_net3/dao/target/dao-1.0.jar!/nla/local/pojos/Person.class], URL [jar:file:/D:/users/beresnev/projects/NKA_NET3/nka_net3/dao/target/dao-1.0.jar!/nla/local/pojos/PPerson.class], URL [jar:file:/D:/users/beresnev/projects/NKA_NET3/nka_net3/dao/target/dao-1.0.jar!/nla/local/pojos/Status.class], URL [jar:file:/D:/users/beresnev/projects/NKA_NET3/nka_net3/dao/target/dao-1.0.jar!/nla/local/pojos/User.class], URL [jar:file:/D:/users/beresnev/projects/NKA_NET3/nka_net3/dao/target/dao-1.0.jar!/nla/local/util/CustomNamingStrategy.class]]
org.springframework.context.annotation.ClassPathScanningCandidateComponentProvider 2015-01-26 14:01:57,848 TRACE - Scanning file [D:\users\beresnev\projects\NKA_NET3\nka_net3\services\target\test-classes\nla\local\AppTest.class]
org.springframework.context.annotation.ClassPathScanningCandidateComponentProvider 2015-01-26 14:01:57,860 TRACE - Ignored because not matching any filter: file [D:\users\beresnev\projects\NKA_NET3\nka_net3\services\target\test-classes\nla\local\AppTest.class]
org.springframework.context.annotation.ClassPathScanningCandidateComponentProvider 2015-01-26 14:01:57,860 TRACE - Scanning file [D:\users\beresnev\projects\NKA_NET3\nka_net3\services\target\classes\nla\local\services\BaseService.class]
org.springframework.context.annotation.ClassPathScanningCandidateComponentProvider 2015-01-26 14:01:57,869 DEBUG - Identified candidate component class: file [D:\users\beresnev\projects\NKA_NET3\nka_net3\services\target\classes\nla\local\services\BaseService.class]
org.springframework.context.annotation.ClassPathScanningCandidateComponentProvider 2015-01-26 14:01:57,870 TRACE - Scanning file [D:\users\beresnev\projects\NKA_NET3\nka_net3\services\target\classes\nla\local\services\IService.class]
org.springframework.context.annotation.ClassPathScanningCandidateComponentProvider 2015-01-26 14:01:57,870 TRACE - Ignored because not matching any filter: file [D:\users\beresnev\projects\NKA_NET3\nka_net3\services\target\classes\nla\local\services\IService.class]
org.springframework.context.annotation.ClassPathScanningCandidateComponentProvider 2015-01-26 14:01:57,870 TRACE - Scanning file [D:\users\beresnev\projects\NKA_NET3\nka_net3\services\target\classes\nla\local\services\SubjectService.class]
org.springframework.context.annotation.ClassPathScanningCandidateComponentProvider 2015-01-26 14:01:57,871 DEBUG - Identified candidate component class: file [D:\users\beresnev\projects\NKA_NET3\nka_net3\services\target\classes\nla\local\services\SubjectService.class]
org.springframework.context.annotation.ClassPathScanningCandidateComponentProvider 2015-01-26 14:01:57,871 TRACE - Scanning URL [jar:file:/D:/users/beresnev/projects/NKA_NET3/nka_net3/dao/target/dao-1.0.jar!/nla/local/dao/BaseDao.class]
org.springframework.context.annotation.ClassPathScanningCandidateComponentProvider 2015-01-26 14:01:57,872 DEBUG - Identified candidate component class: URL [jar:file:/D:/users/beresnev/projects/NKA_NET3/nka_net3/dao/target/dao-1.0.jar!/nla/local/dao/BaseDao.class]
org.springframework.context.annotation.ClassPathScanningCandidateComponentProvider 2015-01-26 14:01:57,872 TRACE - Scanning URL [jar:file:/D:/users/beresnev/projects/NKA_NET3/nka_net3/dao/target/dao-1.0.jar!/nla/local/dao/Dao.class]
org.springframework.context.annotation.ClassPathScanningCandidateComponentProvider 2015-01-26 14:01:57,873 TRACE - Ignored because not matching any filter: URL [jar:file:/D:/users/beresnev/projects/NKA_NET3/nka_net3/dao/target/dao-1.0.jar!/nla/local/dao/Dao.class]
org.springframework.context.annotation.ClassPathScanningCandidateComponentProvider 2015-01-26 14:01:57,873 TRACE - Scanning URL [jar:file:/D:/users/beresnev/projects/NKA_NET3/nka_net3/dao/target/dao-1.0.jar!/nla/local/dao/exceptions/DaoErrorCode.class]
org.springframework.context.annotation.ClassPathScanningCandidateComponentProvider 2015-01-26 14:01:57,874 TRACE - Ignored because not matching any filter: URL [jar:file:/D:/users/beresnev/projects/NKA_NET3/nka_net3/dao/target/dao-1.0.jar!/nla/local/dao/exceptions/DaoErrorCode.class]
org.springframework.context.annotation.ClassPathScanningCandidateComponentProvider 2015-01-26 14:01:57,874 TRACE - Scanning URL [jar:file:/D:/users/beresnev/projects/NKA_NET3/nka_net3/dao/target/dao-1.0.jar!/nla/local/dao/exceptions/DaoException.class]
org.springframework.context.annotation.ClassPathScanningCandidateComponentProvider 2015-01-26 14:01:57,874 TRACE - Ignored because not matching any filter: URL [jar:file:/D:/users/beresnev/projects/NKA_NET3/nka_net3/dao/target/dao-1.0.jar!/nla/local/dao/exceptions/DaoException.class]
org.springframework.context.annotation.ClassPathScanningCandidateComponentProvider 2015-01-26 14:01:57,874 TRACE - Scanning URL [jar:file:/D:/users/beresnev/projects/NKA_NET3/nka_net3/dao/target/dao-1.0.jar!/nla/local/pojos/Address.class]
org.springframework.context.annotation.ClassPathScanningCandidateComponentProvider 2015-01-26 14:01:57,876 TRACE - Ignored because not matching any filter: URL [jar:file:/D:/users/beresnev/projects/NKA_NET3/nka_net3/dao/target/dao-1.0.jar!/nla/local/pojos/Address.class]
org.springframework.context.annotation.ClassPathScanningCandidateComponentProvider 2015-01-26 14:01:57,876 TRACE - Scanning URL [jar:file:/D:/users/beresnev/projects/NKA_NET3/nka_net3/dao/target/dao-1.0.jar!/nla/local/pojos/JPerson.class]
org.springframework.context.annotation.ClassPathScanningCandidateComponentProvider 2015-01-26 14:01:57,879 TRACE - Ignored because not matching any filter: URL [jar:file:/D:/users/beresnev/projects/NKA_NET3/nka_net3/dao/target/dao-1.0.jar!/nla/local/pojos/JPerson.class]
org.springframework.context.annotation.ClassPathScanningCandidateComponentProvider 2015-01-26 14:01:57,880 TRACE - Scanning URL [jar:file:/D:/users/beresnev/projects/NKA_NET3/nka_net3/dao/target/dao-1.0.jar!/nla/local/pojos/Order.class]
org.springframework.context.annotation.ClassPathScanningCandidateComponentProvider 2015-01-26 14:01:57,880 TRACE - Ignored because not matching any filter: URL [jar:file:/D:/users/beresnev/projects/NKA_NET3/nka_net3/dao/target/dao-1.0.jar!/nla/local/pojos/Order.class]
org.springframework.context.annotation.ClassPathScanningCandidateComponentProvider 2015-01-26 14:01:57,880 TRACE - Scanning URL [jar:file:/D:/users/beresnev/projects/NKA_NET3/nka_net3/dao/target/dao-1.0.jar!/nla/local/pojos/Person.class]
org.springframework.context.annotation.ClassPathScanningCandidateComponentProvider 2015-01-26 14:01:57,882 TRACE - Ignored because not matching any filter: URL [jar:file:/D:/users/beresnev/projects/NKA_NET3/nka_net3/dao/target/dao-1.0.jar!/nla/local/pojos/Person.class]
org.springframework.context.annotation.ClassPathScanningCandidateComponentProvider 2015-01-26 14:01:57,886 TRACE - Scanning URL [jar:file:/D:/users/beresnev/projects/NKA_NET3/nka_net3/dao/target/dao-1.0.jar!/nla/local/pojos/PPerson.class]
org.springframework.context.annotation.ClassPathScanningCandidateComponentProvider 2015-01-26 14:01:57,887 TRACE - Ignored because not matching any filter: URL [jar:file:/D:/users/beresnev/projects/NKA_NET3/nka_net3/dao/target/dao-1.0.jar!/nla/local/pojos/PPerson.class]
org.springframework.context.annotation.ClassPathScanningCandidateComponentProvider 2015-01-26 14:01:57,887 TRACE - Scanning URL [jar:file:/D:/users/beresnev/projects/NKA_NET3/nka_net3/dao/target/dao-1.0.jar!/nla/local/pojos/Status.class]
org.springframework.context.annotation.ClassPathScanningCandidateComponentProvider 2015-01-26 14:01:57,889 TRACE - Ignored because not matching any filter: URL [jar:file:/D:/users/beresnev/projects/NKA_NET3/nka_net3/dao/target/dao-1.0.jar!/nla/local/pojos/Status.class]
org.springframework.context.annotation.ClassPathScanningCandidateComponentProvider 2015-01-26 14:01:57,889 TRACE - Scanning URL [jar:file:/D:/users/beresnev/projects/NKA_NET3/nka_net3/dao/target/dao-1.0.jar!/nla/local/pojos/User.class]
org.springframework.context.annotation.ClassPathScanningCandidateComponentProvider 2015-01-26 14:01:57,890 TRACE - Ignored because not matching any filter: URL [jar:file:/D:/users/beresnev/projects/NKA_NET3/nka_net3/dao/target/dao-1.0.jar!/nla/local/pojos/User.class]
org.springframework.context.annotation.ClassPathScanningCandidateComponentProvider 2015-01-26 14:01:57,890 TRACE - Scanning URL [jar:file:/D:/users/beresnev/projects/NKA_NET3/nka_net3/dao/target/dao-1.0.jar!/nla/local/util/CustomNamingStrategy.class]
org.springframework.context.annotation.ClassPathScanningCandidateComponentProvider 2015-01-26 14:01:57,890 TRACE - Ignored because not matching any filter: URL [jar:file:/D:/users/beresnev/projects/NKA_NET3/nka_net3/dao/target/dao-1.0.jar!/nla/local/util/CustomNamingStrategy.class]
org.springframework.beans.factory.support.AbstractBeanDefinitionReader 2015-01-26 14:01:57,897 DEBUG - Loaded 14 bean definitions from location pattern [classpath*:beans-dao.xml]
org.springframework.beans.factory.xml.DefaultBeanDefinitionDocumentReader 2015-01-26 14:01:57,898 DEBUG - Imported 14 bean definitions from URL location [classpath*:beans-dao.xml]
org.springframework.core.env.MutablePropertySources 2015-01-26 14:01:57,899 DEBUG - Adding [systemProperties] PropertySource with lowest search precedence
org.springframework.core.env.MutablePropertySources 2015-01-26 14:01:57,899 DEBUG - Adding [systemEnvironment] PropertySource with lowest search precedence
org.springframework.core.env.AbstractEnvironment 2015-01-26 14:01:57,899 DEBUG - Initialized StandardEnvironment with PropertySources [systemProperties,systemEnvironment]
org.springframework.core.io.support.PathMatchingResourcePatternResolver 2015-01-26 14:01:57,900 DEBUG - Looking for matching resources in directory tree [D:\users\beresnev\projects\NKA_NET3\nka_net3\services\target\classes\nla\local\services]
org.springframework.core.io.support.PathMatchingResourcePatternResolver 2015-01-26 14:01:57,900 DEBUG - Searching directory [D:\users\beresnev\projects\NKA_NET3\nka_net3\services\target\classes\nla\local\services] for files matching pattern [D:/users/beresnev/projects/NKA_NET3/nka_net3/services/target/classes/nla/local/services/**/*.class]
org.springframework.core.io.support.PathMatchingResourcePatternResolver 2015-01-26 14:01:57,901 DEBUG - Resolved location pattern [classpath*:nla/local/services/**/*.class] to resources [file [D:\users\beresnev\projects\NKA_NET3\nka_net3\services\target\classes\nla\local\services\BaseService.class], file [D:\users\beresnev\projects\NKA_NET3\nka_net3\services\target\classes\nla\local\services\IService.class], file [D:\users\beresnev\projects\NKA_NET3\nka_net3\services\target\classes\nla\local\services\SubjectService.class]]
org.springframework.context.annotation.ClassPathScanningCandidateComponentProvider 2015-01-26 14:01:57,901 TRACE - Scanning file [D:\users\beresnev\projects\NKA_NET3\nka_net3\services\target\classes\nla\local\services\BaseService.class]
org.springframework.context.annotation.ClassPathScanningCandidateComponentProvider 2015-01-26 14:01:57,902 DEBUG - Identified candidate component class: file [D:\users\beresnev\projects\NKA_NET3\nka_net3\services\target\classes\nla\local\services\BaseService.class]
org.springframework.context.annotation.ClassPathScanningCandidateComponentProvider 2015-01-26 14:01:57,902 TRACE - Scanning file [D:\users\beresnev\projects\NKA_NET3\nka_net3\services\target\classes\nla\local\services\IService.class]
org.springframework.context.annotation.ClassPathScanningCandidateComponentProvider 2015-01-26 14:01:57,902 TRACE - Ignored because not matching any filter: file [D:\users\beresnev\projects\NKA_NET3\nka_net3\services\target\classes\nla\local\services\IService.class]
org.springframework.context.annotation.ClassPathScanningCandidateComponentProvider 2015-01-26 14:01:57,903 TRACE - Scanning file [D:\users\beresnev\projects\NKA_NET3\nka_net3\services\target\classes\nla\local\services\SubjectService.class]
org.springframework.context.annotation.ClassPathScanningCandidateComponentProvider 2015-01-26 14:01:57,903 DEBUG - Identified candidate component class: file [D:\users\beresnev\projects\NKA_NET3\nka_net3\services\target\classes\nla\local\services\SubjectService.class]
org.springframework.beans.factory.support.AbstractBeanDefinitionReader 2015-01-26 14:01:57,912 DEBUG - Loaded 19 bean definitions from location pattern [beans-services.xml]
org.springframework.context.support.AbstractApplicationContext 2015-01-26 14:01:57,913 DEBUG - Bean factory for org.springframework.context.support.ClassPathXmlApplicationContext@20ebd7c4: org.springframework.beans.factory.support.DefaultListableBeanFactory@10aae61b: defining beans [org.springframework.context.annotation.internalConfigurationAnnotationProcessor,org.springframework.context.annotation.internalAutowiredAnnotationProcessor,org.springframework.context.annotation.internalRequiredAnnotationProcessor,org.springframework.context.annotation.internalCommonAnnotationProcessor,org.springframework.context.annotation.internalPersistenceAnnotationProcessor,baseService,subjectService,baseDao,dataSource,person,jperson,pperson,address,sessionFactory,transactionManager,org.springframework.aop.config.internalAutoProxyCreator,org.springframework.transaction.annotation.AnnotationTransactionAttributeSource#0,org.springframework.transaction.interceptor.TransactionInterceptor#0,org.springframework.transaction.config.internalTransactionAdvisor]; root of factory hierarchy
org.springframework.beans.factory.support.DefaultSingletonBeanRegistry 2015-01-26 14:01:57,930 DEBUG - Creating shared instance of singleton bean &apos;org.springframework.context.annotation.internalConfigurationAnnotationProcessor&apos;
org.springframework.beans.factory.support.AbstractAutowireCapableBeanFactory 2015-01-26 14:01:57,930 DEBUG - Creating instance of bean &apos;org.springframework.context.annotation.internalConfigurationAnnotationProcessor&apos;
org.springframework.beans.factory.support.AbstractAutowireCapableBeanFactory 2015-01-26 14:01:57,940 DEBUG - Eagerly caching bean &apos;org.springframework.context.annotation.internalConfigurationAnnotationProcessor&apos; to allow for resolving potential circular references
org.springframework.beans.factory.support.AbstractAutowireCapableBeanFactory 2015-01-26 14:01:57,941 DEBUG - Finished creating instance of bean &apos;org.springframework.context.annotation.internalConfigurationAnnotationProcessor&apos;
org.springframework.beans.factory.support.DefaultSingletonBeanRegistry 2015-01-26 14:01:57,979 DEBUG - Creating shared instance of singleton bean &apos;org.springframework.context.annotation.internalAutowiredAnnotationProcessor&apos;
org.springframework.beans.factory.support.AbstractAutowireCapableBeanFactory 2015-01-26 14:01:57,979 DEBUG - Creating instance of bean &apos;org.springframework.context.annotation.internalAutowiredAnnotationProcessor&apos;
org.springframework.beans.factory.support.AbstractAutowireCapableBeanFactory 2015-01-26 14:01:57,980 DEBUG - Eagerly caching bean &apos;org.springframework.context.annotation.internalAutowiredAnnotationProcessor&apos; to allow for resolving potential circular references
org.springframework.beans.factory.support.AbstractAutowireCapableBeanFactory 2015-01-26 14:01:57,980 DEBUG - Finished creating instance of bean &apos;org.springframework.context.annotation.internalAutowiredAnnotationProcessor&apos;
org.springframework.beans.factory.support.DefaultSingletonBeanRegistry 2015-01-26 14:01:57,980 DEBUG - Creating shared instance of singleton bean &apos;org.springframework.context.annotation.internalRequiredAnnotationProcessor&apos;
org.springframework.beans.factory.support.AbstractAutowireCapableBeanFactory 2015-01-26 14:01:57,980 DEBUG - Creating instance of bean &apos;org.springframework.context.annotation.internalRequiredAnnotationProcessor&apos;
org.springframework.beans.factory.support.AbstractAutowireCapableBeanFactory 2015-01-26 14:01:57,981 DEBUG - Eagerly caching bean &apos;org.springframework.context.annotation.internalRequiredAnnotationProcessor&apos; to allow for resolving potential circular references
org.springframework.beans.factory.support.AbstractAutowireCapableBeanFactory 2015-01-26 14:01:57,981 DEBUG - Finished creating instance of bean &apos;org.springframework.context.annotation.internalRequiredAnnotationProcessor&apos;
org.springframework.beans.factory.support.DefaultSingletonBeanRegistry 2015-01-26 14:01:57,981 DEBUG - Creating shared instance of singleton bean &apos;org.springframework.context.annotation.internalCommonAnnotationProcessor&apos;
org.springframework.beans.factory.support.AbstractAutowireCapableBeanFactory 2015-01-26 14:01:57,981 DEBUG - Creating instance of bean &apos;org.springframework.context.annotation.internalCommonAnnotationProcessor&apos;
org.springframework.beans.factory.support.AbstractAutowireCapableBeanFactory 2015-01-26 14:01:57,985 DEBUG - Eagerly caching bean &apos;org.springframework.context.annotation.internalCommonAnnotationProcessor&apos; to allow for resolving potential circular references
org.springframework.beans.factory.support.AbstractAutowireCapableBeanFactory 2015-01-26 14:01:57,985 DEBUG - Finished creating instance of bean &apos;org.springframework.context.annotation.internalCommonAnnotationProcessor&apos;
org.springframework.beans.factory.support.DefaultSingletonBeanRegistry 2015-01-26 14:01:57,985 DEBUG - Creating shared instance of singleton bean &apos;org.springframework.context.annotation.internalPersistenceAnnotationProcessor&apos;
org.springframework.beans.factory.support.AbstractAutowireCapableBeanFactory 2015-01-26 14:01:57,985 DEBUG - Creating instance of bean &apos;org.springframework.context.annotation.internalPersistenceAnnotationProcessor&apos;
org.springframework.beans.factory.support.AbstractAutowireCapableBeanFactory 2015-01-26 14:01:57,987 DEBUG - Eagerly caching bean &apos;org.springframework.context.annotation.internalPersistenceAnnotationProcessor&apos; to allow for resolving potential circular references
org.springframework.beans.factory.support.AbstractAutowireCapableBeanFactory 2015-01-26 14:01:57,987 DEBUG - Finished creating instance of bean &apos;org.springframework.context.annotation.internalPersistenceAnnotationProcessor&apos;
org.springframework.beans.factory.support.DefaultSingletonBeanRegistry 2015-01-26 14:01:57,987 DEBUG - Creating shared instance of singleton bean &apos;org.springframework.context.annotation.ConfigurationClassPostProcessor.importAwareProcessor&apos;
org.springframework.beans.factory.support.AbstractAutowireCapableBeanFactory 2015-01-26 14:01:57,987 DEBUG - Creating instance of bean &apos;org.springframework.context.annotation.ConfigurationClassPostProcessor.importAwareProcessor&apos;
org.springframework.beans.factory.support.AbstractAutowireCapableBeanFactory 2015-01-26 14:01:57,988 DEBUG - Eagerly caching bean &apos;org.springframework.context.annotation.ConfigurationClassPostProcessor.importAwareProcessor&apos; to allow for resolving potential circular references
org.springframework.beans.factory.support.AbstractAutowireCapableBeanFactory 2015-01-26 14:01:57,988 DEBUG - Finished creating instance of bean &apos;org.springframework.context.annotation.ConfigurationClassPostProcessor.importAwareProcessor&apos;
org.springframework.beans.factory.support.DefaultSingletonBeanRegistry 2015-01-26 14:01:57,988 DEBUG - Creating shared instance of singleton bean &apos;org.springframework.context.annotation.ConfigurationClassPostProcessor.enhancedConfigurationProcessor&apos;
org.springframework.beans.factory.support.AbstractAutowireCapableBeanFactory 2015-01-26 14:01:57,988 DEBUG - Creating instance of bean &apos;org.springframework.context.annotation.ConfigurationClassPostProcessor.enhancedConfigurationProcessor&apos;
org.springframework.beans.factory.support.AbstractAutowireCapableBeanFactory 2015-01-26 14:01:57,988 DEBUG - Eagerly caching bean &apos;org.springframework.context.annotation.ConfigurationClassPostProcessor.enhancedConfigurationProcessor&apos; to allow for resolving potential circular references
org.springframework.beans.factory.support.AbstractAutowireCapableBeanFactory 2015-01-26 14:01:57,988 DEBUG - Finished creating instance of bean &apos;org.springframework.context.annotation.ConfigurationClassPostProcessor.enhancedConfigurationProcessor&apos;
org.springframework.beans.factory.support.DefaultSingletonBeanRegistry 2015-01-26 14:01:57,989 DEBUG - Creating shared instance of singleton bean &apos;org.springframework.aop.config.internalAutoProxyCreator&apos;
org.springframework.beans.factory.support.AbstractAutowireCapableBeanFactory 2015-01-26 14:01:57,989 DEBUG - Creating instance of bean &apos;org.springframework.aop.config.internalAutoProxyCreator&apos;
org.springframework.beans.factory.support.AbstractAutowireCapableBeanFactory 2015-01-26 14:01:57,997 DEBUG - Eagerly caching bean &apos;org.springframework.aop.config.internalAutoProxyCreator&apos; to allow for resolving potential circular references
org.springframework.core.io.support.SpringFactoriesLoader 2015-01-26 14:01:58,000 TRACE - Loaded [org.springframework.beans.BeanInfoFactory] names: [org.springframework.beans.ExtendedBeanInfoFactory]
org.springframework.beans.CachedIntrospectionResults 2015-01-26 14:01:58,001 TRACE - Getting BeanInfo for class [org.springframework.aop.framework.autoproxy.InfrastructureAdvisorAutoProxyCreator]
org.springframework.beans.CachedIntrospectionResults 2015-01-26 14:01:58,006 TRACE - Caching PropertyDescriptors for class [org.springframework.aop.framework.autoproxy.InfrastructureAdvisorAutoProxyCreator]
org.springframework.beans.CachedIntrospectionResults 2015-01-26 14:01:58,006 TRACE - Found bean property &apos;advisorAdapterRegistry&apos; of type [org.springframework.aop.framework.adapter.AdvisorAdapterRegistry]
org.springframework.beans.CachedIntrospectionResults 2015-01-26 14:01:58,007 TRACE - Found bean property &apos;applyCommonInterceptorsFirst&apos; of type [boolean]
org.springframework.beans.CachedIntrospectionResults 2015-01-26 14:01:58,007 TRACE - Found bean property &apos;beanClassLoader&apos; of type [java.lang.ClassLoader]
org.springframework.beans.CachedIntrospectionResults 2015-01-26 14:01:58,007 TRACE - Found bean property &apos;beanFactory&apos; of type [org.springframework.beans.factory.BeanFactory]
org.springframework.beans.CachedIntrospectionResults 2015-01-26 14:01:58,007 TRACE - Found bean property &apos;class&apos; of type [java.lang.Class]
org.springframework.beans.CachedIntrospectionResults 2015-01-26 14:01:58,008 TRACE - Found bean property &apos;customTargetSourceCreators&apos; of type [[Lorg.springframework.aop.framework.autoproxy.TargetSourceCreator;]
org.springframework.beans.CachedIntrospectionResults 2015-01-26 14:01:58,008 TRACE - Found bean property &apos;exposeProxy&apos; of type [boolean]
org.springframework.beans.CachedIntrospectionResults 2015-01-26 14:01:58,008 TRACE - Found bean property &apos;frozen&apos; of type [boolean]
org.springframework.beans.CachedIntrospectionResults 2015-01-26 14:01:58,008 TRACE - Found bean property &apos;interceptorNames&apos; of type [[Ljava.lang.String;]
org.springframework.beans.CachedIntrospectionResults 2015-01-26 14:01:58,008 TRACE - Found bean property &apos;opaque&apos; of type [boolean]
org.springframework.beans.CachedIntrospectionResults 2015-01-26 14:01:58,008 TRACE - Found bean property &apos;optimize&apos; of type [boolean]
org.springframework.beans.CachedIntrospectionResults 2015-01-26 14:01:58,008 TRACE - Found bean property &apos;order&apos; of type [int]
org.springframework.beans.CachedIntrospectionResults 2015-01-26 14:01:58,008 TRACE - Found bean property &apos;proxyClassLoader&apos; of type [java.lang.ClassLoader]
org.springframework.beans.CachedIntrospectionResults 2015-01-26 14:01:58,009 TRACE - Found bean property &apos;proxyTargetClass&apos; of type [boolean]
org.springframework.beans.factory.support.AbstractAutowireCapableBeanFactory 2015-01-26 14:01:58,016 DEBUG - Finished creating instance of bean &apos;org.springframework.aop.config.internalAutoProxyCreator&apos;
org.springframework.context.support.AbstractApplicationContext 2015-01-26 14:01:58,018 DEBUG - Unable to locate MessageSource with name &apos;messageSource&apos;: using default [org.springframework.context.support.DelegatingMessageSource@717e0e74]
org.springframework.context.support.AbstractApplicationContext 2015-01-26 14:01:58,020 DEBUG - Unable to locate ApplicationEventMulticaster with name &apos;applicationEventMulticaster&apos;: using default [org.springframework.context.event.SimpleApplicationEventMulticaster@49dc730d]
org.springframework.beans.factory.support.DefaultListableBeanFactory 2015-01-26 14:01:58,022 DEBUG - Pre-instantiating singletons in org.springframework.beans.factory.support.DefaultListableBeanFactory@10aae61b: defining beans [org.springframework.context.annotation.internalConfigurationAnnotationProcessor,org.springframework.context.annotation.internalAutowiredAnnotationProcessor,org.springframework.context.annotation.internalRequiredAnnotationProcessor,org.springframework.context.annotation.internalCommonAnnotationProcessor,org.springframework.context.annotation.internalPersistenceAnnotationProcessor,baseService,subjectService,baseDao,dataSource,person,jperson,pperson,address,sessionFactory,transactionManager,org.springframework.aop.config.internalAutoProxyCreator,org.springframework.transaction.annotation.AnnotationTransactionAttributeSource#0,org.springframework.transaction.interceptor.TransactionInterceptor#0,org.springframework.transaction.config.internalTransactionAdvisor,org.springframework.context.annotation.ConfigurationClassPostProcessor.importAwareProcessor,org.springframework.context.annotation.ConfigurationClassPostProcessor.enhancedConfigurationProcessor]; root of factory hierarchy
org.springframework.beans.factory.support.AbstractBeanFactory 2015-01-26 14:01:58,023 DEBUG - Returning cached instance of singleton bean &apos;org.springframework.context.annotation.internalConfigurationAnnotationProcessor&apos;
org.springframework.beans.factory.support.AbstractBeanFactory 2015-01-26 14:01:58,023 DEBUG - Returning cached instance of singleton bean &apos;org.springframework.context.annotation.internalAutowiredAnnotationProcessor&apos;
org.springframework.beans.factory.support.AbstractBeanFactory 2015-01-26 14:01:58,023 DEBUG - Returning cached instance of singleton bean &apos;org.springframework.context.annotation.internalRequiredAnnotationProcessor&apos;
org.springframework.beans.factory.support.AbstractBeanFactory 2015-01-26 14:01:58,023 DEBUG - Returning cached instance of singleton bean &apos;org.springframework.context.annotation.internalCommonAnnotationProcessor&apos;
org.springframework.beans.factory.support.AbstractBeanFactory 2015-01-26 14:01:58,023 DEBUG - Returning cached instance of singleton bean &apos;org.springframework.context.annotation.internalPersistenceAnnotationProcessor&apos;
org.springframework.beans.factory.support.DefaultSingletonBeanRegistry 2015-01-26 14:01:58,023 DEBUG - Creating shared instance of singleton bean &apos;baseService&apos;
org.springframework.beans.factory.support.AbstractAutowireCapableBeanFactory 2015-01-26 14:01:58,023 DEBUG - Creating instance of bean &apos;baseService&apos;
org.springframework.beans.factory.support.DefaultSingletonBeanRegistry 2015-01-26 14:01:58,038 DEBUG - Creating shared instance of singleton bean &apos;baseDao&apos;
org.springframework.beans.factory.support.AbstractAutowireCapableBeanFactory 2015-01-26 14:01:58,039 DEBUG - Creating instance of bean &apos;baseDao&apos;
org.springframework.beans.factory.support.DefaultSingletonBeanRegistry 2015-01-26 14:01:58,041 DEBUG - Creating shared instance of singleton bean &apos;sessionFactory&apos;
org.springframework.beans.factory.support.AbstractAutowireCapableBeanFactory 2015-01-26 14:01:58,041 DEBUG - Creating instance of bean &apos;sessionFactory&apos;
org.springframework.beans.factory.support.AbstractAutowireCapableBeanFactory 2015-01-26 14:01:58,047 DEBUG - Eagerly caching bean &apos;sessionFactory&apos; to allow for resolving potential circular references
org.springframework.beans.CachedIntrospectionResults 2015-01-26 14:01:58,047 TRACE - Getting BeanInfo for class [org.springframework.orm.hibernate3.annotation.AnnotationSessionFactoryBean]
org.springframework.beans.CachedIntrospectionResults 2015-01-26 14:01:58,051 TRACE - Caching PropertyDescriptors for class [org.springframework.orm.hibernate3.annotation.AnnotationSessionFactoryBean]
org.springframework.beans.CachedIntrospectionResults 2015-01-26 14:01:58,051 TRACE - Found bean property &apos;annotatedClasses&apos; of type [[Ljava.lang.Class;]
org.springframework.beans.CachedIntrospectionResults 2015-01-26 14:01:58,052 TRACE - Found bean property &apos;annotatedPackages&apos; of type [[Ljava.lang.String;]
org.springframework.beans.CachedIntrospectionResults 2015-01-26 14:01:58,052 TRACE - Found bean property &apos;beanClassLoader&apos; of type [java.lang.ClassLoader]
org.springframework.beans.CachedIntrospectionResults 2015-01-26 14:01:58,052 TRACE - Found bean property &apos;cacheRegionFactory&apos; of type [org.hibernate.cache.RegionFactory]
org.springframework.beans.CachedIntrospectionResults 2015-01-26 14:01:58,052 TRACE - Found bean property &apos;cacheableMappingLocations&apos; of type [[Lorg.springframework.core.io.Resource;]
org.springframework.beans.CachedIntrospectionResults 2015-01-26 14:01:58,052 TRACE - Found bean property &apos;class&apos; of type [java.lang.Class]
org.springframework.beans.CachedIntrospectionResults 2015-01-26 14:01:58,053 TRACE - Found bean property &apos;collectionCacheStrategies&apos; of type [java.util.Properties]
org.springframework.beans.CachedIntrospectionResults 2015-01-26 14:01:58,053 TRACE - Found bean property &apos;configLocation&apos; of type [org.springframework.core.io.Resource]
org.springframework.beans.CachedIntrospectionResults 2015-01-26 14:01:58,053 TRACE - Found bean property &apos;configLocations&apos; of type [[Lorg.springframework.core.io.Resource;]
org.springframework.beans.CachedIntrospectionResults 2015-01-26 14:01:58,053 TRACE - Found bean property &apos;configuration&apos; of type [org.hibernate.cfg.Configuration]
org.springframework.beans.CachedIntrospectionResults 2015-01-26 14:01:58,053 TRACE - Found bean property &apos;configurationClass&apos; of type [java.lang.Class]
org.springframework.beans.CachedIntrospectionResults 2015-01-26 14:01:58,054 TRACE - Found bean property &apos;dataSource&apos; of type [javax.sql.DataSource]
org.springframework.beans.CachedIntrospectionResults 2015-01-26 14:01:58,054 TRACE - Found bean property &apos;entityCacheStrategies&apos; of type [java.util.Properties]
org.springframework.beans.CachedIntrospectionResults 2015-01-26 14:01:58,054 TRACE - Found bean property &apos;entityInterceptor&apos; of type [org.hibernate.Interceptor]
org.springframework.beans.CachedIntrospectionResults 2015-01-26 14:01:58,054 TRACE - Found bean property &apos;entityTypeFilters&apos; of type [[Lorg.springframework.core.type.filter.TypeFilter;]
org.springframework.beans.CachedIntrospectionResults 2015-01-26 14:01:58,054 TRACE - Found bean property &apos;eventListeners&apos; of type [java.util.Map]
org.springframework.beans.CachedIntrospectionResults 2015-01-26 14:01:58,054 TRACE - Found bean property &apos;exposeTransactionAwareSessionFactory&apos; of type [boolean]
org.springframework.beans.CachedIntrospectionResults 2015-01-26 14:01:58,055 TRACE - Found bean property &apos;filterDefinitions&apos; of type [[Lorg.hibernate.engine.FilterDefinition;]
org.springframework.beans.CachedIntrospectionResults 2015-01-26 14:01:58,055 TRACE - Found bean property &apos;hibernateProperties&apos; of type [java.util.Properties]
org.springframework.beans.CachedIntrospectionResults 2015-01-26 14:01:58,055 TRACE - Found bean property &apos;jdbcExceptionTranslator&apos; of type [org.springframework.jdbc.support.SQLExceptionTranslator]
org.springframework.beans.CachedIntrospectionResults 2015-01-26 14:01:58,055 TRACE - Found bean property &apos;jtaTransactionManager&apos; of type [javax.transaction.TransactionManager]
org.springframework.beans.CachedIntrospectionResults 2015-01-26 14:01:58,055 TRACE - Found bean property &apos;lobHandler&apos; of type [org.springframework.jdbc.support.lob.LobHandler]
org.springframework.beans.CachedIntrospectionResults 2015-01-26 14:01:58,055 TRACE - Found bean property &apos;mappingDirectoryLocations&apos; of type [[Lorg.springframework.core.io.Resource;]
org.springframework.beans.CachedIntrospectionResults 2015-01-26 14:01:58,056 TRACE - Found bean property &apos;mappingJarLocations&apos; of type [[Lorg.springframework.core.io.Resource;]
org.springframework.beans.CachedIntrospectionResults 2015-01-26 14:01:58,056 TRACE - Found bean property &apos;mappingLocations&apos; of type [[Lorg.springframework.core.io.Resource;]
org.springframework.beans.CachedIntrospectionResults 2015-01-26 14:01:58,056 TRACE - Found bean property &apos;mappingResources&apos; of type [[Ljava.lang.String;]
org.springframework.beans.CachedIntrospectionResults 2015-01-26 14:01:58,056 TRACE - Found bean property &apos;namingStrategy&apos; of type [org.hibernate.cfg.NamingStrategy]
org.springframework.beans.CachedIntrospectionResults 2015-01-26 14:01:58,056 TRACE - Found bean property &apos;object&apos; of type [org.hibernate.SessionFactory]
org.springframework.beans.CachedIntrospectionResults 2015-01-26 14:01:58,056 TRACE - Found bean property &apos;objectType&apos; of type [java.lang.Class]
org.springframework.beans.CachedIntrospectionResults 2015-01-26 14:01:58,057 TRACE - Found bean property &apos;packagesToScan&apos; of type [[Ljava.lang.String;]
org.springframework.beans.CachedIntrospectionResults 2015-01-26 14:01:58,057 TRACE - Found bean property &apos;resourceLoader&apos; of type [org.springframework.core.io.ResourceLoader]
org.springframework.beans.CachedIntrospectionResults 2015-01-26 14:01:58,057 TRACE - Found bean property &apos;schemaUpdate&apos; of type [boolean]
org.springframework.beans.CachedIntrospectionResults 2015-01-26 14:01:58,057 TRACE - Found bean property &apos;singleton&apos; of type [boolean]
org.springframework.beans.CachedIntrospectionResults 2015-01-26 14:01:58,057 TRACE - Found bean property &apos;typeDefinitions&apos; of type [[Lorg.springframework.orm.hibernate3.TypeDefinitionBean;]
org.springframework.beans.CachedIntrospectionResults 2015-01-26 14:01:58,057 TRACE - Found bean property &apos;useTransactionAwareDataSource&apos; of type [boolean]
org.springframework.beans.factory.support.DefaultSingletonBeanRegistry 2015-01-26 14:01:58,067 DEBUG - Creating shared instance of singleton bean &apos;dataSource&apos;
org.springframework.beans.factory.support.AbstractAutowireCapableBeanFactory 2015-01-26 14:01:58,067 DEBUG - Creating instance of bean &apos;dataSource&apos;
org.springframework.beans.factory.support.AbstractAutowireCapableBeanFactory 2015-01-26 14:01:58,136 DEBUG - Eagerly caching bean &apos;dataSource&apos; to allow for resolving potential circular references
org.springframework.beans.CachedIntrospectionResults 2015-01-26 14:01:58,136 TRACE - Getting BeanInfo for class [org.apache.commons.dbcp.BasicDataSource]
org.springframework.beans.CachedIntrospectionResults 2015-01-26 14:01:58,138 TRACE - Caching PropertyDescriptors for class [org.apache.commons.dbcp.BasicDataSource]
org.springframework.beans.CachedIntrospectionResults 2015-01-26 14:01:58,139 TRACE - Found bean property &apos;accessToUnderlyingConnectionAllowed&apos; of type [boolean]
org.springframework.beans.CachedIntrospectionResults 2015-01-26 14:01:58,139 TRACE - Found bean property &apos;class&apos; of type [java.lang.Class]
org.springframework.beans.CachedIntrospectionResults 2015-01-26 14:01:58,139 TRACE - Found bean property &apos;closed&apos; of type [boolean]
org.springframework.beans.CachedIntrospectionResults 2015-01-26 14:01:58,139 TRACE - Found bean property &apos;connection&apos; of type [java.sql.Connection]
org.springframework.beans.CachedIntrospectionResults 2015-01-26 14:01:58,139 TRACE - Found bean property &apos;connectionInitSqls&apos; of type [java.util.Collection]
org.springframework.beans.CachedIntrospectionResults 2015-01-26 14:01:58,139 TRACE - Found bean property &apos;connectionProperties&apos; of type [java.lang.String]
org.springframework.beans.CachedIntrospectionResults 2015-01-26 14:01:58,140 TRACE - Found bean property &apos;defaultAutoCommit&apos; of type [boolean]
org.springframework.beans.CachedIntrospectionResults 2015-01-26 14:01:58,140 TRACE - Found bean property &apos;defaultCatalog&apos; of type [java.lang.String]
org.springframework.beans.CachedIntrospectionResults 2015-01-26 14:01:58,140 TRACE - Found bean property &apos;defaultReadOnly&apos; of type [boolean]
org.springframework.beans.CachedIntrospectionResults 2015-01-26 14:01:58,140 TRACE - Found bean property &apos;defaultTransactionIsolation&apos; of type [int]
org.springframework.beans.CachedIntrospectionResults 2015-01-26 14:01:58,140 TRACE - Found bean property &apos;driverClassLoader&apos; of type [java.lang.ClassLoader]
org.springframework.beans.CachedIntrospectionResults 2015-01-26 14:01:58,140 TRACE - Found bean property &apos;driverClassName&apos; of type [java.lang.String]
org.springframework.beans.CachedIntrospectionResults 2015-01-26 14:01:58,140 TRACE - Found bean property &apos;initialSize&apos; of type [int]
org.springframework.beans.CachedIntrospectionResults 2015-01-26 14:01:58,141 TRACE - Found bean property &apos;logAbandoned&apos; of type [boolean]
org.springframework.beans.CachedIntrospectionResults 2015-01-26 14:01:58,141 TRACE - Found bean property &apos;logWriter&apos; of type [java.io.PrintWriter]
org.springframework.beans.CachedIntrospectionResults 2015-01-26 14:01:58,141 TRACE - Found bean property &apos;loginTimeout&apos; of type [int]
org.springframework.beans.CachedIntrospectionResults 2015-01-26 14:01:58,141 TRACE - Found bean property &apos;maxActive&apos; of type [int]
org.springframework.beans.CachedIntrospectionResults 2015-01-26 14:01:58,141 TRACE - Found bean property &apos;maxIdle&apos; of type [int]
org.springframework.beans.CachedIntrospectionResults 2015-01-26 14:01:58,141 TRACE - Found bean property &apos;maxOpenPreparedStatements&apos; of type [int]
org.springframework.beans.CachedIntrospectionResults 2015-01-26 14:01:58,141 TRACE - Found bean property &apos;maxWait&apos; of type [long]
org.springframework.beans.CachedIntrospectionResults 2015-01-26 14:01:58,142 TRACE - Found bean property &apos;minEvictableIdleTimeMillis&apos; of type [long]
org.springframework.beans.CachedIntrospectionResults 2015-01-26 14:01:58,142 TRACE - Found bean property &apos;minIdle&apos; of type [int]
org.springframework.beans.CachedIntrospectionResults 2015-01-26 14:01:58,142 TRACE - Found bean property &apos;numActive&apos; of type [int]
org.springframework.beans.CachedIntrospectionResults 2015-01-26 14:01:58,142 TRACE - Found bean property &apos;numIdle&apos; of type [int]
org.springframework.beans.CachedIntrospectionResults 2015-01-26 14:01:58,142 TRACE - Found bean property &apos;numTestsPerEvictionRun&apos; of type [int]
org.springframework.beans.CachedIntrospectionResults 2015-01-26 14:01:58,143 TRACE - Found bean property &apos;password&apos; of type [java.lang.String]
org.springframework.beans.CachedIntrospectionResults 2015-01-26 14:01:58,143 TRACE - Found bean property &apos;poolPreparedStatements&apos; of type [boolean]
org.springframework.beans.CachedIntrospectionResults 2015-01-26 14:01:58,143 TRACE - Found bean property &apos;removeAbandoned&apos; of type [boolean]
org.springframework.beans.CachedIntrospectionResults 2015-01-26 14:01:58,143 TRACE - Found bean property &apos;removeAbandonedTimeout&apos; of type [int]
org.springframework.beans.CachedIntrospectionResults 2015-01-26 14:01:58,143 TRACE - Found bean property &apos;testOnBorrow&apos; of type [boolean]
org.springframework.beans.CachedIntrospectionResults 2015-01-26 14:01:58,143 TRACE - Found bean property &apos;testOnReturn&apos; of type [boolean]
org.springframework.beans.CachedIntrospectionResults 2015-01-26 14:01:58,143 TRACE - Found bean property &apos;testWhileIdle&apos; of type [boolean]
org.springframework.beans.CachedIntrospectionResults 2015-01-26 14:01:58,144 TRACE - Found bean property &apos;timeBetweenEvictionRunsMillis&apos; of type [long]
org.springframework.beans.CachedIntrospectionResults 2015-01-26 14:01:58,144 TRACE - Found bean property &apos;url&apos; of type [java.lang.String]
org.springframework.beans.CachedIntrospectionResults 2015-01-26 14:01:58,144 TRACE - Found bean property &apos;username&apos; of type [java.lang.String]
org.springframework.beans.CachedIntrospectionResults 2015-01-26 14:01:58,144 TRACE - Found bean property &apos;validationQuery&apos; of type [java.lang.String]
org.springframework.beans.CachedIntrospectionResults 2015-01-26 14:01:58,144 TRACE - Found bean property &apos;validationQueryTimeout&apos; of type [int]
org.springframework.beans.TypeConverterDelegate 2015-01-26 14:01:58,151 TRACE - Converting String to [int] using property editor [org.springframework.beans.propertyeditors.CustomNumberEditor@3fe40c9f]
org.springframework.beans.TypeConverterDelegate 2015-01-26 14:01:58,152 TRACE - Converting String to [int] using property editor [org.springframework.beans.propertyeditors.CustomNumberEditor@3fe40c9f]
org.springframework.beans.factory.support.DefaultSingletonBeanRegistry 2015-01-26 14:01:58,153 DEBUG - Creating shared instance of singleton bean &apos;org.springframework.transaction.config.internalTransactionAdvisor&apos;
org.springframework.beans.factory.support.AbstractAutowireCapableBeanFactory 2015-01-26 14:01:58,153 DEBUG - Creating instance of bean &apos;org.springframework.transaction.config.internalTransactionAdvisor&apos;
org.springframework.aop.framework.autoproxy.AbstractAutoProxyCreator 2015-01-26 14:01:58,153 TRACE - Did not attempt to auto-proxy infrastructure class [org.springframework.transaction.interceptor.BeanFactoryTransactionAttributeSourceAdvisor]
org.springframework.beans.factory.support.AbstractAutowireCapableBeanFactory 2015-01-26 14:01:58,154 DEBUG - Eagerly caching bean &apos;org.springframework.transaction.config.internalTransactionAdvisor&apos; to allow for resolving potential circular references
org.springframework.beans.CachedIntrospectionResults 2015-01-26 14:01:58,155 TRACE - Getting BeanInfo for class [org.springframework.transaction.interceptor.BeanFactoryTransactionAttributeSourceAdvisor]
org.springframework.beans.CachedIntrospectionResults 2015-01-26 14:01:58,157 TRACE - Caching PropertyDescriptors for class [org.springframework.transaction.interceptor.BeanFactoryTransactionAttributeSourceAdvisor]
org.springframework.beans.CachedIntrospectionResults 2015-01-26 14:01:58,157 TRACE - Found bean property &apos;advice&apos; of type [org.aopalliance.aop.Advice]
org.springframework.beans.CachedIntrospectionResults 2015-01-26 14:01:58,157 TRACE - Found bean property &apos;adviceBeanName&apos; of type [java.lang.String]
org.springframework.beans.CachedIntrospectionResults 2015-01-26 14:01:58,158 TRACE - Found bean property &apos;beanFactory&apos; of type [org.springframework.beans.factory.BeanFactory]
org.springframework.beans.CachedIntrospectionResults 2015-01-26 14:01:58,158 TRACE - Found bean property &apos;class&apos; of type [java.lang.Class]
org.springframework.beans.CachedIntrospectionResults 2015-01-26 14:01:58,158 TRACE - Found bean property &apos;classFilter&apos; of type [org.springframework.aop.ClassFilter]
org.springframework.beans.CachedIntrospectionResults 2015-01-26 14:01:58,158 TRACE - Found bean property &apos;order&apos; of type [int]
org.springframework.beans.CachedIntrospectionResults 2015-01-26 14:01:58,158 TRACE - Found bean property &apos;perInstance&apos; of type [boolean]
org.springframework.beans.CachedIntrospectionResults 2015-01-26 14:01:58,158 TRACE - Found bean property &apos;pointcut&apos; of type [org.springframework.aop.Pointcut]
org.springframework.beans.CachedIntrospectionResults 2015-01-26 14:01:58,159 TRACE - Found bean property &apos;transactionAttributeSource&apos; of type [org.springframework.transaction.interceptor.TransactionAttributeSource]
org.springframework.beans.factory.support.DefaultSingletonBeanRegistry 2015-01-26 14:01:58,160 DEBUG - Creating shared instance of singleton bean &apos;org.springframework.transaction.annotation.AnnotationTransactionAttributeSource#0&apos;
org.springframework.beans.factory.support.AbstractAutowireCapableBeanFactory 2015-01-26 14:01:58,160 DEBUG - Creating instance of bean &apos;org.springframework.transaction.annotation.AnnotationTransactionAttributeSource#0&apos;
org.springframework.beans.factory.support.AbstractAutowireCapableBeanFactory 2015-01-26 14:01:58,163 DEBUG - Eagerly caching bean &apos;org.springframework.transaction.annotation.AnnotationTransactionAttributeSource#0&apos; to allow for resolving potential circular references
org.springframework.beans.CachedIntrospectionResults 2015-01-26 14:01:58,163 TRACE - Getting BeanInfo for class [org.springframework.transaction.annotation.AnnotationTransactionAttributeSource]
org.springframework.beans.CachedIntrospectionResults 2015-01-26 14:01:58,165 TRACE - Caching PropertyDescriptors for class [org.springframework.transaction.annotation.AnnotationTransactionAttributeSource]
org.springframework.beans.CachedIntrospectionResults 2015-01-26 14:01:58,165 TRACE - Found bean property &apos;class&apos; of type [java.lang.Class]
org.springframework.aop.framework.autoproxy.BeanFactoryAdvisorRetrievalHelper 2015-01-26 14:01:58,165 DEBUG - Skipping currently created advisor &apos;org.springframework.transaction.config.internalTransactionAdvisor&apos;
org.springframework.beans.factory.support.AbstractAutowireCapableBeanFactory 2015-01-26 14:01:58,166 DEBUG - Finished creating instance of bean &apos;org.springframework.transaction.annotation.AnnotationTransactionAttributeSource#0&apos;
org.springframework.beans.factory.support.AbstractAutowireCapableBeanFactory 2015-01-26 14:01:58,167 DEBUG - Finished creating instance of bean &apos;org.springframework.transaction.config.internalTransactionAdvisor&apos;
org.springframework.beans.factory.support.AbstractAutowireCapableBeanFactory 2015-01-26 14:01:58,170 DEBUG - Finished creating instance of bean &apos;dataSource&apos;
org.springframework.beans.TypeConverterDelegate 2015-01-26 14:01:58,176 TRACE - Converting String to [class java.lang.Class] using property editor [org.springframework.beans.propertyeditors.ClassEditor@402425cb]
org.springframework.beans.TypeConverterDelegate 2015-01-26 14:01:58,176 TRACE - Converting String to [class java.lang.Class] using property editor [org.springframework.beans.propertyeditors.ClassEditor@402425cb]
org.springframework.beans.TypeConverterDelegate 2015-01-26 14:01:58,176 TRACE - Converting String to [class java.lang.Class] using property editor [org.springframework.beans.propertyeditors.ClassEditor@402425cb]
org.springframework.beans.TypeConverterDelegate 2015-01-26 14:01:58,176 TRACE - Converting String to [class java.lang.Class] using property editor [org.springframework.beans.propertyeditors.ClassEditor@402425cb]
org.springframework.beans.factory.support.AbstractAutowireCapableBeanFactory 2015-01-26 14:01:58,178 DEBUG - Invoking afterPropertiesSet() on bean with name &apos;sessionFactory&apos;
org.hibernate.type.BasicTypeRegistry 2015-01-26 14:01:58,205 DEBUG - Adding type registration boolean -&gt; org.hibernate.type.BooleanType@29bb22a0
org.hibernate.type.BasicTypeRegistry 2015-01-26 14:01:58,205 DEBUG - Adding type registration boolean -&gt; org.hibernate.type.BooleanType@29bb22a0
org.hibernate.type.BasicTypeRegistry 2015-01-26 14:01:58,205 DEBUG - Adding type registration java.lang.Boolean -&gt; org.hibernate.type.BooleanType@29bb22a0
org.hibernate.type.BasicTypeRegistry 2015-01-26 14:01:58,206 DEBUG - Adding type registration numeric_boolean -&gt; org.hibernate.type.NumericBooleanType@45d1122c
org.hibernate.type.BasicTypeRegistry 2015-01-26 14:01:58,207 DEBUG - Adding type registration true_false -&gt; org.hibernate.type.TrueFalseType@1c58f805
org.hibernate.type.BasicTypeRegistry 2015-01-26 14:01:58,208 DEBUG - Adding type registration yes_no -&gt; org.hibernate.type.YesNoType@4b0900c8
org.hibernate.type.BasicTypeRegistry 2015-01-26 14:01:58,209 DEBUG - Adding type registration byte -&gt; org.hibernate.type.ByteType@44945113
org.hibernate.type.BasicTypeRegistry 2015-01-26 14:01:58,209 DEBUG - Adding type registration byte -&gt; org.hibernate.type.ByteType@44945113
org.hibernate.type.BasicTypeRegistry 2015-01-26 14:01:58,209 DEBUG - Adding type registration java.lang.Byte -&gt; org.hibernate.type.ByteType@44945113
org.hibernate.type.BasicTypeRegistry 2015-01-26 14:01:58,210 DEBUG - Adding type registration character -&gt; org.hibernate.type.CharacterType@41bdd094
org.hibernate.type.BasicTypeRegistry 2015-01-26 14:01:58,210 DEBUG - Adding type registration char -&gt; org.hibernate.type.CharacterType@41bdd094
org.hibernate.type.BasicTypeRegistry 2015-01-26 14:01:58,211 DEBUG - Adding type registration java.lang.Character -&gt; org.hibernate.type.CharacterType@41bdd094
org.hibernate.type.BasicTypeRegistry 2015-01-26 14:01:58,212 DEBUG - Adding type registration short -&gt; org.hibernate.type.ShortType@3c90cbce
org.hibernate.type.BasicTypeRegistry 2015-01-26 14:01:58,212 DEBUG - Adding type registration short -&gt; org.hibernate.type.ShortType@3c90cbce
org.hibernate.type.BasicTypeRegistry 2015-01-26 14:01:58,213 DEBUG - Adding type registration java.lang.Short -&gt; org.hibernate.type.ShortType@3c90cbce
org.hibernate.type.BasicTypeRegistry 2015-01-26 14:01:58,214 DEBUG - Adding type registration integer -&gt; org.hibernate.type.IntegerType@66b9b45f
org.hibernate.type.BasicTypeRegistry 2015-01-26 14:01:58,214 DEBUG - Adding type registration int -&gt; org.hibernate.type.IntegerType@66b9b45f
org.hibernate.type.BasicTypeRegistry 2015-01-26 14:01:58,214 DEBUG - Adding type registration java.lang.Integer -&gt; org.hibernate.type.IntegerType@66b9b45f
org.hibernate.type.BasicTypeRegistry 2015-01-26 14:01:58,216 DEBUG - Adding type registration long -&gt; org.hibernate.type.LongType@71749bbd
org.hibernate.type.BasicTypeRegistry 2015-01-26 14:01:58,216 DEBUG - Adding type registration long -&gt; org.hibernate.type.LongType@71749bbd
org.hibernate.type.BasicTypeRegistry 2015-01-26 14:01:58,216 DEBUG - Adding type registration java.lang.Long -&gt; org.hibernate.type.LongType@71749bbd
org.hibernate.type.BasicTypeRegistry 2015-01-26 14:01:58,217 DEBUG - Adding type registration float -&gt; org.hibernate.type.FloatType@7000f98d
org.hibernate.type.BasicTypeRegistry 2015-01-26 14:01:58,217 DEBUG - Adding type registration float -&gt; org.hibernate.type.FloatType@7000f98d
org.hibernate.type.BasicTypeRegistry 2015-01-26 14:01:58,218 DEBUG - Adding type registration java.lang.Float -&gt; org.hibernate.type.FloatType@7000f98d
org.hibernate.type.BasicTypeRegistry 2015-01-26 14:01:58,219 DEBUG - Adding type registration double -&gt; org.hibernate.type.DoubleType@e5c71af
org.hibernate.type.BasicTypeRegistry 2015-01-26 14:01:58,219 DEBUG - Adding type registration double -&gt; org.hibernate.type.DoubleType@e5c71af
org.hibernate.type.BasicTypeRegistry 2015-01-26 14:01:58,219 DEBUG - Adding type registration java.lang.Double -&gt; org.hibernate.type.DoubleType@e5c71af
org.hibernate.type.BasicTypeRegistry 2015-01-26 14:01:58,221 DEBUG - Adding type registration big_decimal -&gt; org.hibernate.type.BigDecimalType@b5b0f7e
org.hibernate.type.BasicTypeRegistry 2015-01-26 14:01:58,221 DEBUG - Adding type registration java.math.BigDecimal -&gt; org.hibernate.type.BigDecimalType@b5b0f7e
org.hibernate.type.BasicTypeRegistry 2015-01-26 14:01:58,222 DEBUG - Adding type registration big_integer -&gt; org.hibernate.type.BigIntegerType@2019666a
org.hibernate.type.BasicTypeRegistry 2015-01-26 14:01:58,222 DEBUG - Adding type registration java.math.BigInteger -&gt; org.hibernate.type.BigIntegerType@2019666a
org.hibernate.type.BasicTypeRegistry 2015-01-26 14:01:58,223 DEBUG - Adding type registration string -&gt; org.hibernate.type.StringType@425ef7f2
org.hibernate.type.BasicTypeRegistry 2015-01-26 14:01:58,223 DEBUG - Adding type registration java.lang.String -&gt; org.hibernate.type.StringType@425ef7f2
org.hibernate.type.BasicTypeRegistry 2015-01-26 14:01:58,224 DEBUG - Adding type registration url -&gt; org.hibernate.type.UrlType@17fdb5c7
org.hibernate.type.BasicTypeRegistry 2015-01-26 14:01:58,224 DEBUG - Adding type registration java.net.URL -&gt; org.hibernate.type.UrlType@17fdb5c7
org.hibernate.type.BasicTypeRegistry 2015-01-26 14:01:58,226 DEBUG - Adding type registration date -&gt; org.hibernate.type.DateType@64ec8b80
org.hibernate.type.BasicTypeRegistry 2015-01-26 14:01:58,226 DEBUG - Adding type registration java.sql.Date -&gt; org.hibernate.type.DateType@64ec8b80
org.hibernate.type.BasicTypeRegistry 2015-01-26 14:01:58,227 DEBUG - Adding type registration time -&gt; org.hibernate.type.TimeType@79243ef3
org.hibernate.type.BasicTypeRegistry 2015-01-26 14:01:58,228 DEBUG - Adding type registration java.sql.Time -&gt; org.hibernate.type.TimeType@79243ef3
org.hibernate.type.BasicTypeRegistry 2015-01-26 14:01:58,229 DEBUG - Adding type registration timestamp -&gt; org.hibernate.type.TimestampType@5893efc3
org.hibernate.type.BasicTypeRegistry 2015-01-26 14:01:58,229 DEBUG - Adding type registration java.sql.Timestamp -&gt; org.hibernate.type.TimestampType@5893efc3
org.hibernate.type.BasicTypeRegistry 2015-01-26 14:01:58,229 DEBUG - Adding type registration java.util.Date -&gt; org.hibernate.type.TimestampType@5893efc3
org.hibernate.type.BasicTypeRegistry 2015-01-26 14:01:58,230 DEBUG - Adding type registration dbtimestamp -&gt; org.hibernate.type.DbTimestampType@899cd30
org.hibernate.type.BasicTypeRegistry 2015-01-26 14:01:58,231 DEBUG - Adding type registration calendar -&gt; org.hibernate.type.CalendarType@41eab4e0
org.hibernate.type.BasicTypeRegistry 2015-01-26 14:01:58,231 DEBUG - Adding type registration java.util.Calendar -&gt; org.hibernate.type.CalendarType@41eab4e0
org.hibernate.type.BasicTypeRegistry 2015-01-26 14:01:58,231 DEBUG - Adding type registration java.util.GregorianCalendar -&gt; org.hibernate.type.CalendarType@41eab4e0
org.hibernate.type.BasicTypeRegistry 2015-01-26 14:01:58,232 DEBUG - Adding type registration calendar_date -&gt; org.hibernate.type.CalendarDateType@1197c2dd
org.hibernate.type.BasicTypeRegistry 2015-01-26 14:01:58,233 DEBUG - Adding type registration locale -&gt; org.hibernate.type.LocaleType@8e8be66
org.hibernate.type.BasicTypeRegistry 2015-01-26 14:01:58,233 DEBUG - Adding type registration java.util.Locale -&gt; org.hibernate.type.LocaleType@8e8be66
org.hibernate.type.BasicTypeRegistry 2015-01-26 14:01:58,234 DEBUG - Adding type registration currency -&gt; org.hibernate.type.CurrencyType@fb8896c
org.hibernate.type.BasicTypeRegistry 2015-01-26 14:01:58,234 DEBUG - Adding type registration java.util.Currency -&gt; org.hibernate.type.CurrencyType@fb8896c
org.hibernate.type.BasicTypeRegistry 2015-01-26 14:01:58,235 DEBUG - Adding type registration timezone -&gt; org.hibernate.type.TimeZoneType@d62d2df
org.hibernate.type.BasicTypeRegistry 2015-01-26 14:01:58,235 DEBUG - Adding type registration java.util.TimeZone -&gt; org.hibernate.type.TimeZoneType@d62d2df
org.hibernate.type.BasicTypeRegistry 2015-01-26 14:01:58,236 DEBUG - Adding type registration class -&gt; org.hibernate.type.ClassType@32609547
org.hibernate.type.BasicTypeRegistry 2015-01-26 14:01:58,236 DEBUG - Adding type registration java.lang.Class -&gt; org.hibernate.type.ClassType@32609547
org.hibernate.type.BasicTypeRegistry 2015-01-26 14:01:58,237 DEBUG - Adding type registration uuid-binary -&gt; org.hibernate.type.UUIDBinaryType@17df3aeb
org.hibernate.type.BasicTypeRegistry 2015-01-26 14:01:58,237 DEBUG - Adding type registration java.util.UUID -&gt; org.hibernate.type.UUIDBinaryType@17df3aeb
org.hibernate.type.BasicTypeRegistry 2015-01-26 14:01:58,238 DEBUG - Adding type registration uuid-char -&gt; org.hibernate.type.UUIDCharType@20be9067
org.hibernate.type.BasicTypeRegistry 2015-01-26 14:01:58,238 DEBUG - Adding type registration pg-uuid -&gt; org.hibernate.type.PostgresUUIDType@4fed51d
org.hibernate.type.BasicTypeRegistry 2015-01-26 14:01:58,239 DEBUG - Adding type registration binary -&gt; org.hibernate.type.BinaryType@1660707
org.hibernate.type.BasicTypeRegistry 2015-01-26 14:01:58,239 DEBUG - Adding type registration byte[] -&gt; org.hibernate.type.BinaryType@1660707
org.hibernate.type.BasicTypeRegistry 2015-01-26 14:01:58,240 DEBUG - Adding type registration [B -&gt; org.hibernate.type.BinaryType@1660707
org.hibernate.type.BasicTypeRegistry 2015-01-26 14:01:58,241 DEBUG - Adding type registration wrapper-binary -&gt; org.hibernate.type.WrapperBinaryType@4c9534e6
org.hibernate.type.BasicTypeRegistry 2015-01-26 14:01:58,241 DEBUG - Adding type registration Byte[] -&gt; org.hibernate.type.WrapperBinaryType@4c9534e6
org.hibernate.type.BasicTypeRegistry 2015-01-26 14:01:58,241 DEBUG - Adding type registration [Ljava.lang.Byte; -&gt; org.hibernate.type.WrapperBinaryType@4c9534e6
org.hibernate.type.BasicTypeRegistry 2015-01-26 14:01:58,242 DEBUG - Adding type registration image -&gt; org.hibernate.type.ImageType@3f229bc1
org.hibernate.type.BasicTypeRegistry 2015-01-26 14:01:58,242 DEBUG - Adding type registration characters -&gt; org.hibernate.type.CharArrayType@47117da8
org.hibernate.type.BasicTypeRegistry 2015-01-26 14:01:58,243 DEBUG - Adding type registration char[] -&gt; org.hibernate.type.CharArrayType@47117da8
org.hibernate.type.BasicTypeRegistry 2015-01-26 14:01:58,243 DEBUG - Adding type registration [C -&gt; org.hibernate.type.CharArrayType@47117da8
org.hibernate.type.BasicTypeRegistry 2015-01-26 14:01:58,244 DEBUG - Adding type registration wrapper-characters -&gt; org.hibernate.type.CharacterArrayType@3b88bc85
org.hibernate.type.BasicTypeRegistry 2015-01-26 14:01:58,244 DEBUG - Adding type registration [Ljava.lang.Character; -&gt; org.hibernate.type.CharacterArrayType@3b88bc85
org.hibernate.type.BasicTypeRegistry 2015-01-26 14:01:58,244 DEBUG - Adding type registration Character[] -&gt; org.hibernate.type.CharacterArrayType@3b88bc85
org.hibernate.type.BasicTypeRegistry 2015-01-26 14:01:58,245 DEBUG - Adding type registration text -&gt; org.hibernate.type.TextType@5aec3076
org.hibernate.type.BasicTypeRegistry 2015-01-26 14:01:58,249 DEBUG - Adding type registration blob -&gt; org.hibernate.type.BlobType@473bb93a
org.hibernate.type.BasicTypeRegistry 2015-01-26 14:01:58,249 DEBUG - Adding type registration java.sql.Blob -&gt; org.hibernate.type.BlobType@473bb93a
org.hibernate.type.BasicTypeRegistry 2015-01-26 14:01:58,250 DEBUG - Adding type registration materialized_blob -&gt; org.hibernate.type.MaterializedBlobType@24026868
org.hibernate.type.BasicTypeRegistry 2015-01-26 14:01:58,250 DEBUG - Adding type registration wrapper_materialized_blob -&gt; org.hibernate.type.WrappedMaterializedBlobType@fa733c
org.hibernate.type.BasicTypeRegistry 2015-01-26 14:01:58,253 DEBUG - Adding type registration clob -&gt; org.hibernate.type.ClobType@8662911
org.hibernate.type.BasicTypeRegistry 2015-01-26 14:01:58,254 DEBUG - Adding type registration java.sql.Clob -&gt; org.hibernate.type.ClobType@8662911
org.hibernate.type.BasicTypeRegistry 2015-01-26 14:01:58,254 DEBUG - Adding type registration materialized_clob -&gt; org.hibernate.type.MaterializedClobType@64b702e2
org.hibernate.type.BasicTypeRegistry 2015-01-26 14:01:58,255 DEBUG - Adding type registration wrapper_characters_clob -&gt; org.hibernate.type.CharacterArrayClobType@2137fb74
org.hibernate.type.BasicTypeRegistry 2015-01-26 14:01:58,255 DEBUG - Adding type registration characters_clob -&gt; org.hibernate.type.PrimitiveCharacterArrayClobType@6ab39ec9
org.hibernate.type.BasicTypeRegistry 2015-01-26 14:01:58,256 DEBUG - Adding type registration serializable -&gt; org.hibernate.type.SerializableType@52b0cc28
org.hibernate.type.BasicTypeRegistry 2015-01-26 14:01:58,258 DEBUG - Adding type registration object -&gt; org.hibernate.type.ObjectType@44a29867
org.hibernate.type.BasicTypeRegistry 2015-01-26 14:01:58,258 DEBUG - Adding type registration java.lang.Object -&gt; org.hibernate.type.ObjectType@44a29867
org.hibernate.type.BasicTypeRegistry 2015-01-26 14:01:58,259 DEBUG - Adding type registration imm_date -&gt; org.hibernate.type.AdaptedImmutableType@42ed705f
org.hibernate.type.BasicTypeRegistry 2015-01-26 14:01:58,259 DEBUG - Adding type registration imm_time -&gt; org.hibernate.type.AdaptedImmutableType@726c8f4c
org.hibernate.type.BasicTypeRegistry 2015-01-26 14:01:58,259 DEBUG - Adding type registration imm_timestamp -&gt; org.hibernate.type.AdaptedImmutableType@35340144
org.hibernate.type.BasicTypeRegistry 2015-01-26 14:01:58,259 DEBUG - Adding type registration imm_dbtimestamp -&gt; org.hibernate.type.AdaptedImmutableType@693f32a5
org.hibernate.type.BasicTypeRegistry 2015-01-26 14:01:58,260 DEBUG - Adding type registration imm_calendar -&gt; org.hibernate.type.AdaptedImmutableType@3416249e
org.hibernate.type.BasicTypeRegistry 2015-01-26 14:01:58,260 DEBUG - Adding type registration imm_calendar_date -&gt; org.hibernate.type.AdaptedImmutableType@19be1bc9
org.hibernate.type.BasicTypeRegistry 2015-01-26 14:01:58,260 DEBUG - Adding type registration imm_binary -&gt; org.hibernate.type.AdaptedImmutableType@10123653
org.hibernate.type.BasicTypeRegistry 2015-01-26 14:01:58,260 DEBUG - Adding type registration imm_serializable -&gt; org.hibernate.type.AdaptedImmutableType@1bac8b63
org.hibernate.annotations.common.Version 2015-01-26 14:01:58,273 INFO  - Hibernate Commons Annotations 3.2.0.Final
org.hibernate.cfg.Environment 2015-01-26 14:01:58,277 INFO  - Hibernate 3.6.4.Final
org.hibernate.cfg.Environment 2015-01-26 14:01:58,278 INFO  - hibernate.properties not found
org.hibernate.cfg.Environment 2015-01-26 14:01:58,279 INFO  - Bytecode provider name : javassist
org.hibernate.cfg.Environment 2015-01-26 14:01:58,281 INFO  - using JDK 1.4 java.sql.Timestamp handling
org.hibernate.id.factory.DefaultIdentifierGeneratorFactory 2015-01-26 14:01:58,313 DEBUG - Registering IdentifierGenerator strategy [uuid2] -&gt; [class org.hibernate.id.UUIDGenerator]
org.hibernate.id.factory.DefaultIdentifierGeneratorFactory 2015-01-26 14:01:58,313 DEBUG - Registering IdentifierGenerator strategy [guid] -&gt; [class org.hibernate.id.GUIDGenerator]
org.hibernate.id.factory.DefaultIdentifierGeneratorFactory 2015-01-26 14:01:58,314 DEBUG - Registering IdentifierGenerator strategy [uuid] -&gt; [class org.hibernate.id.UUIDHexGenerator]
org.hibernate.id.factory.DefaultIdentifierGeneratorFactory 2015-01-26 14:01:58,314 DEBUG - Registering IdentifierGenerator strategy [uuid.hex] -&gt; [class org.hibernate.id.UUIDHexGenerator]
org.hibernate.id.factory.DefaultIdentifierGeneratorFactory 2015-01-26 14:01:58,315 DEBUG - Registering IdentifierGenerator strategy [hilo] -&gt; [class org.hibernate.id.TableHiLoGenerator]
org.hibernate.id.factory.DefaultIdentifierGeneratorFactory 2015-01-26 14:01:58,315 DEBUG - Registering IdentifierGenerator strategy [assigned] -&gt; [class org.hibernate.id.Assigned]
org.hibernate.id.factory.DefaultIdentifierGeneratorFactory 2015-01-26 14:01:58,316 DEBUG - Registering IdentifierGenerator strategy [identity] -&gt; [class org.hibernate.id.IdentityGenerator]
org.hibernate.id.factory.DefaultIdentifierGeneratorFactory 2015-01-26 14:01:58,317 DEBUG - Registering IdentifierGenerator strategy [select] -&gt; [class org.hibernate.id.SelectGenerator]
org.hibernate.id.factory.DefaultIdentifierGeneratorFactory 2015-01-26 14:01:58,317 DEBUG - Registering IdentifierGenerator strategy [sequence] -&gt; [class org.hibernate.id.SequenceGenerator]
org.hibernate.id.factory.DefaultIdentifierGeneratorFactory 2015-01-26 14:01:58,318 DEBUG - Registering IdentifierGenerator strategy [seqhilo] -&gt; [class org.hibernate.id.SequenceHiLoGenerator]
org.hibernate.id.factory.DefaultIdentifierGeneratorFactory 2015-01-26 14:01:58,318 DEBUG - Registering IdentifierGenerator strategy [increment] -&gt; [class org.hibernate.id.IncrementGenerator]
org.hibernate.id.factory.DefaultIdentifierGeneratorFactory 2015-01-26 14:01:58,319 DEBUG - Registering IdentifierGenerator strategy [foreign] -&gt; [class org.hibernate.id.ForeignGenerator]
org.hibernate.id.factory.DefaultIdentifierGeneratorFactory 2015-01-26 14:01:58,319 DEBUG - Registering IdentifierGenerator strategy [sequence-identity] -&gt; [class org.hibernate.id.SequenceIdentityGenerator]
org.hibernate.id.factory.DefaultIdentifierGeneratorFactory 2015-01-26 14:01:58,320 DEBUG - Registering IdentifierGenerator strategy [enhanced-sequence] -&gt; [class org.hibernate.id.enhanced.SequenceStyleGenerator]
org.hibernate.id.factory.DefaultIdentifierGeneratorFactory 2015-01-26 14:01:58,320 DEBUG - Registering IdentifierGenerator strategy [enhanced-table] -&gt; [class org.hibernate.id.enhanced.TableGenerator]
org.hibernate.cfg.Configuration 2015-01-26 14:01:58,325 TRACE - Starting secondPassCompile() processing
org.hibernate.cfg.Configuration$MetadataSourceQueue 2015-01-26 14:01:58,348 DEBUG - Processing hbm.xml files
org.hibernate.cfg.Configuration$MetadataSourceQueue 2015-01-26 14:01:58,349 DEBUG - Process annotated classes
org.hibernate.cfg.AnnotationBinder 2015-01-26 14:01:58,351 INFO  - Binding entity from annotated class: nla.local.pojos.Person
org.hibernate.cfg.AnnotationBinder 2015-01-26 14:01:58,365 DEBUG - no value specified for &apos;javax.persistence.sharedCache.mode&apos;; using UNSPECIFIED
org.hibernate.cfg.annotations.EntityBinder 2015-01-26 14:01:58,369 DEBUG - Import with entity name Person
org.hibernate.cfg.annotations.EntityBinder 2015-01-26 14:01:58,371 INFO  - Bind entity nla.local.pojos.Person on table SUBJECTS
org.hibernate.cfg.AnnotationBinder 2015-01-26 14:01:58,389 TRACE - Processing annotations of nla.local.pojos.Person.subjectId
org.hibernate.cfg.Ejb3Column 2015-01-26 14:01:58,393 DEBUG - Binding column: Ejb3Column{table=org.hibernate.mapping.Table(NKA_NET3_DEV.SUBJECTS), mappingColumn=SUBJECT_ID, insertable=true, updatable=true, unique=true}
org.hibernate.cfg.annotations.PropertyBinder 2015-01-26 14:01:58,397 DEBUG - binding property subjectId with lazy=false
org.hibernate.cfg.annotations.SimpleValueBinder 2015-01-26 14:01:58,399 DEBUG - building SimpleValue for subjectId
org.hibernate.cfg.annotations.PropertyBinder 2015-01-26 14:01:58,400 DEBUG - Building property subjectId
org.hibernate.cfg.annotations.PropertyBinder 2015-01-26 14:01:58,402 TRACE - Cascading subjectId with null
org.hibernate.cfg.AnnotationBinder 2015-01-26 14:01:58,402 TRACE - Add sequence generator with name: person_seq
org.hibernate.cfg.AnnotationBinder 2015-01-26 14:01:58,402 TRACE - Bind @Id on subjectId
org.hibernate.cfg.AnnotationBinder 2015-01-26 14:01:58,403 TRACE - Processing annotations of nla.local.pojos.Person.isOwner
org.hibernate.cfg.Ejb3Column 2015-01-26 14:01:58,403 DEBUG - Binding column: Ejb3Column{table=org.hibernate.mapping.Table(NKA_NET3_DEV.SUBJECTS), mappingColumn=IS_OWNER, insertable=true, updatable=true, unique=false}
org.hibernate.cfg.annotations.PropertyBinder 2015-01-26 14:01:58,403 DEBUG - binding property isOwner with lazy=false
org.hibernate.cfg.annotations.SimpleValueBinder 2015-01-26 14:01:58,403 DEBUG - building SimpleValue for isOwner
org.hibernate.cfg.annotations.PropertyBinder 2015-01-26 14:01:58,404 DEBUG - Building property isOwner
org.hibernate.cfg.annotations.PropertyBinder 2015-01-26 14:01:58,404 TRACE - Cascading isOwner with null
org.hibernate.cfg.AnnotationBinder 2015-01-26 14:01:58,404 TRACE - Processing annotations of nla.local.pojos.Person.reestrdataID
org.hibernate.cfg.Ejb3Column 2015-01-26 14:01:58,404 DEBUG - Binding column: Ejb3Column{table=org.hibernate.mapping.Table(NKA_NET3_DEV.SUBJECTS), mappingColumn=REESTRDATAID, insertable=true, updatable=true, unique=false}
org.hibernate.cfg.annotations.PropertyBinder 2015-01-26 14:01:58,404 DEBUG - binding property reestrdataID with lazy=false
org.hibernate.cfg.annotations.SimpleValueBinder 2015-01-26 14:01:58,405 DEBUG - building SimpleValue for reestrdataID
org.hibernate.cfg.annotations.PropertyBinder 2015-01-26 14:01:58,405 DEBUG - Building property reestrdataID
org.hibernate.cfg.annotations.PropertyBinder 2015-01-26 14:01:58,405 TRACE - Cascading reestrdataID with null
org.hibernate.cfg.AnnotationBinder 2015-01-26 14:01:58,405 TRACE - Processing annotations of nla.local.pojos.Person.subjectType
org.hibernate.cfg.Ejb3Column 2015-01-26 14:01:58,405 DEBUG - Binding column: Ejb3Column{table=org.hibernate.mapping.Table(NKA_NET3_DEV.SUBJECTS), mappingColumn=SUBJECT_TYPE, insertable=true, updatable=true, unique=false}
org.hibernate.cfg.annotations.PropertyBinder 2015-01-26 14:01:58,406 DEBUG - binding property subjectType with lazy=false
org.hibernate.cfg.annotations.SimpleValueBinder 2015-01-26 14:01:58,406 DEBUG - building SimpleValue for subjectType
org.hibernate.cfg.annotations.PropertyBinder 2015-01-26 14:01:58,406 DEBUG - Building property subjectType
org.hibernate.cfg.annotations.PropertyBinder 2015-01-26 14:01:58,406 TRACE - Cascading subjectType with null
org.hibernate.cfg.AnnotationBinder 2015-01-26 14:01:58,407 INFO  - Binding entity from annotated class: nla.local.pojos.PPerson
org.hibernate.cfg.Ejb3Column 2015-01-26 14:01:58,409 DEBUG - Binding column: Ejb3JoinColumn{logicalColumnName=&apos;SUBJECT_ID&apos;, referencedColumn=&apos;null&apos;, mappedBy=&apos;null&apos;}
org.hibernate.cfg.AnnotationBinder 2015-01-26 14:01:58,409 TRACE - Subclass joined column(s) created
org.hibernate.cfg.AnnotationBinder 2015-01-26 14:01:58,409 DEBUG - no value specified for &apos;javax.persistence.sharedCache.mode&apos;; using UNSPECIFIED
org.hibernate.cfg.annotations.EntityBinder 2015-01-26 14:01:58,409 DEBUG - Import with entity name PPerson
org.hibernate.cfg.annotations.EntityBinder 2015-01-26 14:01:58,410 INFO  - Bind entity nla.local.pojos.PPerson on table SUBJECTSDATA
org.hibernate.cfg.AnnotationBinder 2015-01-26 14:01:58,419 TRACE - Processing annotations of nla.local.pojos.PPerson.address
org.hibernate.cfg.Ejb3Column 2015-01-26 14:01:58,419 DEBUG - Binding column: Ejb3JoinColumn{logicalColumnName=&apos;ADDRESS_ID&apos;, referencedColumn=&apos;&apos;, mappedBy=&apos;&apos;}
org.hibernate.cfg.Ejb3Column 2015-01-26 14:01:58,420 DEBUG - Binding column: Ejb3Column{table=org.hibernate.mapping.Table(NKA_NET3_DEV.SUBJECTSDATA), mappingColumn=address, insertable=true, updatable=true, unique=false}
org.hibernate.cfg.annotations.PropertyBinder 2015-01-26 14:01:58,422 DEBUG - Building property address
org.hibernate.cfg.annotations.PropertyBinder 2015-01-26 14:01:58,422 TRACE - Cascading address with none
org.hibernate.cfg.AnnotationBinder 2015-01-26 14:01:58,422 TRACE - Processing annotations of nla.local.pojos.PPerson.bothRegDate
org.hibernate.cfg.Ejb3Column 2015-01-26 14:01:58,422 DEBUG - Binding column: Ejb3Column{table=org.hibernate.mapping.Table(NKA_NET3_DEV.SUBJECTSDATA), mappingColumn=BOTH_REG_DATE, insertable=true, updatable=true, unique=false}
org.hibernate.cfg.annotations.PropertyBinder 2015-01-26 14:01:58,423 DEBUG - binding property bothRegDate with lazy=false
org.hibernate.cfg.annotations.SimpleValueBinder 2015-01-26 14:01:58,423 DEBUG - building SimpleValue for bothRegDate
org.hibernate.cfg.annotations.PropertyBinder 2015-01-26 14:01:58,423 DEBUG - Building property bothRegDate
org.hibernate.cfg.annotations.PropertyBinder 2015-01-26 14:01:58,423 TRACE - Cascading bothRegDate with null
org.hibernate.cfg.AnnotationBinder 2015-01-26 14:01:58,423 TRACE - Processing annotations of nla.local.pojos.PPerson.datestart
org.hibernate.cfg.Ejb3Column 2015-01-26 14:01:58,424 DEBUG - Binding column: Ejb3Column{table=org.hibernate.mapping.Table(NKA_NET3_DEV.SUBJECTSDATA), mappingColumn=DATESTART, insertable=true, updatable=true, unique=false}
org.hibernate.cfg.annotations.PropertyBinder 2015-01-26 14:01:58,424 DEBUG - binding property datestart with lazy=false
org.hibernate.cfg.annotations.SimpleValueBinder 2015-01-26 14:01:58,424 DEBUG - building SimpleValue for datestart
org.hibernate.cfg.annotations.PropertyBinder 2015-01-26 14:01:58,424 DEBUG - Building property datestart
org.hibernate.cfg.annotations.PropertyBinder 2015-01-26 14:01:58,424 TRACE - Cascading datestart with null
org.hibernate.cfg.AnnotationBinder 2015-01-26 14:01:58,424 TRACE - Processing annotations of nla.local.pojos.PPerson.fathername
org.hibernate.cfg.Ejb3Column 2015-01-26 14:01:58,425 DEBUG - Binding column: Ejb3Column{table=org.hibernate.mapping.Table(NKA_NET3_DEV.SUBJECTSDATA), mappingColumn=FATHERNAME, insertable=true, updatable=true, unique=false}
org.hibernate.cfg.annotations.PropertyBinder 2015-01-26 14:01:58,425 DEBUG - binding property fathername with lazy=false
org.hibernate.cfg.annotations.SimpleValueBinder 2015-01-26 14:01:58,425 DEBUG - building SimpleValue for fathername
org.hibernate.cfg.annotations.PropertyBinder 2015-01-26 14:01:58,425 DEBUG - Building property fathername
org.hibernate.cfg.annotations.PropertyBinder 2015-01-26 14:01:58,425 TRACE - Cascading fathername with null
org.hibernate.cfg.AnnotationBinder 2015-01-26 14:01:58,425 TRACE - Processing annotations of nla.local.pojos.PPerson.firstname
org.hibernate.cfg.Ejb3Column 2015-01-26 14:01:58,426 DEBUG - Binding column: Ejb3Column{table=org.hibernate.mapping.Table(NKA_NET3_DEV.SUBJECTSDATA), mappingColumn=FIRSTNAME, insertable=true, updatable=true, unique=false}
org.hibernate.cfg.annotations.PropertyBinder 2015-01-26 14:01:58,426 DEBUG - binding property firstname with lazy=false
org.hibernate.cfg.annotations.SimpleValueBinder 2015-01-26 14:01:58,426 DEBUG - building SimpleValue for firstname
org.hibernate.cfg.annotations.PropertyBinder 2015-01-26 14:01:58,426 DEBUG - Building property firstname
org.hibernate.cfg.annotations.PropertyBinder 2015-01-26 14:01:58,426 TRACE - Cascading firstname with null
org.hibernate.cfg.AnnotationBinder 2015-01-26 14:01:58,426 TRACE - Processing annotations of nla.local.pojos.PPerson.personalNumber
org.hibernate.cfg.Ejb3Column 2015-01-26 14:01:58,427 DEBUG - Binding column: Ejb3Column{table=org.hibernate.mapping.Table(NKA_NET3_DEV.SUBJECTSDATA), mappingColumn=PERSONAL_NUMBER, insertable=true, updatable=true, unique=false}
org.hibernate.cfg.annotations.PropertyBinder 2015-01-26 14:01:58,427 DEBUG - binding property personalNumber with lazy=false
org.hibernate.cfg.annotations.SimpleValueBinder 2015-01-26 14:01:58,427 DEBUG - building SimpleValue for personalNumber
org.hibernate.cfg.annotations.PropertyBinder 2015-01-26 14:01:58,427 DEBUG - Building property personalNumber
org.hibernate.cfg.annotations.PropertyBinder 2015-01-26 14:01:58,427 TRACE - Cascading personalNumber with null
org.hibernate.cfg.AnnotationBinder 2015-01-26 14:01:58,428 TRACE - Processing annotations of nla.local.pojos.PPerson.surname
org.hibernate.cfg.Ejb3Column 2015-01-26 14:01:58,428 DEBUG - Binding column: Ejb3Column{table=org.hibernate.mapping.Table(NKA_NET3_DEV.SUBJECTSDATA), mappingColumn=SURNAME, insertable=true, updatable=true, unique=false}
org.hibernate.cfg.annotations.PropertyBinder 2015-01-26 14:01:58,428 DEBUG - binding property surname with lazy=false
org.hibernate.cfg.annotations.SimpleValueBinder 2015-01-26 14:01:58,428 DEBUG - building SimpleValue for surname
org.hibernate.cfg.annotations.PropertyBinder 2015-01-26 14:01:58,428 DEBUG - Building property surname
org.hibernate.cfg.annotations.PropertyBinder 2015-01-26 14:01:58,429 TRACE - Cascading surname with null
org.hibernate.cfg.AnnotationBinder 2015-01-26 14:01:58,429 INFO  - Binding entity from annotated class: nla.local.pojos.JPerson
org.hibernate.cfg.Ejb3Column 2015-01-26 14:01:58,429 DEBUG - Binding column: Ejb3JoinColumn{logicalColumnName=&apos;SUBJECT_ID&apos;, referencedColumn=&apos;null&apos;, mappedBy=&apos;null&apos;}
org.hibernate.cfg.AnnotationBinder 2015-01-26 14:01:58,429 TRACE - Subclass joined column(s) created
org.hibernate.cfg.AnnotationBinder 2015-01-26 14:01:58,429 DEBUG - no value specified for &apos;javax.persistence.sharedCache.mode&apos;; using UNSPECIFIED
org.hibernate.cfg.annotations.EntityBinder 2015-01-26 14:01:58,430 DEBUG - Import with entity name JPerson
org.hibernate.cfg.annotations.EntityBinder 2015-01-26 14:01:58,430 INFO  - Bind entity nla.local.pojos.JPerson on table SUBJECTSDATA
org.hibernate.cfg.AnnotationBinder 2015-01-26 14:01:58,431 TRACE - Processing annotations of nla.local.pojos.JPerson.actual
org.hibernate.cfg.Ejb3Column 2015-01-26 14:01:58,431 DEBUG - Binding column: Ejb3Column{table=org.hibernate.mapping.Table(NKA_NET3_DEV.SUBJECTSDATA), mappingColumn=ACTUAL, insertable=true, updatable=true, unique=false}
org.hibernate.cfg.annotations.PropertyBinder 2015-01-26 14:01:58,432 DEBUG - binding property actual with lazy=false
org.hibernate.cfg.annotations.SimpleValueBinder 2015-01-26 14:01:58,432 DEBUG - building SimpleValue for actual
org.hibernate.cfg.annotations.PropertyBinder 2015-01-26 14:01:58,432 DEBUG - Building property actual
org.hibernate.cfg.annotations.PropertyBinder 2015-01-26 14:01:58,432 TRACE - Cascading actual with null
org.hibernate.cfg.AnnotationBinder 2015-01-26 14:01:58,432 TRACE - Processing annotations of nla.local.pojos.JPerson.address
org.hibernate.cfg.Ejb3Column 2015-01-26 14:01:58,432 DEBUG - Binding column: Ejb3JoinColumn{logicalColumnName=&apos;ADDRESS_ID&apos;, referencedColumn=&apos;&apos;, mappedBy=&apos;&apos;}
org.hibernate.cfg.Ejb3Column 2015-01-26 14:01:58,433 DEBUG - Binding column: Ejb3Column{table=org.hibernate.mapping.Table(NKA_NET3_DEV.SUBJECTSDATA), mappingColumn=address, insertable=true, updatable=true, unique=false}
org.hibernate.cfg.annotations.PropertyBinder 2015-01-26 14:01:58,433 DEBUG - Building property address
org.hibernate.cfg.annotations.PropertyBinder 2015-01-26 14:01:58,433 TRACE - Cascading address with none
org.hibernate.cfg.AnnotationBinder 2015-01-26 14:01:58,433 TRACE - Processing annotations of nla.local.pojos.JPerson.bothRegDate
org.hibernate.cfg.Ejb3Column 2015-01-26 14:01:58,434 DEBUG - Binding column: Ejb3Column{table=org.hibernate.mapping.Table(NKA_NET3_DEV.SUBJECTSDATA), mappingColumn=BOTH_REG_DATE, insertable=true, updatable=true, unique=false}
org.hibernate.cfg.annotations.PropertyBinder 2015-01-26 14:01:58,434 DEBUG - binding property bothRegDate with lazy=false
org.hibernate.cfg.annotations.SimpleValueBinder 2015-01-26 14:01:58,434 DEBUG - building SimpleValue for bothRegDate
org.hibernate.cfg.annotations.PropertyBinder 2015-01-26 14:01:58,434 DEBUG - Building property bothRegDate
org.hibernate.cfg.annotations.PropertyBinder 2015-01-26 14:01:58,434 TRACE - Cascading bothRegDate with null
org.hibernate.cfg.AnnotationBinder 2015-01-26 14:01:58,434 TRACE - Processing annotations of nla.local.pojos.JPerson.fullname
org.hibernate.cfg.Ejb3Column 2015-01-26 14:01:58,435 DEBUG - Binding column: Ejb3Column{table=org.hibernate.mapping.Table(NKA_NET3_DEV.SUBJECTSDATA), mappingColumn=FULLNAME, insertable=true, updatable=true, unique=false}
org.hibernate.cfg.annotations.PropertyBinder 2015-01-26 14:01:58,435 DEBUG - binding property fullname with lazy=false
org.hibernate.cfg.annotations.SimpleValueBinder 2015-01-26 14:01:58,435 DEBUG - building SimpleValue for fullname
org.hibernate.cfg.annotations.PropertyBinder 2015-01-26 14:01:58,435 DEBUG - Building property fullname
org.hibernate.cfg.annotations.PropertyBinder 2015-01-26 14:01:58,435 TRACE - Cascading fullname with null
org.hibernate.cfg.AnnotationBinder 2015-01-26 14:01:58,436 TRACE - Processing annotations of nla.local.pojos.JPerson.orgRightForm
org.hibernate.cfg.Ejb3Column 2015-01-26 14:01:58,436 DEBUG - Binding column: Ejb3Column{table=org.hibernate.mapping.Table(NKA_NET3_DEV.SUBJECTSDATA), mappingColumn=ORG_RIGHT_FORM, insertable=true, updatable=true, unique=false}
org.hibernate.cfg.annotations.PropertyBinder 2015-01-26 14:01:58,436 DEBUG - binding property orgRightForm with lazy=false
org.hibernate.cfg.annotations.SimpleValueBinder 2015-01-26 14:01:58,436 DEBUG - building SimpleValue for orgRightForm
org.hibernate.cfg.annotations.PropertyBinder 2015-01-26 14:01:58,436 DEBUG - Building property orgRightForm
org.hibernate.cfg.annotations.PropertyBinder 2015-01-26 14:01:58,436 TRACE - Cascading orgRightForm with null
org.hibernate.cfg.AnnotationBinder 2015-01-26 14:01:58,437 TRACE - Processing annotations of nla.local.pojos.JPerson.regNumber
org.hibernate.cfg.Ejb3Column 2015-01-26 14:01:58,437 DEBUG - Binding column: Ejb3Column{table=org.hibernate.mapping.Table(NKA_NET3_DEV.SUBJECTSDATA), mappingColumn=REG_NUMBER, insertable=true, updatable=true, unique=false}
org.hibernate.cfg.annotations.PropertyBinder 2015-01-26 14:01:58,437 DEBUG - binding property regNumber with lazy=false
org.hibernate.cfg.annotations.SimpleValueBinder 2015-01-26 14:01:58,437 DEBUG - building SimpleValue for regNumber
org.hibernate.cfg.annotations.PropertyBinder 2015-01-26 14:01:58,437 DEBUG - Building property regNumber
org.hibernate.cfg.annotations.PropertyBinder 2015-01-26 14:01:58,437 TRACE - Cascading regNumber with null
org.hibernate.cfg.AnnotationBinder 2015-01-26 14:01:58,438 TRACE - Processing annotations of nla.local.pojos.JPerson.remark
org.hibernate.cfg.Ejb3Column 2015-01-26 14:01:58,438 DEBUG - Binding column: Ejb3Column{table=org.hibernate.mapping.Table(NKA_NET3_DEV.SUBJECTSDATA), mappingColumn=REMARK, insertable=true, updatable=true, unique=false}
org.hibernate.cfg.annotations.PropertyBinder 2015-01-26 14:01:58,438 DEBUG - binding property remark with lazy=false
org.hibernate.cfg.annotations.SimpleValueBinder 2015-01-26 14:01:58,438 DEBUG - building SimpleValue for remark
org.hibernate.cfg.annotations.PropertyBinder 2015-01-26 14:01:58,438 DEBUG - Building property remark
org.hibernate.cfg.annotations.PropertyBinder 2015-01-26 14:01:58,439 TRACE - Cascading remark with null
org.hibernate.cfg.AnnotationBinder 2015-01-26 14:01:58,439 TRACE - Processing annotations of nla.local.pojos.JPerson.shortname
org.hibernate.cfg.Ejb3Column 2015-01-26 14:01:58,439 DEBUG - Binding column: Ejb3Column{table=org.hibernate.mapping.Table(NKA_NET3_DEV.SUBJECTSDATA), mappingColumn=SHORTNAME, insertable=true, updatable=true, unique=false}
org.hibernate.cfg.annotations.PropertyBinder 2015-01-26 14:01:58,439 DEBUG - binding property shortname with lazy=false
org.hibernate.cfg.annotations.SimpleValueBinder 2015-01-26 14:01:58,440 DEBUG - building SimpleValue for shortname
org.hibernate.cfg.annotations.PropertyBinder 2015-01-26 14:01:58,440 DEBUG - Building property shortname
org.hibernate.cfg.annotations.PropertyBinder 2015-01-26 14:01:58,440 TRACE - Cascading shortname with null
org.hibernate.cfg.AnnotationBinder 2015-01-26 14:01:58,440 TRACE - Processing annotations of nla.local.pojos.JPerson.unp
org.hibernate.cfg.Ejb3Column 2015-01-26 14:01:58,440 DEBUG - Binding column: Ejb3Column{table=org.hibernate.mapping.Table(NKA_NET3_DEV.SUBJECTSDATA), mappingColumn=UNP, insertable=true, updatable=true, unique=false}
org.hibernate.cfg.annotations.PropertyBinder 2015-01-26 14:01:58,440 DEBUG - binding property unp with lazy=false
org.hibernate.cfg.annotations.SimpleValueBinder 2015-01-26 14:01:58,441 DEBUG - building SimpleValue for unp
org.hibernate.cfg.annotations.PropertyBinder 2015-01-26 14:01:58,441 DEBUG - Building property unp
org.hibernate.cfg.annotations.PropertyBinder 2015-01-26 14:01:58,441 TRACE - Cascading unp with null
org.hibernate.cfg.AnnotationBinder 2015-01-26 14:01:58,441 INFO  - Binding entity from annotated class: nla.local.pojos.Address
org.hibernate.cfg.Ejb3Column 2015-01-26 14:01:58,443 DEBUG - Binding column: Ejb3DiscriminatorColumn{logicalColumnName&apos;DTYPE&apos;, discriminatorTypeName=&apos;string&apos;}
org.hibernate.cfg.AnnotationBinder 2015-01-26 14:01:58,443 DEBUG - no value specified for &apos;javax.persistence.sharedCache.mode&apos;; using UNSPECIFIED
org.hibernate.cfg.annotations.EntityBinder 2015-01-26 14:01:58,443 DEBUG - Import with entity name Address
org.hibernate.cfg.annotations.EntityBinder 2015-01-26 14:01:58,444 INFO  - Bind entity nla.local.pojos.Address on table V_ADDRESSES
org.hibernate.cfg.AnnotationBinder 2015-01-26 14:01:58,445 TRACE - Processing annotations of nla.local.pojos.Address.address_id
org.hibernate.cfg.Ejb3Column 2015-01-26 14:01:58,445 DEBUG - Binding column: Ejb3Column{table=org.hibernate.mapping.Table(V_ADDRESSES), mappingColumn=ADR_NUM, insertable=true, updatable=true, unique=false}
org.hibernate.cfg.annotations.PropertyBinder 2015-01-26 14:01:58,450 DEBUG - binding property address_id with lazy=false
org.hibernate.cfg.annotations.SimpleValueBinder 2015-01-26 14:01:58,451 DEBUG - building SimpleValue for address_id
org.hibernate.cfg.annotations.PropertyBinder 2015-01-26 14:01:58,451 DEBUG - Building property address_id
org.hibernate.cfg.annotations.PropertyBinder 2015-01-26 14:01:58,451 TRACE - Cascading address_id with null
org.hibernate.cfg.AnnotationBinder 2015-01-26 14:01:58,451 TRACE - Bind @Id on address_id
org.hibernate.cfg.AnnotationBinder 2015-01-26 14:01:58,451 TRACE - Processing annotations of nla.local.pojos.Address.elementtypename
org.hibernate.cfg.Ejb3Column 2015-01-26 14:01:58,452 DEBUG - Binding column: Ejb3Column{table=org.hibernate.mapping.Table(V_ADDRESSES), mappingColumn=ELEMENTTYPENAME, insertable=true, updatable=true, unique=false}
org.hibernate.cfg.annotations.PropertyBinder 2015-01-26 14:01:58,452 DEBUG - binding property elementtypename with lazy=false
org.hibernate.cfg.annotations.SimpleValueBinder 2015-01-26 14:01:58,452 DEBUG - building SimpleValue for elementtypename
org.hibernate.cfg.annotations.PropertyBinder 2015-01-26 14:01:58,452 DEBUG - Building property elementtypename
org.hibernate.cfg.annotations.PropertyBinder 2015-01-26 14:01:58,452 TRACE - Cascading elementtypename with null
org.hibernate.cfg.AnnotationBinder 2015-01-26 14:01:58,453 TRACE - Processing annotations of nla.local.pojos.Address.immovabletypename
org.hibernate.cfg.Ejb3Column 2015-01-26 14:01:58,453 DEBUG - Binding column: Ejb3Column{table=org.hibernate.mapping.Table(V_ADDRESSES), mappingColumn=IMMOVABLETYPENAME, insertable=true, updatable=true, unique=false}
org.hibernate.cfg.annotations.PropertyBinder 2015-01-26 14:01:58,453 DEBUG - binding property immovabletypename with lazy=false
org.hibernate.cfg.annotations.SimpleValueBinder 2015-01-26 14:01:58,453 DEBUG - building SimpleValue for immovabletypename
org.hibernate.cfg.annotations.PropertyBinder 2015-01-26 14:01:58,453 DEBUG - Building property immovabletypename
org.hibernate.cfg.annotations.PropertyBinder 2015-01-26 14:01:58,454 TRACE - Cascading immovabletypename with null
org.hibernate.cfg.AnnotationBinder 2015-01-26 14:01:58,454 TRACE - Processing annotations of nla.local.pojos.Address.indHouse
org.hibernate.cfg.Ejb3Column 2015-01-26 14:01:58,454 DEBUG - Binding column: Ejb3Column{table=org.hibernate.mapping.Table(V_ADDRESSES), mappingColumn=IND_HOUSE, insertable=true, updatable=true, unique=false}
org.hibernate.cfg.annotations.PropertyBinder 2015-01-26 14:01:58,454 DEBUG - binding property indHouse with lazy=false
org.hibernate.cfg.annotations.SimpleValueBinder 2015-01-26 14:01:58,454 DEBUG - building SimpleValue for indHouse
org.hibernate.cfg.annotations.PropertyBinder 2015-01-26 14:01:58,454 DEBUG - Building property indHouse
org.hibernate.cfg.annotations.PropertyBinder 2015-01-26 14:01:58,455 TRACE - Cascading indHouse with null
org.hibernate.cfg.AnnotationBinder 2015-01-26 14:01:58,455 TRACE - Processing annotations of nla.local.pojos.Address.indRoom
org.hibernate.cfg.Ejb3Column 2015-01-26 14:01:58,455 DEBUG - Binding column: Ejb3Column{table=org.hibernate.mapping.Table(V_ADDRESSES), mappingColumn=IND_ROOM, insertable=true, updatable=true, unique=false}
org.hibernate.cfg.annotations.PropertyBinder 2015-01-26 14:01:58,455 DEBUG - binding property indRoom with lazy=false
org.hibernate.cfg.annotations.SimpleValueBinder 2015-01-26 14:01:58,455 DEBUG - building SimpleValue for indRoom
org.hibernate.cfg.annotations.PropertyBinder 2015-01-26 14:01:58,455 DEBUG - Building property indRoom
org.hibernate.cfg.annotations.PropertyBinder 2015-01-26 14:01:58,456 TRACE - Cascading indRoom with null
org.hibernate.cfg.AnnotationBinder 2015-01-26 14:01:58,456 TRACE - Processing annotations of nla.local.pojos.Address.np
org.hibernate.cfg.Ejb3Column 2015-01-26 14:01:58,456 DEBUG - Binding column: Ejb3Column{table=org.hibernate.mapping.Table(V_ADDRESSES), mappingColumn=NP, insertable=true, updatable=true, unique=false}
org.hibernate.cfg.annotations.PropertyBinder 2015-01-26 14:01:58,456 DEBUG - binding property np with lazy=false
org.hibernate.cfg.annotations.SimpleValueBinder 2015-01-26 14:01:58,456 DEBUG - building SimpleValue for np
org.hibernate.cfg.annotations.PropertyBinder 2015-01-26 14:01:58,456 DEBUG - Building property np
org.hibernate.cfg.annotations.PropertyBinder 2015-01-26 14:01:58,457 TRACE - Cascading np with null
org.hibernate.cfg.AnnotationBinder 2015-01-26 14:01:58,457 TRACE - Processing annotations of nla.local.pojos.Address.numCorp
org.hibernate.cfg.Ejb3Column 2015-01-26 14:01:58,457 DEBUG - Binding column: Ejb3Column{table=org.hibernate.mapping.Table(V_ADDRESSES), mappingColumn=NUM_CORP, insertable=true, updatable=true, unique=false}
org.hibernate.cfg.annotations.PropertyBinder 2015-01-26 14:01:58,457 DEBUG - binding property numCorp with lazy=false
org.hibernate.cfg.annotations.SimpleValueBinder 2015-01-26 14:01:58,457 DEBUG - building SimpleValue for numCorp
org.hibernate.cfg.annotations.PropertyBinder 2015-01-26 14:01:58,457 DEBUG - Building property numCorp
org.hibernate.cfg.annotations.PropertyBinder 2015-01-26 14:01:58,458 TRACE - Cascading numCorp with null
org.hibernate.cfg.AnnotationBinder 2015-01-26 14:01:58,458 TRACE - Processing annotations of nla.local.pojos.Address.numHouse
org.hibernate.cfg.Ejb3Column 2015-01-26 14:01:58,458 DEBUG - Binding column: Ejb3Column{table=org.hibernate.mapping.Table(V_ADDRESSES), mappingColumn=NUM_HOUSE, insertable=true, updatable=true, unique=false}
org.hibernate.cfg.annotations.PropertyBinder 2015-01-26 14:01:58,458 DEBUG - binding property numHouse with lazy=false
org.hibernate.cfg.annotations.SimpleValueBinder 2015-01-26 14:01:58,458 DEBUG - building SimpleValue for numHouse
org.hibernate.cfg.annotations.PropertyBinder 2015-01-26 14:01:58,459 DEBUG - Building property numHouse
org.hibernate.cfg.annotations.PropertyBinder 2015-01-26 14:01:58,459 TRACE - Cascading numHouse with null
org.hibernate.cfg.AnnotationBinder 2015-01-26 14:01:58,459 TRACE - Processing annotations of nla.local.pojos.Address.numRoom
org.hibernate.cfg.Ejb3Column 2015-01-26 14:01:58,459 DEBUG - Binding column: Ejb3Column{table=org.hibernate.mapping.Table(V_ADDRESSES), mappingColumn=NUM_ROOM, insertable=true, updatable=true, unique=false}
org.hibernate.cfg.annotations.PropertyBinder 2015-01-26 14:01:58,459 DEBUG - binding property numRoom with lazy=false
org.hibernate.cfg.annotations.SimpleValueBinder 2015-01-26 14:01:58,459 DEBUG - building SimpleValue for numRoom
org.hibernate.cfg.annotations.PropertyBinder 2015-01-26 14:01:58,460 DEBUG - Building property numRoom
org.hibernate.cfg.annotations.PropertyBinder 2015-01-26 14:01:58,460 TRACE - Cascading numRoom with null
org.hibernate.cfg.AnnotationBinder 2015-01-26 14:01:58,460 TRACE - Processing annotations of nla.local.pojos.Address.region
org.hibernate.cfg.Ejb3Column 2015-01-26 14:01:58,460 DEBUG - Binding column: Ejb3Column{table=org.hibernate.mapping.Table(V_ADDRESSES), mappingColumn=REGION, insertable=true, updatable=true, unique=false}
org.hibernate.cfg.annotations.PropertyBinder 2015-01-26 14:01:58,460 DEBUG - binding property region with lazy=false
org.hibernate.cfg.annotations.SimpleValueBinder 2015-01-26 14:01:58,460 DEBUG - building SimpleValue for region
org.hibernate.cfg.annotations.PropertyBinder 2015-01-26 14:01:58,460 DEBUG - Building property region
org.hibernate.cfg.annotations.PropertyBinder 2015-01-26 14:01:58,461 TRACE - Cascading region with null
org.hibernate.cfg.AnnotationBinder 2015-01-26 14:01:58,461 TRACE - Processing annotations of nla.local.pojos.Address.sovet
org.hibernate.cfg.Ejb3Column 2015-01-26 14:01:58,461 DEBUG - Binding column: Ejb3Column{table=org.hibernate.mapping.Table(V_ADDRESSES), mappingColumn=SOVET, insertable=true, updatable=true, unique=false}
org.hibernate.cfg.annotations.PropertyBinder 2015-01-26 14:01:58,461 DEBUG - binding property sovet with lazy=false
org.hibernate.cfg.annotations.SimpleValueBinder 2015-01-26 14:01:58,461 DEBUG - building SimpleValue for sovet
org.hibernate.cfg.annotations.PropertyBinder 2015-01-26 14:01:58,461 DEBUG - Building property sovet
org.hibernate.cfg.annotations.PropertyBinder 2015-01-26 14:01:58,462 TRACE - Cascading sovet with null
org.hibernate.cfg.AnnotationBinder 2015-01-26 14:01:58,462 TRACE - Processing annotations of nla.local.pojos.Address.subregion
org.hibernate.cfg.Ejb3Column 2015-01-26 14:01:58,462 DEBUG - Binding column: Ejb3Column{table=org.hibernate.mapping.Table(V_ADDRESSES), mappingColumn=SUBREGION, insertable=true, updatable=true, unique=false}
org.hibernate.cfg.annotations.PropertyBinder 2015-01-26 14:01:58,462 DEBUG - binding property subregion with lazy=false
org.hibernate.cfg.annotations.SimpleValueBinder 2015-01-26 14:01:58,462 DEBUG - building SimpleValue for subregion
org.hibernate.cfg.annotations.PropertyBinder 2015-01-26 14:01:58,462 DEBUG - Building property subregion
org.hibernate.cfg.annotations.PropertyBinder 2015-01-26 14:01:58,463 TRACE - Cascading subregion with null
org.hibernate.cfg.annotations.SimpleValueBinder 2015-01-26 14:01:58,463 DEBUG - Setting SimpleValue typeName for subjectId
org.hibernate.cfg.annotations.SimpleValueBinder 2015-01-26 14:01:58,463 DEBUG - Setting SimpleValue typeName for isOwner
org.hibernate.cfg.annotations.SimpleValueBinder 2015-01-26 14:01:58,464 DEBUG - Setting SimpleValue typeName for reestrdataID
org.hibernate.cfg.annotations.SimpleValueBinder 2015-01-26 14:01:58,464 DEBUG - Setting SimpleValue typeName for subjectType
org.hibernate.cfg.annotations.SimpleValueBinder 2015-01-26 14:01:58,464 DEBUG - Setting SimpleValue typeName for bothRegDate
org.hibernate.cfg.annotations.SimpleValueBinder 2015-01-26 14:01:58,464 DEBUG - Setting SimpleValue typeName for datestart
org.hibernate.cfg.annotations.SimpleValueBinder 2015-01-26 14:01:58,464 DEBUG - Setting SimpleValue typeName for fathername
org.hibernate.cfg.annotations.SimpleValueBinder 2015-01-26 14:01:58,464 DEBUG - Setting SimpleValue typeName for firstname
org.hibernate.cfg.annotations.SimpleValueBinder 2015-01-26 14:01:58,465 DEBUG - Setting SimpleValue typeName for personalNumber
org.hibernate.cfg.annotations.SimpleValueBinder 2015-01-26 14:01:58,465 DEBUG - Setting SimpleValue typeName for surname
org.hibernate.cfg.annotations.SimpleValueBinder 2015-01-26 14:01:58,465 DEBUG - Setting SimpleValue typeName for actual
org.hibernate.cfg.annotations.SimpleValueBinder 2015-01-26 14:01:58,465 DEBUG - Setting SimpleValue typeName for bothRegDate
org.hibernate.cfg.annotations.SimpleValueBinder 2015-01-26 14:01:58,465 DEBUG - Setting SimpleValue typeName for fullname
org.hibernate.cfg.annotations.SimpleValueBinder 2015-01-26 14:01:58,465 DEBUG - Setting SimpleValue typeName for orgRightForm
org.hibernate.cfg.annotations.SimpleValueBinder 2015-01-26 14:01:58,465 DEBUG - Setting SimpleValue typeName for regNumber
org.hibernate.cfg.annotations.SimpleValueBinder 2015-01-26 14:01:58,466 DEBUG - Setting SimpleValue typeName for remark
org.hibernate.cfg.annotations.SimpleValueBinder 2015-01-26 14:01:58,466 DEBUG - Setting SimpleValue typeName for shortname
org.hibernate.cfg.annotations.SimpleValueBinder 2015-01-26 14:01:58,466 DEBUG - Setting SimpleValue typeName for unp
org.hibernate.cfg.annotations.SimpleValueBinder 2015-01-26 14:01:58,466 DEBUG - Setting SimpleValue typeName for address_id
org.hibernate.cfg.annotations.SimpleValueBinder 2015-01-26 14:01:58,466 DEBUG - Setting SimpleValue typeName for elementtypename
org.hibernate.cfg.annotations.SimpleValueBinder 2015-01-26 14:01:58,466 DEBUG - Setting SimpleValue typeName for immovabletypename
org.hibernate.cfg.annotations.SimpleValueBinder 2015-01-26 14:01:58,466 DEBUG - Setting SimpleValue typeName for indHouse
org.hibernate.cfg.annotations.SimpleValueBinder 2015-01-26 14:01:58,467 DEBUG - Setting SimpleValue typeName for indRoom
org.hibernate.cfg.annotations.SimpleValueBinder 2015-01-26 14:01:58,467 DEBUG - Setting SimpleValue typeName for np
org.hibernate.cfg.annotations.SimpleValueBinder 2015-01-26 14:01:58,467 DEBUG - Setting SimpleValue typeName for numCorp
org.hibernate.cfg.annotations.SimpleValueBinder 2015-01-26 14:01:58,467 DEBUG - Setting SimpleValue typeName for numHouse
org.hibernate.cfg.annotations.SimpleValueBinder 2015-01-26 14:01:58,467 DEBUG - Setting SimpleValue typeName for numRoom
org.hibernate.cfg.annotations.SimpleValueBinder 2015-01-26 14:01:58,467 DEBUG - Setting SimpleValue typeName for region
org.hibernate.cfg.annotations.SimpleValueBinder 2015-01-26 14:01:58,467 DEBUG - Setting SimpleValue typeName for sovet
org.hibernate.cfg.annotations.SimpleValueBinder 2015-01-26 14:01:58,467 DEBUG - Setting SimpleValue typeName for subregion
org.hibernate.cfg.Configuration 2015-01-26 14:01:58,468 DEBUG - processing fk mappings (*ToOne and JoinedSubclass)
org.hibernate.cfg.Configuration 2015-01-26 14:01:58,472 DEBUG - processing extends queue
org.hibernate.cfg.Configuration 2015-01-26 14:01:58,472 DEBUG - processing extends queue
org.hibernate.cfg.Configuration 2015-01-26 14:01:58,472 DEBUG - processing collection mappings
org.hibernate.cfg.Configuration 2015-01-26 14:01:58,472 DEBUG - processing native query and ResultSetMapping mappings
org.hibernate.cfg.Configuration 2015-01-26 14:01:58,473 DEBUG - processing association property references
org.hibernate.cfg.Configuration 2015-01-26 14:01:58,473 DEBUG - processing foreign key constraints
org.hibernate.cfg.Configuration 2015-01-26 14:01:58,473 DEBUG - resolving reference to class: nla.local.pojos.Person
org.hibernate.cfg.Configuration 2015-01-26 14:01:58,473 DEBUG - resolving reference to class: nla.local.pojos.Address
org.hibernate.cfg.Configuration 2015-01-26 14:01:58,476 INFO  - Hibernate Validator not found: ignoring
org.springframework.orm.hibernate3.LocalSessionFactoryBean 2015-01-26 14:01:58,477 INFO  - Building new Hibernate SessionFactory
org.hibernate.cfg.Configuration 2015-01-26 14:01:58,477 DEBUG - Preparing to build session factory with filters : {}
org.hibernate.cfg.Configuration 2015-01-26 14:01:58,477 TRACE - Starting secondPassCompile() processing
org.hibernate.cfg.Configuration$MetadataSourceQueue 2015-01-26 14:01:58,477 DEBUG - Processing hbm.xml files
org.hibernate.cfg.Configuration$MetadataSourceQueue 2015-01-26 14:01:58,478 DEBUG - Process annotated classes
org.hibernate.cfg.Configuration 2015-01-26 14:01:58,478 DEBUG - processing fk mappings (*ToOne and JoinedSubclass)
org.hibernate.cfg.Configuration 2015-01-26 14:01:58,478 DEBUG - processing extends queue
org.hibernate.cfg.Configuration 2015-01-26 14:01:58,478 DEBUG - processing extends queue
org.hibernate.cfg.Configuration 2015-01-26 14:01:58,478 DEBUG - processing collection mappings
org.hibernate.cfg.Configuration 2015-01-26 14:01:58,478 DEBUG - processing native query and ResultSetMapping mappings
org.hibernate.cfg.Configuration 2015-01-26 14:01:58,478 DEBUG - processing association property references
org.hibernate.cfg.Configuration 2015-01-26 14:01:58,478 DEBUG - processing foreign key constraints
org.hibernate.cfg.Configuration 2015-01-26 14:01:58,479 DEBUG - resolving reference to class: nla.local.pojos.Person
org.hibernate.cfg.Configuration 2015-01-26 14:01:58,479 DEBUG - resolving reference to class: nla.local.pojos.Address
org.hibernate.cfg.Configuration 2015-01-26 14:01:58,479 DEBUG - Legacy Validator not present in classpath, ignoring event listener registration
org.hibernate.cfg.search.HibernateSearchEventListenerRegister 2015-01-26 14:01:58,481 DEBUG - Search not present in classpath, ignoring event listener registration.
org.hibernate.cfg.search.HibernateSearchEventListenerRegister 2015-01-26 14:01:58,481 INFO  - Unable to find org.hibernate.search.event.FullTextIndexEventListener on the classpath. Hibernate Search is not enabled.
org.hibernate.connection.ConnectionProviderFactory 2015-01-26 14:01:58,484 INFO  - Initializing connection provider: org.springframework.orm.hibernate3.LocalDataSourceConnectionProvider
org.hibernate.dialect.Dialect 2015-01-26 14:01:58,982 INFO  - Using dialect: org.hibernate.dialect.Oracle10gDialect
org.hibernate.cfg.SettingsFactory 2015-01-26 14:01:59,007 INFO  - Database -&gt;
       name : Oracle
    version : Oracle Database 10g Enterprise Edition Release 10.2.0.1.0 - Production
With the Partitioning, OLAP and Data Mining options
      major : 10
      minor : 2
org.hibernate.cfg.SettingsFactory 2015-01-26 14:01:59,007 INFO  - Driver -&gt;
       name : Oracle JDBC driver
    version : 11.2.0.4.0
      major : 11
      minor : 2
org.hibernate.transaction.TransactionFactoryFactory 2015-01-26 14:01:59,010 INFO  - Transaction strategy: org.springframework.orm.hibernate3.SpringTransactionFactory
org.hibernate.transaction.TransactionManagerLookupFactory 2015-01-26 14:01:59,011 INFO  - No TransactionManagerLookup configured (in JTA environment, use of read-write or transactional second-level cache is not recommended)
org.hibernate.cfg.SettingsFactory 2015-01-26 14:01:59,011 INFO  - Automatic flush during beforeCompletion(): disabled
org.hibernate.cfg.SettingsFactory 2015-01-26 14:01:59,011 INFO  - Automatic session close at end of transaction: disabled
org.hibernate.cfg.SettingsFactory 2015-01-26 14:01:59,011 INFO  - JDBC batch size: 15
org.hibernate.cfg.SettingsFactory 2015-01-26 14:01:59,012 INFO  - JDBC batch updates for versioned data: disabled
org.hibernate.cfg.SettingsFactory 2015-01-26 14:01:59,012 INFO  - Scrollable result sets: enabled
org.hibernate.cfg.SettingsFactory 2015-01-26 14:01:59,012 DEBUG - Wrap result sets: disabled
org.hibernate.cfg.SettingsFactory 2015-01-26 14:01:59,013 INFO  - JDBC3 getGeneratedKeys(): disabled
org.hibernate.cfg.SettingsFactory 2015-01-26 14:01:59,013 INFO  - Connection release mode: auto
org.hibernate.cfg.SettingsFactory 2015-01-26 14:01:59,013 INFO  - Default batch fetch size: 1
org.hibernate.cfg.SettingsFactory 2015-01-26 14:01:59,014 INFO  - Generate SQL with comments: disabled
org.hibernate.cfg.SettingsFactory 2015-01-26 14:01:59,014 INFO  - Order SQL updates by primary key: disabled
org.hibernate.cfg.SettingsFactory 2015-01-26 14:01:59,014 INFO  - Order SQL inserts for batching: disabled
org.hibernate.cfg.SettingsFactory 2015-01-26 14:01:59,014 INFO  - Query translator: org.hibernate.hql.ast.ASTQueryTranslatorFactory
org.hibernate.hql.ast.ASTQueryTranslatorFactory 2015-01-26 14:01:59,015 INFO  - Using ASTQueryTranslatorFactory
org.hibernate.cfg.SettingsFactory 2015-01-26 14:01:59,016 INFO  - Query language substitutions: {}
org.hibernate.cfg.SettingsFactory 2015-01-26 14:01:59,016 INFO  - JPA-QL strict compliance: disabled
org.hibernate.cfg.SettingsFactory 2015-01-26 14:01:59,016 INFO  - Second-level cache: enabled
org.hibernate.cfg.SettingsFactory 2015-01-26 14:01:59,016 INFO  - Query cache: disabled
org.hibernate.cfg.SettingsFactory 2015-01-26 14:01:59,016 INFO  - Cache region factory : org.hibernate.cache.impl.NoCachingRegionFactory
org.hibernate.cfg.SettingsFactory 2015-01-26 14:01:59,017 INFO  - Optimize cache for minimal puts: disabled
org.hibernate.cfg.SettingsFactory 2015-01-26 14:01:59,017 INFO  - Structured second-level cache entries: disabled
org.hibernate.exception.SQLExceptionConverterFactory 2015-01-26 14:01:59,018 TRACE - Using dialect defined converter
org.hibernate.cfg.SettingsFactory 2015-01-26 14:01:59,021 INFO  - Echoing all SQL to stdout
org.hibernate.cfg.SettingsFactory 2015-01-26 14:01:59,022 INFO  - Statistics: disabled
org.hibernate.cfg.SettingsFactory 2015-01-26 14:01:59,022 INFO  - Deleted entity synthetic identifier rollback: disabled
org.hibernate.cfg.SettingsFactory 2015-01-26 14:01:59,022 INFO  - Default entity-mode: pojo
org.hibernate.cfg.SettingsFactory 2015-01-26 14:01:59,022 INFO  - Named query checking : enabled
org.hibernate.cfg.SettingsFactory 2015-01-26 14:01:59,022 INFO  - Check Nullability in Core (should be disabled when Bean Validation is on): enabled
org.hibernate.impl.SessionFactoryImpl 2015-01-26 14:01:59,034 INFO  - building session factory
org.hibernate.impl.SessionFactoryImpl 2015-01-26 14:01:59,037 DEBUG - Statistics initialized [enabled=false]}
org.hibernate.type.TypeFactory$TypeScopeImpl 2015-01-26 14:01:59,037 TRACE - Scoping types to session factory org.hibernate.impl.SessionFactoryImpl@34322810
org.hibernate.type.BasicTypeRegistry 2015-01-26 14:01:59,038 DEBUG - Adding type registration boolean -&gt; org.hibernate.type.BooleanType@29bb22a0
org.hibernate.type.BasicTypeRegistry 2015-01-26 14:01:59,038 DEBUG - Adding type registration boolean -&gt; org.hibernate.type.BooleanType@29bb22a0
org.hibernate.type.BasicTypeRegistry 2015-01-26 14:01:59,038 DEBUG - Adding type registration java.lang.Boolean -&gt; org.hibernate.type.BooleanType@29bb22a0
org.hibernate.type.BasicTypeRegistry 2015-01-26 14:01:59,038 DEBUG - Adding type registration numeric_boolean -&gt; org.hibernate.type.NumericBooleanType@45d1122c
org.hibernate.type.BasicTypeRegistry 2015-01-26 14:01:59,038 DEBUG - Adding type registration true_false -&gt; org.hibernate.type.TrueFalseType@1c58f805
org.hibernate.type.BasicTypeRegistry 2015-01-26 14:01:59,038 DEBUG - Adding type registration yes_no -&gt; org.hibernate.type.YesNoType@4b0900c8
org.hibernate.type.BasicTypeRegistry 2015-01-26 14:01:59,039 DEBUG - Adding type registration byte -&gt; org.hibernate.type.ByteType@44945113
org.hibernate.type.BasicTypeRegistry 2015-01-26 14:01:59,039 DEBUG - Adding type registration byte -&gt; org.hibernate.type.ByteType@44945113
org.hibernate.type.BasicTypeRegistry 2015-01-26 14:01:59,039 DEBUG - Adding type registration java.lang.Byte -&gt; org.hibernate.type.ByteType@44945113
org.hibernate.type.BasicTypeRegistry 2015-01-26 14:01:59,039 DEBUG - Adding type registration character -&gt; org.hibernate.type.CharacterType@41bdd094
org.hibernate.type.BasicTypeRegistry 2015-01-26 14:01:59,039 DEBUG - Adding type registration char -&gt; org.hibernate.type.CharacterType@41bdd094
org.hibernate.type.BasicTypeRegistry 2015-01-26 14:01:59,039 DEBUG - Adding type registration java.lang.Character -&gt; org.hibernate.type.CharacterType@41bdd094
org.hibernate.type.BasicTypeRegistry 2015-01-26 14:01:59,040 DEBUG - Adding type registration short -&gt; org.hibernate.type.ShortType@3c90cbce
org.hibernate.type.BasicTypeRegistry 2015-01-26 14:01:59,040 DEBUG - Adding type registration short -&gt; org.hibernate.type.ShortType@3c90cbce
org.hibernate.type.BasicTypeRegistry 2015-01-26 14:01:59,040 DEBUG - Adding type registration java.lang.Short -&gt; org.hibernate.type.ShortType@3c90cbce
org.hibernate.type.BasicTypeRegistry 2015-01-26 14:01:59,040 DEBUG - Adding type registration integer -&gt; org.hibernate.type.IntegerType@66b9b45f
org.hibernate.type.BasicTypeRegistry 2015-01-26 14:01:59,040 DEBUG - Adding type registration int -&gt; org.hibernate.type.IntegerType@66b9b45f
org.hibernate.type.BasicTypeRegistry 2015-01-26 14:01:59,040 DEBUG - Adding type registration java.lang.Integer -&gt; org.hibernate.type.IntegerType@66b9b45f
org.hibernate.type.BasicTypeRegistry 2015-01-26 14:01:59,041 DEBUG - Adding type registration long -&gt; org.hibernate.type.LongType@71749bbd
org.hibernate.type.BasicTypeRegistry 2015-01-26 14:01:59,041 DEBUG - Adding type registration long -&gt; org.hibernate.type.LongType@71749bbd
org.hibernate.type.BasicTypeRegistry 2015-01-26 14:01:59,041 DEBUG - Adding type registration java.lang.Long -&gt; org.hibernate.type.LongType@71749bbd
org.hibernate.type.BasicTypeRegistry 2015-01-26 14:01:59,041 DEBUG - Adding type registration float -&gt; org.hibernate.type.FloatType@7000f98d
org.hibernate.type.BasicTypeRegistry 2015-01-26 14:01:59,041 DEBUG - Adding type registration float -&gt; org.hibernate.type.FloatType@7000f98d
org.hibernate.type.BasicTypeRegistry 2015-01-26 14:01:59,041 DEBUG - Adding type registration java.lang.Float -&gt; org.hibernate.type.FloatType@7000f98d
org.hibernate.type.BasicTypeRegistry 2015-01-26 14:01:59,041 DEBUG - Adding type registration double -&gt; org.hibernate.type.DoubleType@e5c71af
org.hibernate.type.BasicTypeRegistry 2015-01-26 14:01:59,042 DEBUG - Adding type registration double -&gt; org.hibernate.type.DoubleType@e5c71af
org.hibernate.type.BasicTypeRegistry 2015-01-26 14:01:59,042 DEBUG - Adding type registration java.lang.Double -&gt; org.hibernate.type.DoubleType@e5c71af
org.hibernate.type.BasicTypeRegistry 2015-01-26 14:01:59,042 DEBUG - Adding type registration big_decimal -&gt; org.hibernate.type.BigDecimalType@b5b0f7e
org.hibernate.type.BasicTypeRegistry 2015-01-26 14:01:59,042 DEBUG - Adding type registration java.math.BigDecimal -&gt; org.hibernate.type.BigDecimalType@b5b0f7e
org.hibernate.type.BasicTypeRegistry 2015-01-26 14:01:59,042 DEBUG - Adding type registration big_integer -&gt; org.hibernate.type.BigIntegerType@2019666a
org.hibernate.type.BasicTypeRegistry 2015-01-26 14:01:59,042 DEBUG - Adding type registration java.math.BigInteger -&gt; org.hibernate.type.BigIntegerType@2019666a
org.hibernate.type.BasicTypeRegistry 2015-01-26 14:01:59,043 DEBUG - Adding type registration string -&gt; org.hibernate.type.StringType@425ef7f2
org.hibernate.type.BasicTypeRegistry 2015-01-26 14:01:59,043 DEBUG - Adding type registration java.lang.String -&gt; org.hibernate.type.StringType@425ef7f2
org.hibernate.type.BasicTypeRegistry 2015-01-26 14:01:59,043 DEBUG - Adding type registration url -&gt; org.hibernate.type.UrlType@17fdb5c7
org.hibernate.type.BasicTypeRegistry 2015-01-26 14:01:59,043 DEBUG - Adding type registration java.net.URL -&gt; org.hibernate.type.UrlType@17fdb5c7
org.hibernate.type.BasicTypeRegistry 2015-01-26 14:01:59,043 DEBUG - Adding type registration date -&gt; org.hibernate.type.DateType@64ec8b80
org.hibernate.type.BasicTypeRegistry 2015-01-26 14:01:59,043 DEBUG - Adding type registration java.sql.Date -&gt; org.hibernate.type.DateType@64ec8b80
org.hibernate.type.BasicTypeRegistry 2015-01-26 14:01:59,044 DEBUG - Adding type registration time -&gt; org.hibernate.type.TimeType@79243ef3
org.hibernate.type.BasicTypeRegistry 2015-01-26 14:01:59,044 DEBUG - Adding type registration java.sql.Time -&gt; org.hibernate.type.TimeType@79243ef3
org.hibernate.type.BasicTypeRegistry 2015-01-26 14:01:59,044 DEBUG - Adding type registration timestamp -&gt; org.hibernate.type.TimestampType@5893efc3
org.hibernate.type.BasicTypeRegistry 2015-01-26 14:01:59,044 DEBUG - Adding type registration java.sql.Timestamp -&gt; org.hibernate.type.TimestampType@5893efc3
org.hibernate.type.BasicTypeRegistry 2015-01-26 14:01:59,044 DEBUG - Adding type registration java.util.Date -&gt; org.hibernate.type.TimestampType@5893efc3
org.hibernate.type.BasicTypeRegistry 2015-01-26 14:01:59,044 DEBUG - Adding type registration dbtimestamp -&gt; org.hibernate.type.DbTimestampType@899cd30
org.hibernate.type.BasicTypeRegistry 2015-01-26 14:01:59,045 DEBUG - Adding type registration calendar -&gt; org.hibernate.type.CalendarType@41eab4e0
org.hibernate.type.BasicTypeRegistry 2015-01-26 14:01:59,045 DEBUG - Adding type registration java.util.Calendar -&gt; org.hibernate.type.CalendarType@41eab4e0
org.hibernate.type.BasicTypeRegistry 2015-01-26 14:01:59,045 DEBUG - Adding type registration java.util.GregorianCalendar -&gt; org.hibernate.type.CalendarType@41eab4e0
org.hibernate.type.BasicTypeRegistry 2015-01-26 14:01:59,045 DEBUG - Adding type registration calendar_date -&gt; org.hibernate.type.CalendarDateType@1197c2dd
org.hibernate.type.BasicTypeRegistry 2015-01-26 14:01:59,045 DEBUG - Adding type registration locale -&gt; org.hibernate.type.LocaleType@8e8be66
org.hibernate.type.BasicTypeRegistry 2015-01-26 14:01:59,045 DEBUG - Adding type registration java.util.Locale -&gt; org.hibernate.type.LocaleType@8e8be66
org.hibernate.type.BasicTypeRegistry 2015-01-26 14:01:59,045 DEBUG - Adding type registration currency -&gt; org.hibernate.type.CurrencyType@fb8896c
org.hibernate.type.BasicTypeRegistry 2015-01-26 14:01:59,046 DEBUG - Adding type registration java.util.Currency -&gt; org.hibernate.type.CurrencyType@fb8896c
org.hibernate.type.BasicTypeRegistry 2015-01-26 14:01:59,046 DEBUG - Adding type registration timezone -&gt; org.hibernate.type.TimeZoneType@d62d2df
org.hibernate.type.BasicTypeRegistry 2015-01-26 14:01:59,046 DEBUG - Adding type registration java.util.TimeZone -&gt; org.hibernate.type.TimeZoneType@d62d2df
org.hibernate.type.BasicTypeRegistry 2015-01-26 14:01:59,046 DEBUG - Adding type registration class -&gt; org.hibernate.type.ClassType@32609547
org.hibernate.type.BasicTypeRegistry 2015-01-26 14:01:59,046 DEBUG - Adding type registration java.lang.Class -&gt; org.hibernate.type.ClassType@32609547
org.hibernate.type.BasicTypeRegistry 2015-01-26 14:01:59,046 DEBUG - Adding type registration uuid-binary -&gt; org.hibernate.type.UUIDBinaryType@17df3aeb
org.hibernate.type.BasicTypeRegistry 2015-01-26 14:01:59,047 DEBUG - Adding type registration java.util.UUID -&gt; org.hibernate.type.UUIDBinaryType@17df3aeb
org.hibernate.type.BasicTypeRegistry 2015-01-26 14:01:59,047 DEBUG - Adding type registration uuid-char -&gt; org.hibernate.type.UUIDCharType@20be9067
org.hibernate.type.BasicTypeRegistry 2015-01-26 14:01:59,047 DEBUG - Adding type registration pg-uuid -&gt; org.hibernate.type.PostgresUUIDType@4fed51d
org.hibernate.type.BasicTypeRegistry 2015-01-26 14:01:59,047 DEBUG - Adding type registration binary -&gt; org.hibernate.type.BinaryType@1660707
org.hibernate.type.BasicTypeRegistry 2015-01-26 14:01:59,047 DEBUG - Adding type registration byte[] -&gt; org.hibernate.type.BinaryType@1660707
org.hibernate.type.BasicTypeRegistry 2015-01-26 14:01:59,047 DEBUG - Adding type registration [B -&gt; org.hibernate.type.BinaryType@1660707
org.hibernate.type.BasicTypeRegistry 2015-01-26 14:01:59,048 DEBUG - Adding type registration wrapper-binary -&gt; org.hibernate.type.WrapperBinaryType@4c9534e6
org.hibernate.type.BasicTypeRegistry 2015-01-26 14:01:59,048 DEBUG - Adding type registration Byte[] -&gt; org.hibernate.type.WrapperBinaryType@4c9534e6
org.hibernate.type.BasicTypeRegistry 2015-01-26 14:01:59,048 DEBUG - Adding type registration [Ljava.lang.Byte; -&gt; org.hibernate.type.WrapperBinaryType@4c9534e6
org.hibernate.type.BasicTypeRegistry 2015-01-26 14:01:59,048 DEBUG - Adding type registration image -&gt; org.hibernate.type.ImageType@3f229bc1
org.hibernate.type.BasicTypeRegistry 2015-01-26 14:01:59,048 DEBUG - Adding type registration characters -&gt; org.hibernate.type.CharArrayType@47117da8
org.hibernate.type.BasicTypeRegistry 2015-01-26 14:01:59,048 DEBUG - Adding type registration char[] -&gt; org.hibernate.type.CharArrayType@47117da8
org.hibernate.type.BasicTypeRegistry 2015-01-26 14:01:59,049 DEBUG - Adding type registration [C -&gt; org.hibernate.type.CharArrayType@47117da8
org.hibernate.type.BasicTypeRegistry 2015-01-26 14:01:59,049 DEBUG - Adding type registration wrapper-characters -&gt; org.hibernate.type.CharacterArrayType@3b88bc85
org.hibernate.type.BasicTypeRegistry 2015-01-26 14:01:59,049 DEBUG - Adding type registration [Ljava.lang.Character; -&gt; org.hibernate.type.CharacterArrayType@3b88bc85
org.hibernate.type.BasicTypeRegistry 2015-01-26 14:01:59,049 DEBUG - Adding type registration Character[] -&gt; org.hibernate.type.CharacterArrayType@3b88bc85
org.hibernate.type.BasicTypeRegistry 2015-01-26 14:01:59,049 DEBUG - Adding type registration text -&gt; org.hibernate.type.TextType@5aec3076
org.hibernate.type.BasicTypeRegistry 2015-01-26 14:01:59,049 DEBUG - Adding type registration blob -&gt; org.hibernate.type.BlobType@473bb93a
org.hibernate.type.BasicTypeRegistry 2015-01-26 14:01:59,049 DEBUG - Adding type registration java.sql.Blob -&gt; org.hibernate.type.BlobType@473bb93a
org.hibernate.type.BasicTypeRegistry 2015-01-26 14:01:59,050 DEBUG - Adding type registration materialized_blob -&gt; org.hibernate.type.MaterializedBlobType@24026868
org.hibernate.type.BasicTypeRegistry 2015-01-26 14:01:59,050 DEBUG - Adding type registration wrapper_materialized_blob -&gt; org.hibernate.type.WrappedMaterializedBlobType@fa733c
org.hibernate.type.BasicTypeRegistry 2015-01-26 14:01:59,050 DEBUG - Adding type registration clob -&gt; org.hibernate.type.ClobType@8662911
org.hibernate.type.BasicTypeRegistry 2015-01-26 14:01:59,050 DEBUG - Adding type registration java.sql.Clob -&gt; org.hibernate.type.ClobType@8662911
org.hibernate.type.BasicTypeRegistry 2015-01-26 14:01:59,050 DEBUG - Adding type registration materialized_clob -&gt; org.hibernate.type.MaterializedClobType@64b702e2
org.hibernate.type.BasicTypeRegistry 2015-01-26 14:01:59,050 DEBUG - Adding type registration wrapper_characters_clob -&gt; org.hibernate.type.CharacterArrayClobType@2137fb74
org.hibernate.type.BasicTypeRegistry 2015-01-26 14:01:59,050 DEBUG - Adding type registration characters_clob -&gt; org.hibernate.type.PrimitiveCharacterArrayClobType@6ab39ec9
org.hibernate.type.BasicTypeRegistry 2015-01-26 14:01:59,051 DEBUG - Adding type registration serializable -&gt; org.hibernate.type.SerializableType@52b0cc28
org.hibernate.type.BasicTypeRegistry 2015-01-26 14:01:59,051 DEBUG - Adding type registration object -&gt; org.hibernate.type.ObjectType@44a29867
org.hibernate.type.BasicTypeRegistry 2015-01-26 14:01:59,051 DEBUG - Adding type registration java.lang.Object -&gt; org.hibernate.type.ObjectType@44a29867
org.hibernate.type.BasicTypeRegistry 2015-01-26 14:01:59,051 DEBUG - Adding type registration imm_date -&gt; org.hibernate.type.AdaptedImmutableType@48e44d35
org.hibernate.type.BasicTypeRegistry 2015-01-26 14:01:59,051 DEBUG - Adding type registration imm_time -&gt; org.hibernate.type.AdaptedImmutableType@488f7f6
org.hibernate.type.BasicTypeRegistry 2015-01-26 14:01:59,051 DEBUG - Adding type registration imm_timestamp -&gt; org.hibernate.type.AdaptedImmutableType@3c4f39cd
org.hibernate.type.BasicTypeRegistry 2015-01-26 14:01:59,051 DEBUG - Adding type registration imm_dbtimestamp -&gt; org.hibernate.type.AdaptedImmutableType@755be0a9
org.hibernate.type.BasicTypeRegistry 2015-01-26 14:01:59,052 DEBUG - Adding type registration imm_calendar -&gt; org.hibernate.type.AdaptedImmutableType@62fab370
org.hibernate.type.BasicTypeRegistry 2015-01-26 14:01:59,052 DEBUG - Adding type registration imm_calendar_date -&gt; org.hibernate.type.AdaptedImmutableType@391ab0d4
org.hibernate.type.BasicTypeRegistry 2015-01-26 14:01:59,052 DEBUG - Adding type registration imm_binary -&gt; org.hibernate.type.AdaptedImmutableType@74f4b96
org.hibernate.type.BasicTypeRegistry 2015-01-26 14:01:59,052 DEBUG - Adding type registration imm_serializable -&gt; org.hibernate.type.AdaptedImmutableType@66eb6899
org.hibernate.type.BasicTypeRegistry 2015-01-26 14:01:59,052 DEBUG - Adding type registration blob -&gt; org.hibernate.type.BlobType@634cd7b3
org.hibernate.type.BasicTypeRegistry 2015-01-26 14:01:59,052 INFO  - Type registration [blob] overrides previous : org.hibernate.type.BlobType@473bb93a
org.hibernate.type.BasicTypeRegistry 2015-01-26 14:01:59,052 DEBUG - Adding type registration java.sql.Blob -&gt; org.hibernate.type.BlobType@634cd7b3
org.hibernate.type.BasicTypeRegistry 2015-01-26 14:01:59,053 INFO  - Type registration [java.sql.Blob] overrides previous : org.hibernate.type.BlobType@473bb93a
org.hibernate.type.BasicTypeRegistry 2015-01-26 14:01:59,053 DEBUG - Adding type registration wrapper_characters_clob -&gt; org.hibernate.type.CharacterArrayClobType@6560e244
org.hibernate.type.BasicTypeRegistry 2015-01-26 14:01:59,053 INFO  - Type registration [wrapper_characters_clob] overrides previous : org.hibernate.type.CharacterArrayClobType@2137fb74
org.hibernate.type.BasicTypeRegistry 2015-01-26 14:01:59,053 DEBUG - Adding type registration wrapper_materialized_blob -&gt; org.hibernate.type.WrappedMaterializedBlobType@70e76aab
org.hibernate.type.BasicTypeRegistry 2015-01-26 14:01:59,053 INFO  - Type registration [wrapper_materialized_blob] overrides previous : org.hibernate.type.WrappedMaterializedBlobType@fa733c
org.hibernate.type.BasicTypeRegistry 2015-01-26 14:01:59,053 DEBUG - Adding type registration clob -&gt; org.hibernate.type.ClobType@690c3a75
org.hibernate.type.BasicTypeRegistry 2015-01-26 14:01:59,053 INFO  - Type registration [clob] overrides previous : org.hibernate.type.ClobType@8662911
org.hibernate.type.BasicTypeRegistry 2015-01-26 14:01:59,053 DEBUG - Adding type registration java.sql.Clob -&gt; org.hibernate.type.ClobType@690c3a75
org.hibernate.type.BasicTypeRegistry 2015-01-26 14:01:59,054 INFO  - Type registration [java.sql.Clob] overrides previous : org.hibernate.type.ClobType@8662911
org.hibernate.type.BasicTypeRegistry 2015-01-26 14:01:59,054 DEBUG - Adding type registration materialized_clob -&gt; org.hibernate.type.MaterializedClobType@21d20d34
org.hibernate.type.BasicTypeRegistry 2015-01-26 14:01:59,054 INFO  - Type registration [materialized_clob] overrides previous : org.hibernate.type.MaterializedClobType@64b702e2
org.hibernate.type.BasicTypeRegistry 2015-01-26 14:01:59,054 DEBUG - Adding type registration materialized_blob -&gt; org.hibernate.type.MaterializedBlobType@49e55bb3
org.hibernate.type.BasicTypeRegistry 2015-01-26 14:01:59,054 INFO  - Type registration [materialized_blob] overrides previous : org.hibernate.type.MaterializedBlobType@24026868
org.hibernate.type.BasicTypeRegistry 2015-01-26 14:01:59,054 DEBUG - Adding type registration characters_clob -&gt; org.hibernate.type.PrimitiveCharacterArrayClobType@3ba7125b
org.hibernate.type.BasicTypeRegistry 2015-01-26 14:01:59,054 INFO  - Type registration [characters_clob] overrides previous : org.hibernate.type.PrimitiveCharacterArrayClobType@6ab39ec9
org.hibernate.impl.SessionFactoryImpl 2015-01-26 14:01:59,055 DEBUG - Session factory constructed with filter configurations : {}
org.hibernate.impl.SessionFactoryImpl 2015-01-26 14:01:59,056 DEBUG - instantiating session factory with properties: {idea.version=14.0.2, java.runtime.name=Java(TM) SE Runtime Environment, sun.boot.library.path=C:\Program Files\Java\jdk1.7.0_71\jre\bin, java.vm.version=24.71-b01, java.vm.vendor=Oracle Corporation, java.vendor.url=http://java.oracle.com/, path.separator=;, java.vm.name=Java HotSpot(TM) 64-Bit Server VM, file.encoding.pkg=sun.io, user.script=, user.country=RU, sun.java.launcher=SUN_STANDARD, sun.os.patch.level=Service Pack 1, java.vm.specification.name=Java Virtual Machine Specification, user.dir=D:\users\beresnev\projects\NKA_NET3\nka_net3\services, java.runtime.version=1.7.0_71-b14, java.awt.graphicsenv=sun.awt.Win32GraphicsEnvironment, basedir=D:\users\beresnev\projects\NKA_NET3\nka_net3\services, hibernate.current_session_context_class=org.springframework.orm.hibernate3.SpringSessionContext, java.endorsed.dirs=C:\Program Files\Java\jdk1.7.0_71\jre\lib\endorsed, os.arch=amd64, surefire.real.class.path=D:\users\beresnev\projects\NKA_NET3\nka_net3\services\target\surefire\surefirebooter4599296219313556274.jar, java.io.tmpdir=C:\Users\beresnev\AppData\Local\Temp\, line.separator=
, java.vm.specification.vendor=Oracle Corporation, user.variant=, default_schema=NKA_NET3_DEV, os.name=Windows 7, sun.jnu.encoding=Cp1251, java.library.path=C:\Program Files\Java\jdk1.7.0_71\jre\bin;C:\Windows\Sun\Java\bin;C:\Windows\system32;C:\Windows;C:\Program Files\Java\jdk1.7.0_71\bin;d:\users\beresnev\projects\apache-maven-3.2.3\bin;C:\ProgramData\Oracle\Java\javapath;C:\oracle\product\10.2.0\client_1\bin;C:\Program Files (x86)\NVIDIA Corporation\PhysX\Common;C:\Program Files (x86)\Intel\iCLS Client\;C:\Program Files\Intel\iCLS Client\;C:\Windows\system32;C:\Windows;C:\Windows\System32\Wbem;C:\Windows\System32\WindowsPowerShell\v1.0\;C:\Program Files\Intel\Intel(R) Management Engine Components\DAL;C:\Program Files\Intel\Intel(R) Management Engine Components\IPT;C:\Program Files (x86)\Intel\Intel(R) Management Engine Components\DAL;C:\Program Files (x86)\Intel\Intel(R) Management Engine Components\IPT;C:\MinGW\msys\1.0\bin;C:\Program Files (x86)\Vagrant\bin;C:\Users\beresnev\AppData\Local\GitHub\PortableGit_c2ba306e536fdf878271f7fe636a147ff37326ad\bin;., surefire.test.class.path=D:\users\beresnev\projects\NKA_NET3\nka_net3\services\target\test-classes;D:\users\beresnev\projects\NKA_NET3\nka_net3\services\target\classes;D:\users\beresnev\projects\NKA_NET3\nka_net3\dao\target\dao-1.0.jar;c:\Users\beresnev\.m2\repository\org\hibernate\hibernate-entitymanager\4.3.6.Final\hibernate-entitymanager-4.3.6.Final.jar;c:\Users\beresnev\.m2\repository\org\jboss\logging\jboss-logging\3.1.3.GA\jboss-logging-3.1.3.GA.jar;c:\Users\beresnev\.m2\repository\org\jboss\logging\jboss-logging-annotations\1.2.0.Beta1\jboss-logging-annotations-1.2.0.Beta1.jar;c:\Users\beresnev\.m2\repository\dom4j\dom4j\1.6.1\dom4j-1.6.1.jar;c:\Users\beresnev\.m2\repository\xml-apis\xml-apis\1.0.b2\xml-apis-1.0.b2.jar;c:\Users\beresnev\.m2\repository\org\hibernate\javax\persistence\hibernate-jpa-2.1-api\1.0.0.Final\hibernate-jpa-2.1-api-1.0.0.Final.jar;c:\Users\beresnev\.m2\repository\org\jboss\spec\javax\transaction\jboss-transaction-api_1.2_spec\1.0.0.Final\jboss-transaction-api_1.2_spec-1.0.0.Final.jar;c:\Users\beresnev\.m2\repository\org\javassist\javassist\3.18.1-GA\javassist-3.18.1-GA.jar;c:\Users\beresnev\.m2\repository\org\hibernate\hibernate-core\3.6.4.Final\hibernate-core-3.6.4.Final.jar;c:\Users\beresnev\.m2\repository\antlr\antlr\2.7.6\antlr-2.7.6.jar;c:\Users\beresnev\.m2\repository\commons-collections\commons-collections\3.1\commons-collections-3.1.jar;c:\Users\beresnev\.m2\repository\org\hibernate\hibernate-commons-annotations\3.2.0.Final\hibernate-commons-annotations-3.2.0.Final.jar;c:\Users\beresnev\.m2\repository\org\hibernate\javax\persistence\hibernate-jpa-2.0-api\1.0.0.Final\hibernate-jpa-2.0-api-1.0.0.Final.jar;c:\Users\beresnev\.m2\repository\javax\transaction\jta\1.1\jta-1.1.jar;c:\Users\beresnev\.m2\repository\org\hibernate\common\hibernate-commons-annotations\4.0.4.Final\hibernate-commons-annotations-4.0.4.Final.jar;c:\Users\beresnev\.m2\repository\commons-dbcp\commons-dbcp\1.4\commons-dbcp-1.4.jar;c:\Users\beresnev\.m2\repository\commons-pool\commons-pool\1.5.4\commons-pool-1.5.4.jar;c:\Users\beresnev\.m2\repository\org\springframework\spring-orm\4.0.5.RELEASE\spring-orm-4.0.5.RELEASE.jar;c:\Users\beresnev\.m2\repository\org\springframework\spring-jdbc\4.0.5.RELEASE\spring-jdbc-4.0.5.RELEASE.jar;c:\Users\beresnev\.m2\repository\com\oracle\ojdbc6\11.2.0.3\ojdbc6-11.2.0.3.jar;c:\Users\beresnev\.m2\repository\log4j\log4j\1.2.17\log4j-1.2.17.jar;c:\Users\beresnev\.m2\repository\org\slf4j\slf4j-api\1.7.10\slf4j-api-1.7.10.jar;c:\Users\beresnev\.m2\repository\org\slf4j\slf4j-log4j12\1.7.10\slf4j-log4j12-1.7.10.jar;c:\Users\beresnev\.m2\repository\junit\junit\3.8.1\junit-3.8.1.jar;c:\Users\beresnev\.m2\repository\org\springframework\spring-core\4.0.5.RELEASE\spring-core-4.0.5.RELEASE.jar;c:\Users\beresnev\.m2\repository\commons-logging\commons-logging\1.1.3\commons-logging-1.1.3.jar;c:\Users\beresnev\.m2\repository\org\springframework\spring-beans\4.0.5.RELEASE\spring-beans-4.0.5.RELEASE.jar;c:\Users\beresnev\.m2\repository\org\springframework\spring-context\4.0.5.RELEASE\spring-context-4.0.5.RELEASE.jar;c:\Users\beresnev\.m2\repository\org\springframework\spring-aop\4.0.5.RELEASE\spring-aop-4.0.5.RELEASE.jar;c:\Users\beresnev\.m2\repository\aopalliance\aopalliance\1.0\aopalliance-1.0.jar;c:\Users\beresnev\.m2\repository\org\springframework\spring-expression\4.0.5.RELEASE\spring-expression-4.0.5.RELEASE.jar;c:\Users\beresnev\.m2\repository\org\springframework\spring-tx\4.0.5.RELEASE\spring-tx-4.0.5.RELEASE.jar;, debug=true, java.specification.name=Java Platform API Specification, java.class.version=51.0, sun.management.compiler=HotSpot 64-Bit Tiered Compilers, hibernate.transaction.factory_class=org.springframework.orm.hibernate3.SpringTransactionFactory, os.version=6.1, user.home=C:\Users\admin, user.timezone=Europe/MINSK, java.awt.printerjob=sun.awt.windows.WPrinterJob, java.specification.version=1.7, file.encoding=Cp1251, user.name=beresnev, java.class.path=D:\users\beresnev\projects\NKA_NET3\nka_net3\services\target\test-classes;D:\users\beresnev\projects\NKA_NET3\nka_net3\services\target\classes;D:\users\beresnev\projects\NKA_NET3\nka_net3\dao\target\dao-1.0.jar;c:\Users\beresnev\.m2\repository\org\hibernate\hibernate-entitymanager\4.3.6.Final\hibernate-entitymanager-4.3.6.Final.jar;c:\Users\beresnev\.m2\repository\org\jboss\logging\jboss-logging\3.1.3.GA\jboss-logging-3.1.3.GA.jar;c:\Users\beresnev\.m2\repository\org\jboss\logging\jboss-logging-annotations\1.2.0.Beta1\jboss-logging-annotations-1.2.0.Beta1.jar;c:\Users\beresnev\.m2\repository\dom4j\dom4j\1.6.1\dom4j-1.6.1.jar;c:\Users\beresnev\.m2\repository\xml-apis\xml-apis\1.0.b2\xml-apis-1.0.b2.jar;c:\Users\beresnev\.m2\repository\org\hibernate\javax\persistence\hibernate-jpa-2.1-api\1.0.0.Final\hibernate-jpa-2.1-api-1.0.0.Final.jar;c:\Users\beresnev\.m2\repository\org\jboss\spec\javax\transaction\jboss-transaction-api_1.2_spec\1.0.0.Final\jboss-transaction-api_1.2_spec-1.0.0.Final.jar;c:\Users\beresnev\.m2\repository\org\javassist\javassist\3.18.1-GA\javassist-3.18.1-GA.jar;c:\Users\beresnev\.m2\repository\org\hibernate\hibernate-core\3.6.4.Final\hibernate-core-3.6.4.Final.jar;c:\Users\beresnev\.m2\repository\antlr\antlr\2.7.6\antlr-2.7.6.jar;c:\Users\beresnev\.m2\repository\commons-collections\commons-collections\3.1\commons-collections-3.1.jar;c:\Users\beresnev\.m2\repository\org\hibernate\hibernate-commons-annotations\3.2.0.Final\hibernate-commons-annotations-3.2.0.Final.jar;c:\Users\beresnev\.m2\repository\org\hibernate\javax\persistence\hibernate-jpa-2.0-api\1.0.0.Final\hibernate-jpa-2.0-api-1.0.0.Final.jar;c:\Users\beresnev\.m2\repository\javax\transaction\jta\1.1\jta-1.1.jar;c:\Users\beresnev\.m2\repository\org\hibernate\common\hibernate-commons-annotations\4.0.4.Final\hibernate-commons-annotations-4.0.4.Final.jar;c:\Users\beresnev\.m2\repository\commons-dbcp\commons-dbcp\1.4\commons-dbcp-1.4.jar;c:\Users\beresnev\.m2\repository\commons-pool\commons-pool\1.5.4\commons-pool-1.5.4.jar;c:\Users\beresnev\.m2\repository\org\springframework\spring-orm\4.0.5.RELEASE\spring-orm-4.0.5.RELEASE.jar;c:\Users\beresnev\.m2\repository\org\springframework\spring-jdbc\4.0.5.RELEASE\spring-jdbc-4.0.5.RELEASE.jar;c:\Users\beresnev\.m2\repository\com\oracle\ojdbc6\11.2.0.3\ojdbc6-11.2.0.3.jar;c:\Users\beresnev\.m2\repository\log4j\log4j\1.2.17\log4j-1.2.17.jar;c:\Users\beresnev\.m2\repository\org\slf4j\slf4j-api\1.7.10\slf4j-api-1.7.10.jar;c:\Users\beresnev\.m2\repository\org\slf4j\slf4j-log4j12\1.7.10\slf4j-log4j12-1.7.10.jar;c:\Users\beresnev\.m2\repository\junit\junit\3.8.1\junit-3.8.1.jar;c:\Users\beresnev\.m2\repository\org\springframework\spring-core\4.0.5.RELEASE\spring-core-4.0.5.RELEASE.jar;c:\Users\beresnev\.m2\repository\commons-logging\commons-logging\1.1.3\commons-logging-1.1.3.jar;c:\Users\beresnev\.m2\repository\org\springframework\spring-beans\4.0.5.RELEASE\spring-beans-4.0.5.RELEASE.jar;c:\Users\beresnev\.m2\repository\org\springframework\spring-context\4.0.5.RELEASE\spring-context-4.0.5.RELEASE.jar;c:\Users\beresnev\.m2\repository\org\springframework\spring-aop\4.0.5.RELEASE\spring-aop-4.0.5.RELEASE.jar;c:\Users\beresnev\.m2\repository\aopalliance\aopalliance\1.0\aopalliance-1.0.jar;c:\Users\beresnev\.m2\repository\org\springframework\spring-expression\4.0.5.RELEASE\spring-expression-4.0.5.RELEASE.jar;c:\Users\beresnev\.m2\repository\org\springframework\spring-tx\4.0.5.RELEASE\spring-tx-4.0.5.RELEASE.jar;, hibernate.bytecode.use_reflection_optimizer=false, hibernate.show_sql=true, java.vm.specification.version=1.7, sun.arch.data.model=64, java.home=C:\Program Files\Java\jdk1.7.0_71\jre, sun.java.command=D:\users\beresnev\projects\NKA_NET3\nka_net3\services\target\surefire\surefirebooter4599296219313556274.jar D:\users\beresnev\projects\NKA_NET3\nka_net3\services\target\surefire\surefire8959868944195267436tmp D:\users\beresnev\projects\NKA_NET3\nka_net3\services\target\surefire\surefire_03221251975281543230tmp, hibernate.dialect=org.hibernate.dialect.Oracle10gDialect, java.specification.vendor=Oracle Corporation, user.language=ru, awt.toolkit=sun.awt.windows.WToolkit, java.vm.info=mixed mode, java.version=1.7.0_71, java.ext.dirs=C:\Program Files\Java\jdk1.7.0_71\jre\lib\ext;C:\Windows\Sun\Java\lib\ext, sun.boot.class.path=C:\Program Files\Java\jdk1.7.0_71\jre\lib\resources.jar;C:\Program Files\Java\jdk1.7.0_71\jre\lib\rt.jar;C:\Program Files\Java\jdk1.7.0_71\jre\lib\sunrsasign.jar;C:\Program Files\Java\jdk1.7.0_71\jre\lib\jsse.jar;C:\Program Files\Java\jdk1.7.0_71\jre\lib\jce.jar;C:\Program Files\Java\jdk1.7.0_71\jre\lib\charsets.jar;C:\Program Files\Java\jdk1.7.0_71\jre\lib\jfr.jar;C:\Program Files\Java\jdk1.7.0_71\jre\classes, java.vendor=Oracle Corporation, localRepository=c:\Users\beresnev\.m2\repository, file.separator=\, java.vendor.url.bug=http://bugreport.sun.com/bugreport/, hibernate.hbm2ddl.auto=validate, hibernate.connection.provider_class=org.springframework.orm.hibernate3.LocalDataSourceConnectionProvider, sun.cpu.endian=little, sun.io.unicode.encoding=UnicodeLittle, sun.desktop=windows, sun.cpu.isalist=amd64}
org.hibernate.id.factory.DefaultIdentifierGeneratorFactory 2015-01-26 14:01:59,062 DEBUG - Setting dialect [org.hibernate.dialect.Oracle10gDialect]
org.hibernate.id.factory.DefaultIdentifierGeneratorFactory 2015-01-26 14:01:59,063 DEBUG - Setting dialect [org.hibernate.dialect.Oracle10gDialect]
org.hibernate.id.enhanced.OptimizerFactory$LegacyHiLoAlgorithmOptimizer 2015-01-26 14:01:59,064 TRACE - creating hilo optimizer (legacy) with [incrementSize=49; returnClass=java.lang.Integer]
org.hibernate.persister.entity.AbstractPropertyMapping 2015-01-26 14:01:59,166 TRACE - Skipping duplicate registration of path [elementtypename], existing type = [org.hibernate.type.StringType@425ef7f2], incoming type = [org.hibernate.type.StringType@425ef7f2]
org.hibernate.persister.entity.AbstractPropertyMapping 2015-01-26 14:01:59,166 TRACE - Skipping duplicate registration of path [immovabletypename], existing type = [org.hibernate.type.StringType@425ef7f2], incoming type = [org.hibernate.type.StringType@425ef7f2]
org.hibernate.persister.entity.AbstractPropertyMapping 2015-01-26 14:01:59,166 TRACE - Skipping duplicate registration of path [indHouse], existing type = [org.hibernate.type.StringType@425ef7f2], incoming type = [org.hibernate.type.StringType@425ef7f2]
org.hibernate.persister.entity.AbstractPropertyMapping 2015-01-26 14:01:59,167 TRACE - Skipping duplicate registration of path [indRoom], existing type = [org.hibernate.type.StringType@425ef7f2], incoming type = [org.hibernate.type.StringType@425ef7f2]
org.hibernate.persister.entity.AbstractPropertyMapping 2015-01-26 14:01:59,167 TRACE - Skipping duplicate registration of path [np], existing type = [org.hibernate.type.StringType@425ef7f2], incoming type = [org.hibernate.type.StringType@425ef7f2]
org.hibernate.persister.entity.AbstractPropertyMapping 2015-01-26 14:01:59,167 TRACE - Skipping duplicate registration of path [numCorp], existing type = [org.hibernate.type.IntegerType@66b9b45f], incoming type = [org.hibernate.type.IntegerType@66b9b45f]
org.hibernate.persister.entity.AbstractPropertyMapping 2015-01-26 14:01:59,167 TRACE - Skipping duplicate registration of path [numHouse], existing type = [org.hibernate.type.IntegerType@66b9b45f], incoming type = [org.hibernate.type.IntegerType@66b9b45f]
org.hibernate.persister.entity.AbstractPropertyMapping 2015-01-26 14:01:59,167 TRACE - Skipping duplicate registration of path [numRoom], existing type = [org.hibernate.type.IntegerType@66b9b45f], incoming type = [org.hibernate.type.IntegerType@66b9b45f]
org.hibernate.persister.entity.AbstractPropertyMapping 2015-01-26 14:01:59,167 TRACE - Skipping duplicate registration of path [region], existing type = [org.hibernate.type.StringType@425ef7f2], incoming type = [org.hibernate.type.StringType@425ef7f2]
org.hibernate.persister.entity.AbstractPropertyMapping 2015-01-26 14:01:59,168 TRACE - Skipping duplicate registration of path [sovet], existing type = [org.hibernate.type.StringType@425ef7f2], incoming type = [org.hibernate.type.StringType@425ef7f2]
org.hibernate.persister.entity.AbstractPropertyMapping 2015-01-26 14:01:59,168 TRACE - Skipping duplicate registration of path [subregion], existing type = [org.hibernate.type.StringType@425ef7f2], incoming type = [org.hibernate.type.StringType@425ef7f2]
org.hibernate.persister.entity.AbstractEntityPersister 2015-01-26 14:01:59,170 DEBUG - Static SQL for entity: nla.local.pojos.Address
org.hibernate.persister.entity.AbstractEntityPersister 2015-01-26 14:01:59,171 DEBUG -  Version select: select ADR_NUM from V_ADDRESSES where ADR_NUM =?
org.hibernate.persister.entity.AbstractEntityPersister 2015-01-26 14:01:59,171 DEBUG -  Snapshot select: select address_.ADR_NUM, address_.ELEMENTTYPENAME as ELEMENTT2_2_, address_.IMMOVABLETYPENAME as IMMOVABL3_2_, address_.IND_HOUSE as IND4_2_, address_.IND_ROOM as IND5_2_, address_.NP as NP2_, address_.NUM_CORP as NUM7_2_, address_.NUM_HOUSE as NUM8_2_, address_.NUM_ROOM as NUM9_2_, address_.REGION as REGION2_, address_.SOVET as SOVET2_, address_.SUBREGION as SUBREGION2_ from V_ADDRESSES address_ where address_.ADR_NUM=?
org.hibernate.persister.entity.AbstractEntityPersister 2015-01-26 14:01:59,171 DEBUG -  Insert 0: insert into V_ADDRESSES (ELEMENTTYPENAME, IMMOVABLETYPENAME, IND_HOUSE, IND_ROOM, NP, NUM_CORP, NUM_HOUSE, NUM_ROOM, REGION, SOVET, SUBREGION, ADR_NUM) values (?, ?, ?, ?, ?, ?, ?, ?, ?, ?, ?, ?)
org.hibernate.persister.entity.AbstractEntityPersister 2015-01-26 14:01:59,171 DEBUG -  Update 0: update V_ADDRESSES set ELEMENTTYPENAME=?, IMMOVABLETYPENAME=?, IND_HOUSE=?, IND_ROOM=?, NP=?, NUM_CORP=?, NUM_HOUSE=?, NUM_ROOM=?, REGION=?, SOVET=?, SUBREGION=? where ADR_NUM=?
org.hibernate.persister.entity.AbstractEntityPersister 2015-01-26 14:01:59,171 DEBUG -  Delete 0: delete from V_ADDRESSES where ADR_NUM=?
org.hibernate.persister.entity.AbstractPropertyMapping 2015-01-26 14:01:59,175 TRACE - Skipping duplicate registration of path [address.id], existing type = [org.hibernate.type.IntegerType@66b9b45f], incoming type = [org.hibernate.type.IntegerType@66b9b45f]
org.hibernate.persister.entity.AbstractPropertyMapping 2015-01-26 14:01:59,175 TRACE - Skipping duplicate registration of path [address.address_id], existing type = [org.hibernate.type.IntegerType@66b9b45f], incoming type = [org.hibernate.type.IntegerType@66b9b45f]
org.hibernate.persister.entity.AbstractPropertyMapping 2015-01-26 14:01:59,175 TRACE - Skipping duplicate registration of path [address], existing type = [org.hibernate.type.ManyToOneType(nla.local.pojos.Address)], incoming type = [org.hibernate.type.ManyToOneType(nla.local.pojos.Address)]
org.hibernate.persister.entity.AbstractPropertyMapping 2015-01-26 14:01:59,175 TRACE - Skipping duplicate registration of path [address.id], existing type = [org.hibernate.type.IntegerType@66b9b45f], incoming type = [org.hibernate.type.IntegerType@66b9b45f]
org.hibernate.persister.entity.AbstractPropertyMapping 2015-01-26 14:01:59,175 TRACE - Skipping duplicate registration of path [address.id], existing type = [org.hibernate.type.IntegerType@66b9b45f], incoming type = [org.hibernate.type.IntegerType@66b9b45f]
org.hibernate.persister.entity.AbstractPropertyMapping 2015-01-26 14:01:59,176 TRACE - Skipping duplicate registration of path [address.address_id], existing type = [org.hibernate.type.IntegerType@66b9b45f], incoming type = [org.hibernate.type.IntegerType@66b9b45f]
org.hibernate.persister.entity.AbstractPropertyMapping 2015-01-26 14:01:59,176 TRACE - Skipping duplicate registration of path [address.address_id], existing type = [org.hibernate.type.IntegerType@66b9b45f], incoming type = [org.hibernate.type.IntegerType@66b9b45f]
org.hibernate.persister.entity.AbstractPropertyMapping 2015-01-26 14:01:59,176 TRACE - Skipping duplicate registration of path [bothRegDate], existing type = [org.hibernate.type.TimestampType@5893efc3], incoming type = [org.hibernate.type.TimestampType@5893efc3]
org.hibernate.persister.entity.AbstractPropertyMapping 2015-01-26 14:01:59,176 TRACE - Skipping duplicate registration of path [isOwner], existing type = [org.hibernate.type.IntegerType@66b9b45f], incoming type = [org.hibernate.type.IntegerType@66b9b45f]
org.hibernate.persister.entity.AbstractPropertyMapping 2015-01-26 14:01:59,176 TRACE - Skipping duplicate registration of path [reestrdataID], existing type = [org.hibernate.type.IntegerType@66b9b45f], incoming type = [org.hibernate.type.IntegerType@66b9b45f]
org.hibernate.persister.entity.AbstractPropertyMapping 2015-01-26 14:01:59,177 TRACE - Skipping duplicate registration of path [subjectType], existing type = [org.hibernate.type.IntegerType@66b9b45f], incoming type = [org.hibernate.type.IntegerType@66b9b45f]
org.hibernate.persister.entity.AbstractPropertyMapping 2015-01-26 14:01:59,177 TRACE - Skipping duplicate registration of path [address], existing type = [org.hibernate.type.ManyToOneType(nla.local.pojos.Address)], incoming type = [org.hibernate.type.ManyToOneType(nla.local.pojos.Address)]
org.hibernate.persister.entity.AbstractPropertyMapping 2015-01-26 14:01:59,177 TRACE - Skipping duplicate registration of path [address.id], existing type = [org.hibernate.type.IntegerType@66b9b45f], incoming type = [org.hibernate.type.IntegerType@66b9b45f]
org.hibernate.persister.entity.AbstractPropertyMapping 2015-01-26 14:01:59,177 TRACE - Skipping duplicate registration of path [address.id], existing type = [org.hibernate.type.IntegerType@66b9b45f], incoming type = [org.hibernate.type.IntegerType@66b9b45f]
org.hibernate.persister.entity.AbstractPropertyMapping 2015-01-26 14:01:59,177 TRACE - Skipping duplicate registration of path [address.address_id], existing type = [org.hibernate.type.IntegerType@66b9b45f], incoming type = [org.hibernate.type.IntegerType@66b9b45f]
org.hibernate.persister.entity.AbstractPropertyMapping 2015-01-26 14:01:59,178 TRACE - Skipping duplicate registration of path [address.address_id], existing type = [org.hibernate.type.IntegerType@66b9b45f], incoming type = [org.hibernate.type.IntegerType@66b9b45f]
org.hibernate.persister.entity.AbstractPropertyMapping 2015-01-26 14:01:59,178 TRACE - Skipping duplicate registration of path [bothRegDate], existing type = [org.hibernate.type.TimestampType@5893efc3], incoming type = [org.hibernate.type.TimestampType@5893efc3]
org.hibernate.persister.entity.AbstractPropertyMapping 2015-01-26 14:01:59,178 TRACE - Skipping duplicate registration of path [datestart], existing type = [org.hibernate.type.TimestampType@5893efc3], incoming type = [org.hibernate.type.TimestampType@5893efc3]
org.hibernate.persister.entity.AbstractPropertyMapping 2015-01-26 14:01:59,178 TRACE - Skipping duplicate registration of path [fathername], existing type = [org.hibernate.type.StringType@425ef7f2], incoming type = [org.hibernate.type.StringType@425ef7f2]
org.hibernate.persister.entity.AbstractPropertyMapping 2015-01-26 14:01:59,178 TRACE - Skipping duplicate registration of path [firstname], existing type = [org.hibernate.type.StringType@425ef7f2], incoming type = [org.hibernate.type.StringType@425ef7f2]
org.hibernate.persister.entity.AbstractPropertyMapping 2015-01-26 14:01:59,178 TRACE - Skipping duplicate registration of path [personalNumber], existing type = [org.hibernate.type.StringType@425ef7f2], incoming type = [org.hibernate.type.StringType@425ef7f2]
org.hibernate.persister.entity.AbstractPropertyMapping 2015-01-26 14:01:59,179 TRACE - Skipping duplicate registration of path [surname], existing type = [org.hibernate.type.StringType@425ef7f2], incoming type = [org.hibernate.type.StringType@425ef7f2]
org.hibernate.persister.entity.AbstractPropertyMapping 2015-01-26 14:01:59,179 TRACE - Skipping duplicate registration of path [actual], existing type = [org.hibernate.type.IntegerType@66b9b45f], incoming type = [org.hibernate.type.IntegerType@66b9b45f]
org.hibernate.persister.entity.AbstractPropertyMapping 2015-01-26 14:01:59,179 TRACE - Skipping duplicate registration of path [address], existing type = [org.hibernate.type.ManyToOneType(nla.local.pojos.Address)], incoming type = [org.hibernate.type.ManyToOneType(nla.local.pojos.Address)]
org.hibernate.persister.entity.AbstractPropertyMapping 2015-01-26 14:01:59,179 TRACE - Skipping duplicate registration of path [address.id], existing type = [org.hibernate.type.IntegerType@66b9b45f], incoming type = [org.hibernate.type.IntegerType@66b9b45f]
org.hibernate.persister.entity.AbstractPropertyMapping 2015-01-26 14:01:59,179 TRACE - Skipping duplicate registration of path [address.id], existing type = [org.hibernate.type.IntegerType@66b9b45f], incoming type = [org.hibernate.type.IntegerType@66b9b45f]
org.hibernate.persister.entity.AbstractPropertyMapping 2015-01-26 14:01:59,180 TRACE - Skipping duplicate registration of path [address.address_id], existing type = [org.hibernate.type.IntegerType@66b9b45f], incoming type = [org.hibernate.type.IntegerType@66b9b45f]
org.hibernate.persister.entity.AbstractPropertyMapping 2015-01-26 14:01:59,180 TRACE - Skipping duplicate registration of path [address.address_id], existing type = [org.hibernate.type.IntegerType@66b9b45f], incoming type = [org.hibernate.type.IntegerType@66b9b45f]
org.hibernate.persister.entity.AbstractPropertyMapping 2015-01-26 14:01:59,180 TRACE - Skipping duplicate registration of path [bothRegDate], existing type = [org.hibernate.type.TimestampType@5893efc3], incoming type = [org.hibernate.type.TimestampType@5893efc3]
org.hibernate.persister.entity.AbstractPropertyMapping 2015-01-26 14:01:59,180 TRACE - Skipping duplicate registration of path [fullname], existing type = [org.hibernate.type.StringType@425ef7f2], incoming type = [org.hibernate.type.StringType@425ef7f2]
org.hibernate.persister.entity.AbstractPropertyMapping 2015-01-26 14:01:59,180 TRACE - Skipping duplicate registration of path [orgRightForm], existing type = [org.hibernate.type.IntegerType@66b9b45f], incoming type = [org.hibernate.type.IntegerType@66b9b45f]
org.hibernate.persister.entity.AbstractPropertyMapping 2015-01-26 14:01:59,180 TRACE - Skipping duplicate registration of path [regNumber], existing type = [org.hibernate.type.StringType@425ef7f2], incoming type = [org.hibernate.type.StringType@425ef7f2]
org.hibernate.persister.entity.AbstractPropertyMapping 2015-01-26 14:01:59,181 TRACE - Skipping duplicate registration of path [remark], existing type = [org.hibernate.type.StringType@425ef7f2], incoming type = [org.hibernate.type.StringType@425ef7f2]
org.hibernate.persister.entity.AbstractPropertyMapping 2015-01-26 14:01:59,181 TRACE - Skipping duplicate registration of path [shortname], existing type = [org.hibernate.type.StringType@425ef7f2], incoming type = [org.hibernate.type.StringType@425ef7f2]
org.hibernate.persister.entity.AbstractPropertyMapping 2015-01-26 14:01:59,181 TRACE - Skipping duplicate registration of path [unp], existing type = [org.hibernate.type.StringType@425ef7f2], incoming type = [org.hibernate.type.StringType@425ef7f2]
org.hibernate.persister.entity.AbstractEntityPersister 2015-01-26 14:01:59,181 DEBUG - Static SQL for entity: nla.local.pojos.Person
org.hibernate.persister.entity.AbstractEntityPersister 2015-01-26 14:01:59,182 DEBUG -  Version select: select SUBJECT_ID from NKA_NET3_DEV.SUBJECTS where SUBJECT_ID =?
org.hibernate.persister.entity.AbstractEntityPersister 2015-01-26 14:01:59,182 DEBUG -  Snapshot select: select person_.SUBJECT_ID, person_.IS_OWNER as IS2_0_, person_.REESTRDATAID as REESTRDA3_0_, person_.SUBJECT_TYPE as SUBJECT4_0_ from NKA_NET3_DEV.SUBJECTS person_ where person_.SUBJECT_ID=?
org.hibernate.persister.entity.AbstractEntityPersister 2015-01-26 14:01:59,182 DEBUG -  Insert 0: insert into NKA_NET3_DEV.SUBJECTS (IS_OWNER, REESTRDATAID, SUBJECT_TYPE, SUBJECT_ID) values (?, ?, ?, ?)
org.hibernate.persister.entity.AbstractEntityPersister 2015-01-26 14:01:59,182 DEBUG -  Update 0: update NKA_NET3_DEV.SUBJECTS set IS_OWNER=?, REESTRDATAID=?, SUBJECT_TYPE=? where SUBJECT_ID=?
org.hibernate.persister.entity.AbstractEntityPersister 2015-01-26 14:01:59,182 DEBUG -  Delete 0: delete from NKA_NET3_DEV.SUBJECTS where SUBJECT_ID=?
org.hibernate.persister.entity.AbstractPropertyMapping 2015-01-26 14:01:59,185 TRACE - Skipping duplicate registration of path [address.id], existing type = [org.hibernate.type.IntegerType@66b9b45f], incoming type = [org.hibernate.type.IntegerType@66b9b45f]
org.hibernate.persister.entity.AbstractPropertyMapping 2015-01-26 14:01:59,185 TRACE - Skipping duplicate registration of path [address.address_id], existing type = [org.hibernate.type.IntegerType@66b9b45f], incoming type = [org.hibernate.type.IntegerType@66b9b45f]
org.hibernate.persister.entity.AbstractPropertyMapping 2015-01-26 14:01:59,185 TRACE - Skipping duplicate registration of path [isOwner], existing type = [org.hibernate.type.IntegerType@66b9b45f], incoming type = [org.hibernate.type.IntegerType@66b9b45f]
org.hibernate.persister.entity.AbstractPropertyMapping 2015-01-26 14:01:59,185 TRACE - Skipping duplicate registration of path [reestrdataID], existing type = [org.hibernate.type.IntegerType@66b9b45f], incoming type = [org.hibernate.type.IntegerType@66b9b45f]
org.hibernate.persister.entity.AbstractPropertyMapping 2015-01-26 14:01:59,186 TRACE - Skipping duplicate registration of path [subjectType], existing type = [org.hibernate.type.IntegerType@66b9b45f], incoming type = [org.hibernate.type.IntegerType@66b9b45f]
org.hibernate.persister.entity.AbstractPropertyMapping 2015-01-26 14:01:59,186 TRACE - Skipping duplicate registration of path [actual], existing type = [org.hibernate.type.IntegerType@66b9b45f], incoming type = [org.hibernate.type.IntegerType@66b9b45f]
org.hibernate.persister.entity.AbstractPropertyMapping 2015-01-26 14:01:59,186 TRACE - Skipping duplicate registration of path [address], existing type = [org.hibernate.type.ManyToOneType(nla.local.pojos.Address)], incoming type = [org.hibernate.type.ManyToOneType(nla.local.pojos.Address)]
org.hibernate.persister.entity.AbstractPropertyMapping 2015-01-26 14:01:59,186 TRACE - Skipping duplicate registration of path [address.id], existing type = [org.hibernate.type.IntegerType@66b9b45f], incoming type = [org.hibernate.type.IntegerType@66b9b45f]
org.hibernate.persister.entity.AbstractPropertyMapping 2015-01-26 14:01:59,186 TRACE - Skipping duplicate registration of path [address.id], existing type = [org.hibernate.type.IntegerType@66b9b45f], incoming type = [org.hibernate.type.IntegerType@66b9b45f]
org.hibernate.persister.entity.AbstractPropertyMapping 2015-01-26 14:01:59,187 TRACE - Skipping duplicate registration of path [address.address_id], existing type = [org.hibernate.type.IntegerType@66b9b45f], incoming type = [org.hibernate.type.IntegerType@66b9b45f]
org.hibernate.persister.entity.AbstractPropertyMapping 2015-01-26 14:01:59,187 TRACE - Skipping duplicate registration of path [address.address_id], existing type = [org.hibernate.type.IntegerType@66b9b45f], incoming type = [org.hibernate.type.IntegerType@66b9b45f]
org.hibernate.persister.entity.AbstractPropertyMapping 2015-01-26 14:01:59,187 TRACE - Skipping duplicate registration of path [bothRegDate], existing type = [org.hibernate.type.TimestampType@5893efc3], incoming type = [org.hibernate.type.TimestampType@5893efc3]
org.hibernate.persister.entity.AbstractPropertyMapping 2015-01-26 14:01:59,187 TRACE - Skipping duplicate registration of path [fullname], existing type = [org.hibernate.type.StringType@425ef7f2], incoming type = [org.hibernate.type.StringType@425ef7f2]
org.hibernate.persister.entity.AbstractPropertyMapping 2015-01-26 14:01:59,187 TRACE - Skipping duplicate registration of path [orgRightForm], existing type = [org.hibernate.type.IntegerType@66b9b45f], incoming type = [org.hibernate.type.IntegerType@66b9b45f]
org.hibernate.persister.entity.AbstractPropertyMapping 2015-01-26 14:01:59,188 TRACE - Skipping duplicate registration of path [regNumber], existing type = [org.hibernate.type.StringType@425ef7f2], incoming type = [org.hibernate.type.StringType@425ef7f2]
org.hibernate.persister.entity.AbstractPropertyMapping 2015-01-26 14:01:59,188 TRACE - Skipping duplicate registration of path [remark], existing type = [org.hibernate.type.StringType@425ef7f2], incoming type = [org.hibernate.type.StringType@425ef7f2]
org.hibernate.persister.entity.AbstractPropertyMapping 2015-01-26 14:01:59,188 TRACE - Skipping duplicate registration of path [shortname], existing type = [org.hibernate.type.StringType@425ef7f2], incoming type = [org.hibernate.type.StringType@425ef7f2]
org.hibernate.persister.entity.AbstractPropertyMapping 2015-01-26 14:01:59,188 TRACE - Skipping duplicate registration of path [unp], existing type = [org.hibernate.type.StringType@425ef7f2], incoming type = [org.hibernate.type.StringType@425ef7f2]
org.hibernate.persister.entity.AbstractEntityPersister 2015-01-26 14:01:59,189 DEBUG - Static SQL for entity: nla.local.pojos.JPerson
org.hibernate.persister.entity.AbstractEntityPersister 2015-01-26 14:01:59,189 DEBUG -  Version select: select SUBJECT_ID from NKA_NET3_DEV.SUBJECTS where SUBJECT_ID =?
org.hibernate.persister.entity.AbstractEntityPersister 2015-01-26 14:01:59,189 DEBUG -  Snapshot select: select jperson_.SUBJECT_ID, jperson_1_.IS_OWNER as IS2_0_, jperson_1_.REESTRDATAID as REESTRDA3_0_, jperson_1_.SUBJECT_TYPE as SUBJECT4_0_, jperson_.ACTUAL as ACTUAL1_, jperson_.ADDRESS_ID as ADDRESS15_1_, jperson_.BOTH_REG_DATE as BOTH1_1_, jperson_.FULLNAME as FULLNAME1_, jperson_.ORG_RIGHT_FORM as ORG9_1_, jperson_.REG_NUMBER as REG10_1_, jperson_.REMARK as REMARK1_, jperson_.SHORTNAME as SHORTNAME1_, jperson_.UNP as UNP1_ from NKA_NET3_DEV.SUBJECTSDATA jperson_ inner join NKA_NET3_DEV.SUBJECTS jperson_1_ on jperson_.SUBJECT_ID=jperson_1_.SUBJECT_ID where jperson_.SUBJECT_ID=?
org.hibernate.persister.entity.AbstractEntityPersister 2015-01-26 14:01:59,189 DEBUG -  Insert 0: insert into NKA_NET3_DEV.SUBJECTS (IS_OWNER, REESTRDATAID, SUBJECT_TYPE, SUBJECT_ID) values (?, ?, ?, ?)
org.hibernate.persister.entity.AbstractEntityPersister 2015-01-26 14:01:59,189 DEBUG -  Update 0: update NKA_NET3_DEV.SUBJECTS set IS_OWNER=?, REESTRDATAID=?, SUBJECT_TYPE=? where SUBJECT_ID=?
org.hibernate.persister.entity.AbstractEntityPersister 2015-01-26 14:01:59,189 DEBUG -  Delete 0: delete from NKA_NET3_DEV.SUBJECTS where SUBJECT_ID=?
org.hibernate.persister.entity.AbstractEntityPersister 2015-01-26 14:01:59,190 DEBUG -  Insert 1: insert into NKA_NET3_DEV.SUBJECTSDATA (ACTUAL, ADDRESS_ID, BOTH_REG_DATE, FULLNAME, ORG_RIGHT_FORM, REG_NUMBER, REMARK, SHORTNAME, UNP, SUBJECT_ID) values (?, ?, ?, ?, ?, ?, ?, ?, ?, ?)
org.hibernate.persister.entity.AbstractEntityPersister 2015-01-26 14:01:59,190 DEBUG -  Update 1: update NKA_NET3_DEV.SUBJECTSDATA set ACTUAL=?, ADDRESS_ID=?, BOTH_REG_DATE=?, FULLNAME=?, ORG_RIGHT_FORM=?, REG_NUMBER=?, REMARK=?, SHORTNAME=?, UNP=? where SUBJECT_ID=?
org.hibernate.persister.entity.AbstractEntityPersister 2015-01-26 14:01:59,190 DEBUG -  Delete 1: delete from NKA_NET3_DEV.SUBJECTSDATA where SUBJECT_ID=?
org.hibernate.persister.entity.AbstractPropertyMapping 2015-01-26 14:01:59,193 TRACE - Skipping duplicate registration of path [address.id], existing type = [org.hibernate.type.IntegerType@66b9b45f], incoming type = [org.hibernate.type.IntegerType@66b9b45f]
org.hibernate.persister.entity.AbstractPropertyMapping 2015-01-26 14:01:59,193 TRACE - Skipping duplicate registration of path [address.address_id], existing type = [org.hibernate.type.IntegerType@66b9b45f], incoming type = [org.hibernate.type.IntegerType@66b9b45f]
org.hibernate.persister.entity.AbstractPropertyMapping 2015-01-26 14:01:59,193 TRACE - Skipping duplicate registration of path [isOwner], existing type = [org.hibernate.type.IntegerType@66b9b45f], incoming type = [org.hibernate.type.IntegerType@66b9b45f]
org.hibernate.persister.entity.AbstractPropertyMapping 2015-01-26 14:01:59,194 TRACE - Skipping duplicate registration of path [reestrdataID], existing type = [org.hibernate.type.IntegerType@66b9b45f], incoming type = [org.hibernate.type.IntegerType@66b9b45f]
org.hibernate.persister.entity.AbstractPropertyMapping 2015-01-26 14:01:59,194 TRACE - Skipping duplicate registration of path [subjectType], existing type = [org.hibernate.type.IntegerType@66b9b45f], incoming type = [org.hibernate.type.IntegerType@66b9b45f]
org.hibernate.persister.entity.AbstractPropertyMapping 2015-01-26 14:01:59,194 TRACE - Skipping duplicate registration of path [address], existing type = [org.hibernate.type.ManyToOneType(nla.local.pojos.Address)], incoming type = [org.hibernate.type.ManyToOneType(nla.local.pojos.Address)]
org.hibernate.persister.entity.AbstractPropertyMapping 2015-01-26 14:01:59,194 TRACE - Skipping duplicate registration of path [address.id], existing type = [org.hibernate.type.IntegerType@66b9b45f], incoming type = [org.hibernate.type.IntegerType@66b9b45f]
org.hibernate.persister.entity.AbstractPropertyMapping 2015-01-26 14:01:59,194 TRACE - Skipping duplicate registration of path [address.id], existing type = [org.hibernate.type.IntegerType@66b9b45f], incoming type = [org.hibernate.type.IntegerType@66b9b45f]
org.hibernate.persister.entity.AbstractPropertyMapping 2015-01-26 14:01:59,195 TRACE - Skipping duplicate registration of path [address.address_id], existing type = [org.hibernate.type.IntegerType@66b9b45f], incoming type = [org.hibernate.type.IntegerType@66b9b45f]
org.hibernate.persister.entity.AbstractPropertyMapping 2015-01-26 14:01:59,195 TRACE - Skipping duplicate registration of path [address.address_id], existing type = [org.hibernate.type.IntegerType@66b9b45f], incoming type = [org.hibernate.type.IntegerType@66b9b45f]
org.hibernate.persister.entity.AbstractPropertyMapping 2015-01-26 14:01:59,195 TRACE - Skipping duplicate registration of path [bothRegDate], existing type = [org.hibernate.type.TimestampType@5893efc3], incoming type = [org.hibernate.type.TimestampType@5893efc3]
org.hibernate.persister.entity.AbstractPropertyMapping 2015-01-26 14:01:59,195 TRACE - Skipping duplicate registration of path [datestart], existing type = [org.hibernate.type.TimestampType@5893efc3], incoming type = [org.hibernate.type.TimestampType@5893efc3]
org.hibernate.persister.entity.AbstractPropertyMapping 2015-01-26 14:01:59,195 TRACE - Skipping duplicate registration of path [fathername], existing type = [org.hibernate.type.StringType@425ef7f2], incoming type = [org.hibernate.type.StringType@425ef7f2]
org.hibernate.persister.entity.AbstractPropertyMapping 2015-01-26 14:01:59,195 TRACE - Skipping duplicate registration of path [firstname], existing type = [org.hibernate.type.StringType@425ef7f2], incoming type = [org.hibernate.type.StringType@425ef7f2]
org.hibernate.persister.entity.AbstractPropertyMapping 2015-01-26 14:01:59,196 TRACE - Skipping duplicate registration of path [personalNumber], existing type = [org.hibernate.type.StringType@425ef7f2], incoming type = [org.hibernate.type.StringType@425ef7f2]
org.hibernate.persister.entity.AbstractPropertyMapping 2015-01-26 14:01:59,196 TRACE - Skipping duplicate registration of path [surname], existing type = [org.hibernate.type.StringType@425ef7f2], incoming type = [org.hibernate.type.StringType@425ef7f2]
org.hibernate.persister.entity.AbstractEntityPersister 2015-01-26 14:01:59,196 DEBUG - Static SQL for entity: nla.local.pojos.PPerson
org.hibernate.persister.entity.AbstractEntityPersister 2015-01-26 14:01:59,196 DEBUG -  Version select: select SUBJECT_ID from NKA_NET3_DEV.SUBJECTS where SUBJECT_ID =?
org.hibernate.persister.entity.AbstractEntityPersister 2015-01-26 14:01:59,196 DEBUG -  Snapshot select: select pperson_.SUBJECT_ID, pperson_1_.IS_OWNER as IS2_0_, pperson_1_.REESTRDATAID as REESTRDA3_0_, pperson_1_.SUBJECT_TYPE as SUBJECT4_0_, pperson_.ADDRESS_ID as ADDRESS15_1_, pperson_.BOTH_REG_DATE as BOTH1_1_, pperson_.DATESTART as DATESTART1_, pperson_.FATHERNAME as FATHERNAME1_, pperson_.FIRSTNAME as FIRSTNAME1_, pperson_.PERSONAL_NUMBER as PERSONAL5_1_, pperson_.SURNAME as SURNAME1_ from NKA_NET3_DEV.SUBJECTSDATA pperson_ inner join NKA_NET3_DEV.SUBJECTS pperson_1_ on pperson_.SUBJECT_ID=pperson_1_.SUBJECT_ID where pperson_.SUBJECT_ID=?
org.hibernate.persister.entity.AbstractEntityPersister 2015-01-26 14:01:59,197 DEBUG -  Insert 0: insert into NKA_NET3_DEV.SUBJECTS (IS_OWNER, REESTRDATAID, SUBJECT_TYPE, SUBJECT_ID) values (?, ?, ?, ?)
org.hibernate.persister.entity.AbstractEntityPersister 2015-01-26 14:01:59,197 DEBUG -  Update 0: update NKA_NET3_DEV.SUBJECTS set IS_OWNER=?, REESTRDATAID=?, SUBJECT_TYPE=? where SUBJECT_ID=?
org.hibernate.persister.entity.AbstractEntityPersister 2015-01-26 14:01:59,197 DEBUG -  Delete 0: delete from NKA_NET3_DEV.SUBJECTS where SUBJECT_ID=?
org.hibernate.persister.entity.AbstractEntityPersister 2015-01-26 14:01:59,197 DEBUG -  Insert 1: insert into NKA_NET3_DEV.SUBJECTSDATA (ADDRESS_ID, BOTH_REG_DATE, DATESTART, FATHERNAME, FIRSTNAME, PERSONAL_NUMBER, SURNAME, SUBJECT_ID) values (?, ?, ?, ?, ?, ?, ?, ?)
org.hibernate.persister.entity.AbstractEntityPersister 2015-01-26 14:01:59,197 DEBUG -  Update 1: update NKA_NET3_DEV.SUBJECTSDATA set ADDRESS_ID=?, BOTH_REG_DATE=?, DATESTART=?, FATHERNAME=?, FIRSTNAME=?, PERSONAL_NUMBER=?, SURNAME=? where SUBJECT_ID=?
org.hibernate.persister.entity.AbstractEntityPersister 2015-01-26 14:01:59,197 DEBUG -  Delete 1: delete from NKA_NET3_DEV.SUBJECTSDATA where SUBJECT_ID=?
org.hibernate.loader.entity.EntityLoader 2015-01-26 14:01:59,210 DEBUG - Static select for entity nla.local.pojos.Address [NONE]: select address0_.ADR_NUM as ADR1_2_0_, address0_.ELEMENTTYPENAME as ELEMENTT2_2_0_, address0_.IMMOVABLETYPENAME as IMMOVABL3_2_0_, address0_.IND_HOUSE as IND4_2_0_, address0_.IND_ROOM as IND5_2_0_, address0_.NP as NP2_0_, address0_.NUM_CORP as NUM7_2_0_, address0_.NUM_HOUSE as NUM8_2_0_, address0_.NUM_ROOM as NUM9_2_0_, address0_.REGION as REGION2_0_, address0_.SOVET as SOVET2_0_, address0_.SUBREGION as SUBREGION2_0_ from V_ADDRESSES address0_ where address0_.ADR_NUM=?
org.hibernate.loader.entity.EntityLoader 2015-01-26 14:01:59,210 DEBUG - Static select for entity nla.local.pojos.Address [READ]: select address0_.ADR_NUM as ADR1_2_0_, address0_.ELEMENTTYPENAME as ELEMENTT2_2_0_, address0_.IMMOVABLETYPENAME as IMMOVABL3_2_0_, address0_.IND_HOUSE as IND4_2_0_, address0_.IND_ROOM as IND5_2_0_, address0_.NP as NP2_0_, address0_.NUM_CORP as NUM7_2_0_, address0_.NUM_HOUSE as NUM8_2_0_, address0_.NUM_ROOM as NUM9_2_0_, address0_.REGION as REGION2_0_, address0_.SOVET as SOVET2_0_, address0_.SUBREGION as SUBREGION2_0_ from V_ADDRESSES address0_ where address0_.ADR_NUM=?
org.hibernate.loader.entity.EntityLoader 2015-01-26 14:01:59,210 DEBUG - Static select for entity nla.local.pojos.Address [UPGRADE]: select address0_.ADR_NUM as ADR1_2_0_, address0_.ELEMENTTYPENAME as ELEMENTT2_2_0_, address0_.IMMOVABLETYPENAME as IMMOVABL3_2_0_, address0_.IND_HOUSE as IND4_2_0_, address0_.IND_ROOM as IND5_2_0_, address0_.NP as NP2_0_, address0_.NUM_CORP as NUM7_2_0_, address0_.NUM_HOUSE as NUM8_2_0_, address0_.NUM_ROOM as NUM9_2_0_, address0_.REGION as REGION2_0_, address0_.SOVET as SOVET2_0_, address0_.SUBREGION as SUBREGION2_0_ from V_ADDRESSES address0_ where address0_.ADR_NUM=? for update
org.hibernate.loader.entity.EntityLoader 2015-01-26 14:01:59,211 DEBUG - Static select for entity nla.local.pojos.Address [UPGRADE_NOWAIT]: select address0_.ADR_NUM as ADR1_2_0_, address0_.ELEMENTTYPENAME as ELEMENTT2_2_0_, address0_.IMMOVABLETYPENAME as IMMOVABL3_2_0_, address0_.IND_HOUSE as IND4_2_0_, address0_.IND_ROOM as IND5_2_0_, address0_.NP as NP2_0_, address0_.NUM_CORP as NUM7_2_0_, address0_.NUM_HOUSE as NUM8_2_0_, address0_.NUM_ROOM as NUM9_2_0_, address0_.REGION as REGION2_0_, address0_.SOVET as SOVET2_0_, address0_.SUBREGION as SUBREGION2_0_ from V_ADDRESSES address0_ where address0_.ADR_NUM=? for update nowait
org.hibernate.loader.entity.EntityLoader 2015-01-26 14:01:59,211 DEBUG - Static select for entity nla.local.pojos.Address [FORCE]: select address0_.ADR_NUM as ADR1_2_0_, address0_.ELEMENTTYPENAME as ELEMENTT2_2_0_, address0_.IMMOVABLETYPENAME as IMMOVABL3_2_0_, address0_.IND_HOUSE as IND4_2_0_, address0_.IND_ROOM as IND5_2_0_, address0_.NP as NP2_0_, address0_.NUM_CORP as NUM7_2_0_, address0_.NUM_HOUSE as NUM8_2_0_, address0_.NUM_ROOM as NUM9_2_0_, address0_.REGION as REGION2_0_, address0_.SOVET as SOVET2_0_, address0_.SUBREGION as SUBREGION2_0_ from V_ADDRESSES address0_ where address0_.ADR_NUM=? for update nowait
org.hibernate.loader.entity.EntityLoader 2015-01-26 14:01:59,211 DEBUG - Static select for entity nla.local.pojos.Address [PESSIMISTIC_READ]: select address0_.ADR_NUM as ADR1_2_0_, address0_.ELEMENTTYPENAME as ELEMENTT2_2_0_, address0_.IMMOVABLETYPENAME as IMMOVABL3_2_0_, address0_.IND_HOUSE as IND4_2_0_, address0_.IND_ROOM as IND5_2_0_, address0_.NP as NP2_0_, address0_.NUM_CORP as NUM7_2_0_, address0_.NUM_HOUSE as NUM8_2_0_, address0_.NUM_ROOM as NUM9_2_0_, address0_.REGION as REGION2_0_, address0_.SOVET as SOVET2_0_, address0_.SUBREGION as SUBREGION2_0_ from V_ADDRESSES address0_ where address0_.ADR_NUM=? for update
org.hibernate.loader.entity.EntityLoader 2015-01-26 14:01:59,212 DEBUG - Static select for entity nla.local.pojos.Address [PESSIMISTIC_WRITE]: select address0_.ADR_NUM as ADR1_2_0_, address0_.ELEMENTTYPENAME as ELEMENTT2_2_0_, address0_.IMMOVABLETYPENAME as IMMOVABL3_2_0_, address0_.IND_HOUSE as IND4_2_0_, address0_.IND_ROOM as IND5_2_0_, address0_.NP as NP2_0_, address0_.NUM_CORP as NUM7_2_0_, address0_.NUM_HOUSE as NUM8_2_0_, address0_.NUM_ROOM as NUM9_2_0_, address0_.REGION as REGION2_0_, address0_.SOVET as SOVET2_0_, address0_.SUBREGION as SUBREGION2_0_ from V_ADDRESSES address0_ where address0_.ADR_NUM=? for update
org.hibernate.loader.entity.EntityLoader 2015-01-26 14:01:59,212 DEBUG - Static select for entity nla.local.pojos.Address [PESSIMISTIC_FORCE_INCREMENT]: select address0_.ADR_NUM as ADR1_2_0_, address0_.ELEMENTTYPENAME as ELEMENTT2_2_0_, address0_.IMMOVABLETYPENAME as IMMOVABL3_2_0_, address0_.IND_HOUSE as IND4_2_0_, address0_.IND_ROOM as IND5_2_0_, address0_.NP as NP2_0_, address0_.NUM_CORP as NUM7_2_0_, address0_.NUM_HOUSE as NUM8_2_0_, address0_.NUM_ROOM as NUM9_2_0_, address0_.REGION as REGION2_0_, address0_.SOVET as SOVET2_0_, address0_.SUBREGION as SUBREGION2_0_ from V_ADDRESSES address0_ where address0_.ADR_NUM=? for update nowait
org.hibernate.loader.entity.EntityLoader 2015-01-26 14:01:59,212 DEBUG - Static select for entity nla.local.pojos.Address [OPTIMISTIC]: select address0_.ADR_NUM as ADR1_2_0_, address0_.ELEMENTTYPENAME as ELEMENTT2_2_0_, address0_.IMMOVABLETYPENAME as IMMOVABL3_2_0_, address0_.IND_HOUSE as IND4_2_0_, address0_.IND_ROOM as IND5_2_0_, address0_.NP as NP2_0_, address0_.NUM_CORP as NUM7_2_0_, address0_.NUM_HOUSE as NUM8_2_0_, address0_.NUM_ROOM as NUM9_2_0_, address0_.REGION as REGION2_0_, address0_.SOVET as SOVET2_0_, address0_.SUBREGION as SUBREGION2_0_ from V_ADDRESSES address0_ where address0_.ADR_NUM=?
org.hibernate.loader.entity.EntityLoader 2015-01-26 14:01:59,212 DEBUG - Static select for entity nla.local.pojos.Address [OPTIMISTIC_FORCE_INCREMENT]: select address0_.ADR_NUM as ADR1_2_0_, address0_.ELEMENTTYPENAME as ELEMENTT2_2_0_, address0_.IMMOVABLETYPENAME as IMMOVABL3_2_0_, address0_.IND_HOUSE as IND4_2_0_, address0_.IND_ROOM as IND5_2_0_, address0_.NP as NP2_0_, address0_.NUM_CORP as NUM7_2_0_, address0_.NUM_HOUSE as NUM8_2_0_, address0_.NUM_ROOM as NUM9_2_0_, address0_.REGION as REGION2_0_, address0_.SOVET as SOVET2_0_, address0_.SUBREGION as SUBREGION2_0_ from V_ADDRESSES address0_ where address0_.ADR_NUM=?
org.hibernate.loader.entity.CascadeEntityLoader 2015-01-26 14:01:59,216 DEBUG - Static select for action ACTION_MERGE on entity nla.local.pojos.Address: select address0_.ADR_NUM as ADR1_2_0_, address0_.ELEMENTTYPENAME as ELEMENTT2_2_0_, address0_.IMMOVABLETYPENAME as IMMOVABL3_2_0_, address0_.IND_HOUSE as IND4_2_0_, address0_.IND_ROOM as IND5_2_0_, address0_.NP as NP2_0_, address0_.NUM_CORP as NUM7_2_0_, address0_.NUM_HOUSE as NUM8_2_0_, address0_.NUM_ROOM as NUM9_2_0_, address0_.REGION as REGION2_0_, address0_.SOVET as SOVET2_0_, address0_.SUBREGION as SUBREGION2_0_ from V_ADDRESSES address0_ where address0_.ADR_NUM=?
org.hibernate.loader.entity.CascadeEntityLoader 2015-01-26 14:01:59,217 DEBUG - Static select for action ACTION_REFRESH on entity nla.local.pojos.Address: select address0_.ADR_NUM as ADR1_2_0_, address0_.ELEMENTTYPENAME as ELEMENTT2_2_0_, address0_.IMMOVABLETYPENAME as IMMOVABL3_2_0_, address0_.IND_HOUSE as IND4_2_0_, address0_.IND_ROOM as IND5_2_0_, address0_.NP as NP2_0_, address0_.NUM_CORP as NUM7_2_0_, address0_.NUM_HOUSE as NUM8_2_0_, address0_.NUM_ROOM as NUM9_2_0_, address0_.REGION as REGION2_0_, address0_.SOVET as SOVET2_0_, address0_.SUBREGION as SUBREGION2_0_ from V_ADDRESSES address0_ where address0_.ADR_NUM=?
org.hibernate.loader.entity.EntityLoader 2015-01-26 14:01:59,218 DEBUG - Static select for entity nla.local.pojos.Person [NONE]: select person0_.SUBJECT_ID as SUBJECT1_0_0_, person0_.IS_OWNER as IS2_0_0_, person0_.REESTRDATAID as REESTRDA3_0_0_, person0_.SUBJECT_TYPE as SUBJECT4_0_0_, person0_1_.ADDRESS_ID as ADDRESS15_1_0_, person0_1_.BOTH_REG_DATE as BOTH1_1_0_, person0_1_.DATESTART as DATESTART1_0_, person0_1_.FATHERNAME as FATHERNAME1_0_, person0_1_.FIRSTNAME as FIRSTNAME1_0_, person0_1_.PERSONAL_NUMBER as PERSONAL5_1_0_, person0_1_.SURNAME as SURNAME1_0_, person0_1_.ACTUAL as ACTUAL1_0_, person0_1_.FULLNAME as FULLNAME1_0_, person0_1_.ORG_RIGHT_FORM as ORG9_1_0_, person0_1_.REG_NUMBER as REG10_1_0_, person0_1_.REMARK as REMARK1_0_, person0_1_.SHORTNAME as SHORTNAME1_0_, person0_1_.UNP as UNP1_0_, case when person0_1_.SUBJECT_ID is not null then 2 when person0_.SUBJECT_ID is not null then 0 end as clazz_0_ from NKA_NET3_DEV.SUBJECTS person0_ left outer join NKA_NET3_DEV.SUBJECTSDATA person0_1_ on person0_.SUBJECT_ID=person0_1_.SUBJECT_ID left outer join NKA_NET3_DEV.SUBJECTSDATA person0_2_ on person0_.SUBJECT_ID=person0_2_.SUBJECT_ID where person0_.SUBJECT_ID=?
org.hibernate.loader.entity.EntityLoader 2015-01-26 14:01:59,219 DEBUG - Static select for entity nla.local.pojos.Person [READ]: select person0_.SUBJECT_ID as SUBJECT1_0_0_, person0_.IS_OWNER as IS2_0_0_, person0_.REESTRDATAID as REESTRDA3_0_0_, person0_.SUBJECT_TYPE as SUBJECT4_0_0_, person0_1_.ADDRESS_ID as ADDRESS15_1_0_, person0_1_.BOTH_REG_DATE as BOTH1_1_0_, person0_1_.DATESTART as DATESTART1_0_, person0_1_.FATHERNAME as FATHERNAME1_0_, person0_1_.FIRSTNAME as FIRSTNAME1_0_, person0_1_.PERSONAL_NUMBER as PERSONAL5_1_0_, person0_1_.SURNAME as SURNAME1_0_, person0_1_.ACTUAL as ACTUAL1_0_, person0_1_.FULLNAME as FULLNAME1_0_, person0_1_.ORG_RIGHT_FORM as ORG9_1_0_, person0_1_.REG_NUMBER as REG10_1_0_, person0_1_.REMARK as REMARK1_0_, person0_1_.SHORTNAME as SHORTNAME1_0_, person0_1_.UNP as UNP1_0_, case when person0_1_.SUBJECT_ID is not null then 2 when person0_.SUBJECT_ID is not null then 0 end as clazz_0_ from NKA_NET3_DEV.SUBJECTS person0_ left outer join NKA_NET3_DEV.SUBJECTSDATA person0_1_ on person0_.SUBJECT_ID=person0_1_.SUBJECT_ID left outer join NKA_NET3_DEV.SUBJECTSDATA person0_2_ on person0_.SUBJECT_ID=person0_2_.SUBJECT_ID where person0_.SUBJECT_ID=?
org.hibernate.loader.entity.EntityLoader 2015-01-26 14:01:59,219 DEBUG - Static select for entity nla.local.pojos.Person [UPGRADE]: select person0_.SUBJECT_ID as SUBJECT1_0_0_, person0_.IS_OWNER as IS2_0_0_, person0_.REESTRDATAID as REESTRDA3_0_0_, person0_.SUBJECT_TYPE as SUBJECT4_0_0_, person0_1_.ADDRESS_ID as ADDRESS15_1_0_, person0_1_.BOTH_REG_DATE as BOTH1_1_0_, person0_1_.DATESTART as DATESTART1_0_, person0_1_.FATHERNAME as FATHERNAME1_0_, person0_1_.FIRSTNAME as FIRSTNAME1_0_, person0_1_.PERSONAL_NUMBER as PERSONAL5_1_0_, person0_1_.SURNAME as SURNAME1_0_, person0_1_.ACTUAL as ACTUAL1_0_, person0_1_.FULLNAME as FULLNAME1_0_, person0_1_.ORG_RIGHT_FORM as ORG9_1_0_, person0_1_.REG_NUMBER as REG10_1_0_, person0_1_.REMARK as REMARK1_0_, person0_1_.SHORTNAME as SHORTNAME1_0_, person0_1_.UNP as UNP1_0_, case when person0_1_.SUBJECT_ID is not null then 2 when person0_.SUBJECT_ID is not null then 0 end as clazz_0_ from NKA_NET3_DEV.SUBJECTS person0_ left outer join NKA_NET3_DEV.SUBJECTSDATA person0_1_ on person0_.SUBJECT_ID=person0_1_.SUBJECT_ID left outer join NKA_NET3_DEV.SUBJECTSDATA person0_2_ on person0_.SUBJECT_ID=person0_2_.SUBJECT_ID where person0_.SUBJECT_ID=? for update
org.hibernate.loader.entity.EntityLoader 2015-01-26 14:01:59,219 DEBUG - Static select for entity nla.local.pojos.Person [UPGRADE_NOWAIT]: select person0_.SUBJECT_ID as SUBJECT1_0_0_, person0_.IS_OWNER as IS2_0_0_, person0_.REESTRDATAID as REESTRDA3_0_0_, person0_.SUBJECT_TYPE as SUBJECT4_0_0_, person0_1_.ADDRESS_ID as ADDRESS15_1_0_, person0_1_.BOTH_REG_DATE as BOTH1_1_0_, person0_1_.DATESTART as DATESTART1_0_, person0_1_.FATHERNAME as FATHERNAME1_0_, person0_1_.FIRSTNAME as FIRSTNAME1_0_, person0_1_.PERSONAL_NUMBER as PERSONAL5_1_0_, person0_1_.SURNAME as SURNAME1_0_, person0_1_.ACTUAL as ACTUAL1_0_, person0_1_.FULLNAME as FULLNAME1_0_, person0_1_.ORG_RIGHT_FORM as ORG9_1_0_, person0_1_.REG_NUMBER as REG10_1_0_, person0_1_.REMARK as REMARK1_0_, person0_1_.SHORTNAME as SHORTNAME1_0_, person0_1_.UNP as UNP1_0_, case when person0_1_.SUBJECT_ID is not null then 2 when person0_.SUBJECT_ID is not null then 0 end as clazz_0_ from NKA_NET3_DEV.SUBJECTS person0_ left outer join NKA_NET3_DEV.SUBJECTSDATA person0_1_ on person0_.SUBJECT_ID=person0_1_.SUBJECT_ID left outer join NKA_NET3_DEV.SUBJECTSDATA person0_2_ on person0_.SUBJECT_ID=person0_2_.SUBJECT_ID where person0_.SUBJECT_ID=? for update nowait
org.hibernate.loader.entity.EntityLoader 2015-01-26 14:01:59,220 DEBUG - Static select for entity nla.local.pojos.Person [FORCE]: select person0_.SUBJECT_ID as SUBJECT1_0_0_, person0_.IS_OWNER as IS2_0_0_, person0_.REESTRDATAID as REESTRDA3_0_0_, person0_.SUBJECT_TYPE as SUBJECT4_0_0_, person0_1_.ADDRESS_ID as ADDRESS15_1_0_, person0_1_.BOTH_REG_DATE as BOTH1_1_0_, person0_1_.DATESTART as DATESTART1_0_, person0_1_.FATHERNAME as FATHERNAME1_0_, person0_1_.FIRSTNAME as FIRSTNAME1_0_, person0_1_.PERSONAL_NUMBER as PERSONAL5_1_0_, person0_1_.SURNAME as SURNAME1_0_, person0_1_.ACTUAL as ACTUAL1_0_, person0_1_.FULLNAME as FULLNAME1_0_, person0_1_.ORG_RIGHT_FORM as ORG9_1_0_, person0_1_.REG_NUMBER as REG10_1_0_, person0_1_.REMARK as REMARK1_0_, person0_1_.SHORTNAME as SHORTNAME1_0_, person0_1_.UNP as UNP1_0_, case when person0_1_.SUBJECT_ID is not null then 2 when person0_.SUBJECT_ID is not null then 0 end as clazz_0_ from NKA_NET3_DEV.SUBJECTS person0_ left outer join NKA_NET3_DEV.SUBJECTSDATA person0_1_ on person0_.SUBJECT_ID=person0_1_.SUBJECT_ID left outer join NKA_NET3_DEV.SUBJECTSDATA person0_2_ on person0_.SUBJECT_ID=person0_2_.SUBJECT_ID where person0_.SUBJECT_ID=? for update nowait
org.hibernate.loader.entity.EntityLoader 2015-01-26 14:01:59,220 DEBUG - Static select for entity nla.local.pojos.Person [PESSIMISTIC_READ]: select person0_.SUBJECT_ID as SUBJECT1_0_0_, person0_.IS_OWNER as IS2_0_0_, person0_.REESTRDATAID as REESTRDA3_0_0_, person0_.SUBJECT_TYPE as SUBJECT4_0_0_, person0_1_.ADDRESS_ID as ADDRESS15_1_0_, person0_1_.BOTH_REG_DATE as BOTH1_1_0_, person0_1_.DATESTART as DATESTART1_0_, person0_1_.FATHERNAME as FATHERNAME1_0_, person0_1_.FIRSTNAME as FIRSTNAME1_0_, person0_1_.PERSONAL_NUMBER as PERSONAL5_1_0_, person0_1_.SURNAME as SURNAME1_0_, person0_1_.ACTUAL as ACTUAL1_0_, person0_1_.FULLNAME as FULLNAME1_0_, person0_1_.ORG_RIGHT_FORM as ORG9_1_0_, person0_1_.REG_NUMBER as REG10_1_0_, person0_1_.REMARK as REMARK1_0_, person0_1_.SHORTNAME as SHORTNAME1_0_, person0_1_.UNP as UNP1_0_, case when person0_1_.SUBJECT_ID is not null then 2 when person0_.SUBJECT_ID is not null then 0 end as clazz_0_ from NKA_NET3_DEV.SUBJECTS person0_ left outer join NKA_NET3_DEV.SUBJECTSDATA person0_1_ on person0_.SUBJECT_ID=person0_1_.SUBJECT_ID left outer join NKA_NET3_DEV.SUBJECTSDATA person0_2_ on person0_.SUBJECT_ID=person0_2_.SUBJECT_ID where person0_.SUBJECT_ID=? for update
org.hibernate.loader.entity.EntityLoader 2015-01-26 14:01:59,221 DEBUG - Static select for entity nla.local.pojos.Person [PESSIMISTIC_WRITE]: select person0_.SUBJECT_ID as SUBJECT1_0_0_, person0_.IS_OWNER as IS2_0_0_, person0_.REESTRDATAID as REESTRDA3_0_0_, person0_.SUBJECT_TYPE as SUBJECT4_0_0_, person0_1_.ADDRESS_ID as ADDRESS15_1_0_, person0_1_.BOTH_REG_DATE as BOTH1_1_0_, person0_1_.DATESTART as DATESTART1_0_, person0_1_.FATHERNAME as FATHERNAME1_0_, person0_1_.FIRSTNAME as FIRSTNAME1_0_, person0_1_.PERSONAL_NUMBER as PERSONAL5_1_0_, person0_1_.SURNAME as SURNAME1_0_, person0_1_.ACTUAL as ACTUAL1_0_, person0_1_.FULLNAME as FULLNAME1_0_, person0_1_.ORG_RIGHT_FORM as ORG9_1_0_, person0_1_.REG_NUMBER as REG10_1_0_, person0_1_.REMARK as REMARK1_0_, person0_1_.SHORTNAME as SHORTNAME1_0_, person0_1_.UNP as UNP1_0_, case when person0_1_.SUBJECT_ID is not null then 2 when person0_.SUBJECT_ID is not null then 0 end as clazz_0_ from NKA_NET3_DEV.SUBJECTS person0_ left outer join NKA_NET3_DEV.SUBJECTSDATA person0_1_ on person0_.SUBJECT_ID=person0_1_.SUBJECT_ID left outer join NKA_NET3_DEV.SUBJECTSDATA person0_2_ on person0_.SUBJECT_ID=person0_2_.SUBJECT_ID where person0_.SUBJECT_ID=? for update
org.hibernate.loader.entity.EntityLoader 2015-01-26 14:01:59,221 DEBUG - Static select for entity nla.local.pojos.Person [PESSIMISTIC_FORCE_INCREMENT]: select person0_.SUBJECT_ID as SUBJECT1_0_0_, person0_.IS_OWNER as IS2_0_0_, person0_.REESTRDATAID as REESTRDA3_0_0_, person0_.SUBJECT_TYPE as SUBJECT4_0_0_, person0_1_.ADDRESS_ID as ADDRESS15_1_0_, person0_1_.BOTH_REG_DATE as BOTH1_1_0_, person0_1_.DATESTART as DATESTART1_0_, person0_1_.FATHERNAME as FATHERNAME1_0_, person0_1_.FIRSTNAME as FIRSTNAME1_0_, person0_1_.PERSONAL_NUMBER as PERSONAL5_1_0_, person0_1_.SURNAME as SURNAME1_0_, person0_1_.ACTUAL as ACTUAL1_0_, person0_1_.FULLNAME as FULLNAME1_0_, person0_1_.ORG_RIGHT_FORM as ORG9_1_0_, person0_1_.REG_NUMBER as REG10_1_0_, person0_1_.REMARK as REMARK1_0_, person0_1_.SHORTNAME as SHORTNAME1_0_, person0_1_.UNP as UNP1_0_, case when person0_1_.SUBJECT_ID is not null then 2 when person0_.SUBJECT_ID is not null then 0 end as clazz_0_ from NKA_NET3_DEV.SUBJECTS person0_ left outer join NKA_NET3_DEV.SUBJECTSDATA person0_1_ on person0_.SUBJECT_ID=person0_1_.SUBJECT_ID left outer join NKA_NET3_DEV.SUBJECTSDATA person0_2_ on person0_.SUBJECT_ID=person0_2_.SUBJECT_ID where person0_.SUBJECT_ID=? for update nowait
org.hibernate.loader.entity.EntityLoader 2015-01-26 14:01:59,221 DEBUG - Static select for entity nla.local.pojos.Person [OPTIMISTIC]: select person0_.SUBJECT_ID as SUBJECT1_0_0_, person0_.IS_OWNER as IS2_0_0_, person0_.REESTRDATAID as REESTRDA3_0_0_, person0_.SUBJECT_TYPE as SUBJECT4_0_0_, person0_1_.ADDRESS_ID as ADDRESS15_1_0_, person0_1_.BOTH_REG_DATE as BOTH1_1_0_, person0_1_.DATESTART as DATESTART1_0_, person0_1_.FATHERNAME as FATHERNAME1_0_, person0_1_.FIRSTNAME as FIRSTNAME1_0_, person0_1_.PERSONAL_NUMBER as PERSONAL5_1_0_, person0_1_.SURNAME as SURNAME1_0_, person0_1_.ACTUAL as ACTUAL1_0_, person0_1_.FULLNAME as FULLNAME1_0_, person0_1_.ORG_RIGHT_FORM as ORG9_1_0_, person0_1_.REG_NUMBER as REG10_1_0_, person0_1_.REMARK as REMARK1_0_, person0_1_.SHORTNAME as SHORTNAME1_0_, person0_1_.UNP as UNP1_0_, case when person0_1_.SUBJECT_ID is not null then 2 when person0_.SUBJECT_ID is not null then 0 end as clazz_0_ from NKA_NET3_DEV.SUBJECTS person0_ left outer join NKA_NET3_DEV.SUBJECTSDATA person0_1_ on person0_.SUBJECT_ID=person0_1_.SUBJECT_ID left outer join NKA_NET3_DEV.SUBJECTSDATA person0_2_ on person0_.SUBJECT_ID=person0_2_.SUBJECT_ID where person0_.SUBJECT_ID=?
org.hibernate.loader.entity.EntityLoader 2015-01-26 14:01:59,222 DEBUG - Static select for entity nla.local.pojos.Person [OPTIMISTIC_FORCE_INCREMENT]: select person0_.SUBJECT_ID as SUBJECT1_0_0_, person0_.IS_OWNER as IS2_0_0_, person0_.REESTRDATAID as REESTRDA3_0_0_, person0_.SUBJECT_TYPE as SUBJECT4_0_0_, person0_1_.ADDRESS_ID as ADDRESS15_1_0_, person0_1_.BOTH_REG_DATE as BOTH1_1_0_, person0_1_.DATESTART as DATESTART1_0_, person0_1_.FATHERNAME as FATHERNAME1_0_, person0_1_.FIRSTNAME as FIRSTNAME1_0_, person0_1_.PERSONAL_NUMBER as PERSONAL5_1_0_, person0_1_.SURNAME as SURNAME1_0_, person0_1_.ACTUAL as ACTUAL1_0_, person0_1_.FULLNAME as FULLNAME1_0_, person0_1_.ORG_RIGHT_FORM as ORG9_1_0_, person0_1_.REG_NUMBER as REG10_1_0_, person0_1_.REMARK as REMARK1_0_, person0_1_.SHORTNAME as SHORTNAME1_0_, person0_1_.UNP as UNP1_0_, case when person0_1_.SUBJECT_ID is not null then 2 when person0_.SUBJECT_ID is not null then 0 end as clazz_0_ from NKA_NET3_DEV.SUBJECTS person0_ left outer join NKA_NET3_DEV.SUBJECTSDATA person0_1_ on person0_.SUBJECT_ID=person0_1_.SUBJECT_ID left outer join NKA_NET3_DEV.SUBJECTSDATA person0_2_ on person0_.SUBJECT_ID=person0_2_.SUBJECT_ID where person0_.SUBJECT_ID=?
org.hibernate.loader.entity.CascadeEntityLoader 2015-01-26 14:01:59,222 DEBUG - Static select for action ACTION_MERGE on entity nla.local.pojos.Person: select person0_.SUBJECT_ID as SUBJECT1_0_0_, person0_.IS_OWNER as IS2_0_0_, person0_.REESTRDATAID as REESTRDA3_0_0_, person0_.SUBJECT_TYPE as SUBJECT4_0_0_, person0_1_.ADDRESS_ID as ADDRESS15_1_0_, person0_1_.BOTH_REG_DATE as BOTH1_1_0_, person0_1_.DATESTART as DATESTART1_0_, person0_1_.FATHERNAME as FATHERNAME1_0_, person0_1_.FIRSTNAME as FIRSTNAME1_0_, person0_1_.PERSONAL_NUMBER as PERSONAL5_1_0_, person0_1_.SURNAME as SURNAME1_0_, person0_1_.ACTUAL as ACTUAL1_0_, person0_1_.FULLNAME as FULLNAME1_0_, person0_1_.ORG_RIGHT_FORM as ORG9_1_0_, person0_1_.REG_NUMBER as REG10_1_0_, person0_1_.REMARK as REMARK1_0_, person0_1_.SHORTNAME as SHORTNAME1_0_, person0_1_.UNP as UNP1_0_, case when person0_1_.SUBJECT_ID is not null then 2 when person0_.SUBJECT_ID is not null then 0 end as clazz_0_ from NKA_NET3_DEV.SUBJECTS person0_ left outer join NKA_NET3_DEV.SUBJECTSDATA person0_1_ on person0_.SUBJECT_ID=person0_1_.SUBJECT_ID left outer join NKA_NET3_DEV.SUBJECTSDATA person0_2_ on person0_.SUBJECT_ID=person0_2_.SUBJECT_ID where person0_.SUBJECT_ID=?
org.hibernate.loader.entity.CascadeEntityLoader 2015-01-26 14:01:59,222 DEBUG - Static select for action ACTION_REFRESH on entity nla.local.pojos.Person: select person0_.SUBJECT_ID as SUBJECT1_0_0_, person0_.IS_OWNER as IS2_0_0_, person0_.REESTRDATAID as REESTRDA3_0_0_, person0_.SUBJECT_TYPE as SUBJECT4_0_0_, person0_1_.ADDRESS_ID as ADDRESS15_1_0_, person0_1_.BOTH_REG_DATE as BOTH1_1_0_, person0_1_.DATESTART as DATESTART1_0_, person0_1_.FATHERNAME as FATHERNAME1_0_, person0_1_.FIRSTNAME as FIRSTNAME1_0_, person0_1_.PERSONAL_NUMBER as PERSONAL5_1_0_, person0_1_.SURNAME as SURNAME1_0_, person0_1_.ACTUAL as ACTUAL1_0_, person0_1_.FULLNAME as FULLNAME1_0_, person0_1_.ORG_RIGHT_FORM as ORG9_1_0_, person0_1_.REG_NUMBER as REG10_1_0_, person0_1_.REMARK as REMARK1_0_, person0_1_.SHORTNAME as SHORTNAME1_0_, person0_1_.UNP as UNP1_0_, case when person0_1_.SUBJECT_ID is not null then 2 when person0_.SUBJECT_ID is not null then 0 end as clazz_0_ from NKA_NET3_DEV.SUBJECTS person0_ left outer join NKA_NET3_DEV.SUBJECTSDATA person0_1_ on person0_.SUBJECT_ID=person0_1_.SUBJECT_ID left outer join NKA_NET3_DEV.SUBJECTSDATA person0_2_ on person0_.SUBJECT_ID=person0_2_.SUBJECT_ID where person0_.SUBJECT_ID=?
org.hibernate.loader.entity.EntityLoader 2015-01-26 14:01:59,223 DEBUG - Static select for entity nla.local.pojos.PPerson [NONE]: select pperson0_.SUBJECT_ID as SUBJECT1_0_0_, pperson0_1_.IS_OWNER as IS2_0_0_, pperson0_1_.REESTRDATAID as REESTRDA3_0_0_, pperson0_1_.SUBJECT_TYPE as SUBJECT4_0_0_, pperson0_.ADDRESS_ID as ADDRESS15_1_0_, pperson0_.BOTH_REG_DATE as BOTH1_1_0_, pperson0_.DATESTART as DATESTART1_0_, pperson0_.FATHERNAME as FATHERNAME1_0_, pperson0_.FIRSTNAME as FIRSTNAME1_0_, pperson0_.PERSONAL_NUMBER as PERSONAL5_1_0_, pperson0_.SURNAME as SURNAME1_0_ from NKA_NET3_DEV.SUBJECTSDATA pperson0_ inner join NKA_NET3_DEV.SUBJECTS pperson0_1_ on pperson0_.SUBJECT_ID=pperson0_1_.SUBJECT_ID where pperson0_.SUBJECT_ID=?
org.hibernate.loader.entity.EntityLoader 2015-01-26 14:01:59,223 DEBUG - Static select for entity nla.local.pojos.PPerson [READ]: select pperson0_.SUBJECT_ID as SUBJECT1_0_0_, pperson0_1_.IS_OWNER as IS2_0_0_, pperson0_1_.REESTRDATAID as REESTRDA3_0_0_, pperson0_1_.SUBJECT_TYPE as SUBJECT4_0_0_, pperson0_.ADDRESS_ID as ADDRESS15_1_0_, pperson0_.BOTH_REG_DATE as BOTH1_1_0_, pperson0_.DATESTART as DATESTART1_0_, pperson0_.FATHERNAME as FATHERNAME1_0_, pperson0_.FIRSTNAME as FIRSTNAME1_0_, pperson0_.PERSONAL_NUMBER as PERSONAL5_1_0_, pperson0_.SURNAME as SURNAME1_0_ from NKA_NET3_DEV.SUBJECTSDATA pperson0_ inner join NKA_NET3_DEV.SUBJECTS pperson0_1_ on pperson0_.SUBJECT_ID=pperson0_1_.SUBJECT_ID where pperson0_.SUBJECT_ID=?
org.hibernate.loader.entity.EntityLoader 2015-01-26 14:01:59,223 DEBUG - Static select for entity nla.local.pojos.PPerson [UPGRADE]: select pperson0_.SUBJECT_ID as SUBJECT1_0_0_, pperson0_1_.IS_OWNER as IS2_0_0_, pperson0_1_.REESTRDATAID as REESTRDA3_0_0_, pperson0_1_.SUBJECT_TYPE as SUBJECT4_0_0_, pperson0_.ADDRESS_ID as ADDRESS15_1_0_, pperson0_.BOTH_REG_DATE as BOTH1_1_0_, pperson0_.DATESTART as DATESTART1_0_, pperson0_.FATHERNAME as FATHERNAME1_0_, pperson0_.FIRSTNAME as FIRSTNAME1_0_, pperson0_.PERSONAL_NUMBER as PERSONAL5_1_0_, pperson0_.SURNAME as SURNAME1_0_ from NKA_NET3_DEV.SUBJECTSDATA pperson0_ inner join NKA_NET3_DEV.SUBJECTS pperson0_1_ on pperson0_.SUBJECT_ID=pperson0_1_.SUBJECT_ID where pperson0_.SUBJECT_ID=? for update
org.hibernate.loader.entity.EntityLoader 2015-01-26 14:01:59,224 DEBUG - Static select for entity nla.local.pojos.PPerson [UPGRADE_NOWAIT]: select pperson0_.SUBJECT_ID as SUBJECT1_0_0_, pperson0_1_.IS_OWNER as IS2_0_0_, pperson0_1_.REESTRDATAID as REESTRDA3_0_0_, pperson0_1_.SUBJECT_TYPE as SUBJECT4_0_0_, pperson0_.ADDRESS_ID as ADDRESS15_1_0_, pperson0_.BOTH_REG_DATE as BOTH1_1_0_, pperson0_.DATESTART as DATESTART1_0_, pperson0_.FATHERNAME as FATHERNAME1_0_, pperson0_.FIRSTNAME as FIRSTNAME1_0_, pperson0_.PERSONAL_NUMBER as PERSONAL5_1_0_, pperson0_.SURNAME as SURNAME1_0_ from NKA_NET3_DEV.SUBJECTSDATA pperson0_ inner join NKA_NET3_DEV.SUBJECTS pperson0_1_ on pperson0_.SUBJECT_ID=pperson0_1_.SUBJECT_ID where pperson0_.SUBJECT_ID=? for update nowait
org.hibernate.loader.entity.EntityLoader 2015-01-26 14:01:59,224 DEBUG - Static select for entity nla.local.pojos.PPerson [FORCE]: select pperson0_.SUBJECT_ID as SUBJECT1_0_0_, pperson0_1_.IS_OWNER as IS2_0_0_, pperson0_1_.REESTRDATAID as REESTRDA3_0_0_, pperson0_1_.SUBJECT_TYPE as SUBJECT4_0_0_, pperson0_.ADDRESS_ID as ADDRESS15_1_0_, pperson0_.BOTH_REG_DATE as BOTH1_1_0_, pperson0_.DATESTART as DATESTART1_0_, pperson0_.FATHERNAME as FATHERNAME1_0_, pperson0_.FIRSTNAME as FIRSTNAME1_0_, pperson0_.PERSONAL_NUMBER as PERSONAL5_1_0_, pperson0_.SURNAME as SURNAME1_0_ from NKA_NET3_DEV.SUBJECTSDATA pperson0_ inner join NKA_NET3_DEV.SUBJECTS pperson0_1_ on pperson0_.SUBJECT_ID=pperson0_1_.SUBJECT_ID where pperson0_.SUBJECT_ID=? for update nowait
org.hibernate.loader.entity.EntityLoader 2015-01-26 14:01:59,224 DEBUG - Static select for entity nla.local.pojos.PPerson [PESSIMISTIC_READ]: select pperson0_.SUBJECT_ID as SUBJECT1_0_0_, pperson0_1_.IS_OWNER as IS2_0_0_, pperson0_1_.REESTRDATAID as REESTRDA3_0_0_, pperson0_1_.SUBJECT_TYPE as SUBJECT4_0_0_, pperson0_.ADDRESS_ID as ADDRESS15_1_0_, pperson0_.BOTH_REG_DATE as BOTH1_1_0_, pperson0_.DATESTART as DATESTART1_0_, pperson0_.FATHERNAME as FATHERNAME1_0_, pperson0_.FIRSTNAME as FIRSTNAME1_0_, pperson0_.PERSONAL_NUMBER as PERSONAL5_1_0_, pperson0_.SURNAME as SURNAME1_0_ from NKA_NET3_DEV.SUBJECTSDATA pperson0_ inner join NKA_NET3_DEV.SUBJECTS pperson0_1_ on pperson0_.SUBJECT_ID=pperson0_1_.SUBJECT_ID where pperson0_.SUBJECT_ID=? for update
org.hibernate.loader.entity.EntityLoader 2015-01-26 14:01:59,225 DEBUG - Static select for entity nla.local.pojos.PPerson [PESSIMISTIC_WRITE]: select pperson0_.SUBJECT_ID as SUBJECT1_0_0_, pperson0_1_.IS_OWNER as IS2_0_0_, pperson0_1_.REESTRDATAID as REESTRDA3_0_0_, pperson0_1_.SUBJECT_TYPE as SUBJECT4_0_0_, pperson0_.ADDRESS_ID as ADDRESS15_1_0_, pperson0_.BOTH_REG_DATE as BOTH1_1_0_, pperson0_.DATESTART as DATESTART1_0_, pperson0_.FATHERNAME as FATHERNAME1_0_, pperson0_.FIRSTNAME as FIRSTNAME1_0_, pperson0_.PERSONAL_NUMBER as PERSONAL5_1_0_, pperson0_.SURNAME as SURNAME1_0_ from NKA_NET3_DEV.SUBJECTSDATA pperson0_ inner join NKA_NET3_DEV.SUBJECTS pperson0_1_ on pperson0_.SUBJECT_ID=pperson0_1_.SUBJECT_ID where pperson0_.SUBJECT_ID=? for update
org.hibernate.loader.entity.EntityLoader 2015-01-26 14:01:59,225 DEBUG - Static select for entity nla.local.pojos.PPerson [PESSIMISTIC_FORCE_INCREMENT]: select pperson0_.SUBJECT_ID as SUBJECT1_0_0_, pperson0_1_.IS_OWNER as IS2_0_0_, pperson0_1_.REESTRDATAID as REESTRDA3_0_0_, pperson0_1_.SUBJECT_TYPE as SUBJECT4_0_0_, pperson0_.ADDRESS_ID as ADDRESS15_1_0_, pperson0_.BOTH_REG_DATE as BOTH1_1_0_, pperson0_.DATESTART as DATESTART1_0_, pperson0_.FATHERNAME as FATHERNAME1_0_, pperson0_.FIRSTNAME as FIRSTNAME1_0_, pperson0_.PERSONAL_NUMBER as PERSONAL5_1_0_, pperson0_.SURNAME as SURNAME1_0_ from NKA_NET3_DEV.SUBJECTSDATA pperson0_ inner join NKA_NET3_DEV.SUBJECTS pperson0_1_ on pperson0_.SUBJECT_ID=pperson0_1_.SUBJECT_ID where pperson0_.SUBJECT_ID=? for update nowait
org.hibernate.loader.entity.EntityLoader 2015-01-26 14:01:59,225 DEBUG - Static select for entity nla.local.pojos.PPerson [OPTIMISTIC]: select pperson0_.SUBJECT_ID as SUBJECT1_0_0_, pperson0_1_.IS_OWNER as IS2_0_0_, pperson0_1_.REESTRDATAID as REESTRDA3_0_0_, pperson0_1_.SUBJECT_TYPE as SUBJECT4_0_0_, pperson0_.ADDRESS_ID as ADDRESS15_1_0_, pperson0_.BOTH_REG_DATE as BOTH1_1_0_, pperson0_.DATESTART as DATESTART1_0_, pperson0_.FATHERNAME as FATHERNAME1_0_, pperson0_.FIRSTNAME as FIRSTNAME1_0_, pperson0_.PERSONAL_NUMBER as PERSONAL5_1_0_, pperson0_.SURNAME as SURNAME1_0_ from NKA_NET3_DEV.SUBJECTSDATA pperson0_ inner join NKA_NET3_DEV.SUBJECTS pperson0_1_ on pperson0_.SUBJECT_ID=pperson0_1_.SUBJECT_ID where pperson0_.SUBJECT_ID=?
org.hibernate.loader.entity.EntityLoader 2015-01-26 14:01:59,226 DEBUG - Static select for entity nla.local.pojos.PPerson [OPTIMISTIC_FORCE_INCREMENT]: select pperson0_.SUBJECT_ID as SUBJECT1_0_0_, pperson0_1_.IS_OWNER as IS2_0_0_, pperson0_1_.REESTRDATAID as REESTRDA3_0_0_, pperson0_1_.SUBJECT_TYPE as SUBJECT4_0_0_, pperson0_.ADDRESS_ID as ADDRESS15_1_0_, pperson0_.BOTH_REG_DATE as BOTH1_1_0_, pperson0_.DATESTART as DATESTART1_0_, pperson0_.FATHERNAME as FATHERNAME1_0_, pperson0_.FIRSTNAME as FIRSTNAME1_0_, pperson0_.PERSONAL_NUMBER as PERSONAL5_1_0_, pperson0_.SURNAME as SURNAME1_0_ from NKA_NET3_DEV.SUBJECTSDATA pperson0_ inner join NKA_NET3_DEV.SUBJECTS pperson0_1_ on pperson0_.SUBJECT_ID=pperson0_1_.SUBJECT_ID where pperson0_.SUBJECT_ID=?
org.hibernate.loader.entity.CascadeEntityLoader 2015-01-26 14:01:59,226 DEBUG - Static select for action ACTION_MERGE on entity nla.local.pojos.PPerson: select pperson0_.SUBJECT_ID as SUBJECT1_0_0_, pperson0_1_.IS_OWNER as IS2_0_0_, pperson0_1_.REESTRDATAID as REESTRDA3_0_0_, pperson0_1_.SUBJECT_TYPE as SUBJECT4_0_0_, pperson0_.ADDRESS_ID as ADDRESS15_1_0_, pperson0_.BOTH_REG_DATE as BOTH1_1_0_, pperson0_.DATESTART as DATESTART1_0_, pperson0_.FATHERNAME as FATHERNAME1_0_, pperson0_.FIRSTNAME as FIRSTNAME1_0_, pperson0_.PERSONAL_NUMBER as PERSONAL5_1_0_, pperson0_.SURNAME as SURNAME1_0_ from NKA_NET3_DEV.SUBJECTSDATA pperson0_ inner join NKA_NET3_DEV.SUBJECTS pperson0_1_ on pperson0_.SUBJECT_ID=pperson0_1_.SUBJECT_ID where pperson0_.SUBJECT_ID=?
org.hibernate.loader.entity.CascadeEntityLoader 2015-01-26 14:01:59,226 DEBUG - Static select for action ACTION_REFRESH on entity nla.local.pojos.PPerson: select pperson0_.SUBJECT_ID as SUBJECT1_0_0_, pperson0_1_.IS_OWNER as IS2_0_0_, pperson0_1_.REESTRDATAID as REESTRDA3_0_0_, pperson0_1_.SUBJECT_TYPE as SUBJECT4_0_0_, pperson0_.ADDRESS_ID as ADDRESS15_1_0_, pperson0_.BOTH_REG_DATE as BOTH1_1_0_, pperson0_.DATESTART as DATESTART1_0_, pperson0_.FATHERNAME as FATHERNAME1_0_, pperson0_.FIRSTNAME as FIRSTNAME1_0_, pperson0_.PERSONAL_NUMBER as PERSONAL5_1_0_, pperson0_.SURNAME as SURNAME1_0_ from NKA_NET3_DEV.SUBJECTSDATA pperson0_ inner join NKA_NET3_DEV.SUBJECTS pperson0_1_ on pperson0_.SUBJECT_ID=pperson0_1_.SUBJECT_ID where pperson0_.SUBJECT_ID=?
org.hibernate.loader.entity.EntityLoader 2015-01-26 14:01:59,227 DEBUG - Static select for entity nla.local.pojos.JPerson [NONE]: select jperson0_.SUBJECT_ID as SUBJECT1_0_0_, jperson0_1_.IS_OWNER as IS2_0_0_, jperson0_1_.REESTRDATAID as REESTRDA3_0_0_, jperson0_1_.SUBJECT_TYPE as SUBJECT4_0_0_, jperson0_.ACTUAL as ACTUAL1_0_, jperson0_.ADDRESS_ID as ADDRESS15_1_0_, jperson0_.BOTH_REG_DATE as BOTH1_1_0_, jperson0_.FULLNAME as FULLNAME1_0_, jperson0_.ORG_RIGHT_FORM as ORG9_1_0_, jperson0_.REG_NUMBER as REG10_1_0_, jperson0_.REMARK as REMARK1_0_, jperson0_.SHORTNAME as SHORTNAME1_0_, jperson0_.UNP as UNP1_0_ from NKA_NET3_DEV.SUBJECTSDATA jperson0_ inner join NKA_NET3_DEV.SUBJECTS jperson0_1_ on jperson0_.SUBJECT_ID=jperson0_1_.SUBJECT_ID where jperson0_.SUBJECT_ID=?
org.hibernate.loader.entity.EntityLoader 2015-01-26 14:01:59,227 DEBUG - Static select for entity nla.local.pojos.JPerson [READ]: select jperson0_.SUBJECT_ID as SUBJECT1_0_0_, jperson0_1_.IS_OWNER as IS2_0_0_, jperson0_1_.REESTRDATAID as REESTRDA3_0_0_, jperson0_1_.SUBJECT_TYPE as SUBJECT4_0_0_, jperson0_.ACTUAL as ACTUAL1_0_, jperson0_.ADDRESS_ID as ADDRESS15_1_0_, jperson0_.BOTH_REG_DATE as BOTH1_1_0_, jperson0_.FULLNAME as FULLNAME1_0_, jperson0_.ORG_RIGHT_FORM as ORG9_1_0_, jperson0_.REG_NUMBER as REG10_1_0_, jperson0_.REMARK as REMARK1_0_, jperson0_.SHORTNAME as SHORTNAME1_0_, jperson0_.UNP as UNP1_0_ from NKA_NET3_DEV.SUBJECTSDATA jperson0_ inner join NKA_NET3_DEV.SUBJECTS jperson0_1_ on jperson0_.SUBJECT_ID=jperson0_1_.SUBJECT_ID where jperson0_.SUBJECT_ID=?
org.hibernate.loader.entity.EntityLoader 2015-01-26 14:01:59,227 DEBUG - Static select for entity nla.local.pojos.JPerson [UPGRADE]: select jperson0_.SUBJECT_ID as SUBJECT1_0_0_, jperson0_1_.IS_OWNER as IS2_0_0_, jperson0_1_.REESTRDATAID as REESTRDA3_0_0_, jperson0_1_.SUBJECT_TYPE as SUBJECT4_0_0_, jperson0_.ACTUAL as ACTUAL1_0_, jperson0_.ADDRESS_ID as ADDRESS15_1_0_, jperson0_.BOTH_REG_DATE as BOTH1_1_0_, jperson0_.FULLNAME as FULLNAME1_0_, jperson0_.ORG_RIGHT_FORM as ORG9_1_0_, jperson0_.REG_NUMBER as REG10_1_0_, jperson0_.REMARK as REMARK1_0_, jperson0_.SHORTNAME as SHORTNAME1_0_, jperson0_.UNP as UNP1_0_ from NKA_NET3_DEV.SUBJECTSDATA jperson0_ inner join NKA_NET3_DEV.SUBJECTS jperson0_1_ on jperson0_.SUBJECT_ID=jperson0_1_.SUBJECT_ID where jperson0_.SUBJECT_ID=? for update
org.hibernate.loader.entity.EntityLoader 2015-01-26 14:01:59,228 DEBUG - Static select for entity nla.local.pojos.JPerson [UPGRADE_NOWAIT]: select jperson0_.SUBJECT_ID as SUBJECT1_0_0_, jperson0_1_.IS_OWNER as IS2_0_0_, jperson0_1_.REESTRDATAID as REESTRDA3_0_0_, jperson0_1_.SUBJECT_TYPE as SUBJECT4_0_0_, jperson0_.ACTUAL as ACTUAL1_0_, jperson0_.ADDRESS_ID as ADDRESS15_1_0_, jperson0_.BOTH_REG_DATE as BOTH1_1_0_, jperson0_.FULLNAME as FULLNAME1_0_, jperson0_.ORG_RIGHT_FORM as ORG9_1_0_, jperson0_.REG_NUMBER as REG10_1_0_, jperson0_.REMARK as REMARK1_0_, jperson0_.SHORTNAME as SHORTNAME1_0_, jperson0_.UNP as UNP1_0_ from NKA_NET3_DEV.SUBJECTSDATA jperson0_ inner join NKA_NET3_DEV.SUBJECTS jperson0_1_ on jperson0_.SUBJECT_ID=jperson0_1_.SUBJECT_ID where jperson0_.SUBJECT_ID=? for update nowait
org.hibernate.loader.entity.EntityLoader 2015-01-26 14:01:59,228 DEBUG - Static select for entity nla.local.pojos.JPerson [FORCE]: select jperson0_.SUBJECT_ID as SUBJECT1_0_0_, jperson0_1_.IS_OWNER as IS2_0_0_, jperson0_1_.REESTRDATAID as REESTRDA3_0_0_, jperson0_1_.SUBJECT_TYPE as SUBJECT4_0_0_, jperson0_.ACTUAL as ACTUAL1_0_, jperson0_.ADDRESS_ID as ADDRESS15_1_0_, jperson0_.BOTH_REG_DATE as BOTH1_1_0_, jperson0_.FULLNAME as FULLNAME1_0_, jperson0_.ORG_RIGHT_FORM as ORG9_1_0_, jperson0_.REG_NUMBER as REG10_1_0_, jperson0_.REMARK as REMARK1_0_, jperson0_.SHORTNAME as SHORTNAME1_0_, jperson0_.UNP as UNP1_0_ from NKA_NET3_DEV.SUBJECTSDATA jperson0_ inner join NKA_NET3_DEV.SUBJECTS jperson0_1_ on jperson0_.SUBJECT_ID=jperson0_1_.SUBJECT_ID where jperson0_.SUBJECT_ID=? for update nowait
org.hibernate.loader.entity.EntityLoader 2015-01-26 14:01:59,228 DEBUG - Static select for entity nla.local.pojos.JPerson [PESSIMISTIC_READ]: select jperson0_.SUBJECT_ID as SUBJECT1_0_0_, jperson0_1_.IS_OWNER as IS2_0_0_, jperson0_1_.REESTRDATAID as REESTRDA3_0_0_, jperson0_1_.SUBJECT_TYPE as SUBJECT4_0_0_, jperson0_.ACTUAL as ACTUAL1_0_, jperson0_.ADDRESS_ID as ADDRESS15_1_0_, jperson0_.BOTH_REG_DATE as BOTH1_1_0_, jperson0_.FULLNAME as FULLNAME1_0_, jperson0_.ORG_RIGHT_FORM as ORG9_1_0_, jperson0_.REG_NUMBER as REG10_1_0_, jperson0_.REMARK as REMARK1_0_, jperson0_.SHORTNAME as SHORTNAME1_0_, jperson0_.UNP as UNP1_0_ from NKA_NET3_DEV.SUBJECTSDATA jperson0_ inner join NKA_NET3_DEV.SUBJECTS jperson0_1_ on jperson0_.SUBJECT_ID=jperson0_1_.SUBJECT_ID where jperson0_.SUBJECT_ID=? for update
org.hibernate.loader.entity.EntityLoader 2015-01-26 14:01:59,229 DEBUG - Static select for entity nla.local.pojos.JPerson [PESSIMISTIC_WRITE]: select jperson0_.SUBJECT_ID as SUBJECT1_0_0_, jperson0_1_.IS_OWNER as IS2_0_0_, jperson0_1_.REESTRDATAID as REESTRDA3_0_0_, jperson0_1_.SUBJECT_TYPE as SUBJECT4_0_0_, jperson0_.ACTUAL as ACTUAL1_0_, jperson0_.ADDRESS_ID as ADDRESS15_1_0_, jperson0_.BOTH_REG_DATE as BOTH1_1_0_, jperson0_.FULLNAME as FULLNAME1_0_, jperson0_.ORG_RIGHT_FORM as ORG9_1_0_, jperson0_.REG_NUMBER as REG10_1_0_, jperson0_.REMARK as REMARK1_0_, jperson0_.SHORTNAME as SHORTNAME1_0_, jperson0_.UNP as UNP1_0_ from NKA_NET3_DEV.SUBJECTSDATA jperson0_ inner join NKA_NET3_DEV.SUBJECTS jperson0_1_ on jperson0_.SUBJECT_ID=jperson0_1_.SUBJECT_ID where jperson0_.SUBJECT_ID=? for update
org.hibernate.loader.entity.EntityLoader 2015-01-26 14:01:59,229 DEBUG - Static select for entity nla.local.pojos.JPerson [PESSIMISTIC_FORCE_INCREMENT]: select jperson0_.SUBJECT_ID as SUBJECT1_0_0_, jperson0_1_.IS_OWNER as IS2_0_0_, jperson0_1_.REESTRDATAID as REESTRDA3_0_0_, jperson0_1_.SUBJECT_TYPE as SUBJECT4_0_0_, jperson0_.ACTUAL as ACTUAL1_0_, jperson0_.ADDRESS_ID as ADDRESS15_1_0_, jperson0_.BOTH_REG_DATE as BOTH1_1_0_, jperson0_.FULLNAME as FULLNAME1_0_, jperson0_.ORG_RIGHT_FORM as ORG9_1_0_, jperson0_.REG_NUMBER as REG10_1_0_, jperson0_.REMARK as REMARK1_0_, jperson0_.SHORTNAME as SHORTNAME1_0_, jperson0_.UNP as UNP1_0_ from NKA_NET3_DEV.SUBJECTSDATA jperson0_ inner join NKA_NET3_DEV.SUBJECTS jperson0_1_ on jperson0_.SUBJECT_ID=jperson0_1_.SUBJECT_ID where jperson0_.SUBJECT_ID=? for update nowait
org.hibernate.loader.entity.EntityLoader 2015-01-26 14:01:59,229 DEBUG - Static select for entity nla.local.pojos.JPerson [OPTIMISTIC]: select jperson0_.SUBJECT_ID as SUBJECT1_0_0_, jperson0_1_.IS_OWNER as IS2_0_0_, jperson0_1_.REESTRDATAID as REESTRDA3_0_0_, jperson0_1_.SUBJECT_TYPE as SUBJECT4_0_0_, jperson0_.ACTUAL as ACTUAL1_0_, jperson0_.ADDRESS_ID as ADDRESS15_1_0_, jperson0_.BOTH_REG_DATE as BOTH1_1_0_, jperson0_.FULLNAME as FULLNAME1_0_, jperson0_.ORG_RIGHT_FORM as ORG9_1_0_, jperson0_.REG_NUMBER as REG10_1_0_, jperson0_.REMARK as REMARK1_0_, jperson0_.SHORTNAME as SHORTNAME1_0_, jperson0_.UNP as UNP1_0_ from NKA_NET3_DEV.SUBJECTSDATA jperson0_ inner join NKA_NET3_DEV.SUBJECTS jperson0_1_ on jperson0_.SUBJECT_ID=jperson0_1_.SUBJECT_ID where jperson0_.SUBJECT_ID=?
org.hibernate.loader.entity.EntityLoader 2015-01-26 14:01:59,230 DEBUG - Static select for entity nla.local.pojos.JPerson [OPTIMISTIC_FORCE_INCREMENT]: select jperson0_.SUBJECT_ID as SUBJECT1_0_0_, jperson0_1_.IS_OWNER as IS2_0_0_, jperson0_1_.REESTRDATAID as REESTRDA3_0_0_, jperson0_1_.SUBJECT_TYPE as SUBJECT4_0_0_, jperson0_.ACTUAL as ACTUAL1_0_, jperson0_.ADDRESS_ID as ADDRESS15_1_0_, jperson0_.BOTH_REG_DATE as BOTH1_1_0_, jperson0_.FULLNAME as FULLNAME1_0_, jperson0_.ORG_RIGHT_FORM as ORG9_1_0_, jperson0_.REG_NUMBER as REG10_1_0_, jperson0_.REMARK as REMARK1_0_, jperson0_.SHORTNAME as SHORTNAME1_0_, jperson0_.UNP as UNP1_0_ from NKA_NET3_DEV.SUBJECTSDATA jperson0_ inner join NKA_NET3_DEV.SUBJECTS jperson0_1_ on jperson0_.SUBJECT_ID=jperson0_1_.SUBJECT_ID where jperson0_.SUBJECT_ID=?
org.hibernate.loader.entity.CascadeEntityLoader 2015-01-26 14:01:59,230 DEBUG - Static select for action ACTION_MERGE on entity nla.local.pojos.JPerson: select jperson0_.SUBJECT_ID as SUBJECT1_0_0_, jperson0_1_.IS_OWNER as IS2_0_0_, jperson0_1_.REESTRDATAID as REESTRDA3_0_0_, jperson0_1_.SUBJECT_TYPE as SUBJECT4_0_0_, jperson0_.ACTUAL as ACTUAL1_0_, jperson0_.ADDRESS_ID as ADDRESS15_1_0_, jperson0_.BOTH_REG_DATE as BOTH1_1_0_, jperson0_.FULLNAME as FULLNAME1_0_, jperson0_.ORG_RIGHT_FORM as ORG9_1_0_, jperson0_.REG_NUMBER as REG10_1_0_, jperson0_.REMARK as REMARK1_0_, jperson0_.SHORTNAME as SHORTNAME1_0_, jperson0_.UNP as UNP1_0_ from NKA_NET3_DEV.SUBJECTSDATA jperson0_ inner join NKA_NET3_DEV.SUBJECTS jperson0_1_ on jperson0_.SUBJECT_ID=jperson0_1_.SUBJECT_ID where jperson0_.SUBJECT_ID=?
org.hibernate.loader.entity.CascadeEntityLoader 2015-01-26 14:01:59,230 DEBUG - Static select for action ACTION_REFRESH on entity nla.local.pojos.JPerson: select jperson0_.SUBJECT_ID as SUBJECT1_0_0_, jperson0_1_.IS_OWNER as IS2_0_0_, jperson0_1_.REESTRDATAID as REESTRDA3_0_0_, jperson0_1_.SUBJECT_TYPE as SUBJECT4_0_0_, jperson0_.ACTUAL as ACTUAL1_0_, jperson0_.ADDRESS_ID as ADDRESS15_1_0_, jperson0_.BOTH_REG_DATE as BOTH1_1_0_, jperson0_.FULLNAME as FULLNAME1_0_, jperson0_.ORG_RIGHT_FORM as ORG9_1_0_, jperson0_.REG_NUMBER as REG10_1_0_, jperson0_.REMARK as REMARK1_0_, jperson0_.SHORTNAME as SHORTNAME1_0_, jperson0_.UNP as UNP1_0_ from NKA_NET3_DEV.SUBJECTSDATA jperson0_ inner join NKA_NET3_DEV.SUBJECTS jperson0_1_ on jperson0_.SUBJECT_ID=jperson0_1_.SUBJECT_ID where jperson0_.SUBJECT_ID=?
org.hibernate.impl.SessionFactoryObjectFactory 2015-01-26 14:01:59,241 DEBUG - initializing class SessionFactoryObjectFactory
org.hibernate.impl.SessionFactoryObjectFactory 2015-01-26 14:01:59,251 DEBUG - registered: b9ebd6de-095c-496b-92f6-432197e96951 (unnamed)
org.hibernate.impl.SessionFactoryObjectFactory 2015-01-26 14:01:59,251 INFO  - Not binding factory to JNDI, no JNDI name configured
org.hibernate.impl.SessionFactoryImpl 2015-01-26 14:01:59,251 DEBUG - instantiated session factory
org.hibernate.tool.hbm2ddl.SchemaValidator 2015-01-26 14:01:59,253 INFO  - Running schema validator
org.hibernate.tool.hbm2ddl.SchemaValidator 2015-01-26 14:01:59,254 INFO  - fetching database metadata
org.hibernate.cfg.Configuration 2015-01-26 14:01:59,939 TRACE - Starting secondPassCompile() processing
org.hibernate.cfg.Configuration$MetadataSourceQueue 2015-01-26 14:01:59,939 DEBUG - Processing hbm.xml files
org.hibernate.cfg.Configuration$MetadataSourceQueue 2015-01-26 14:01:59,939 DEBUG - Process annotated classes
org.hibernate.cfg.Configuration 2015-01-26 14:01:59,939 DEBUG - processing fk mappings (*ToOne and JoinedSubclass)
org.hibernate.cfg.Configuration 2015-01-26 14:01:59,939 DEBUG - processing extends queue
org.hibernate.cfg.Configuration 2015-01-26 14:01:59,940 DEBUG - processing extends queue
org.hibernate.cfg.Configuration 2015-01-26 14:01:59,940 DEBUG - processing collection mappings
org.hibernate.cfg.Configuration 2015-01-26 14:01:59,940 DEBUG - processing native query and ResultSetMapping mappings
org.hibernate.cfg.Configuration 2015-01-26 14:01:59,940 DEBUG - processing association property references
org.hibernate.cfg.Configuration 2015-01-26 14:01:59,940 DEBUG - processing foreign key constraints
org.hibernate.cfg.Configuration 2015-01-26 14:01:59,940 DEBUG - resolving reference to class: nla.local.pojos.Person
org.hibernate.cfg.Configuration 2015-01-26 14:01:59,940 DEBUG - resolving reference to class: nla.local.pojos.Address
org.hibernate.tool.hbm2ddl.TableMetadata 2015-01-26 14:02:00,045 INFO  - table found: NKA_NET3_DEV.SUBJECTS
org.hibernate.tool.hbm2ddl.TableMetadata 2015-01-26 14:02:00,046 INFO  - columns: [is_owner, subject_id, reestrdataid, subject_type]
org.hibernate.tool.hbm2ddl.TableMetadata 2015-01-26 14:02:00,062 INFO  - table found: NKA_NET3_DEV.SUBJECTSDATA
org.hibernate.tool.hbm2ddl.TableMetadata 2015-01-26 14:02:00,062 INFO  - columns: [both_reg_date, datestart, sitizens, remark, subject_id, surname, firstname, unp, subject_data_id, personal_number, prev_address, address_id, subject_status, fathername, actual, shortname, org_right_form, fullname, reg_number]
org.hibernate.tool.hbm2ddl.TableMetadata 2015-01-26 14:02:00,083 INFO  - table found: NKA_NET3_DEV.V_ADDRESSES
org.hibernate.tool.hbm2ddl.TableMetadata 2015-01-26 14:02:00,084 INFO  - columns: [num_house, region, subregion, ind_house, np, adr_num, sovet, num_room, immovabletypename, ind_room, elementname, elementtypename, num_corp]
org.hibernate.id.factory.DefaultIdentifierGeneratorFactory 2015-01-26 14:02:00,084 DEBUG - Setting dialect [org.hibernate.dialect.Oracle10gDialect]
org.hibernate.id.factory.DefaultIdentifierGeneratorFactory 2015-01-26 14:02:00,084 DEBUG - Setting dialect [org.hibernate.dialect.Oracle10gDialect]
org.hibernate.id.enhanced.OptimizerFactory$LegacyHiLoAlgorithmOptimizer 2015-01-26 14:02:00,085 TRACE - creating hilo optimizer (legacy) with [incrementSize=49; returnClass=java.lang.Integer]
org.hibernate.impl.SessionFactoryImpl 2015-01-26 14:02:00,086 DEBUG - Checking 0 named HQL queries
org.hibernate.impl.SessionFactoryImpl 2015-01-26 14:02:00,086 DEBUG - Checking 0 named SQL queries
org.springframework.beans.factory.support.AbstractBeanFactory 2015-01-26 14:02:00,087 DEBUG - Returning cached instance of singleton bean &apos;org.springframework.transaction.config.internalTransactionAdvisor&apos;
org.springframework.beans.factory.support.AbstractAutowireCapableBeanFactory 2015-01-26 14:02:00,089 DEBUG - Finished creating instance of bean &apos;sessionFactory&apos;
org.springframework.beans.factory.support.AbstractBeanFactory 2015-01-26 14:02:00,089 DEBUG - Returning cached instance of singleton bean &apos;org.springframework.transaction.config.internalTransactionAdvisor&apos;
org.springframework.beans.factory.support.ConstructorResolver 2015-01-26 14:02:00,095 DEBUG - Autowiring by type from bean name &apos;baseDao&apos; via constructor to bean named &apos;sessionFactory&apos;
org.springframework.beans.factory.support.AbstractAutowireCapableBeanFactory 2015-01-26 14:02:00,096 DEBUG - Eagerly caching bean &apos;baseDao&apos; to allow for resolving potential circular references
org.springframework.beans.CachedIntrospectionResults 2015-01-26 14:02:00,096 TRACE - Getting BeanInfo for class [nla.local.dao.BaseDao]
org.springframework.beans.CachedIntrospectionResults 2015-01-26 14:02:00,097 TRACE - Caching PropertyDescriptors for class [nla.local.dao.BaseDao]
org.springframework.beans.CachedIntrospectionResults 2015-01-26 14:02:00,097 TRACE - Found bean property &apos;all&apos; of type [java.util.List]
org.springframework.beans.CachedIntrospectionResults 2015-01-26 14:02:00,098 TRACE - Found bean property &apos;class&apos; of type [java.lang.Class]
org.springframework.beans.CachedIntrospectionResults 2015-01-26 14:02:00,098 TRACE - Found bean property &apos;session&apos; of type [org.hibernate.Session]
org.springframework.beans.CachedIntrospectionResults 2015-01-26 14:02:00,098 TRACE - Found bean property &apos;type&apos; of type [java.lang.Class]
org.springframework.beans.factory.support.AbstractBeanFactory 2015-01-26 14:02:00,099 DEBUG - Returning cached instance of singleton bean &apos;org.springframework.transaction.config.internalTransactionAdvisor&apos;
org.springframework.beans.factory.support.AbstractAutowireCapableBeanFactory 2015-01-26 14:02:00,101 DEBUG - Finished creating instance of bean &apos;baseDao&apos;
org.springframework.beans.factory.support.ConstructorResolver 2015-01-26 14:02:00,101 DEBUG - Autowiring by type from bean name &apos;baseService&apos; via constructor to bean named &apos;baseDao&apos;
org.springframework.beans.factory.support.AbstractAutowireCapableBeanFactory 2015-01-26 14:02:00,103 DEBUG - Eagerly caching bean &apos;baseService&apos; to allow for resolving potential circular references
org.springframework.beans.CachedIntrospectionResults 2015-01-26 14:02:00,103 TRACE - Getting BeanInfo for class [nla.local.services.BaseService]
org.springframework.beans.CachedIntrospectionResults 2015-01-26 14:02:00,104 TRACE - Caching PropertyDescriptors for class [nla.local.services.BaseService]
org.springframework.beans.CachedIntrospectionResults 2015-01-26 14:02:00,105 TRACE - Found bean property &apos;class&apos; of type [java.lang.Class]
org.springframework.beans.CachedIntrospectionResults 2015-01-26 14:02:00,105 TRACE - Found bean property &apos;query&apos; of type [org.hibernate.criterion.DetachedCriteria]
org.springframework.beans.CachedIntrospectionResults 2015-01-26 14:02:00,105 TRACE - Found bean property &apos;type&apos; of type [java.lang.Class]
org.springframework.beans.factory.support.AbstractBeanFactory 2015-01-26 14:02:00,105 DEBUG - Returning cached instance of singleton bean &apos;org.springframework.transaction.config.internalTransactionAdvisor&apos;
org.springframework.transaction.interceptor.AbstractFallbackTransactionAttributeSource 2015-01-26 14:02:00,107 DEBUG - Adding transactional method &apos;BaseService.add&apos; with attribute: PROPAGATION_REQUIRED,ISOLATION_DEFAULT; &apos;&apos;
org.springframework.aop.framework.autoproxy.AbstractAutoProxyCreator 2015-01-26 14:02:00,110 DEBUG - Creating implicit proxy for bean &apos;baseService&apos; with 0 common interceptors and 1 specific interceptors
org.springframework.aop.framework.CglibAopProxy 2015-01-26 14:02:00,114 DEBUG - Creating CGLIB proxy: target source is SingletonTargetSource for target object [nla.local.services.BaseService@5aff0e4c]
org.springframework.beans.factory.support.DefaultSingletonBeanRegistry 2015-01-26 14:02:00,151 DEBUG - Creating shared instance of singleton bean &apos;org.springframework.transaction.interceptor.TransactionInterceptor#0&apos;
org.springframework.beans.factory.support.AbstractAutowireCapableBeanFactory 2015-01-26 14:02:00,151 DEBUG - Creating instance of bean &apos;org.springframework.transaction.interceptor.TransactionInterceptor#0&apos;
org.springframework.aop.framework.autoproxy.AbstractAutoProxyCreator 2015-01-26 14:02:00,151 TRACE - Did not attempt to auto-proxy infrastructure class [org.springframework.transaction.interceptor.TransactionInterceptor]
org.springframework.beans.factory.support.AbstractAutowireCapableBeanFactory 2015-01-26 14:02:00,154 DEBUG - Eagerly caching bean &apos;org.springframework.transaction.interceptor.TransactionInterceptor#0&apos; to allow for resolving potential circular references
org.springframework.beans.CachedIntrospectionResults 2015-01-26 14:02:00,154 TRACE - Getting BeanInfo for class [org.springframework.transaction.interceptor.TransactionInterceptor]
org.springframework.beans.CachedIntrospectionResults 2015-01-26 14:02:00,156 TRACE - Caching PropertyDescriptors for class [org.springframework.transaction.interceptor.TransactionInterceptor]
org.springframework.beans.CachedIntrospectionResults 2015-01-26 14:02:00,156 TRACE - Found bean property &apos;beanFactory&apos; of type [org.springframework.beans.factory.BeanFactory]
org.springframework.beans.CachedIntrospectionResults 2015-01-26 14:02:00,156 TRACE - Found bean property &apos;class&apos; of type [java.lang.Class]
org.springframework.beans.CachedIntrospectionResults 2015-01-26 14:02:00,156 TRACE - Found bean property &apos;transactionAttributeSource&apos; of type [org.springframework.transaction.interceptor.TransactionAttributeSource]
org.springframework.beans.CachedIntrospectionResults 2015-01-26 14:02:00,156 TRACE - Found bean property &apos;transactionAttributeSources&apos; of type [[Lorg.springframework.transaction.interceptor.TransactionAttributeSource;]
org.springframework.beans.CachedIntrospectionResults 2015-01-26 14:02:00,156 TRACE - Found bean property &apos;transactionAttributes&apos; of type [java.util.Properties]
org.springframework.beans.CachedIntrospectionResults 2015-01-26 14:02:00,157 TRACE - Found bean property &apos;transactionManager&apos; of type [org.springframework.transaction.PlatformTransactionManager]
org.springframework.beans.CachedIntrospectionResults 2015-01-26 14:02:00,157 TRACE - Found bean property &apos;transactionManagerBeanName&apos; of type [java.lang.String]
org.springframework.beans.factory.support.AbstractBeanFactory 2015-01-26 14:02:00,158 DEBUG - Returning cached instance of singleton bean &apos;org.springframework.transaction.annotation.AnnotationTransactionAttributeSource#0&apos;
org.springframework.beans.factory.support.AbstractAutowireCapableBeanFactory 2015-01-26 14:02:00,158 DEBUG - Invoking afterPropertiesSet() on bean with name &apos;org.springframework.transaction.interceptor.TransactionInterceptor#0&apos;
org.springframework.beans.factory.support.AbstractAutowireCapableBeanFactory 2015-01-26 14:02:00,158 DEBUG - Finished creating instance of bean &apos;org.springframework.transaction.interceptor.TransactionInterceptor#0&apos;
org.springframework.aop.framework.CglibAopProxy$ProxyCallbackFilter 2015-01-26 14:02:00,160 DEBUG - Unable to apply any optimisations to advised method: public void nla.local.services.BaseService.add(java.lang.Object)
org.springframework.transaction.interceptor.AbstractFallbackTransactionAttributeSource 2015-01-26 14:02:00,161 DEBUG - Adding transactional method &apos;BaseService.get&apos; with attribute: PROPAGATION_SUPPORTS,ISOLATION_DEFAULT,readOnly; &apos;&apos;
org.springframework.aop.framework.CglibAopProxy$ProxyCallbackFilter 2015-01-26 14:02:00,161 DEBUG - Unable to apply any optimisations to advised method: public java.lang.Object nla.local.services.BaseService.get(java.lang.Class,java.io.Serializable)
org.springframework.transaction.interceptor.AbstractFallbackTransactionAttributeSource 2015-01-26 14:02:00,162 DEBUG - Adding transactional method &apos;BaseService.getType&apos; with attribute: PROPAGATION_REQUIRED,ISOLATION_DEFAULT; &apos;&apos;
org.springframework.aop.framework.CglibAopProxy$ProxyCallbackFilter 2015-01-26 14:02:00,162 DEBUG - Unable to apply any optimisations to advised method: public java.lang.Class nla.local.services.BaseService.getType()
org.springframework.transaction.interceptor.AbstractFallbackTransactionAttributeSource 2015-01-26 14:02:00,163 DEBUG - Adding transactional method &apos;BaseService.delete&apos; with attribute: PROPAGATION_REQUIRED,ISOLATION_DEFAULT; &apos;&apos;
org.springframework.aop.framework.CglibAopProxy$ProxyCallbackFilter 2015-01-26 14:02:00,163 DEBUG - Unable to apply any optimisations to advised method: public void nla.local.services.BaseService.delete(java.lang.Object)
org.springframework.transaction.interceptor.AbstractFallbackTransactionAttributeSource 2015-01-26 14:02:00,163 DEBUG - Adding transactional method &apos;BaseService.getQuery&apos; with attribute: PROPAGATION_REQUIRED,ISOLATION_DEFAULT; &apos;&apos;
org.springframework.aop.framework.CglibAopProxy$ProxyCallbackFilter 2015-01-26 14:02:00,164 DEBUG - Unable to apply any optimisations to advised method: public org.hibernate.criterion.DetachedCriteria nla.local.services.BaseService.getQuery()
org.springframework.transaction.interceptor.AbstractFallbackTransactionAttributeSource 2015-01-26 14:02:00,164 DEBUG - Adding transactional method &apos;BaseService.update&apos; with attribute: PROPAGATION_REQUIRED,ISOLATION_DEFAULT; &apos;&apos;
org.springframework.aop.framework.CglibAopProxy$ProxyCallbackFilter 2015-01-26 14:02:00,164 DEBUG - Unable to apply any optimisations to advised method: public void nla.local.services.BaseService.update(java.lang.Object)
org.springframework.transaction.interceptor.AbstractFallbackTransactionAttributeSource 2015-01-26 14:02:00,165 DEBUG - Adding transactional method &apos;BaseService.refresh&apos; with attribute: PROPAGATION_REQUIRED,ISOLATION_DEFAULT; &apos;&apos;
org.springframework.aop.framework.CglibAopProxy$ProxyCallbackFilter 2015-01-26 14:02:00,165 DEBUG - Unable to apply any optimisations to advised method: public void nla.local.services.BaseService.refresh(java.lang.Object)
org.springframework.transaction.interceptor.AbstractFallbackTransactionAttributeSource 2015-01-26 14:02:00,166 DEBUG - Adding transactional method &apos;BaseService.getCriterion&apos; with attribute: PROPAGATION_SUPPORTS,ISOLATION_DEFAULT,readOnly; &apos;&apos;
org.springframework.aop.framework.CglibAopProxy$ProxyCallbackFilter 2015-01-26 14:02:00,166 DEBUG - Unable to apply any optimisations to advised method: public java.util.List nla.local.services.BaseService.getCriterion(org.hibernate.criterion.DetachedCriteria)
org.springframework.transaction.interceptor.AbstractFallbackTransactionAttributeSource 2015-01-26 14:02:00,166 DEBUG - Adding transactional method &apos;BaseService.setQuery&apos; with attribute: PROPAGATION_REQUIRED,ISOLATION_DEFAULT; &apos;&apos;
org.springframework.aop.framework.CglibAopProxy$ProxyCallbackFilter 2015-01-26 14:02:00,166 DEBUG - Unable to apply any optimisations to advised method: public void nla.local.services.BaseService.setQuery(org.hibernate.criterion.DetachedCriteria)
org.springframework.aop.framework.CglibAopProxy$ProxyCallbackFilter 2015-01-26 14:02:00,167 DEBUG - Found finalize() method - using NO_OVERRIDE
org.springframework.aop.framework.CglibAopProxy$ProxyCallbackFilter 2015-01-26 14:02:00,167 DEBUG - Found &apos;equals&apos; method: public boolean java.lang.Object.equals(java.lang.Object)
org.springframework.aop.framework.CglibAopProxy$ProxyCallbackFilter 2015-01-26 14:02:00,167 DEBUG - Unable to apply any optimisations to advised method: public java.lang.String java.lang.Object.toString()
org.springframework.aop.framework.CglibAopProxy$ProxyCallbackFilter 2015-01-26 14:02:00,167 DEBUG - Found &apos;hashCode&apos; method: public native int java.lang.Object.hashCode()
org.springframework.aop.framework.CglibAopProxy$ProxyCallbackFilter 2015-01-26 14:02:00,167 DEBUG - Unable to apply any optimisations to advised method: protected native java.lang.Object java.lang.Object.clone() throws java.lang.CloneNotSupportedException
org.springframework.aop.framework.CglibAopProxy$ProxyCallbackFilter 2015-01-26 14:02:00,167 DEBUG - Method is declared on Advised interface: public abstract int org.springframework.aop.framework.Advised.indexOf(org.aopalliance.aop.Advice)
org.springframework.aop.framework.CglibAopProxy$ProxyCallbackFilter 2015-01-26 14:02:00,167 DEBUG - Method is declared on Advised interface: public abstract int org.springframework.aop.framework.Advised.indexOf(org.springframework.aop.Advisor)
org.springframework.aop.framework.CglibAopProxy$ProxyCallbackFilter 2015-01-26 14:02:00,168 DEBUG - Method is declared on Advised interface: public abstract boolean org.springframework.aop.framework.Advised.isFrozen()
org.springframework.aop.framework.CglibAopProxy$ProxyCallbackFilter 2015-01-26 14:02:00,168 DEBUG - Method is declared on Advised interface: public abstract boolean org.springframework.aop.framework.Advised.isProxyTargetClass()
org.springframework.aop.framework.CglibAopProxy$ProxyCallbackFilter 2015-01-26 14:02:00,168 DEBUG - Method is declared on Advised interface: public abstract void org.springframework.aop.framework.Advised.setPreFiltered(boolean)
org.springframework.aop.framework.CglibAopProxy$ProxyCallbackFilter 2015-01-26 14:02:00,168 DEBUG - Method is declared on Advised interface: public abstract void org.springframework.aop.framework.Advised.setExposeProxy(boolean)
org.springframework.aop.framework.CglibAopProxy$ProxyCallbackFilter 2015-01-26 14:02:00,168 DEBUG - Method is declared on Advised interface: public abstract void org.springframework.aop.framework.Advised.setTargetSource(org.springframework.aop.TargetSource)
org.springframework.aop.framework.CglibAopProxy$ProxyCallbackFilter 2015-01-26 14:02:00,168 DEBUG - Method is declared on Advised interface: public abstract org.springframework.aop.TargetSource org.springframework.aop.framework.Advised.getTargetSource()
org.springframework.aop.framework.CglibAopProxy$ProxyCallbackFilter 2015-01-26 14:02:00,168 DEBUG - Method is declared on Advised interface: public abstract void org.springframework.aop.framework.Advised.addAdvice(int,org.aopalliance.aop.Advice) throws org.springframework.aop.framework.AopConfigException
org.springframework.aop.framework.CglibAopProxy$ProxyCallbackFilter 2015-01-26 14:02:00,169 DEBUG - Method is declared on Advised interface: public abstract void org.springframework.aop.framework.Advised.addAdvice(org.aopalliance.aop.Advice) throws org.springframework.aop.framework.AopConfigException
org.springframework.aop.framework.CglibAopProxy$ProxyCallbackFilter 2015-01-26 14:02:00,169 DEBUG - Method is declared on Advised interface: public abstract boolean org.springframework.aop.framework.Advised.isPreFiltered()
org.springframework.aop.framework.CglibAopProxy$ProxyCallbackFilter 2015-01-26 14:02:00,169 DEBUG - Method is declared on Advised interface: public abstract org.springframework.aop.Advisor[] org.springframework.aop.framework.Advised.getAdvisors()
org.springframework.aop.framework.CglibAopProxy$ProxyCallbackFilter 2015-01-26 14:02:00,169 DEBUG - Method is declared on Advised interface: public abstract void org.springframework.aop.framework.Advised.removeAdvisor(int) throws org.springframework.aop.framework.AopConfigException
org.springframework.aop.framework.CglibAopProxy$ProxyCallbackFilter 2015-01-26 14:02:00,169 DEBUG - Method is declared on Advised interface: public abstract boolean org.springframework.aop.framework.Advised.removeAdvisor(org.springframework.aop.Advisor)
org.springframework.aop.framework.CglibAopProxy$ProxyCallbackFilter 2015-01-26 14:02:00,169 DEBUG - Method is declared on Advised interface: public abstract boolean org.springframework.aop.framework.Advised.removeAdvice(org.aopalliance.aop.Advice)
org.springframework.aop.framework.CglibAopProxy$ProxyCallbackFilter 2015-01-26 14:02:00,169 DEBUG - Method is declared on Advised interface: public abstract java.lang.Class[] org.springframework.aop.framework.Advised.getProxiedInterfaces()
org.springframework.aop.framework.CglibAopProxy$ProxyCallbackFilter 2015-01-26 14:02:00,170 DEBUG - Method is declared on Advised interface: public abstract boolean org.springframework.aop.framework.Advised.isInterfaceProxied(java.lang.Class)
org.springframework.aop.framework.CglibAopProxy$ProxyCallbackFilter 2015-01-26 14:02:00,170 DEBUG - Method is declared on Advised interface: public abstract boolean org.springframework.aop.framework.Advised.replaceAdvisor(org.springframework.aop.Advisor,org.springframework.aop.Advisor) throws org.springframework.aop.framework.AopConfigException
org.springframework.aop.framework.CglibAopProxy$ProxyCallbackFilter 2015-01-26 14:02:00,170 DEBUG - Method is declared on Advised interface: public abstract java.lang.String org.springframework.aop.framework.Advised.toProxyConfigString()
org.springframework.aop.framework.CglibAopProxy$ProxyCallbackFilter 2015-01-26 14:02:00,170 DEBUG - Method is declared on Advised interface: public abstract void org.springframework.aop.framework.Advised.addAdvisor(org.springframework.aop.Advisor) throws org.springframework.aop.framework.AopConfigException
org.springframework.aop.framework.CglibAopProxy$ProxyCallbackFilter 2015-01-26 14:02:00,170 DEBUG - Method is declared on Advised interface: public abstract void org.springframework.aop.framework.Advised.addAdvisor(int,org.springframework.aop.Advisor) throws org.springframework.aop.framework.AopConfigException
org.springframework.aop.framework.CglibAopProxy$ProxyCallbackFilter 2015-01-26 14:02:00,170 DEBUG - Method is declared on Advised interface: public abstract boolean org.springframework.aop.framework.Advised.isExposeProxy()
org.springframework.aop.framework.CglibAopProxy$ProxyCallbackFilter 2015-01-26 14:02:00,170 DEBUG - Method is declared on Advised interface: public abstract java.lang.Class org.springframework.aop.TargetClassAware.getTargetClass()
org.springframework.beans.factory.support.AbstractAutowireCapableBeanFactory 2015-01-26 14:02:00,184 DEBUG - Finished creating instance of bean &apos;baseService&apos;
org.springframework.beans.factory.support.DefaultSingletonBeanRegistry 2015-01-26 14:02:00,185 DEBUG - Creating shared instance of singleton bean &apos;subjectService&apos;
org.springframework.beans.factory.support.AbstractAutowireCapableBeanFactory 2015-01-26 14:02:00,185 DEBUG - Creating instance of bean &apos;subjectService&apos;
org.springframework.beans.factory.support.DefaultSingletonBeanRegistry 2015-01-26 14:02:00,186 DEBUG - Destroying singletons in org.springframework.beans.factory.support.DefaultListableBeanFactory@10aae61b: defining beans [org.springframework.context.annotation.internalConfigurationAnnotationProcessor,org.springframework.context.annotation.internalAutowiredAnnotationProcessor,org.springframework.context.annotation.internalRequiredAnnotationProcessor,org.springframework.context.annotation.internalCommonAnnotationProcessor,org.springframework.context.annotation.internalPersistenceAnnotationProcessor,baseService,subjectService,baseDao,dataSource,person,jperson,pperson,address,sessionFactory,transactionManager,org.springframework.aop.config.internalAutoProxyCreator,org.springframework.transaction.annotation.AnnotationTransactionAttributeSource#0,org.springframework.transaction.interceptor.TransactionInterceptor#0,org.springframework.transaction.config.internalTransactionAdvisor,org.springframework.context.annotation.ConfigurationClassPostProcessor.importAwareProcessor,org.springframework.context.annotation.ConfigurationClassPostProcessor.enhancedConfigurationProcessor]; root of factory hierarchy
org.springframework.beans.factory.support.DisposableBeanAdapter 2015-01-26 14:02:00,192 DEBUG - Invoking destroy() on bean with name &apos;sessionFactory&apos;
org.springframework.orm.hibernate3.AbstractSessionFactoryBean 2015-01-26 14:02:00,192 INFO  - Closing Hibernate SessionFactory
org.hibernate.impl.SessionFactoryImpl 2015-01-26 14:02:00,192 INFO  - closing
</system-err>
  </testcase>
</testsuite>